running egg_info
creating ../build/IAS0220_252062IV/IAS0220_252062IV.egg-info
writing ../build/IAS0220_252062IV/IAS0220_252062IV.egg-info/PKG-INFO
writing dependency_links to ../build/IAS0220_252062IV/IAS0220_252062IV.egg-info/dependency_links.txt
writing entry points to ../build/IAS0220_252062IV/IAS0220_252062IV.egg-info/entry_points.txt
writing requirements to ../build/IAS0220_252062IV/IAS0220_252062IV.egg-info/requires.txt
writing top-level names to ../build/IAS0220_252062IV/IAS0220_252062IV.egg-info/top_level.txt
writing manifest file '../build/IAS0220_252062IV/IAS0220_252062IV.egg-info/SOURCES.txt'
reading manifest file '../build/IAS0220_252062IV/IAS0220_252062IV.egg-info/SOURCES.txt'
adding license file 'LICENSE'
writing manifest file '../build/IAS0220_252062IV/IAS0220_252062IV.egg-info/SOURCES.txt'
running build
running build_py
creating /home/lukas/ros2_ws/src/build/IAS0220_252062IV/build
creating /home/lukas/ros2_ws/src/build/IAS0220_252062IV/build/lib
creating /home/lukas/ros2_ws/src/build/IAS0220_252062IV/build/lib/IAS0220_252062IV
copying IAS0220_252062IV/__init__.py -> /home/lukas/ros2_ws/src/build/IAS0220_252062IV/build/lib/IAS0220_252062IV
running install
running install_lib
creating /home/lukas/ros2_ws/src/install/IAS0220_252062IV/lib/python3.10/site-packages/IAS0220_252062IV
copying /home/lukas/ros2_ws/src/build/IAS0220_252062IV/build/lib/IAS0220_252062IV/__init__.py -> /home/lukas/ros2_ws/src/install/IAS0220_252062IV/lib/python3.10/site-packages/IAS0220_252062IV
byte-compiling /home/lukas/ros2_ws/src/install/IAS0220_252062IV/lib/python3.10/site-packages/IAS0220_252062IV/__init__.py to __init__.cpython-310.pyc
running install_data
creating /home/lukas/ros2_ws/src/install/IAS0220_252062IV/share/ament_index
creating /home/lukas/ros2_ws/src/install/IAS0220_252062IV/share/ament_index/resource_index
creating /home/lukas/ros2_ws/src/install/IAS0220_252062IV/share/ament_index/resource_index/packages
copying resource/IAS0220_252062IV -> /home/lukas/ros2_ws/src/install/IAS0220_252062IV/share/ament_index/resource_index/packages
copying package.xml -> /home/lukas/ros2_ws/src/install/IAS0220_252062IV/share/IAS0220_252062IV
running install_egg_info
Copying ../build/IAS0220_252062IV/IAS0220_252062IV.egg-info to /home/lukas/ros2_ws/src/install/IAS0220_252062IV/lib/python3.10/site-packages/IAS0220_252062IV-0.0.0-py3.10.egg-info
running install_scripts
writing list of installed files to '/home/lukas/ros2_ws/src/build/IAS0220_252062IV/install.log'
