[0.747s] Invoking command in '/home/lukas/ros2_ws/src/IAS0220_252062IV': PYTHONPATH=/home/lukas/ros2_ws/build/IAS0220_252062IV/prefix_override:/usr/lib/python3/dist-packages/colcon_core/task/python/colcon_distutils_commands:/home/lukas/ros2_ws/install/IAS0220_252062IV/lib/python3.10/site-packages:${PYTHONPATH} /usr/bin/python3 -W ignore:setup.py install is deprecated -W ignore:easy_install command is deprecated setup.py egg_info --egg-base ../../build/IAS0220_252062IV build --build-base /home/lukas/ros2_ws/build/IAS0220_252062IV/build install --record /home/lukas/ros2_ws/build/IAS0220_252062IV/install.log --single-version-externally-managed install_data
[0.940s] running egg_info
[0.941s] creating ../../build/IAS0220_252062IV/IAS0220_252062IV.egg-info
[0.941s] writing ../../build/IAS0220_252062IV/IAS0220_252062IV.egg-info/PKG-INFO
[0.941s] writing dependency_links to ../../build/IAS0220_252062IV/IAS0220_252062IV.egg-info/dependency_links.txt
[0.942s] writing entry points to ../../build/IAS0220_252062IV/IAS0220_252062IV.egg-info/entry_points.txt
[0.942s] writing requirements to ../../build/IAS0220_252062IV/IAS0220_252062IV.egg-info/requires.txt
[0.942s] writing top-level names to ../../build/IAS0220_252062IV/IAS0220_252062IV.egg-info/top_level.txt
[0.942s] writing manifest file '../../build/IAS0220_252062IV/IAS0220_252062IV.egg-info/SOURCES.txt'
[0.944s] reading manifest file '../../build/IAS0220_252062IV/IAS0220_252062IV.egg-info/SOURCES.txt'
[0.944s] adding license file 'LICENSE'
[0.944s] writing manifest file '../../build/IAS0220_252062IV/IAS0220_252062IV.egg-info/SOURCES.txt'
[0.945s] running build
[0.945s] running build_py
[0.945s] creating /home/lukas/ros2_ws/build/IAS0220_252062IV/build
[0.945s] creating /home/lukas/ros2_ws/build/IAS0220_252062IV/build/lib
[0.945s] creating /home/lukas/ros2_ws/build/IAS0220_252062IV/build/lib/IAS0220_252062IV
[0.945s] copying IAS0220_252062IV/random_walker.py -> /home/lukas/ros2_ws/build/IAS0220_252062IV/build/lib/IAS0220_252062IV
[0.945s] copying IAS0220_252062IV/odometry.py -> /home/lukas/ros2_ws/build/IAS0220_252062IV/build/lib/IAS0220_252062IV
[0.945s] copying IAS0220_252062IV/__init__.py -> /home/lukas/ros2_ws/build/IAS0220_252062IV/build/lib/IAS0220_252062IV
[0.945s] copying IAS0220_252062IV/position_calculator.py -> /home/lukas/ros2_ws/build/IAS0220_252062IV/build/lib/IAS0220_252062IV
[0.945s] running install
[0.946s] running install_lib
[0.947s] creating /home/lukas/ros2_ws/install/IAS0220_252062IV/lib/python3.10/site-packages/IAS0220_252062IV
[0.947s] copying /home/lukas/ros2_ws/build/IAS0220_252062IV/build/lib/IAS0220_252062IV/random_walker.py -> /home/lukas/ros2_ws/install/IAS0220_252062IV/lib/python3.10/site-packages/IAS0220_252062IV
[0.947s] copying /home/lukas/ros2_ws/build/IAS0220_252062IV/build/lib/IAS0220_252062IV/odometry.py -> /home/lukas/ros2_ws/install/IAS0220_252062IV/lib/python3.10/site-packages/IAS0220_252062IV
[0.947s] copying /home/lukas/ros2_ws/build/IAS0220_252062IV/build/lib/IAS0220_252062IV/__init__.py -> /home/lukas/ros2_ws/install/IAS0220_252062IV/lib/python3.10/site-packages/IAS0220_252062IV
[0.947s] copying /home/lukas/ros2_ws/build/IAS0220_252062IV/build/lib/IAS0220_252062IV/position_calculator.py -> /home/lukas/ros2_ws/install/IAS0220_252062IV/lib/python3.10/site-packages/IAS0220_252062IV
[0.948s] byte-compiling /home/lukas/ros2_ws/install/IAS0220_252062IV/lib/python3.10/site-packages/IAS0220_252062IV/random_walker.py to random_walker.cpython-310.pyc
[0.948s] byte-compiling /home/lukas/ros2_ws/install/IAS0220_252062IV/lib/python3.10/site-packages/IAS0220_252062IV/odometry.py to odometry.cpython-310.pyc
[0.949s] byte-compiling /home/lukas/ros2_ws/install/IAS0220_252062IV/lib/python3.10/site-packages/IAS0220_252062IV/__init__.py to __init__.cpython-310.pyc
[0.949s] byte-compiling /home/lukas/ros2_ws/install/IAS0220_252062IV/lib/python3.10/site-packages/IAS0220_252062IV/position_calculator.py to position_calculator.cpython-310.pyc
[0.950s] running install_data
[0.950s] creating /home/lukas/ros2_ws/install/IAS0220_252062IV/share/ament_index
[0.951s] creating /home/lukas/ros2_ws/install/IAS0220_252062IV/share/ament_index/resource_index
[0.951s] creating /home/lukas/ros2_ws/install/IAS0220_252062IV/share/ament_index/resource_index/packages
[0.951s] copying resource/IAS0220_252062IV -> /home/lukas/ros2_ws/install/IAS0220_252062IV/share/ament_index/resource_index/packages
[0.952s] copying package.xml -> /home/lukas/ros2_ws/install/IAS0220_252062IV/share/IAS0220_252062IV
[0.952s] creating /home/lukas/ros2_ws/install/IAS0220_252062IV/share/IAS0220_252062IV/launch
[0.952s] copying launch/task2.launch.py -> /home/lukas/ros2_ws/install/IAS0220_252062IV/share/IAS0220_252062IV/launch
[0.952s] copying launch/differential_robot_simu_task4_part2.launch.py -> /home/lukas/ros2_ws/install/IAS0220_252062IV/share/IAS0220_252062IV/launch
[0.952s] copying launch/differential_robot_task3_part2.launch.py -> /home/lukas/ros2_ws/install/IAS0220_252062IV/share/IAS0220_252062IV/launch
[0.952s] copying launch/differential_robot_simu_task4_part1.launch.py -> /home/lukas/ros2_ws/install/IAS0220_252062IV/share/IAS0220_252062IV/launch
[0.952s] creating /home/lukas/ros2_ws/install/IAS0220_252062IV/share/IAS0220_252062IV/urdf
[0.952s] copying urdf/differential_robot_simu_task4_part2.urdf -> /home/lukas/ros2_ws/install/IAS0220_252062IV/share/IAS0220_252062IV/urdf
[0.952s] copying urdf/differential_robot_simu_task4_part1.urdf -> /home/lukas/ros2_ws/install/IAS0220_252062IV/share/IAS0220_252062IV/urdf
[0.952s] copying urdf/differential_robot.urdf -> /home/lukas/ros2_ws/install/IAS0220_252062IV/share/IAS0220_252062IV/urdf
[0.952s] creating /home/lukas/ros2_ws/install/IAS0220_252062IV/share/IAS0220_252062IV/config
[0.952s] copying config/task4_config.rviz -> /home/lukas/ros2_ws/install/IAS0220_252062IV/share/IAS0220_252062IV/config
[0.953s] copying config/task2_config.rviz -> /home/lukas/ros2_ws/install/IAS0220_252062IV/share/IAS0220_252062IV/config
[0.953s] copying config/task3_config.rviz -> /home/lukas/ros2_ws/install/IAS0220_252062IV/share/IAS0220_252062IV/config
[0.953s] running install_egg_info
[0.954s] Copying ../../build/IAS0220_252062IV/IAS0220_252062IV.egg-info to /home/lukas/ros2_ws/install/IAS0220_252062IV/lib/python3.10/site-packages/IAS0220_252062IV-0.0.0-py3.10.egg-info
[0.954s] running install_scripts
[0.974s] Installing odometry script to /home/lukas/ros2_ws/install/IAS0220_252062IV/lib/IAS0220_252062IV
[0.974s] Installing position_calculator script to /home/lukas/ros2_ws/install/IAS0220_252062IV/lib/IAS0220_252062IV
[0.974s] Installing random_walker script to /home/lukas/ros2_ws/install/IAS0220_252062IV/lib/IAS0220_252062IV
[0.975s] writing list of installed files to '/home/lukas/ros2_ws/build/IAS0220_252062IV/install.log'
[1.041s] Invoked command in '/home/lukas/ros2_ws/src/IAS0220_252062IV' returned '0': PYTHONPATH=/home/lukas/ros2_ws/build/IAS0220_252062IV/prefix_override:/usr/lib/python3/dist-packages/colcon_core/task/python/colcon_distutils_commands:/home/lukas/ros2_ws/install/IAS0220_252062IV/lib/python3.10/site-packages:${PYTHONPATH} /usr/bin/python3 -W ignore:setup.py install is deprecated -W ignore:easy_install command is deprecated setup.py egg_info --egg-base ../../build/IAS0220_252062IV build --build-base /home/lukas/ros2_ws/build/IAS0220_252062IV/build install --record /home/lukas/ros2_ws/build/IAS0220_252062IV/install.log --single-version-externally-managed install_data
