[0.079s] DEBUG:colcon:Command line arguments: ['/usr/bin/colcon', 'build']
[0.080s] DEBUG:colcon:Parsed command line arguments: Namespace(log_base=None, log_level=None, verb_name='build', build_base='build', install_base='install', merge_install=False, symlink_install=False, test_result_base=None, continue_on_error=False, executor='parallel', parallel_workers=16, event_handlers=None, ignore_user_meta=False, metas=['./colcon.meta'], base_paths=['.'], packages_ignore=None, packages_ignore_regex=None, paths=None, packages_up_to=None, packages_up_to_regex=None, packages_above=None, packages_above_and_dependencies=None, packages_above_depth=None, packages_select_by_dep=None, packages_skip_by_dep=None, packages_skip_up_to=None, packages_select_build_failed=False, packages_skip_build_finished=False, packages_select_test_failures=False, packages_skip_test_passed=False, packages_select=None, packages_skip=None, packages_select_regex=None, packages_skip_regex=None, packages_start=None, packages_end=None, allow_overriding=[], cmake_args=None, cmake_target=None, cmake_target_skip_unavailable=False, cmake_clean_cache=False, cmake_clean_first=False, cmake_force_configure=False, ament_cmake_args=None, catkin_cmake_args=None, catkin_skip_building_tests=False, verb_parser=<colcon_defaults.argument_parser.defaults.DefaultArgumentsDecorator object at 0x783a89e33940>, verb_extension=<colcon_core.verb.build.BuildVerb object at 0x783a89f7ce20>, main=<bound method BuildVerb.main of <colcon_core.verb.build.BuildVerb object at 0x783a89f7ce20>>)
[0.206s] Level 1:colcon.colcon_core.package_discovery:discover_packages(colcon_meta) check parameters
[0.206s] Level 1:colcon.colcon_core.package_discovery:discover_packages(recursive) check parameters
[0.206s] Level 1:colcon.colcon_core.package_discovery:discover_packages(ignore) check parameters
[0.206s] Level 1:colcon.colcon_core.package_discovery:discover_packages(path) check parameters
[0.206s] Level 1:colcon.colcon_core.package_discovery:discover_packages(colcon_meta) discover
[0.206s] Level 1:colcon.colcon_core.package_discovery:discover_packages(recursive) discover
[0.206s] INFO:colcon.colcon_core.package_discovery:Crawling recursively for packages in '/home/lukas/ros2_ws'
[0.206s] Level 1:colcon.colcon_core.package_identification:_identify(.) by extensions ['ignore', 'ignore_ament_install']
[0.206s] Level 1:colcon.colcon_core.package_identification:_identify(.) by extension 'ignore'
[0.206s] Level 1:colcon.colcon_core.package_identification:_identify(.) by extension 'ignore_ament_install'
[0.206s] Level 1:colcon.colcon_core.package_identification:_identify(.) by extensions ['colcon_pkg']
[0.206s] Level 1:colcon.colcon_core.package_identification:_identify(.) by extension 'colcon_pkg'
[0.206s] Level 1:colcon.colcon_core.package_identification:_identify(.) by extensions ['colcon_meta']
[0.206s] Level 1:colcon.colcon_core.package_identification:_identify(.) by extension 'colcon_meta'
[0.206s] Level 1:colcon.colcon_core.package_identification:_identify(.) by extensions ['ros']
[0.206s] Level 1:colcon.colcon_core.package_identification:_identify(.) by extension 'ros'
[0.215s] Level 1:colcon.colcon_core.package_identification:_identify(.) by extensions ['cmake', 'python']
[0.215s] Level 1:colcon.colcon_core.package_identification:_identify(.) by extension 'cmake'
[0.215s] Level 1:colcon.colcon_core.package_identification:_identify(.) by extension 'python'
[0.215s] Level 1:colcon.colcon_core.package_identification:_identify(.) by extensions ['python_setup_py']
[0.215s] Level 1:colcon.colcon_core.package_identification:_identify(.) by extension 'python_setup_py'
[0.215s] Level 1:colcon.colcon_core.package_identification:_identify(build) by extensions ['ignore', 'ignore_ament_install']
[0.215s] Level 1:colcon.colcon_core.package_identification:_identify(build) by extension 'ignore'
[0.215s] Level 1:colcon.colcon_core.package_identification:_identify(build) ignored
[0.216s] Level 1:colcon.colcon_core.package_identification:_identify(install) by extensions ['ignore', 'ignore_ament_install']
[0.216s] Level 1:colcon.colcon_core.package_identification:_identify(install) by extension 'ignore'
[0.216s] Level 1:colcon.colcon_core.package_identification:_identify(install) ignored
[0.216s] Level 1:colcon.colcon_core.package_identification:_identify(log) by extensions ['ignore', 'ignore_ament_install']
[0.216s] Level 1:colcon.colcon_core.package_identification:_identify(log) by extension 'ignore'
[0.216s] Level 1:colcon.colcon_core.package_identification:_identify(log) ignored
[0.216s] Level 1:colcon.colcon_core.package_identification:_identify(src) by extensions ['ignore', 'ignore_ament_install']
[0.216s] Level 1:colcon.colcon_core.package_identification:_identify(src) by extension 'ignore'
[0.216s] Level 1:colcon.colcon_core.package_identification:_identify(src) by extension 'ignore_ament_install'
[0.216s] Level 1:colcon.colcon_core.package_identification:_identify(src) by extensions ['colcon_pkg']
[0.216s] Level 1:colcon.colcon_core.package_identification:_identify(src) by extension 'colcon_pkg'
[0.216s] Level 1:colcon.colcon_core.package_identification:_identify(src) by extensions ['colcon_meta']
[0.216s] Level 1:colcon.colcon_core.package_identification:_identify(src) by extension 'colcon_meta'
[0.216s] Level 1:colcon.colcon_core.package_identification:_identify(src) by extensions ['ros']
[0.216s] Level 1:colcon.colcon_core.package_identification:_identify(src) by extension 'ros'
[0.216s] Level 1:colcon.colcon_core.package_identification:_identify(src) by extensions ['cmake', 'python']
[0.216s] Level 1:colcon.colcon_core.package_identification:_identify(src) by extension 'cmake'
[0.216s] Level 1:colcon.colcon_core.package_identification:_identify(src) by extension 'python'
[0.216s] Level 1:colcon.colcon_core.package_identification:_identify(src) by extensions ['python_setup_py']
[0.216s] Level 1:colcon.colcon_core.package_identification:_identify(src) by extension 'python_setup_py'
[0.216s] Level 1:colcon.colcon_core.package_identification:_identify(src/IAS0220_252062IV) by extensions ['ignore', 'ignore_ament_install']
[0.216s] Level 1:colcon.colcon_core.package_identification:_identify(src/IAS0220_252062IV) by extension 'ignore'
[0.216s] Level 1:colcon.colcon_core.package_identification:_identify(src/IAS0220_252062IV) by extension 'ignore_ament_install'
[0.216s] Level 1:colcon.colcon_core.package_identification:_identify(src/IAS0220_252062IV) by extensions ['colcon_pkg']
[0.216s] Level 1:colcon.colcon_core.package_identification:_identify(src/IAS0220_252062IV) by extension 'colcon_pkg'
[0.217s] Level 1:colcon.colcon_core.package_identification:_identify(src/IAS0220_252062IV) by extensions ['colcon_meta']
[0.217s] Level 1:colcon.colcon_core.package_identification:_identify(src/IAS0220_252062IV) by extension 'colcon_meta'
[0.217s] Level 1:colcon.colcon_core.package_identification:_identify(src/IAS0220_252062IV) by extensions ['ros']
[0.217s] Level 1:colcon.colcon_core.package_identification:_identify(src/IAS0220_252062IV) by extension 'ros'
[0.218s] DEBUG:colcon.colcon_core.package_identification:Package 'src/IAS0220_252062IV' with type 'ros.ament_python' and name 'IAS0220_252062IV'
[0.218s] Level 1:colcon.colcon_core.package_discovery:discover_packages(recursive) using defaults
[0.219s] Level 1:colcon.colcon_core.package_discovery:discover_packages(ignore) discover
[0.219s] Level 1:colcon.colcon_core.package_discovery:discover_packages(ignore) using defaults
[0.219s] Level 1:colcon.colcon_core.package_discovery:discover_packages(path) discover
[0.219s] Level 1:colcon.colcon_core.package_discovery:discover_packages(path) using defaults
[0.234s] Level 1:colcon.colcon_core.package_discovery:discover_packages(prefix_path) check parameters
[0.234s] Level 1:colcon.colcon_core.package_discovery:discover_packages(prefix_path) discover
[0.235s] WARNING:colcon.colcon_ros.prefix_path.ament:The path '/home/lukas/ros2_ws/install/IAS0220_252062IV' in the environment variable AMENT_PREFIX_PATH doesn't exist
[0.236s] DEBUG:colcon.colcon_installed_package_information.package_discovery:Found 0 installed packages in /home/lukas/ros2_ws/install
[0.237s] DEBUG:colcon.colcon_installed_package_information.package_discovery:Found 283 installed packages in /opt/ros/humble
[0.250s] Level 1:colcon.colcon_core.package_discovery:discover_packages(prefix_path) using defaults
[0.279s] Level 5:colcon.colcon_core.verb:set package 'IAS0220_252062IV' build argument 'cmake_args' from command line to 'None'
[0.280s] Level 5:colcon.colcon_core.verb:set package 'IAS0220_252062IV' build argument 'cmake_target' from command line to 'None'
[0.280s] Level 5:colcon.colcon_core.verb:set package 'IAS0220_252062IV' build argument 'cmake_target_skip_unavailable' from command line to 'False'
[0.280s] Level 5:colcon.colcon_core.verb:set package 'IAS0220_252062IV' build argument 'cmake_clean_cache' from command line to 'False'
[0.280s] Level 5:colcon.colcon_core.verb:set package 'IAS0220_252062IV' build argument 'cmake_clean_first' from command line to 'False'
[0.280s] Level 5:colcon.colcon_core.verb:set package 'IAS0220_252062IV' build argument 'cmake_force_configure' from command line to 'False'
[0.280s] Level 5:colcon.colcon_core.verb:set package 'IAS0220_252062IV' build argument 'ament_cmake_args' from command line to 'None'
[0.280s] Level 5:colcon.colcon_core.verb:set package 'IAS0220_252062IV' build argument 'catkin_cmake_args' from command line to 'None'
[0.280s] Level 5:colcon.colcon_core.verb:set package 'IAS0220_252062IV' build argument 'catkin_skip_building_tests' from command line to 'False'
[0.280s] DEBUG:colcon.colcon_core.verb:Building package 'IAS0220_252062IV' with the following arguments: {'ament_cmake_args': None, 'build_base': '/home/lukas/ros2_ws/build/IAS0220_252062IV', 'catkin_cmake_args': None, 'catkin_skip_building_tests': False, 'cmake_args': None, 'cmake_clean_cache': False, 'cmake_clean_first': False, 'cmake_force_configure': False, 'cmake_target': None, 'cmake_target_skip_unavailable': False, 'install_base': '/home/lukas/ros2_ws/install/IAS0220_252062IV', 'merge_install': False, 'path': '/home/lukas/ros2_ws/src/IAS0220_252062IV', 'symlink_install': False, 'test_result_base': None}
[0.280s] INFO:colcon.colcon_core.executor:Executing jobs using 'parallel' executor
[0.281s] DEBUG:colcon.colcon_parallel_executor.executor.parallel:run_until_complete
[0.281s] INFO:colcon.colcon_ros.task.ament_python.build:Building ROS package in '/home/lukas/ros2_ws/src/IAS0220_252062IV' with build type 'ament_python'
[0.281s] Level 1:colcon.colcon_core.shell:create_environment_hook('IAS0220_252062IV', 'ament_prefix_path')
[0.283s] INFO:colcon.colcon_core.plugin_system:Skipping extension 'colcon_core.shell.bat': Not used on non-Windows systems
[0.283s] INFO:colcon.colcon_core.shell:Creating environment hook '/home/lukas/ros2_ws/install/IAS0220_252062IV/share/IAS0220_252062IV/hook/ament_prefix_path.ps1'
[0.283s] INFO:colcon.colcon_core.shell:Creating environment descriptor '/home/lukas/ros2_ws/install/IAS0220_252062IV/share/IAS0220_252062IV/hook/ament_prefix_path.dsv'
[0.284s] INFO:colcon.colcon_core.shell:Creating environment hook '/home/lukas/ros2_ws/install/IAS0220_252062IV/share/IAS0220_252062IV/hook/ament_prefix_path.sh'
[0.284s] INFO:colcon.colcon_core.shell:Skip shell extension 'powershell' for command environment: Not usable outside of PowerShell
[0.284s] DEBUG:colcon.colcon_core.shell:Skip shell extension 'dsv' for command environment
[0.487s] INFO:colcon.colcon_core.task.python.build:Building Python package in '/home/lukas/ros2_ws/src/IAS0220_252062IV'
[0.487s] INFO:colcon.colcon_core.shell:Skip shell extension 'powershell' for command environment: Not usable outside of PowerShell
[0.487s] DEBUG:colcon.colcon_core.shell:Skip shell extension 'dsv' for command environment
[0.757s] DEBUG:colcon.colcon_core.event_handler.log_command:Invoking command in '/home/lukas/ros2_ws/src/IAS0220_252062IV': PYTHONPATH=/home/lukas/ros2_ws/build/IAS0220_252062IV/prefix_override:/usr/lib/python3/dist-packages/colcon_core/task/python/colcon_distutils_commands:/home/lukas/ros2_ws/install/IAS0220_252062IV/lib/python3.10/site-packages:${PYTHONPATH} /usr/bin/python3 -W ignore:setup.py install is deprecated -W ignore:easy_install command is deprecated setup.py egg_info --egg-base ../../build/IAS0220_252062IV build --build-base /home/lukas/ros2_ws/build/IAS0220_252062IV/build install --record /home/lukas/ros2_ws/build/IAS0220_252062IV/install.log --single-version-externally-managed install_data
[0.991s] DEBUG:colcon.colcon_core.event_handler.log_command:Invoked command in '/home/lukas/ros2_ws/src/IAS0220_252062IV' returned '0': PYTHONPATH=/home/lukas/ros2_ws/build/IAS0220_252062IV/prefix_override:/usr/lib/python3/dist-packages/colcon_core/task/python/colcon_distutils_commands:/home/lukas/ros2_ws/install/IAS0220_252062IV/lib/python3.10/site-packages:${PYTHONPATH} /usr/bin/python3 -W ignore:setup.py install is deprecated -W ignore:easy_install command is deprecated setup.py egg_info --egg-base ../../build/IAS0220_252062IV build --build-base /home/lukas/ros2_ws/build/IAS0220_252062IV/build install --record /home/lukas/ros2_ws/build/IAS0220_252062IV/install.log --single-version-externally-managed install_data
[0.992s] Level 1:colcon.colcon_core.environment:checking '/home/lukas/ros2_ws/install/IAS0220_252062IV' for CMake module files
[0.993s] Level 1:colcon.colcon_core.environment:checking '/home/lukas/ros2_ws/install/IAS0220_252062IV' for CMake config files
[0.993s] Level 1:colcon.colcon_core.environment:checking '/home/lukas/ros2_ws/install/IAS0220_252062IV/lib'
[0.993s] Level 1:colcon.colcon_core.environment:checking '/home/lukas/ros2_ws/install/IAS0220_252062IV/bin'
[0.993s] Level 1:colcon.colcon_core.environment:checking '/home/lukas/ros2_ws/install/IAS0220_252062IV/lib/pkgconfig/IAS0220_252062IV.pc'
[0.994s] Level 1:colcon.colcon_core.environment:checking '/home/lukas/ros2_ws/install/IAS0220_252062IV/lib/python3.10/site-packages'
[0.994s] Level 1:colcon.colcon_core.shell:create_environment_hook('IAS0220_252062IV', 'pythonpath')
[0.994s] INFO:colcon.colcon_core.shell:Creating environment hook '/home/lukas/ros2_ws/install/IAS0220_252062IV/share/IAS0220_252062IV/hook/pythonpath.ps1'
[0.994s] INFO:colcon.colcon_core.shell:Creating environment descriptor '/home/lukas/ros2_ws/install/IAS0220_252062IV/share/IAS0220_252062IV/hook/pythonpath.dsv'
[0.994s] INFO:colcon.colcon_core.shell:Creating environment hook '/home/lukas/ros2_ws/install/IAS0220_252062IV/share/IAS0220_252062IV/hook/pythonpath.sh'
[0.995s] Level 1:colcon.colcon_core.environment:checking '/home/lukas/ros2_ws/install/IAS0220_252062IV/bin'
[0.995s] Level 1:colcon.colcon_core.environment:create_environment_scripts_only(IAS0220_252062IV)
[0.995s] INFO:colcon.colcon_core.shell:Creating package script '/home/lukas/ros2_ws/install/IAS0220_252062IV/share/IAS0220_252062IV/package.ps1'
[0.996s] INFO:colcon.colcon_core.shell:Creating package descriptor '/home/lukas/ros2_ws/install/IAS0220_252062IV/share/IAS0220_252062IV/package.dsv'
[0.996s] INFO:colcon.colcon_core.shell:Creating package script '/home/lukas/ros2_ws/install/IAS0220_252062IV/share/IAS0220_252062IV/package.sh'
[0.996s] INFO:colcon.colcon_core.shell:Creating package script '/home/lukas/ros2_ws/install/IAS0220_252062IV/share/IAS0220_252062IV/package.bash'
[0.997s] INFO:colcon.colcon_core.shell:Creating package script '/home/lukas/ros2_ws/install/IAS0220_252062IV/share/IAS0220_252062IV/package.zsh'
[0.997s] Level 1:colcon.colcon_core.environment:create_file_with_runtime_dependencies(/home/lukas/ros2_ws/install/IAS0220_252062IV/share/colcon-core/packages/IAS0220_252062IV)
[0.998s] DEBUG:colcon.colcon_parallel_executor.executor.parallel:closing loop
[0.998s] DEBUG:colcon.colcon_parallel_executor.executor.parallel:loop closed
[0.998s] DEBUG:colcon.colcon_parallel_executor.executor.parallel:run_until_complete finished with '0'
[0.998s] DEBUG:colcon.colcon_core.event_reactor:joining thread
[1.003s] INFO:colcon.colcon_core.plugin_system:Skipping extension 'colcon_notification.desktop_notification.terminal_notifier': Not used on non-Darwin systems
[1.003s] INFO:colcon.colcon_core.plugin_system:Skipping extension 'colcon_notification.desktop_notification.win32': Not used on non-Windows systems
[1.003s] INFO:colcon.colcon_notification.desktop_notification:Sending desktop notification using 'notify2'
[1.015s] DEBUG:colcon.colcon_core.event_reactor:joined thread
[1.015s] INFO:colcon.colcon_core.shell:Creating prefix script '/home/lukas/ros2_ws/install/local_setup.ps1'
[1.016s] INFO:colcon.colcon_core.shell:Creating prefix util module '/home/lukas/ros2_ws/install/_local_setup_util_ps1.py'
[1.017s] INFO:colcon.colcon_core.shell:Creating prefix chain script '/home/lukas/ros2_ws/install/setup.ps1'
[1.018s] INFO:colcon.colcon_core.shell:Creating prefix script '/home/lukas/ros2_ws/install/local_setup.sh'
[1.019s] INFO:colcon.colcon_core.shell:Creating prefix util module '/home/lukas/ros2_ws/install/_local_setup_util_sh.py'
[1.019s] INFO:colcon.colcon_core.shell:Creating prefix chain script '/home/lukas/ros2_ws/install/setup.sh'
[1.020s] INFO:colcon.colcon_core.shell:Creating prefix script '/home/lukas/ros2_ws/install/local_setup.bash'
[1.021s] INFO:colcon.colcon_core.shell:Creating prefix chain script '/home/lukas/ros2_ws/install/setup.bash'
[1.021s] INFO:colcon.colcon_core.shell:Creating prefix script '/home/lukas/ros2_ws/install/local_setup.zsh'
[1.022s] INFO:colcon.colcon_core.shell:Creating prefix chain script '/home/lukas/ros2_ws/install/setup.zsh'
