[0.133s] DEBUG:colcon:Command line arguments: ['/usr/bin/colcon', 'build']
[0.133s] DEBUG:colcon:Parsed command line arguments: Namespace(log_base=None, log_level=None, verb_name='build', build_base='build', install_base='install', merge_install=False, symlink_install=False, test_result_base=None, continue_on_error=False, executor='parallel', parallel_workers=16, event_handlers=None, ignore_user_meta=False, metas=['./colcon.meta'], base_paths=['.'], packages_ignore=None, packages_ignore_regex=None, paths=None, packages_up_to=None, packages_up_to_regex=None, packages_above=None, packages_above_and_dependencies=None, packages_above_depth=None, packages_select_by_dep=None, packages_skip_by_dep=None, packages_skip_up_to=None, packages_select_build_failed=False, packages_skip_build_finished=False, packages_select_test_failures=False, packages_skip_test_passed=False, packages_select=None, packages_skip=None, packages_select_regex=None, packages_skip_regex=None, packages_start=None, packages_end=None, allow_overriding=[], cmake_args=None, cmake_target=None, cmake_target_skip_unavailable=False, cmake_clean_cache=False, cmake_clean_first=False, cmake_force_configure=False, ament_cmake_args=None, catkin_cmake_args=None, catkin_skip_building_tests=False, verb_parser=<colcon_defaults.argument_parser.defaults.DefaultArgumentsDecorator object at 0x7d54e5f3fac0>, verb_extension=<colcon_core.verb.build.BuildVerb object at 0x7d54e5f3eaa0>, main=<bound method BuildVerb.main of <colcon_core.verb.build.BuildVerb object at 0x7d54e5f3eaa0>>)
[0.331s] Level 1:colcon.colcon_core.package_discovery:discover_packages(colcon_meta) check parameters
[0.332s] Level 1:colcon.colcon_core.package_discovery:discover_packages(recursive) check parameters
[0.332s] Level 1:colcon.colcon_core.package_discovery:discover_packages(ignore) check parameters
[0.332s] Level 1:colcon.colcon_core.package_discovery:discover_packages(path) check parameters
[0.332s] Level 1:colcon.colcon_core.package_discovery:discover_packages(colcon_meta) discover
[0.332s] Level 1:colcon.colcon_core.package_discovery:discover_packages(recursive) discover
[0.332s] INFO:colcon.colcon_core.package_discovery:Crawling recursively for packages in '/home/lukas/ros2_ws'
[0.332s] Level 1:colcon.colcon_core.package_identification:_identify(.) by extensions ['ignore', 'ignore_ament_install']
[0.332s] Level 1:colcon.colcon_core.package_identification:_identify(.) by extension 'ignore'
[0.332s] Level 1:colcon.colcon_core.package_identification:_identify(.) by extension 'ignore_ament_install'
[0.332s] Level 1:colcon.colcon_core.package_identification:_identify(.) by extensions ['colcon_pkg']
[0.332s] Level 1:colcon.colcon_core.package_identification:_identify(.) by extension 'colcon_pkg'
[0.332s] Level 1:colcon.colcon_core.package_identification:_identify(.) by extensions ['colcon_meta']
[0.332s] Level 1:colcon.colcon_core.package_identification:_identify(.) by extension 'colcon_meta'
[0.332s] Level 1:colcon.colcon_core.package_identification:_identify(.) by extensions ['ros']
[0.332s] Level 1:colcon.colcon_core.package_identification:_identify(.) by extension 'ros'
[0.348s] Level 1:colcon.colcon_core.package_identification:_identify(.) by extensions ['cmake', 'python']
[0.349s] Level 1:colcon.colcon_core.package_identification:_identify(.) by extension 'cmake'
[0.349s] Level 1:colcon.colcon_core.package_identification:_identify(.) by extension 'python'
[0.349s] Level 1:colcon.colcon_core.package_identification:_identify(.) by extensions ['python_setup_py']
[0.349s] Level 1:colcon.colcon_core.package_identification:_identify(.) by extension 'python_setup_py'
[0.349s] Level 1:colcon.colcon_core.package_identification:_identify(bags) by extensions ['ignore', 'ignore_ament_install']
[0.349s] Level 1:colcon.colcon_core.package_identification:_identify(bags) by extension 'ignore'
[0.349s] Level 1:colcon.colcon_core.package_identification:_identify(bags) by extension 'ignore_ament_install'
[0.349s] Level 1:colcon.colcon_core.package_identification:_identify(bags) by extensions ['colcon_pkg']
[0.349s] Level 1:colcon.colcon_core.package_identification:_identify(bags) by extension 'colcon_pkg'
[0.349s] Level 1:colcon.colcon_core.package_identification:_identify(bags) by extensions ['colcon_meta']
[0.349s] Level 1:colcon.colcon_core.package_identification:_identify(bags) by extension 'colcon_meta'
[0.349s] Level 1:colcon.colcon_core.package_identification:_identify(bags) by extensions ['ros']
[0.349s] Level 1:colcon.colcon_core.package_identification:_identify(bags) by extension 'ros'
[0.349s] Level 1:colcon.colcon_core.package_identification:_identify(bags) by extensions ['cmake', 'python']
[0.349s] Level 1:colcon.colcon_core.package_identification:_identify(bags) by extension 'cmake'
[0.349s] Level 1:colcon.colcon_core.package_identification:_identify(bags) by extension 'python'
[0.350s] Level 1:colcon.colcon_core.package_identification:_identify(bags) by extensions ['python_setup_py']
[0.350s] Level 1:colcon.colcon_core.package_identification:_identify(bags) by extension 'python_setup_py'
[0.350s] Level 1:colcon.colcon_core.package_identification:_identify(bags/bag1) by extensions ['ignore', 'ignore_ament_install']
[0.350s] Level 1:colcon.colcon_core.package_identification:_identify(bags/bag1) by extension 'ignore'
[0.350s] Level 1:colcon.colcon_core.package_identification:_identify(bags/bag1) by extension 'ignore_ament_install'
[0.350s] Level 1:colcon.colcon_core.package_identification:_identify(bags/bag1) by extensions ['colcon_pkg']
[0.350s] Level 1:colcon.colcon_core.package_identification:_identify(bags/bag1) by extension 'colcon_pkg'
[0.350s] Level 1:colcon.colcon_core.package_identification:_identify(bags/bag1) by extensions ['colcon_meta']
[0.350s] Level 1:colcon.colcon_core.package_identification:_identify(bags/bag1) by extension 'colcon_meta'
[0.350s] Level 1:colcon.colcon_core.package_identification:_identify(bags/bag1) by extensions ['ros']
[0.350s] Level 1:colcon.colcon_core.package_identification:_identify(bags/bag1) by extension 'ros'
[0.350s] Level 1:colcon.colcon_core.package_identification:_identify(bags/bag1) by extensions ['cmake', 'python']
[0.350s] Level 1:colcon.colcon_core.package_identification:_identify(bags/bag1) by extension 'cmake'
[0.350s] Level 1:colcon.colcon_core.package_identification:_identify(bags/bag1) by extension 'python'
[0.350s] Level 1:colcon.colcon_core.package_identification:_identify(bags/bag1) by extensions ['python_setup_py']
[0.350s] Level 1:colcon.colcon_core.package_identification:_identify(bags/bag1) by extension 'python_setup_py'
[0.350s] Level 1:colcon.colcon_core.package_identification:_identify(bags/bag2) by extensions ['ignore', 'ignore_ament_install']
[0.351s] Level 1:colcon.colcon_core.package_identification:_identify(bags/bag2) by extension 'ignore'
[0.351s] Level 1:colcon.colcon_core.package_identification:_identify(bags/bag2) by extension 'ignore_ament_install'
[0.351s] Level 1:colcon.colcon_core.package_identification:_identify(bags/bag2) by extensions ['colcon_pkg']
[0.351s] Level 1:colcon.colcon_core.package_identification:_identify(bags/bag2) by extension 'colcon_pkg'
[0.351s] Level 1:colcon.colcon_core.package_identification:_identify(bags/bag2) by extensions ['colcon_meta']
[0.351s] Level 1:colcon.colcon_core.package_identification:_identify(bags/bag2) by extension 'colcon_meta'
[0.351s] Level 1:colcon.colcon_core.package_identification:_identify(bags/bag2) by extensions ['ros']
[0.351s] Level 1:colcon.colcon_core.package_identification:_identify(bags/bag2) by extension 'ros'
[0.351s] Level 1:colcon.colcon_core.package_identification:_identify(bags/bag2) by extensions ['cmake', 'python']
[0.351s] Level 1:colcon.colcon_core.package_identification:_identify(bags/bag2) by extension 'cmake'
[0.351s] Level 1:colcon.colcon_core.package_identification:_identify(bags/bag2) by extension 'python'
[0.351s] Level 1:colcon.colcon_core.package_identification:_identify(bags/bag2) by extensions ['python_setup_py']
[0.351s] Level 1:colcon.colcon_core.package_identification:_identify(bags/bag2) by extension 'python_setup_py'
[0.351s] Level 1:colcon.colcon_core.package_identification:_identify(build) by extensions ['ignore', 'ignore_ament_install']
[0.351s] Level 1:colcon.colcon_core.package_identification:_identify(build) by extension 'ignore'
[0.351s] Level 1:colcon.colcon_core.package_identification:_identify(build) ignored
[0.351s] Level 1:colcon.colcon_core.package_identification:_identify(install) by extensions ['ignore', 'ignore_ament_install']
[0.352s] Level 1:colcon.colcon_core.package_identification:_identify(install) by extension 'ignore'
[0.352s] Level 1:colcon.colcon_core.package_identification:_identify(install) ignored
[0.352s] Level 1:colcon.colcon_core.package_identification:_identify(log) by extensions ['ignore', 'ignore_ament_install']
[0.352s] Level 1:colcon.colcon_core.package_identification:_identify(log) by extension 'ignore'
[0.352s] Level 1:colcon.colcon_core.package_identification:_identify(log) ignored
[0.352s] Level 1:colcon.colcon_core.package_identification:_identify(src) by extensions ['ignore', 'ignore_ament_install']
[0.352s] Level 1:colcon.colcon_core.package_identification:_identify(src) by extension 'ignore'
[0.352s] Level 1:colcon.colcon_core.package_identification:_identify(src) by extension 'ignore_ament_install'
[0.352s] Level 1:colcon.colcon_core.package_identification:_identify(src) by extensions ['colcon_pkg']
[0.352s] Level 1:colcon.colcon_core.package_identification:_identify(src) by extension 'colcon_pkg'
[0.352s] Level 1:colcon.colcon_core.package_identification:_identify(src) by extensions ['colcon_meta']
[0.352s] Level 1:colcon.colcon_core.package_identification:_identify(src) by extension 'colcon_meta'
[0.352s] Level 1:colcon.colcon_core.package_identification:_identify(src) by extensions ['ros']
[0.352s] Level 1:colcon.colcon_core.package_identification:_identify(src) by extension 'ros'
[0.352s] Level 1:colcon.colcon_core.package_identification:_identify(src) by extensions ['cmake', 'python']
[0.352s] Level 1:colcon.colcon_core.package_identification:_identify(src) by extension 'cmake'
[0.352s] Level 1:colcon.colcon_core.package_identification:_identify(src) by extension 'python'
[0.352s] Level 1:colcon.colcon_core.package_identification:_identify(src) by extensions ['python_setup_py']
[0.353s] Level 1:colcon.colcon_core.package_identification:_identify(src) by extension 'python_setup_py'
[0.353s] Level 1:colcon.colcon_core.package_identification:_identify(src/IAS0220_252062IV) by extensions ['ignore', 'ignore_ament_install']
[0.353s] Level 1:colcon.colcon_core.package_identification:_identify(src/IAS0220_252062IV) by extension 'ignore'
[0.353s] Level 1:colcon.colcon_core.package_identification:_identify(src/IAS0220_252062IV) by extension 'ignore_ament_install'
[0.353s] Level 1:colcon.colcon_core.package_identification:_identify(src/IAS0220_252062IV) by extensions ['colcon_pkg']
[0.353s] Level 1:colcon.colcon_core.package_identification:_identify(src/IAS0220_252062IV) by extension 'colcon_pkg'
[0.353s] Level 1:colcon.colcon_core.package_identification:_identify(src/IAS0220_252062IV) by extensions ['colcon_meta']
[0.353s] Level 1:colcon.colcon_core.package_identification:_identify(src/IAS0220_252062IV) by extension 'colcon_meta'
[0.353s] Level 1:colcon.colcon_core.package_identification:_identify(src/IAS0220_252062IV) by extensions ['ros']
[0.353s] Level 1:colcon.colcon_core.package_identification:_identify(src/IAS0220_252062IV) by extension 'ros'
[0.357s] DEBUG:colcon.colcon_core.package_identification:Package 'src/IAS0220_252062IV' with type 'ros.ament_python' and name 'IAS0220_252062IV'
[0.357s] Level 1:colcon.colcon_core.package_identification:_identify(src/IAS0220_Task6-main) by extensions ['ignore', 'ignore_ament_install']
[0.357s] Level 1:colcon.colcon_core.package_identification:_identify(src/IAS0220_Task6-main) by extension 'ignore'
[0.357s] Level 1:colcon.colcon_core.package_identification:_identify(src/IAS0220_Task6-main) by extension 'ignore_ament_install'
[0.357s] Level 1:colcon.colcon_core.package_identification:_identify(src/IAS0220_Task6-main) by extensions ['colcon_pkg']
[0.357s] Level 1:colcon.colcon_core.package_identification:_identify(src/IAS0220_Task6-main) by extension 'colcon_pkg'
[0.358s] Level 1:colcon.colcon_core.package_identification:_identify(src/IAS0220_Task6-main) by extensions ['colcon_meta']
[0.358s] Level 1:colcon.colcon_core.package_identification:_identify(src/IAS0220_Task6-main) by extension 'colcon_meta'
[0.358s] Level 1:colcon.colcon_core.package_identification:_identify(src/IAS0220_Task6-main) by extensions ['ros']
[0.358s] Level 1:colcon.colcon_core.package_identification:_identify(src/IAS0220_Task6-main) by extension 'ros'
[0.358s] Level 1:colcon.colcon_core.package_identification:_identify(src/IAS0220_Task6-main) by extensions ['cmake', 'python']
[0.358s] Level 1:colcon.colcon_core.package_identification:_identify(src/IAS0220_Task6-main) by extension 'cmake'
[0.358s] Level 1:colcon.colcon_core.package_identification:_identify(src/IAS0220_Task6-main) by extension 'python'
[0.358s] Level 1:colcon.colcon_core.package_identification:_identify(src/IAS0220_Task6-main) by extensions ['python_setup_py']
[0.358s] Level 1:colcon.colcon_core.package_identification:_identify(src/IAS0220_Task6-main) by extension 'python_setup_py'
[0.358s] Level 1:colcon.colcon_core.package_identification:_identify(src/IAS0220_Task6-main/encoders_interfaces) by extensions ['ignore', 'ignore_ament_install']
[0.358s] Level 1:colcon.colcon_core.package_identification:_identify(src/IAS0220_Task6-main/encoders_interfaces) by extension 'ignore'
[0.358s] Level 1:colcon.colcon_core.package_identification:_identify(src/IAS0220_Task6-main/encoders_interfaces) by extension 'ignore_ament_install'
[0.358s] Level 1:colcon.colcon_core.package_identification:_identify(src/IAS0220_Task6-main/encoders_interfaces) by extensions ['colcon_pkg']
[0.358s] Level 1:colcon.colcon_core.package_identification:_identify(src/IAS0220_Task6-main/encoders_interfaces) by extension 'colcon_pkg'
[0.358s] Level 1:colcon.colcon_core.package_identification:_identify(src/IAS0220_Task6-main/encoders_interfaces) by extensions ['colcon_meta']
[0.358s] Level 1:colcon.colcon_core.package_identification:_identify(src/IAS0220_Task6-main/encoders_interfaces) by extension 'colcon_meta'
[0.358s] Level 1:colcon.colcon_core.package_identification:_identify(src/IAS0220_Task6-main/encoders_interfaces) by extensions ['ros']
[0.358s] Level 1:colcon.colcon_core.package_identification:_identify(src/IAS0220_Task6-main/encoders_interfaces) by extension 'ros'
[0.359s] DEBUG:colcon.colcon_core.package_identification:Package 'src/IAS0220_Task6-main/encoders_interfaces' with type 'ros.ament_cmake' and name 'encoders_interfaces'
[0.360s] Level 1:colcon.colcon_core.package_identification:_identify(src/IAS0220_Task6-main/encoders_pkg) by extensions ['ignore', 'ignore_ament_install']
[0.360s] Level 1:colcon.colcon_core.package_identification:_identify(src/IAS0220_Task6-main/encoders_pkg) by extension 'ignore'
[0.360s] Level 1:colcon.colcon_core.package_identification:_identify(src/IAS0220_Task6-main/encoders_pkg) by extension 'ignore_ament_install'
[0.360s] Level 1:colcon.colcon_core.package_identification:_identify(src/IAS0220_Task6-main/encoders_pkg) by extensions ['colcon_pkg']
[0.360s] Level 1:colcon.colcon_core.package_identification:_identify(src/IAS0220_Task6-main/encoders_pkg) by extension 'colcon_pkg'
[0.360s] Level 1:colcon.colcon_core.package_identification:_identify(src/IAS0220_Task6-main/encoders_pkg) by extensions ['colcon_meta']
[0.360s] Level 1:colcon.colcon_core.package_identification:_identify(src/IAS0220_Task6-main/encoders_pkg) by extension 'colcon_meta'
[0.360s] Level 1:colcon.colcon_core.package_identification:_identify(src/IAS0220_Task6-main/encoders_pkg) by extensions ['ros']
[0.360s] Level 1:colcon.colcon_core.package_identification:_identify(src/IAS0220_Task6-main/encoders_pkg) by extension 'ros'
[0.361s] DEBUG:colcon.colcon_core.package_identification:Package 'src/IAS0220_Task6-main/encoders_pkg' with type 'ros.ament_python' and name 'encoders_pkg'
[0.361s] Level 1:colcon.colcon_core.package_identification:_identify(src/IAS0220_Task6-main/ias0220_sensors) by extensions ['ignore', 'ignore_ament_install']
[0.361s] Level 1:colcon.colcon_core.package_identification:_identify(src/IAS0220_Task6-main/ias0220_sensors) by extension 'ignore'
[0.361s] Level 1:colcon.colcon_core.package_identification:_identify(src/IAS0220_Task6-main/ias0220_sensors) by extension 'ignore_ament_install'
[0.361s] Level 1:colcon.colcon_core.package_identification:_identify(src/IAS0220_Task6-main/ias0220_sensors) by extensions ['colcon_pkg']
[0.361s] Level 1:colcon.colcon_core.package_identification:_identify(src/IAS0220_Task6-main/ias0220_sensors) by extension 'colcon_pkg'
[0.361s] Level 1:colcon.colcon_core.package_identification:_identify(src/IAS0220_Task6-main/ias0220_sensors) by extensions ['colcon_meta']
[0.361s] Level 1:colcon.colcon_core.package_identification:_identify(src/IAS0220_Task6-main/ias0220_sensors) by extension 'colcon_meta'
[0.361s] Level 1:colcon.colcon_core.package_identification:_identify(src/IAS0220_Task6-main/ias0220_sensors) by extensions ['ros']
[0.361s] Level 1:colcon.colcon_core.package_identification:_identify(src/IAS0220_Task6-main/ias0220_sensors) by extension 'ros'
[0.362s] DEBUG:colcon.colcon_core.package_identification:Package 'src/IAS0220_Task6-main/ias0220_sensors' with type 'ros.ament_python' and name 'ias0220_sensors'
[0.362s] Level 1:colcon.colcon_core.package_identification:_identify(src/IAS0220_Task6-main/setup_gazebo_ias0220) by extensions ['ignore', 'ignore_ament_install']
[0.362s] Level 1:colcon.colcon_core.package_identification:_identify(src/IAS0220_Task6-main/setup_gazebo_ias0220) by extension 'ignore'
[0.362s] Level 1:colcon.colcon_core.package_identification:_identify(src/IAS0220_Task6-main/setup_gazebo_ias0220) by extension 'ignore_ament_install'
[0.362s] Level 1:colcon.colcon_core.package_identification:_identify(src/IAS0220_Task6-main/setup_gazebo_ias0220) by extensions ['colcon_pkg']
[0.362s] Level 1:colcon.colcon_core.package_identification:_identify(src/IAS0220_Task6-main/setup_gazebo_ias0220) by extension 'colcon_pkg'
[0.363s] Level 1:colcon.colcon_core.package_identification:_identify(src/IAS0220_Task6-main/setup_gazebo_ias0220) by extensions ['colcon_meta']
[0.363s] Level 1:colcon.colcon_core.package_identification:_identify(src/IAS0220_Task6-main/setup_gazebo_ias0220) by extension 'colcon_meta'
[0.363s] Level 1:colcon.colcon_core.package_identification:_identify(src/IAS0220_Task6-main/setup_gazebo_ias0220) by extensions ['ros']
[0.363s] Level 1:colcon.colcon_core.package_identification:_identify(src/IAS0220_Task6-main/setup_gazebo_ias0220) by extension 'ros'
[0.363s] DEBUG:colcon.colcon_core.package_identification:Package 'src/IAS0220_Task6-main/setup_gazebo_ias0220' with type 'ros.ament_python' and name 'setup_gazebo_ias0220'
[0.364s] Level 1:colcon.colcon_core.package_identification:_identify(src/plotjuggler-ros-plugins) by extensions ['ignore', 'ignore_ament_install']
[0.364s] Level 1:colcon.colcon_core.package_identification:_identify(src/plotjuggler-ros-plugins) by extension 'ignore'
[0.364s] Level 1:colcon.colcon_core.package_identification:_identify(src/plotjuggler-ros-plugins) by extension 'ignore_ament_install'
[0.364s] Level 1:colcon.colcon_core.package_identification:_identify(src/plotjuggler-ros-plugins) by extensions ['colcon_pkg']
[0.364s] Level 1:colcon.colcon_core.package_identification:_identify(src/plotjuggler-ros-plugins) by extension 'colcon_pkg'
[0.364s] Level 1:colcon.colcon_core.package_identification:_identify(src/plotjuggler-ros-plugins) by extensions ['colcon_meta']
[0.364s] Level 1:colcon.colcon_core.package_identification:_identify(src/plotjuggler-ros-plugins) by extension 'colcon_meta'
[0.364s] Level 1:colcon.colcon_core.package_identification:_identify(src/plotjuggler-ros-plugins) by extensions ['ros']
[0.364s] Level 1:colcon.colcon_core.package_identification:_identify(src/plotjuggler-ros-plugins) by extension 'ros'
[0.366s] DEBUG:colcon.colcon_core.package_identification:Package 'src/plotjuggler-ros-plugins' with type 'ros.ament_cmake' and name 'plotjuggler_ros'
[0.366s] Level 1:colcon.colcon_core.package_discovery:discover_packages(recursive) using defaults
[0.366s] Level 1:colcon.colcon_core.package_discovery:discover_packages(ignore) discover
[0.366s] Level 1:colcon.colcon_core.package_discovery:discover_packages(ignore) using defaults
[0.366s] Level 1:colcon.colcon_core.package_discovery:discover_packages(path) discover
[0.366s] Level 1:colcon.colcon_core.package_discovery:discover_packages(path) using defaults
[0.420s] Level 1:colcon.colcon_core.package_discovery:discover_packages(prefix_path) check parameters
[0.420s] Level 1:colcon.colcon_core.package_discovery:discover_packages(prefix_path) discover
[0.424s] DEBUG:colcon.colcon_installed_package_information.package_discovery:Found 295 installed packages in /opt/ros/humble
[0.425s] Level 1:colcon.colcon_core.package_discovery:discover_packages(prefix_path) using defaults
[0.475s] Level 5:colcon.colcon_core.verb:set package 'IAS0220_252062IV' build argument 'cmake_args' from command line to 'None'
[0.475s] Level 5:colcon.colcon_core.verb:set package 'IAS0220_252062IV' build argument 'cmake_target' from command line to 'None'
[0.475s] Level 5:colcon.colcon_core.verb:set package 'IAS0220_252062IV' build argument 'cmake_target_skip_unavailable' from command line to 'False'
[0.475s] Level 5:colcon.colcon_core.verb:set package 'IAS0220_252062IV' build argument 'cmake_clean_cache' from command line to 'False'
[0.475s] Level 5:colcon.colcon_core.verb:set package 'IAS0220_252062IV' build argument 'cmake_clean_first' from command line to 'False'
[0.475s] Level 5:colcon.colcon_core.verb:set package 'IAS0220_252062IV' build argument 'cmake_force_configure' from command line to 'False'
[0.475s] Level 5:colcon.colcon_core.verb:set package 'IAS0220_252062IV' build argument 'ament_cmake_args' from command line to 'None'
[0.475s] Level 5:colcon.colcon_core.verb:set package 'IAS0220_252062IV' build argument 'catkin_cmake_args' from command line to 'None'
[0.475s] Level 5:colcon.colcon_core.verb:set package 'IAS0220_252062IV' build argument 'catkin_skip_building_tests' from command line to 'False'
[0.475s] DEBUG:colcon.colcon_core.verb:Building package 'IAS0220_252062IV' with the following arguments: {'ament_cmake_args': None, 'build_base': '/home/lukas/ros2_ws/build/IAS0220_252062IV', 'catkin_cmake_args': None, 'catkin_skip_building_tests': False, 'cmake_args': None, 'cmake_clean_cache': False, 'cmake_clean_first': False, 'cmake_force_configure': False, 'cmake_target': None, 'cmake_target_skip_unavailable': False, 'install_base': '/home/lukas/ros2_ws/install/IAS0220_252062IV', 'merge_install': False, 'path': '/home/lukas/ros2_ws/src/IAS0220_252062IV', 'symlink_install': False, 'test_result_base': None}
[0.476s] Level 5:colcon.colcon_core.verb:set package 'encoders_interfaces' build argument 'cmake_args' from command line to 'None'
[0.476s] Level 5:colcon.colcon_core.verb:set package 'encoders_interfaces' build argument 'cmake_target' from command line to 'None'
[0.476s] Level 5:colcon.colcon_core.verb:set package 'encoders_interfaces' build argument 'cmake_target_skip_unavailable' from command line to 'False'
[0.476s] Level 5:colcon.colcon_core.verb:set package 'encoders_interfaces' build argument 'cmake_clean_cache' from command line to 'False'
[0.476s] Level 5:colcon.colcon_core.verb:set package 'encoders_interfaces' build argument 'cmake_clean_first' from command line to 'False'
[0.476s] Level 5:colcon.colcon_core.verb:set package 'encoders_interfaces' build argument 'cmake_force_configure' from command line to 'False'
[0.476s] Level 5:colcon.colcon_core.verb:set package 'encoders_interfaces' build argument 'ament_cmake_args' from command line to 'None'
[0.476s] Level 5:colcon.colcon_core.verb:set package 'encoders_interfaces' build argument 'catkin_cmake_args' from command line to 'None'
[0.476s] Level 5:colcon.colcon_core.verb:set package 'encoders_interfaces' build argument 'catkin_skip_building_tests' from command line to 'False'
[0.476s] DEBUG:colcon.colcon_core.verb:Building package 'encoders_interfaces' with the following arguments: {'ament_cmake_args': None, 'build_base': '/home/lukas/ros2_ws/build/encoders_interfaces', 'catkin_cmake_args': None, 'catkin_skip_building_tests': False, 'cmake_args': None, 'cmake_clean_cache': False, 'cmake_clean_first': False, 'cmake_force_configure': False, 'cmake_target': None, 'cmake_target_skip_unavailable': False, 'install_base': '/home/lukas/ros2_ws/install/encoders_interfaces', 'merge_install': False, 'path': '/home/lukas/ros2_ws/src/IAS0220_Task6-main/encoders_interfaces', 'symlink_install': False, 'test_result_base': None}
[0.476s] Level 5:colcon.colcon_core.verb:set package 'ias0220_sensors' build argument 'cmake_args' from command line to 'None'
[0.476s] Level 5:colcon.colcon_core.verb:set package 'ias0220_sensors' build argument 'cmake_target' from command line to 'None'
[0.477s] Level 5:colcon.colcon_core.verb:set package 'ias0220_sensors' build argument 'cmake_target_skip_unavailable' from command line to 'False'
[0.477s] Level 5:colcon.colcon_core.verb:set package 'ias0220_sensors' build argument 'cmake_clean_cache' from command line to 'False'
[0.477s] Level 5:colcon.colcon_core.verb:set package 'ias0220_sensors' build argument 'cmake_clean_first' from command line to 'False'
[0.477s] Level 5:colcon.colcon_core.verb:set package 'ias0220_sensors' build argument 'cmake_force_configure' from command line to 'False'
[0.477s] Level 5:colcon.colcon_core.verb:set package 'ias0220_sensors' build argument 'ament_cmake_args' from command line to 'None'
[0.477s] Level 5:colcon.colcon_core.verb:set package 'ias0220_sensors' build argument 'catkin_cmake_args' from command line to 'None'
[0.477s] Level 5:colcon.colcon_core.verb:set package 'ias0220_sensors' build argument 'catkin_skip_building_tests' from command line to 'False'
[0.477s] DEBUG:colcon.colcon_core.verb:Building package 'ias0220_sensors' with the following arguments: {'ament_cmake_args': None, 'build_base': '/home/lukas/ros2_ws/build/ias0220_sensors', 'catkin_cmake_args': None, 'catkin_skip_building_tests': False, 'cmake_args': None, 'cmake_clean_cache': False, 'cmake_clean_first': False, 'cmake_force_configure': False, 'cmake_target': None, 'cmake_target_skip_unavailable': False, 'install_base': '/home/lukas/ros2_ws/install/ias0220_sensors', 'merge_install': False, 'path': '/home/lukas/ros2_ws/src/IAS0220_Task6-main/ias0220_sensors', 'symlink_install': False, 'test_result_base': None}
[0.477s] Level 5:colcon.colcon_core.verb:set package 'plotjuggler_ros' build argument 'cmake_args' from command line to 'None'
[0.477s] Level 5:colcon.colcon_core.verb:set package 'plotjuggler_ros' build argument 'cmake_target' from command line to 'None'
[0.477s] Level 5:colcon.colcon_core.verb:set package 'plotjuggler_ros' build argument 'cmake_target_skip_unavailable' from command line to 'False'
[0.477s] Level 5:colcon.colcon_core.verb:set package 'plotjuggler_ros' build argument 'cmake_clean_cache' from command line to 'False'
[0.477s] Level 5:colcon.colcon_core.verb:set package 'plotjuggler_ros' build argument 'cmake_clean_first' from command line to 'False'
[0.477s] Level 5:colcon.colcon_core.verb:set package 'plotjuggler_ros' build argument 'cmake_force_configure' from command line to 'False'
[0.477s] Level 5:colcon.colcon_core.verb:set package 'plotjuggler_ros' build argument 'ament_cmake_args' from command line to 'None'
[0.477s] Level 5:colcon.colcon_core.verb:set package 'plotjuggler_ros' build argument 'catkin_cmake_args' from command line to 'None'
[0.477s] Level 5:colcon.colcon_core.verb:set package 'plotjuggler_ros' build argument 'catkin_skip_building_tests' from command line to 'False'
[0.477s] DEBUG:colcon.colcon_core.verb:Building package 'plotjuggler_ros' with the following arguments: {'ament_cmake_args': None, 'build_base': '/home/lukas/ros2_ws/build/plotjuggler_ros', 'catkin_cmake_args': None, 'catkin_skip_building_tests': False, 'cmake_args': None, 'cmake_clean_cache': False, 'cmake_clean_first': False, 'cmake_force_configure': False, 'cmake_target': None, 'cmake_target_skip_unavailable': False, 'install_base': '/home/lukas/ros2_ws/install/plotjuggler_ros', 'merge_install': False, 'path': '/home/lukas/ros2_ws/src/plotjuggler-ros-plugins', 'symlink_install': False, 'test_result_base': None}
[0.478s] Level 5:colcon.colcon_core.verb:set package 'setup_gazebo_ias0220' build argument 'cmake_args' from command line to 'None'
[0.478s] Level 5:colcon.colcon_core.verb:set package 'setup_gazebo_ias0220' build argument 'cmake_target' from command line to 'None'
[0.478s] Level 5:colcon.colcon_core.verb:set package 'setup_gazebo_ias0220' build argument 'cmake_target_skip_unavailable' from command line to 'False'
[0.478s] Level 5:colcon.colcon_core.verb:set package 'setup_gazebo_ias0220' build argument 'cmake_clean_cache' from command line to 'False'
[0.478s] Level 5:colcon.colcon_core.verb:set package 'setup_gazebo_ias0220' build argument 'cmake_clean_first' from command line to 'False'
[0.478s] Level 5:colcon.colcon_core.verb:set package 'setup_gazebo_ias0220' build argument 'cmake_force_configure' from command line to 'False'
[0.478s] Level 5:colcon.colcon_core.verb:set package 'setup_gazebo_ias0220' build argument 'ament_cmake_args' from command line to 'None'
[0.478s] Level 5:colcon.colcon_core.verb:set package 'setup_gazebo_ias0220' build argument 'catkin_cmake_args' from command line to 'None'
[0.478s] Level 5:colcon.colcon_core.verb:set package 'setup_gazebo_ias0220' build argument 'catkin_skip_building_tests' from command line to 'False'
[0.478s] DEBUG:colcon.colcon_core.verb:Building package 'setup_gazebo_ias0220' with the following arguments: {'ament_cmake_args': None, 'build_base': '/home/lukas/ros2_ws/build/setup_gazebo_ias0220', 'catkin_cmake_args': None, 'catkin_skip_building_tests': False, 'cmake_args': None, 'cmake_clean_cache': False, 'cmake_clean_first': False, 'cmake_force_configure': False, 'cmake_target': None, 'cmake_target_skip_unavailable': False, 'install_base': '/home/lukas/ros2_ws/install/setup_gazebo_ias0220', 'merge_install': False, 'path': '/home/lukas/ros2_ws/src/IAS0220_Task6-main/setup_gazebo_ias0220', 'symlink_install': False, 'test_result_base': None}
[0.478s] Level 5:colcon.colcon_core.verb:set package 'encoders_pkg' build argument 'cmake_args' from command line to 'None'
[0.478s] Level 5:colcon.colcon_core.verb:set package 'encoders_pkg' build argument 'cmake_target' from command line to 'None'
[0.478s] Level 5:colcon.colcon_core.verb:set package 'encoders_pkg' build argument 'cmake_target_skip_unavailable' from command line to 'False'
[0.478s] Level 5:colcon.colcon_core.verb:set package 'encoders_pkg' build argument 'cmake_clean_cache' from command line to 'False'
[0.478s] Level 5:colcon.colcon_core.verb:set package 'encoders_pkg' build argument 'cmake_clean_first' from command line to 'False'
[0.478s] Level 5:colcon.colcon_core.verb:set package 'encoders_pkg' build argument 'cmake_force_configure' from command line to 'False'
[0.478s] Level 5:colcon.colcon_core.verb:set package 'encoders_pkg' build argument 'ament_cmake_args' from command line to 'None'
[0.478s] Level 5:colcon.colcon_core.verb:set package 'encoders_pkg' build argument 'catkin_cmake_args' from command line to 'None'
[0.478s] Level 5:colcon.colcon_core.verb:set package 'encoders_pkg' build argument 'catkin_skip_building_tests' from command line to 'False'
[0.478s] DEBUG:colcon.colcon_core.verb:Building package 'encoders_pkg' with the following arguments: {'ament_cmake_args': None, 'build_base': '/home/lukas/ros2_ws/build/encoders_pkg', 'catkin_cmake_args': None, 'catkin_skip_building_tests': False, 'cmake_args': None, 'cmake_clean_cache': False, 'cmake_clean_first': False, 'cmake_force_configure': False, 'cmake_target': None, 'cmake_target_skip_unavailable': False, 'install_base': '/home/lukas/ros2_ws/install/encoders_pkg', 'merge_install': False, 'path': '/home/lukas/ros2_ws/src/IAS0220_Task6-main/encoders_pkg', 'symlink_install': False, 'test_result_base': None}
[0.479s] INFO:colcon.colcon_core.executor:Executing jobs using 'parallel' executor
[0.480s] DEBUG:colcon.colcon_parallel_executor.executor.parallel:run_until_complete
[0.481s] INFO:colcon.colcon_ros.task.ament_cmake.build:Building ROS package in '/home/lukas/ros2_ws/src/IAS0220_Task6-main/encoders_interfaces' with build type 'ament_cmake'
[0.481s] INFO:colcon.colcon_cmake.task.cmake.build:Building CMake package in '/home/lukas/ros2_ws/src/IAS0220_Task6-main/encoders_interfaces'
[0.485s] INFO:colcon.colcon_core.plugin_system:Skipping extension 'colcon_core.shell.bat': Not used on non-Windows systems
[0.485s] INFO:colcon.colcon_core.shell:Skip shell extension 'powershell' for command environment: Not usable outside of PowerShell
[0.485s] DEBUG:colcon.colcon_core.shell:Skip shell extension 'dsv' for command environment
[0.490s] INFO:colcon.colcon_ros.task.ament_python.build:Building ROS package in '/home/lukas/ros2_ws/src/IAS0220_252062IV' with build type 'ament_python'
[0.490s] Level 1:colcon.colcon_core.shell:create_environment_hook('IAS0220_252062IV', 'ament_prefix_path')
[0.490s] INFO:colcon.colcon_core.shell:Creating environment hook '/home/lukas/ros2_ws/install/IAS0220_252062IV/share/IAS0220_252062IV/hook/ament_prefix_path.ps1'
[0.492s] INFO:colcon.colcon_core.shell:Creating environment descriptor '/home/lukas/ros2_ws/install/IAS0220_252062IV/share/IAS0220_252062IV/hook/ament_prefix_path.dsv'
[0.493s] INFO:colcon.colcon_core.shell:Creating environment hook '/home/lukas/ros2_ws/install/IAS0220_252062IV/share/IAS0220_252062IV/hook/ament_prefix_path.sh'
[0.494s] INFO:colcon.colcon_core.shell:Skip shell extension 'powershell' for command environment: Not usable outside of PowerShell
[0.494s] DEBUG:colcon.colcon_core.shell:Skip shell extension 'dsv' for command environment
[0.498s] INFO:colcon.colcon_ros.task.ament_python.build:Building ROS package in '/home/lukas/ros2_ws/src/IAS0220_Task6-main/ias0220_sensors' with build type 'ament_python'
[0.498s] Level 1:colcon.colcon_core.shell:create_environment_hook('ias0220_sensors', 'ament_prefix_path')
[0.498s] INFO:colcon.colcon_core.shell:Creating environment hook '/home/lukas/ros2_ws/install/ias0220_sensors/share/ias0220_sensors/hook/ament_prefix_path.ps1'
[0.500s] INFO:colcon.colcon_core.shell:Creating environment descriptor '/home/lukas/ros2_ws/install/ias0220_sensors/share/ias0220_sensors/hook/ament_prefix_path.dsv'
[0.500s] INFO:colcon.colcon_core.shell:Creating environment hook '/home/lukas/ros2_ws/install/ias0220_sensors/share/ias0220_sensors/hook/ament_prefix_path.sh'
[0.501s] INFO:colcon.colcon_core.shell:Skip shell extension 'powershell' for command environment: Not usable outside of PowerShell
[0.501s] DEBUG:colcon.colcon_core.shell:Skip shell extension 'dsv' for command environment
[0.505s] INFO:colcon.colcon_ros.task.ament_cmake.build:Building ROS package in '/home/lukas/ros2_ws/src/plotjuggler-ros-plugins' with build type 'ament_cmake'
[0.505s] INFO:colcon.colcon_cmake.task.cmake.build:Building CMake package in '/home/lukas/ros2_ws/src/plotjuggler-ros-plugins'
[0.505s] INFO:colcon.colcon_core.shell:Skip shell extension 'powershell' for command environment: Not usable outside of PowerShell
[0.505s] DEBUG:colcon.colcon_core.shell:Skip shell extension 'dsv' for command environment
[0.510s] INFO:colcon.colcon_ros.task.ament_python.build:Building ROS package in '/home/lukas/ros2_ws/src/IAS0220_Task6-main/setup_gazebo_ias0220' with build type 'ament_python'
[0.510s] Level 1:colcon.colcon_core.shell:create_environment_hook('setup_gazebo_ias0220', 'ament_prefix_path')
[0.510s] INFO:colcon.colcon_core.shell:Creating environment hook '/home/lukas/ros2_ws/install/setup_gazebo_ias0220/share/setup_gazebo_ias0220/hook/ament_prefix_path.ps1'
[0.511s] INFO:colcon.colcon_core.shell:Creating environment descriptor '/home/lukas/ros2_ws/install/setup_gazebo_ias0220/share/setup_gazebo_ias0220/hook/ament_prefix_path.dsv'
[0.512s] INFO:colcon.colcon_core.shell:Creating environment hook '/home/lukas/ros2_ws/install/setup_gazebo_ias0220/share/setup_gazebo_ias0220/hook/ament_prefix_path.sh'
[0.513s] INFO:colcon.colcon_core.shell:Skip shell extension 'powershell' for command environment: Not usable outside of PowerShell
[0.513s] DEBUG:colcon.colcon_core.shell:Skip shell extension 'dsv' for command environment
[0.522s] DEBUG:colcon.colcon_core.event_handler.log_command:Invoking command in '/home/lukas/ros2_ws/build/encoders_interfaces': CMAKE_PREFIX_PATH=/opt/ros/humble /usr/bin/cmake /home/lukas/ros2_ws/src/IAS0220_Task6-main/encoders_interfaces -DCMAKE_INSTALL_PREFIX=/home/lukas/ros2_ws/install/encoders_interfaces
[0.882s] INFO:colcon.colcon_core.task.python.build:Building Python package in '/home/lukas/ros2_ws/src/IAS0220_252062IV'
[0.883s] INFO:colcon.colcon_core.shell:Skip shell extension 'powershell' for command environment: Not usable outside of PowerShell
[0.883s] DEBUG:colcon.colcon_core.shell:Skip shell extension 'dsv' for command environment
[1.199s] INFO:colcon.colcon_core.task.python.build:Building Python package in '/home/lukas/ros2_ws/src/IAS0220_Task6-main/ias0220_sensors'
[1.199s] INFO:colcon.colcon_core.shell:Skip shell extension 'powershell' for command environment: Not usable outside of PowerShell
[1.199s] DEBUG:colcon.colcon_core.shell:Skip shell extension 'dsv' for command environment
[1.208s] DEBUG:colcon.colcon_core.event_handler.log_command:Invoking command in '/home/lukas/ros2_ws/build/plotjuggler_ros': CMAKE_PREFIX_PATH=/opt/ros/humble /usr/bin/cmake /home/lukas/ros2_ws/src/plotjuggler-ros-plugins -DCMAKE_INSTALL_PREFIX=/home/lukas/ros2_ws/install/plotjuggler_ros
[1.551s] INFO:colcon.colcon_core.task.python.build:Building Python package in '/home/lukas/ros2_ws/src/IAS0220_Task6-main/setup_gazebo_ias0220'
[1.551s] INFO:colcon.colcon_core.shell:Skip shell extension 'powershell' for command environment: Not usable outside of PowerShell
[1.552s] DEBUG:colcon.colcon_core.shell:Skip shell extension 'dsv' for command environment
[2.050s] DEBUG:colcon.colcon_core.event_handler.log_command:Invoking command in '/home/lukas/ros2_ws/src/IAS0220_Task6-main/setup_gazebo_ias0220': PYTHONPATH=/home/lukas/ros2_ws/build/setup_gazebo_ias0220/prefix_override:/usr/lib/python3/dist-packages/colcon_core/task/python/colcon_distutils_commands:/home/lukas/ros2_ws/install/setup_gazebo_ias0220/lib/python3.10/site-packages:${PYTHONPATH} /usr/bin/python3 -W ignore:setup.py install is deprecated -W ignore:easy_install command is deprecated setup.py egg_info --egg-base ../../../build/setup_gazebo_ias0220 build --build-base /home/lukas/ros2_ws/build/setup_gazebo_ias0220/build install --record /home/lukas/ros2_ws/build/setup_gazebo_ias0220/install.log --single-version-externally-managed install_data
[2.075s] DEBUG:colcon.colcon_core.event_handler.log_command:Invoking command in '/home/lukas/ros2_ws/src/IAS0220_Task6-main/ias0220_sensors': PYTHONPATH=/home/lukas/ros2_ws/build/ias0220_sensors/prefix_override:/usr/lib/python3/dist-packages/colcon_core/task/python/colcon_distutils_commands:/home/lukas/ros2_ws/install/ias0220_sensors/lib/python3.10/site-packages:${PYTHONPATH} /usr/bin/python3 -W ignore:setup.py install is deprecated -W ignore:easy_install command is deprecated setup.py egg_info --egg-base ../../../build/ias0220_sensors build --build-base /home/lukas/ros2_ws/build/ias0220_sensors/build install --record /home/lukas/ros2_ws/build/ias0220_sensors/install.log --single-version-externally-managed install_data
[2.078s] DEBUG:colcon.colcon_core.event_handler.log_command:Invoking command in '/home/lukas/ros2_ws/src/IAS0220_252062IV': PYTHONPATH=/home/lukas/ros2_ws/build/IAS0220_252062IV/prefix_override:/usr/lib/python3/dist-packages/colcon_core/task/python/colcon_distutils_commands:/home/lukas/ros2_ws/install/IAS0220_252062IV/lib/python3.10/site-packages:${PYTHONPATH} /usr/bin/python3 -W ignore:setup.py install is deprecated -W ignore:easy_install command is deprecated setup.py egg_info --egg-base ../../build/IAS0220_252062IV build --build-base /home/lukas/ros2_ws/build/IAS0220_252062IV/build install --record /home/lukas/ros2_ws/build/IAS0220_252062IV/install.log --single-version-externally-managed install_data
[2.491s] DEBUG:colcon.colcon_core.event_handler.log_command:Invoked command in '/home/lukas/ros2_ws/src/IAS0220_Task6-main/ias0220_sensors' returned '0': PYTHONPATH=/home/lukas/ros2_ws/build/ias0220_sensors/prefix_override:/usr/lib/python3/dist-packages/colcon_core/task/python/colcon_distutils_commands:/home/lukas/ros2_ws/install/ias0220_sensors/lib/python3.10/site-packages:${PYTHONPATH} /usr/bin/python3 -W ignore:setup.py install is deprecated -W ignore:easy_install command is deprecated setup.py egg_info --egg-base ../../../build/ias0220_sensors build --build-base /home/lukas/ros2_ws/build/ias0220_sensors/build install --record /home/lukas/ros2_ws/build/ias0220_sensors/install.log --single-version-externally-managed install_data
[2.494s] Level 1:colcon.colcon_core.environment:checking '/home/lukas/ros2_ws/install/ias0220_sensors' for CMake module files
[2.495s] Level 1:colcon.colcon_core.environment:checking '/home/lukas/ros2_ws/install/ias0220_sensors' for CMake config files
[2.496s] Level 1:colcon.colcon_core.environment:checking '/home/lukas/ros2_ws/install/ias0220_sensors/lib'
[2.496s] Level 1:colcon.colcon_core.environment:checking '/home/lukas/ros2_ws/install/ias0220_sensors/bin'
[2.496s] Level 1:colcon.colcon_core.environment:checking '/home/lukas/ros2_ws/install/ias0220_sensors/lib/pkgconfig/ias0220_sensors.pc'
[2.496s] Level 1:colcon.colcon_core.environment:checking '/home/lukas/ros2_ws/install/ias0220_sensors/lib/python3.10/site-packages'
[2.496s] Level 1:colcon.colcon_core.shell:create_environment_hook('ias0220_sensors', 'pythonpath')
[2.497s] INFO:colcon.colcon_core.shell:Creating environment hook '/home/lukas/ros2_ws/install/ias0220_sensors/share/ias0220_sensors/hook/pythonpath.ps1'
[2.497s] INFO:colcon.colcon_core.shell:Creating environment descriptor '/home/lukas/ros2_ws/install/ias0220_sensors/share/ias0220_sensors/hook/pythonpath.dsv'
[2.498s] INFO:colcon.colcon_core.shell:Creating environment hook '/home/lukas/ros2_ws/install/ias0220_sensors/share/ias0220_sensors/hook/pythonpath.sh'
[2.499s] Level 1:colcon.colcon_core.environment:checking '/home/lukas/ros2_ws/install/ias0220_sensors/bin'
[2.499s] Level 1:colcon.colcon_core.environment:create_environment_scripts_only(ias0220_sensors)
[2.499s] INFO:colcon.colcon_core.shell:Creating package script '/home/lukas/ros2_ws/install/ias0220_sensors/share/ias0220_sensors/package.ps1'
[2.500s] INFO:colcon.colcon_core.shell:Creating package descriptor '/home/lukas/ros2_ws/install/ias0220_sensors/share/ias0220_sensors/package.dsv'
[2.501s] INFO:colcon.colcon_core.shell:Creating package script '/home/lukas/ros2_ws/install/ias0220_sensors/share/ias0220_sensors/package.sh'
[2.502s] INFO:colcon.colcon_core.shell:Creating package script '/home/lukas/ros2_ws/install/ias0220_sensors/share/ias0220_sensors/package.bash'
[2.504s] INFO:colcon.colcon_core.shell:Creating package script '/home/lukas/ros2_ws/install/ias0220_sensors/share/ias0220_sensors/package.zsh'
[2.505s] Level 1:colcon.colcon_core.environment:create_file_with_runtime_dependencies(/home/lukas/ros2_ws/install/ias0220_sensors/share/colcon-core/packages/ias0220_sensors)
[2.507s] Level 1:colcon.colcon_core.environment:checking '/home/lukas/ros2_ws/install/setup_gazebo_ias0220' for CMake module files
[2.509s] DEBUG:colcon.colcon_core.event_handler.log_command:Invoked command in '/home/lukas/ros2_ws/src/IAS0220_Task6-main/setup_gazebo_ias0220' returned '0': PYTHONPATH=/home/lukas/ros2_ws/build/setup_gazebo_ias0220/prefix_override:/usr/lib/python3/dist-packages/colcon_core/task/python/colcon_distutils_commands:/home/lukas/ros2_ws/install/setup_gazebo_ias0220/lib/python3.10/site-packages:${PYTHONPATH} /usr/bin/python3 -W ignore:setup.py install is deprecated -W ignore:easy_install command is deprecated setup.py egg_info --egg-base ../../../build/setup_gazebo_ias0220 build --build-base /home/lukas/ros2_ws/build/setup_gazebo_ias0220/build install --record /home/lukas/ros2_ws/build/setup_gazebo_ias0220/install.log --single-version-externally-managed install_data
[2.509s] Level 1:colcon.colcon_core.environment:checking '/home/lukas/ros2_ws/install/setup_gazebo_ias0220' for CMake config files
[2.510s] Level 1:colcon.colcon_core.environment:checking '/home/lukas/ros2_ws/install/setup_gazebo_ias0220/lib'
[2.510s] Level 1:colcon.colcon_core.environment:checking '/home/lukas/ros2_ws/install/setup_gazebo_ias0220/bin'
[2.510s] Level 1:colcon.colcon_core.environment:checking '/home/lukas/ros2_ws/install/setup_gazebo_ias0220/lib/pkgconfig/setup_gazebo_ias0220.pc'
[2.510s] Level 1:colcon.colcon_core.environment:checking '/home/lukas/ros2_ws/install/setup_gazebo_ias0220/lib/python3.10/site-packages'
[2.511s] Level 1:colcon.colcon_core.shell:create_environment_hook('setup_gazebo_ias0220', 'pythonpath')
[2.511s] INFO:colcon.colcon_core.shell:Creating environment hook '/home/lukas/ros2_ws/install/setup_gazebo_ias0220/share/setup_gazebo_ias0220/hook/pythonpath.ps1'
[2.511s] INFO:colcon.colcon_core.shell:Creating environment descriptor '/home/lukas/ros2_ws/install/setup_gazebo_ias0220/share/setup_gazebo_ias0220/hook/pythonpath.dsv'
[2.512s] INFO:colcon.colcon_core.shell:Creating environment hook '/home/lukas/ros2_ws/install/setup_gazebo_ias0220/share/setup_gazebo_ias0220/hook/pythonpath.sh'
[2.513s] Level 1:colcon.colcon_core.environment:checking '/home/lukas/ros2_ws/install/setup_gazebo_ias0220/bin'
[2.513s] Level 1:colcon.colcon_core.environment:create_environment_scripts_only(setup_gazebo_ias0220)
[2.513s] INFO:colcon.colcon_core.shell:Creating package script '/home/lukas/ros2_ws/install/setup_gazebo_ias0220/share/setup_gazebo_ias0220/package.ps1'
[2.514s] INFO:colcon.colcon_core.shell:Creating package descriptor '/home/lukas/ros2_ws/install/setup_gazebo_ias0220/share/setup_gazebo_ias0220/package.dsv'
[2.514s] INFO:colcon.colcon_core.shell:Creating package script '/home/lukas/ros2_ws/install/setup_gazebo_ias0220/share/setup_gazebo_ias0220/package.sh'
[2.514s] INFO:colcon.colcon_core.shell:Creating package script '/home/lukas/ros2_ws/install/setup_gazebo_ias0220/share/setup_gazebo_ias0220/package.bash'
[2.515s] INFO:colcon.colcon_core.shell:Creating package script '/home/lukas/ros2_ws/install/setup_gazebo_ias0220/share/setup_gazebo_ias0220/package.zsh'
[2.515s] Level 1:colcon.colcon_core.environment:create_file_with_runtime_dependencies(/home/lukas/ros2_ws/install/setup_gazebo_ias0220/share/colcon-core/packages/setup_gazebo_ias0220)
[2.519s] Level 1:colcon.colcon_core.environment:checking '/home/lukas/ros2_ws/install/IAS0220_252062IV' for CMake module files
[2.519s] DEBUG:colcon.colcon_core.event_handler.log_command:Invoked command in '/home/lukas/ros2_ws/src/IAS0220_252062IV' returned '0': PYTHONPATH=/home/lukas/ros2_ws/build/IAS0220_252062IV/prefix_override:/usr/lib/python3/dist-packages/colcon_core/task/python/colcon_distutils_commands:/home/lukas/ros2_ws/install/IAS0220_252062IV/lib/python3.10/site-packages:${PYTHONPATH} /usr/bin/python3 -W ignore:setup.py install is deprecated -W ignore:easy_install command is deprecated setup.py egg_info --egg-base ../../build/IAS0220_252062IV build --build-base /home/lukas/ros2_ws/build/IAS0220_252062IV/build install --record /home/lukas/ros2_ws/build/IAS0220_252062IV/install.log --single-version-externally-managed install_data
[2.520s] Level 1:colcon.colcon_core.environment:checking '/home/lukas/ros2_ws/install/IAS0220_252062IV' for CMake config files
[2.521s] Level 1:colcon.colcon_core.environment:checking '/home/lukas/ros2_ws/install/IAS0220_252062IV/lib'
[2.521s] Level 1:colcon.colcon_core.environment:checking '/home/lukas/ros2_ws/install/IAS0220_252062IV/bin'
[2.521s] Level 1:colcon.colcon_core.environment:checking '/home/lukas/ros2_ws/install/IAS0220_252062IV/lib/pkgconfig/IAS0220_252062IV.pc'
[2.522s] Level 1:colcon.colcon_core.environment:checking '/home/lukas/ros2_ws/install/IAS0220_252062IV/lib/python3.10/site-packages'
[2.522s] Level 1:colcon.colcon_core.shell:create_environment_hook('IAS0220_252062IV', 'pythonpath')
[2.522s] INFO:colcon.colcon_core.shell:Creating environment hook '/home/lukas/ros2_ws/install/IAS0220_252062IV/share/IAS0220_252062IV/hook/pythonpath.ps1'
[2.522s] INFO:colcon.colcon_core.shell:Creating environment descriptor '/home/lukas/ros2_ws/install/IAS0220_252062IV/share/IAS0220_252062IV/hook/pythonpath.dsv'
[2.523s] INFO:colcon.colcon_core.shell:Creating environment hook '/home/lukas/ros2_ws/install/IAS0220_252062IV/share/IAS0220_252062IV/hook/pythonpath.sh'
[2.524s] Level 1:colcon.colcon_core.environment:checking '/home/lukas/ros2_ws/install/IAS0220_252062IV/bin'
[2.524s] Level 1:colcon.colcon_core.environment:create_environment_scripts_only(IAS0220_252062IV)
[2.524s] INFO:colcon.colcon_core.shell:Creating package script '/home/lukas/ros2_ws/install/IAS0220_252062IV/share/IAS0220_252062IV/package.ps1'
[2.525s] INFO:colcon.colcon_core.shell:Creating package descriptor '/home/lukas/ros2_ws/install/IAS0220_252062IV/share/IAS0220_252062IV/package.dsv'
[2.525s] INFO:colcon.colcon_core.shell:Creating package script '/home/lukas/ros2_ws/install/IAS0220_252062IV/share/IAS0220_252062IV/package.sh'
[2.526s] INFO:colcon.colcon_core.shell:Creating package script '/home/lukas/ros2_ws/install/IAS0220_252062IV/share/IAS0220_252062IV/package.bash'
[2.526s] INFO:colcon.colcon_core.shell:Creating package script '/home/lukas/ros2_ws/install/IAS0220_252062IV/share/IAS0220_252062IV/package.zsh'
[2.526s] Level 1:colcon.colcon_core.environment:create_file_with_runtime_dependencies(/home/lukas/ros2_ws/install/IAS0220_252062IV/share/colcon-core/packages/IAS0220_252062IV)
[2.762s] DEBUG:colcon.colcon_core.event_handler.log_command:Invoked command in '/home/lukas/ros2_ws/build/encoders_interfaces' returned '0': CMAKE_PREFIX_PATH=/opt/ros/humble /usr/bin/cmake /home/lukas/ros2_ws/src/IAS0220_Task6-main/encoders_interfaces -DCMAKE_INSTALL_PREFIX=/home/lukas/ros2_ws/install/encoders_interfaces
[2.765s] DEBUG:colcon.colcon_core.event_handler.log_command:Invoking command in '/home/lukas/ros2_ws/build/encoders_interfaces': CMAKE_PREFIX_PATH=/opt/ros/humble /usr/bin/cmake --build /home/lukas/ros2_ws/build/encoders_interfaces -- -j16 -l16
[3.411s] DEBUG:colcon.colcon_core.event_handler.log_command:Invoked command in '/home/lukas/ros2_ws/build/plotjuggler_ros' returned '0': CMAKE_PREFIX_PATH=/opt/ros/humble /usr/bin/cmake /home/lukas/ros2_ws/src/plotjuggler-ros-plugins -DCMAKE_INSTALL_PREFIX=/home/lukas/ros2_ws/install/plotjuggler_ros
[3.414s] DEBUG:colcon.colcon_core.event_handler.log_command:Invoking command in '/home/lukas/ros2_ws/build/plotjuggler_ros': CMAKE_PREFIX_PATH=/opt/ros/humble /usr/bin/cmake --build /home/lukas/ros2_ws/build/plotjuggler_ros -- -j16 -l16
[5.082s] DEBUG:colcon.colcon_core.event_handler.log_command:Invoked command in '/home/lukas/ros2_ws/build/encoders_interfaces' returned '0': CMAKE_PREFIX_PATH=/opt/ros/humble /usr/bin/cmake --build /home/lukas/ros2_ws/build/encoders_interfaces -- -j16 -l16
[5.097s] DEBUG:colcon.colcon_core.event_handler.log_command:Invoking command in '/home/lukas/ros2_ws/build/encoders_interfaces': CMAKE_PREFIX_PATH=/opt/ros/humble /usr/bin/cmake --install /home/lukas/ros2_ws/build/encoders_interfaces
[5.193s] Level 1:colcon.colcon_core.environment:create_environment_scripts_only(encoders_interfaces)
[5.193s] Level 1:colcon.colcon_core.environment:checking '/home/lukas/ros2_ws/install/encoders_interfaces' for CMake module files
[5.195s] DEBUG:colcon.colcon_core.event_handler.log_command:Invoked command in '/home/lukas/ros2_ws/build/encoders_interfaces' returned '0': CMAKE_PREFIX_PATH=/opt/ros/humble /usr/bin/cmake --install /home/lukas/ros2_ws/build/encoders_interfaces
[5.196s] Level 1:colcon.colcon_core.environment:checking '/home/lukas/ros2_ws/install/encoders_interfaces' for CMake config files
[5.197s] Level 1:colcon.colcon_core.shell:create_environment_hook('encoders_interfaces', 'cmake_prefix_path')
[5.197s] INFO:colcon.colcon_core.shell:Creating environment hook '/home/lukas/ros2_ws/install/encoders_interfaces/share/encoders_interfaces/hook/cmake_prefix_path.ps1'
[5.198s] INFO:colcon.colcon_core.shell:Creating environment descriptor '/home/lukas/ros2_ws/install/encoders_interfaces/share/encoders_interfaces/hook/cmake_prefix_path.dsv'
[5.199s] INFO:colcon.colcon_core.shell:Creating environment hook '/home/lukas/ros2_ws/install/encoders_interfaces/share/encoders_interfaces/hook/cmake_prefix_path.sh'
[5.200s] Level 1:colcon.colcon_core.environment:checking '/home/lukas/ros2_ws/install/encoders_interfaces/lib'
[5.200s] Level 1:colcon.colcon_core.shell:create_environment_hook('encoders_interfaces', 'ld_library_path_lib')
[5.201s] INFO:colcon.colcon_core.shell:Creating environment hook '/home/lukas/ros2_ws/install/encoders_interfaces/share/encoders_interfaces/hook/ld_library_path_lib.ps1'
[5.202s] INFO:colcon.colcon_core.shell:Creating environment descriptor '/home/lukas/ros2_ws/install/encoders_interfaces/share/encoders_interfaces/hook/ld_library_path_lib.dsv'
[5.202s] INFO:colcon.colcon_core.shell:Creating environment hook '/home/lukas/ros2_ws/install/encoders_interfaces/share/encoders_interfaces/hook/ld_library_path_lib.sh'
[5.203s] Level 1:colcon.colcon_core.environment:checking '/home/lukas/ros2_ws/install/encoders_interfaces/bin'
[5.203s] Level 1:colcon.colcon_core.environment:checking '/home/lukas/ros2_ws/install/encoders_interfaces/lib/pkgconfig/encoders_interfaces.pc'
[5.204s] Level 1:colcon.colcon_core.environment:checking '/home/lukas/ros2_ws/install/encoders_interfaces/lib/python3.10/site-packages'
[5.204s] Level 1:colcon.colcon_core.environment:checking '/home/lukas/ros2_ws/install/encoders_interfaces/bin'
[5.205s] INFO:colcon.colcon_core.shell:Creating package script '/home/lukas/ros2_ws/install/encoders_interfaces/share/encoders_interfaces/package.ps1'
[5.206s] INFO:colcon.colcon_core.shell:Creating package descriptor '/home/lukas/ros2_ws/install/encoders_interfaces/share/encoders_interfaces/package.dsv'
[5.207s] INFO:colcon.colcon_core.shell:Creating package script '/home/lukas/ros2_ws/install/encoders_interfaces/share/encoders_interfaces/package.sh'
[5.208s] INFO:colcon.colcon_core.shell:Creating package script '/home/lukas/ros2_ws/install/encoders_interfaces/share/encoders_interfaces/package.bash'
[5.209s] INFO:colcon.colcon_core.shell:Creating package script '/home/lukas/ros2_ws/install/encoders_interfaces/share/encoders_interfaces/package.zsh'
[5.210s] Level 1:colcon.colcon_core.environment:create_file_with_runtime_dependencies(/home/lukas/ros2_ws/install/encoders_interfaces/share/colcon-core/packages/encoders_interfaces)
[5.211s] Level 1:colcon.colcon_core.environment:create_environment_scripts_only(encoders_interfaces)
[5.212s] Level 1:colcon.colcon_core.environment:checking '/home/lukas/ros2_ws/install/encoders_interfaces' for CMake module files
[5.213s] Level 1:colcon.colcon_core.environment:checking '/home/lukas/ros2_ws/install/encoders_interfaces' for CMake config files
[5.214s] Level 1:colcon.colcon_core.shell:create_environment_hook('encoders_interfaces', 'cmake_prefix_path')
[5.215s] INFO:colcon.colcon_core.shell:Creating environment hook '/home/lukas/ros2_ws/install/encoders_interfaces/share/encoders_interfaces/hook/cmake_prefix_path.ps1'
[5.216s] INFO:colcon.colcon_core.shell:Creating environment descriptor '/home/lukas/ros2_ws/install/encoders_interfaces/share/encoders_interfaces/hook/cmake_prefix_path.dsv'
[5.216s] INFO:colcon.colcon_core.shell:Creating environment hook '/home/lukas/ros2_ws/install/encoders_interfaces/share/encoders_interfaces/hook/cmake_prefix_path.sh'
[5.218s] Level 1:colcon.colcon_core.environment:checking '/home/lukas/ros2_ws/install/encoders_interfaces/lib'
[5.218s] Level 1:colcon.colcon_core.shell:create_environment_hook('encoders_interfaces', 'ld_library_path_lib')
[5.218s] INFO:colcon.colcon_core.shell:Creating environment hook '/home/lukas/ros2_ws/install/encoders_interfaces/share/encoders_interfaces/hook/ld_library_path_lib.ps1'
[5.219s] INFO:colcon.colcon_core.shell:Creating environment descriptor '/home/lukas/ros2_ws/install/encoders_interfaces/share/encoders_interfaces/hook/ld_library_path_lib.dsv'
[5.220s] INFO:colcon.colcon_core.shell:Creating environment hook '/home/lukas/ros2_ws/install/encoders_interfaces/share/encoders_interfaces/hook/ld_library_path_lib.sh'
[5.221s] Level 1:colcon.colcon_core.environment:checking '/home/lukas/ros2_ws/install/encoders_interfaces/bin'
[5.221s] Level 1:colcon.colcon_core.environment:checking '/home/lukas/ros2_ws/install/encoders_interfaces/lib/pkgconfig/encoders_interfaces.pc'
[5.222s] Level 1:colcon.colcon_core.environment:checking '/home/lukas/ros2_ws/install/encoders_interfaces/lib/python3.10/site-packages'
[5.223s] Level 1:colcon.colcon_core.environment:checking '/home/lukas/ros2_ws/install/encoders_interfaces/bin'
[5.223s] INFO:colcon.colcon_core.shell:Creating package script '/home/lukas/ros2_ws/install/encoders_interfaces/share/encoders_interfaces/package.ps1'
[5.224s] INFO:colcon.colcon_core.shell:Creating package descriptor '/home/lukas/ros2_ws/install/encoders_interfaces/share/encoders_interfaces/package.dsv'
[5.225s] INFO:colcon.colcon_core.shell:Creating package script '/home/lukas/ros2_ws/install/encoders_interfaces/share/encoders_interfaces/package.sh'
[5.226s] INFO:colcon.colcon_core.shell:Creating package script '/home/lukas/ros2_ws/install/encoders_interfaces/share/encoders_interfaces/package.bash'
[5.227s] INFO:colcon.colcon_core.shell:Creating package script '/home/lukas/ros2_ws/install/encoders_interfaces/share/encoders_interfaces/package.zsh'
[5.227s] Level 1:colcon.colcon_core.environment:create_file_with_runtime_dependencies(/home/lukas/ros2_ws/install/encoders_interfaces/share/colcon-core/packages/encoders_interfaces)
[5.228s] INFO:colcon.colcon_ros.task.ament_python.build:Building ROS package in '/home/lukas/ros2_ws/src/IAS0220_Task6-main/encoders_pkg' with build type 'ament_python'
[5.228s] Level 1:colcon.colcon_core.shell:create_environment_hook('encoders_pkg', 'ament_prefix_path')
[5.228s] INFO:colcon.colcon_core.shell:Creating environment hook '/home/lukas/ros2_ws/install/encoders_pkg/share/encoders_pkg/hook/ament_prefix_path.ps1'
[5.230s] INFO:colcon.colcon_core.shell:Creating environment descriptor '/home/lukas/ros2_ws/install/encoders_pkg/share/encoders_pkg/hook/ament_prefix_path.dsv'
[5.231s] INFO:colcon.colcon_core.shell:Creating environment hook '/home/lukas/ros2_ws/install/encoders_pkg/share/encoders_pkg/hook/ament_prefix_path.sh'
[5.232s] INFO:colcon.colcon_core.shell:Skip shell extension 'powershell' for command environment: Not usable outside of PowerShell
[5.232s] DEBUG:colcon.colcon_core.shell:Skip shell extension 'dsv' for command environment
[5.577s] INFO:colcon.colcon_core.task.python.build:Building Python package in '/home/lukas/ros2_ws/src/IAS0220_Task6-main/encoders_pkg'
[5.578s] INFO:colcon.colcon_core.shell:Skip shell extension 'powershell' for command environment: Not usable outside of PowerShell
[5.578s] DEBUG:colcon.colcon_core.shell:Skip shell extension 'dsv' for command environment
[6.018s] DEBUG:colcon.colcon_core.event_handler.log_command:Invoking command in '/home/lukas/ros2_ws/src/IAS0220_Task6-main/encoders_pkg': AMENT_PREFIX_PATH=/home/lukas/ros2_ws/install/encoders_interfaces:${AMENT_PREFIX_PATH} CMAKE_PREFIX_PATH=/home/lukas/ros2_ws/install/encoders_interfaces LD_LIBRARY_PATH=/home/lukas/ros2_ws/install/encoders_interfaces/lib:${LD_LIBRARY_PATH} PYTHONPATH=/home/lukas/ros2_ws/build/encoders_pkg/prefix_override:/usr/lib/python3/dist-packages/colcon_core/task/python/colcon_distutils_commands:/home/lukas/ros2_ws/install/encoders_pkg/lib/python3.10/site-packages:/home/lukas/ros2_ws/install/encoders_interfaces/local/lib/python3.10/dist-packages:${PYTHONPATH} /usr/bin/python3 -W ignore:setup.py install is deprecated -W ignore:easy_install command is deprecated setup.py egg_info --egg-base ../../../build/encoders_pkg build --build-base /home/lukas/ros2_ws/build/encoders_pkg/build install --record /home/lukas/ros2_ws/build/encoders_pkg/install.log --single-version-externally-managed install_data
[6.398s] Level 1:colcon.colcon_core.environment:checking '/home/lukas/ros2_ws/install/encoders_pkg' for CMake module files
[6.400s] DEBUG:colcon.colcon_core.event_handler.log_command:Invoked command in '/home/lukas/ros2_ws/src/IAS0220_Task6-main/encoders_pkg' returned '0': AMENT_PREFIX_PATH=/home/lukas/ros2_ws/install/encoders_interfaces:${AMENT_PREFIX_PATH} CMAKE_PREFIX_PATH=/home/lukas/ros2_ws/install/encoders_interfaces LD_LIBRARY_PATH=/home/lukas/ros2_ws/install/encoders_interfaces/lib:${LD_LIBRARY_PATH} PYTHONPATH=/home/lukas/ros2_ws/build/encoders_pkg/prefix_override:/usr/lib/python3/dist-packages/colcon_core/task/python/colcon_distutils_commands:/home/lukas/ros2_ws/install/encoders_pkg/lib/python3.10/site-packages:/home/lukas/ros2_ws/install/encoders_interfaces/local/lib/python3.10/dist-packages:${PYTHONPATH} /usr/bin/python3 -W ignore:setup.py install is deprecated -W ignore:easy_install command is deprecated setup.py egg_info --egg-base ../../../build/encoders_pkg build --build-base /home/lukas/ros2_ws/build/encoders_pkg/build install --record /home/lukas/ros2_ws/build/encoders_pkg/install.log --single-version-externally-managed install_data
[6.401s] Level 1:colcon.colcon_core.environment:checking '/home/lukas/ros2_ws/install/encoders_pkg' for CMake config files
[6.401s] Level 1:colcon.colcon_core.environment:checking '/home/lukas/ros2_ws/install/encoders_pkg/lib'
[6.401s] Level 1:colcon.colcon_core.environment:checking '/home/lukas/ros2_ws/install/encoders_pkg/bin'
[6.402s] Level 1:colcon.colcon_core.environment:checking '/home/lukas/ros2_ws/install/encoders_pkg/lib/pkgconfig/encoders_pkg.pc'
[6.402s] Level 1:colcon.colcon_core.environment:checking '/home/lukas/ros2_ws/install/encoders_pkg/lib/python3.10/site-packages'
[6.402s] Level 1:colcon.colcon_core.shell:create_environment_hook('encoders_pkg', 'pythonpath')
[6.402s] INFO:colcon.colcon_core.shell:Creating environment hook '/home/lukas/ros2_ws/install/encoders_pkg/share/encoders_pkg/hook/pythonpath.ps1'
[6.403s] INFO:colcon.colcon_core.shell:Creating environment descriptor '/home/lukas/ros2_ws/install/encoders_pkg/share/encoders_pkg/hook/pythonpath.dsv'
[6.403s] INFO:colcon.colcon_core.shell:Creating environment hook '/home/lukas/ros2_ws/install/encoders_pkg/share/encoders_pkg/hook/pythonpath.sh'
[6.404s] Level 1:colcon.colcon_core.environment:checking '/home/lukas/ros2_ws/install/encoders_pkg/bin'
[6.404s] Level 1:colcon.colcon_core.environment:create_environment_scripts_only(encoders_pkg)
[6.405s] INFO:colcon.colcon_core.shell:Creating package script '/home/lukas/ros2_ws/install/encoders_pkg/share/encoders_pkg/package.ps1'
[6.405s] INFO:colcon.colcon_core.shell:Creating package descriptor '/home/lukas/ros2_ws/install/encoders_pkg/share/encoders_pkg/package.dsv'
[6.406s] INFO:colcon.colcon_core.shell:Creating package script '/home/lukas/ros2_ws/install/encoders_pkg/share/encoders_pkg/package.sh'
[6.406s] INFO:colcon.colcon_core.shell:Creating package script '/home/lukas/ros2_ws/install/encoders_pkg/share/encoders_pkg/package.bash'
[6.407s] INFO:colcon.colcon_core.shell:Creating package script '/home/lukas/ros2_ws/install/encoders_pkg/share/encoders_pkg/package.zsh'
[6.407s] Level 1:colcon.colcon_core.environment:create_file_with_runtime_dependencies(/home/lukas/ros2_ws/install/encoders_pkg/share/colcon-core/packages/encoders_pkg)
[24.934s] DEBUG:colcon.colcon_core.event_handler.log_command:Invoked command in '/home/lukas/ros2_ws/build/plotjuggler_ros' returned '0': CMAKE_PREFIX_PATH=/opt/ros/humble /usr/bin/cmake --build /home/lukas/ros2_ws/build/plotjuggler_ros -- -j16 -l16
[24.937s] DEBUG:colcon.colcon_core.event_handler.log_command:Invoking command in '/home/lukas/ros2_ws/build/plotjuggler_ros': CMAKE_PREFIX_PATH=/opt/ros/humble /usr/bin/cmake --install /home/lukas/ros2_ws/build/plotjuggler_ros
[24.974s] Level 1:colcon.colcon_core.environment:create_environment_scripts_only(plotjuggler_ros)
[24.975s] Level 1:colcon.colcon_core.environment:checking '/home/lukas/ros2_ws/install/plotjuggler_ros' for CMake module files
[24.975s] DEBUG:colcon.colcon_core.event_handler.log_command:Invoked command in '/home/lukas/ros2_ws/build/plotjuggler_ros' returned '0': CMAKE_PREFIX_PATH=/opt/ros/humble /usr/bin/cmake --install /home/lukas/ros2_ws/build/plotjuggler_ros
[24.976s] Level 1:colcon.colcon_core.environment:checking '/home/lukas/ros2_ws/install/plotjuggler_ros' for CMake config files
[24.976s] Level 1:colcon.colcon_core.shell:create_environment_hook('plotjuggler_ros', 'cmake_prefix_path')
[24.976s] INFO:colcon.colcon_core.shell:Creating environment hook '/home/lukas/ros2_ws/install/plotjuggler_ros/share/plotjuggler_ros/hook/cmake_prefix_path.ps1'
[24.977s] INFO:colcon.colcon_core.shell:Creating environment descriptor '/home/lukas/ros2_ws/install/plotjuggler_ros/share/plotjuggler_ros/hook/cmake_prefix_path.dsv'
[24.977s] INFO:colcon.colcon_core.shell:Creating environment hook '/home/lukas/ros2_ws/install/plotjuggler_ros/share/plotjuggler_ros/hook/cmake_prefix_path.sh'
[24.977s] Level 1:colcon.colcon_core.environment:checking '/home/lukas/ros2_ws/install/plotjuggler_ros/lib'
[24.977s] Level 1:colcon.colcon_core.environment:checking '/home/lukas/ros2_ws/install/plotjuggler_ros/bin'
[24.977s] Level 1:colcon.colcon_core.environment:checking '/home/lukas/ros2_ws/install/plotjuggler_ros/lib/pkgconfig/plotjuggler_ros.pc'
[24.977s] Level 1:colcon.colcon_core.environment:checking '/home/lukas/ros2_ws/install/plotjuggler_ros/lib/python3.10/site-packages'
[24.978s] Level 1:colcon.colcon_core.environment:checking '/home/lukas/ros2_ws/install/plotjuggler_ros/bin'
[24.978s] INFO:colcon.colcon_core.shell:Creating package script '/home/lukas/ros2_ws/install/plotjuggler_ros/share/plotjuggler_ros/package.ps1'
[24.978s] INFO:colcon.colcon_core.shell:Creating package descriptor '/home/lukas/ros2_ws/install/plotjuggler_ros/share/plotjuggler_ros/package.dsv'
[24.978s] INFO:colcon.colcon_core.shell:Creating package script '/home/lukas/ros2_ws/install/plotjuggler_ros/share/plotjuggler_ros/package.sh'
[24.979s] INFO:colcon.colcon_core.shell:Creating package script '/home/lukas/ros2_ws/install/plotjuggler_ros/share/plotjuggler_ros/package.bash'
[24.979s] INFO:colcon.colcon_core.shell:Creating package script '/home/lukas/ros2_ws/install/plotjuggler_ros/share/plotjuggler_ros/package.zsh'
[24.979s] Level 1:colcon.colcon_core.environment:create_file_with_runtime_dependencies(/home/lukas/ros2_ws/install/plotjuggler_ros/share/colcon-core/packages/plotjuggler_ros)
[24.980s] Level 1:colcon.colcon_core.environment:create_environment_scripts_only(plotjuggler_ros)
[24.980s] Level 1:colcon.colcon_core.environment:checking '/home/lukas/ros2_ws/install/plotjuggler_ros' for CMake module files
[24.980s] Level 1:colcon.colcon_core.environment:checking '/home/lukas/ros2_ws/install/plotjuggler_ros' for CMake config files
[24.981s] Level 1:colcon.colcon_core.shell:create_environment_hook('plotjuggler_ros', 'cmake_prefix_path')
[24.981s] INFO:colcon.colcon_core.shell:Creating environment hook '/home/lukas/ros2_ws/install/plotjuggler_ros/share/plotjuggler_ros/hook/cmake_prefix_path.ps1'
[24.981s] INFO:colcon.colcon_core.shell:Creating environment descriptor '/home/lukas/ros2_ws/install/plotjuggler_ros/share/plotjuggler_ros/hook/cmake_prefix_path.dsv'
[24.981s] INFO:colcon.colcon_core.shell:Creating environment hook '/home/lukas/ros2_ws/install/plotjuggler_ros/share/plotjuggler_ros/hook/cmake_prefix_path.sh'
[24.982s] Level 1:colcon.colcon_core.environment:checking '/home/lukas/ros2_ws/install/plotjuggler_ros/lib'
[24.982s] Level 1:colcon.colcon_core.environment:checking '/home/lukas/ros2_ws/install/plotjuggler_ros/bin'
[24.982s] Level 1:colcon.colcon_core.environment:checking '/home/lukas/ros2_ws/install/plotjuggler_ros/lib/pkgconfig/plotjuggler_ros.pc'
[24.982s] Level 1:colcon.colcon_core.environment:checking '/home/lukas/ros2_ws/install/plotjuggler_ros/lib/python3.10/site-packages'
[24.982s] Level 1:colcon.colcon_core.environment:checking '/home/lukas/ros2_ws/install/plotjuggler_ros/bin'
[24.983s] INFO:colcon.colcon_core.shell:Creating package script '/home/lukas/ros2_ws/install/plotjuggler_ros/share/plotjuggler_ros/package.ps1'
[24.983s] INFO:colcon.colcon_core.shell:Creating package descriptor '/home/lukas/ros2_ws/install/plotjuggler_ros/share/plotjuggler_ros/package.dsv'
[24.983s] INFO:colcon.colcon_core.shell:Creating package script '/home/lukas/ros2_ws/install/plotjuggler_ros/share/plotjuggler_ros/package.sh'
[24.984s] INFO:colcon.colcon_core.shell:Creating package script '/home/lukas/ros2_ws/install/plotjuggler_ros/share/plotjuggler_ros/package.bash'
[24.984s] INFO:colcon.colcon_core.shell:Creating package script '/home/lukas/ros2_ws/install/plotjuggler_ros/share/plotjuggler_ros/package.zsh'
[24.984s] Level 1:colcon.colcon_core.environment:create_file_with_runtime_dependencies(/home/lukas/ros2_ws/install/plotjuggler_ros/share/colcon-core/packages/plotjuggler_ros)
[24.984s] DEBUG:colcon.colcon_parallel_executor.executor.parallel:closing loop
[24.985s] DEBUG:colcon.colcon_parallel_executor.executor.parallel:loop closed
[24.985s] DEBUG:colcon.colcon_parallel_executor.executor.parallel:run_until_complete finished with '0'
[24.985s] DEBUG:colcon.colcon_core.event_reactor:joining thread
[24.991s] INFO:colcon.colcon_core.plugin_system:Skipping extension 'colcon_notification.desktop_notification.terminal_notifier': Not used on non-Darwin systems
[24.991s] INFO:colcon.colcon_core.plugin_system:Skipping extension 'colcon_notification.desktop_notification.win32': Not used on non-Windows systems
[24.991s] INFO:colcon.colcon_notification.desktop_notification:Sending desktop notification using 'notify2'
[25.008s] DEBUG:colcon.colcon_core.event_reactor:joined thread
[25.009s] INFO:colcon.colcon_core.shell:Creating prefix script '/home/lukas/ros2_ws/install/local_setup.ps1'
[25.010s] INFO:colcon.colcon_core.shell:Creating prefix util module '/home/lukas/ros2_ws/install/_local_setup_util_ps1.py'
[25.011s] INFO:colcon.colcon_core.shell:Creating prefix chain script '/home/lukas/ros2_ws/install/setup.ps1'
[25.012s] INFO:colcon.colcon_core.shell:Creating prefix script '/home/lukas/ros2_ws/install/local_setup.sh'
[25.013s] INFO:colcon.colcon_core.shell:Creating prefix util module '/home/lukas/ros2_ws/install/_local_setup_util_sh.py'
[25.013s] INFO:colcon.colcon_core.shell:Creating prefix chain script '/home/lukas/ros2_ws/install/setup.sh'
[25.014s] INFO:colcon.colcon_core.shell:Creating prefix script '/home/lukas/ros2_ws/install/local_setup.bash'
[25.015s] INFO:colcon.colcon_core.shell:Creating prefix chain script '/home/lukas/ros2_ws/install/setup.bash'
[25.016s] INFO:colcon.colcon_core.shell:Creating prefix script '/home/lukas/ros2_ws/install/local_setup.zsh'
[25.016s] INFO:colcon.colcon_core.shell:Creating prefix chain script '/home/lukas/ros2_ws/install/setup.zsh'
