[0.080s] DEBUG:colcon:Command line arguments: ['/usr/bin/colcon', 'build', '--packages-select', 'IAS0220_252062IV']
[0.081s] DEBUG:colcon:Parsed command line arguments: Namespace(log_base=None, log_level=None, verb_name='build', build_base='build', install_base='install', merge_install=False, symlink_install=False, test_result_base=None, continue_on_error=False, executor='parallel', parallel_workers=16, event_handlers=None, ignore_user_meta=False, metas=['./colcon.meta'], base_paths=['.'], packages_ignore=None, packages_ignore_regex=None, paths=None, packages_up_to=None, packages_up_to_regex=None, packages_above=None, packages_above_and_dependencies=None, packages_above_depth=None, packages_select_by_dep=None, packages_skip_by_dep=None, packages_skip_up_to=None, packages_select_build_failed=False, packages_skip_build_finished=False, packages_select_test_failures=False, packages_skip_test_passed=False, packages_select=['IAS0220_252062IV'], packages_skip=None, packages_select_regex=None, packages_skip_regex=None, packages_start=None, packages_end=None, allow_overriding=[], cmake_args=None, cmake_target=None, cmake_target_skip_unavailable=False, cmake_clean_cache=False, cmake_clean_first=False, cmake_force_configure=False, ament_cmake_args=None, catkin_cmake_args=None, catkin_skip_building_tests=False, verb_parser=<colcon_defaults.argument_parser.defaults.DefaultArgumentsDecorator object at 0x7aa1a48f8760>, verb_extension=<colcon_core.verb.build.BuildVerb object at 0x7aa1a4a61c00>, main=<bound method BuildVerb.main of <colcon_core.verb.build.BuildVerb object at 0x7aa1a4a61c00>>)
[0.207s] Level 1:colcon.colcon_core.package_discovery:discover_packages(colcon_meta) check parameters
[0.207s] Level 1:colcon.colcon_core.package_discovery:discover_packages(recursive) check parameters
[0.207s] Level 1:colcon.colcon_core.package_discovery:discover_packages(ignore) check parameters
[0.207s] Level 1:colcon.colcon_core.package_discovery:discover_packages(path) check parameters
[0.207s] Level 1:colcon.colcon_core.package_discovery:discover_packages(colcon_meta) discover
[0.207s] Level 1:colcon.colcon_core.package_discovery:discover_packages(recursive) discover
[0.207s] INFO:colcon.colcon_core.package_discovery:Crawling recursively for packages in '/home/lukas/ros2_ws'
[0.207s] Level 1:colcon.colcon_core.package_identification:_identify(.) by extensions ['ignore', 'ignore_ament_install']
[0.208s] Level 1:colcon.colcon_core.package_identification:_identify(.) by extension 'ignore'
[0.208s] Level 1:colcon.colcon_core.package_identification:_identify(.) by extension 'ignore_ament_install'
[0.208s] Level 1:colcon.colcon_core.package_identification:_identify(.) by extensions ['colcon_pkg']
[0.208s] Level 1:colcon.colcon_core.package_identification:_identify(.) by extension 'colcon_pkg'
[0.208s] Level 1:colcon.colcon_core.package_identification:_identify(.) by extensions ['colcon_meta']
[0.208s] Level 1:colcon.colcon_core.package_identification:_identify(.) by extension 'colcon_meta'
[0.208s] Level 1:colcon.colcon_core.package_identification:_identify(.) by extensions ['ros']
[0.208s] Level 1:colcon.colcon_core.package_identification:_identify(.) by extension 'ros'
[0.216s] Level 1:colcon.colcon_core.package_identification:_identify(.) by extensions ['cmake', 'python']
[0.217s] Level 1:colcon.colcon_core.package_identification:_identify(.) by extension 'cmake'
[0.217s] Level 1:colcon.colcon_core.package_identification:_identify(.) by extension 'python'
[0.217s] Level 1:colcon.colcon_core.package_identification:_identify(.) by extensions ['python_setup_py']
[0.217s] Level 1:colcon.colcon_core.package_identification:_identify(.) by extension 'python_setup_py'
[0.217s] Level 1:colcon.colcon_core.package_identification:_identify(build) by extensions ['ignore', 'ignore_ament_install']
[0.217s] Level 1:colcon.colcon_core.package_identification:_identify(build) by extension 'ignore'
[0.217s] Level 1:colcon.colcon_core.package_identification:_identify(build) ignored
[0.217s] Level 1:colcon.colcon_core.package_identification:_identify(install) by extensions ['ignore', 'ignore_ament_install']
[0.217s] Level 1:colcon.colcon_core.package_identification:_identify(install) by extension 'ignore'
[0.217s] Level 1:colcon.colcon_core.package_identification:_identify(install) ignored
[0.217s] Level 1:colcon.colcon_core.package_identification:_identify(log) by extensions ['ignore', 'ignore_ament_install']
[0.217s] Level 1:colcon.colcon_core.package_identification:_identify(log) by extension 'ignore'
[0.217s] Level 1:colcon.colcon_core.package_identification:_identify(log) ignored
[0.217s] Level 1:colcon.colcon_core.package_identification:_identify(src) by extensions ['ignore', 'ignore_ament_install']
[0.217s] Level 1:colcon.colcon_core.package_identification:_identify(src) by extension 'ignore'
[0.217s] Level 1:colcon.colcon_core.package_identification:_identify(src) by extension 'ignore_ament_install'
[0.217s] Level 1:colcon.colcon_core.package_identification:_identify(src) by extensions ['colcon_pkg']
[0.217s] Level 1:colcon.colcon_core.package_identification:_identify(src) by extension 'colcon_pkg'
[0.217s] Level 1:colcon.colcon_core.package_identification:_identify(src) by extensions ['colcon_meta']
[0.217s] Level 1:colcon.colcon_core.package_identification:_identify(src) by extension 'colcon_meta'
[0.217s] Level 1:colcon.colcon_core.package_identification:_identify(src) by extensions ['ros']
[0.218s] Level 1:colcon.colcon_core.package_identification:_identify(src) by extension 'ros'
[0.218s] Level 1:colcon.colcon_core.package_identification:_identify(src) by extensions ['cmake', 'python']
[0.218s] Level 1:colcon.colcon_core.package_identification:_identify(src) by extension 'cmake'
[0.218s] Level 1:colcon.colcon_core.package_identification:_identify(src) by extension 'python'
[0.218s] Level 1:colcon.colcon_core.package_identification:_identify(src) by extensions ['python_setup_py']
[0.218s] Level 1:colcon.colcon_core.package_identification:_identify(src) by extension 'python_setup_py'
[0.218s] Level 1:colcon.colcon_core.package_identification:_identify(src/IAS0220_252062IV) by extensions ['ignore', 'ignore_ament_install']
[0.218s] Level 1:colcon.colcon_core.package_identification:_identify(src/IAS0220_252062IV) by extension 'ignore'
[0.218s] Level 1:colcon.colcon_core.package_identification:_identify(src/IAS0220_252062IV) by extension 'ignore_ament_install'
[0.218s] Level 1:colcon.colcon_core.package_identification:_identify(src/IAS0220_252062IV) by extensions ['colcon_pkg']
[0.218s] Level 1:colcon.colcon_core.package_identification:_identify(src/IAS0220_252062IV) by extension 'colcon_pkg'
[0.218s] Level 1:colcon.colcon_core.package_identification:_identify(src/IAS0220_252062IV) by extensions ['colcon_meta']
[0.218s] Level 1:colcon.colcon_core.package_identification:_identify(src/IAS0220_252062IV) by extension 'colcon_meta'
[0.218s] Level 1:colcon.colcon_core.package_identification:_identify(src/IAS0220_252062IV) by extensions ['ros']
[0.218s] Level 1:colcon.colcon_core.package_identification:_identify(src/IAS0220_252062IV) by extension 'ros'
[0.220s] DEBUG:colcon.colcon_core.package_identification:Package 'src/IAS0220_252062IV' with type 'ros.ament_python' and name 'IAS0220_252062IV'
[0.220s] Level 1:colcon.colcon_core.package_identification:_identify(src/IAS0220_Task4_Template-main) by extensions ['ignore', 'ignore_ament_install']
[0.220s] Level 1:colcon.colcon_core.package_identification:_identify(src/IAS0220_Task4_Template-main) by extension 'ignore'
[0.220s] Level 1:colcon.colcon_core.package_identification:_identify(src/IAS0220_Task4_Template-main) by extension 'ignore_ament_install'
[0.220s] Level 1:colcon.colcon_core.package_identification:_identify(src/IAS0220_Task4_Template-main) by extensions ['colcon_pkg']
[0.220s] Level 1:colcon.colcon_core.package_identification:_identify(src/IAS0220_Task4_Template-main) by extension 'colcon_pkg'
[0.220s] Level 1:colcon.colcon_core.package_identification:_identify(src/IAS0220_Task4_Template-main) by extensions ['colcon_meta']
[0.220s] Level 1:colcon.colcon_core.package_identification:_identify(src/IAS0220_Task4_Template-main) by extension 'colcon_meta'
[0.220s] Level 1:colcon.colcon_core.package_identification:_identify(src/IAS0220_Task4_Template-main) by extensions ['ros']
[0.220s] Level 1:colcon.colcon_core.package_identification:_identify(src/IAS0220_Task4_Template-main) by extension 'ros'
[0.220s] Level 1:colcon.colcon_core.package_identification:_identify(src/IAS0220_Task4_Template-main) by extensions ['cmake', 'python']
[0.220s] Level 1:colcon.colcon_core.package_identification:_identify(src/IAS0220_Task4_Template-main) by extension 'cmake'
[0.220s] Level 1:colcon.colcon_core.package_identification:_identify(src/IAS0220_Task4_Template-main) by extension 'python'
[0.220s] Level 1:colcon.colcon_core.package_identification:_identify(src/IAS0220_Task4_Template-main) by extensions ['python_setup_py']
[0.220s] Level 1:colcon.colcon_core.package_identification:_identify(src/IAS0220_Task4_Template-main) by extension 'python_setup_py'
[0.220s] Level 1:colcon.colcon_core.package_identification:_identify(src/IAS0220_Task4_Template-main/Task4_template) by extensions ['ignore', 'ignore_ament_install']
[0.221s] Level 1:colcon.colcon_core.package_identification:_identify(src/IAS0220_Task4_Template-main/Task4_template) by extension 'ignore'
[0.221s] Level 1:colcon.colcon_core.package_identification:_identify(src/IAS0220_Task4_Template-main/Task4_template) by extension 'ignore_ament_install'
[0.221s] Level 1:colcon.colcon_core.package_identification:_identify(src/IAS0220_Task4_Template-main/Task4_template) by extensions ['colcon_pkg']
[0.221s] Level 1:colcon.colcon_core.package_identification:_identify(src/IAS0220_Task4_Template-main/Task4_template) by extension 'colcon_pkg'
[0.221s] Level 1:colcon.colcon_core.package_identification:_identify(src/IAS0220_Task4_Template-main/Task4_template) by extensions ['colcon_meta']
[0.221s] Level 1:colcon.colcon_core.package_identification:_identify(src/IAS0220_Task4_Template-main/Task4_template) by extension 'colcon_meta'
[0.221s] Level 1:colcon.colcon_core.package_identification:_identify(src/IAS0220_Task4_Template-main/Task4_template) by extensions ['ros']
[0.221s] Level 1:colcon.colcon_core.package_identification:_identify(src/IAS0220_Task4_Template-main/Task4_template) by extension 'ros'
[0.221s] Level 1:colcon.colcon_core.package_identification:_identify(src/IAS0220_Task4_Template-main/Task4_template) by extensions ['cmake', 'python']
[0.221s] Level 1:colcon.colcon_core.package_identification:_identify(src/IAS0220_Task4_Template-main/Task4_template) by extension 'cmake'
[0.221s] Level 1:colcon.colcon_core.package_identification:_identify(src/IAS0220_Task4_Template-main/Task4_template) by extension 'python'
[0.221s] Level 1:colcon.colcon_core.package_identification:_identify(src/IAS0220_Task4_Template-main/Task4_template) by extensions ['python_setup_py']
[0.221s] Level 1:colcon.colcon_core.package_identification:_identify(src/IAS0220_Task4_Template-main/Task4_template) by extension 'python_setup_py'
[0.221s] Level 1:colcon.colcon_core.package_identification:_identify(src/IAS0220_Task4_Template-main/Task4_template/encoders_interfaces) by extensions ['ignore', 'ignore_ament_install']
[0.221s] Level 1:colcon.colcon_core.package_identification:_identify(src/IAS0220_Task4_Template-main/Task4_template/encoders_interfaces) by extension 'ignore'
[0.221s] Level 1:colcon.colcon_core.package_identification:_identify(src/IAS0220_Task4_Template-main/Task4_template/encoders_interfaces) by extension 'ignore_ament_install'
[0.221s] Level 1:colcon.colcon_core.package_identification:_identify(src/IAS0220_Task4_Template-main/Task4_template/encoders_interfaces) by extensions ['colcon_pkg']
[0.221s] Level 1:colcon.colcon_core.package_identification:_identify(src/IAS0220_Task4_Template-main/Task4_template/encoders_interfaces) by extension 'colcon_pkg'
[0.221s] Level 1:colcon.colcon_core.package_identification:_identify(src/IAS0220_Task4_Template-main/Task4_template/encoders_interfaces) by extensions ['colcon_meta']
[0.221s] Level 1:colcon.colcon_core.package_identification:_identify(src/IAS0220_Task4_Template-main/Task4_template/encoders_interfaces) by extension 'colcon_meta'
[0.221s] Level 1:colcon.colcon_core.package_identification:_identify(src/IAS0220_Task4_Template-main/Task4_template/encoders_interfaces) by extensions ['ros']
[0.221s] Level 1:colcon.colcon_core.package_identification:_identify(src/IAS0220_Task4_Template-main/Task4_template/encoders_interfaces) by extension 'ros'
[0.222s] DEBUG:colcon.colcon_core.package_identification:Package 'src/IAS0220_Task4_Template-main/Task4_template/encoders_interfaces' with type 'ros.ament_cmake' and name 'encoders_interfaces'
[0.222s] Level 1:colcon.colcon_core.package_identification:_identify(src/IAS0220_Task4_Template-main/Task4_template/encoders_pkg) by extensions ['ignore', 'ignore_ament_install']
[0.222s] Level 1:colcon.colcon_core.package_identification:_identify(src/IAS0220_Task4_Template-main/Task4_template/encoders_pkg) by extension 'ignore'
[0.222s] Level 1:colcon.colcon_core.package_identification:_identify(src/IAS0220_Task4_Template-main/Task4_template/encoders_pkg) by extension 'ignore_ament_install'
[0.222s] Level 1:colcon.colcon_core.package_identification:_identify(src/IAS0220_Task4_Template-main/Task4_template/encoders_pkg) by extensions ['colcon_pkg']
[0.222s] Level 1:colcon.colcon_core.package_identification:_identify(src/IAS0220_Task4_Template-main/Task4_template/encoders_pkg) by extension 'colcon_pkg'
[0.222s] Level 1:colcon.colcon_core.package_identification:_identify(src/IAS0220_Task4_Template-main/Task4_template/encoders_pkg) by extensions ['colcon_meta']
[0.222s] Level 1:colcon.colcon_core.package_identification:_identify(src/IAS0220_Task4_Template-main/Task4_template/encoders_pkg) by extension 'colcon_meta'
[0.222s] Level 1:colcon.colcon_core.package_identification:_identify(src/IAS0220_Task4_Template-main/Task4_template/encoders_pkg) by extensions ['ros']
[0.222s] Level 1:colcon.colcon_core.package_identification:_identify(src/IAS0220_Task4_Template-main/Task4_template/encoders_pkg) by extension 'ros'
[0.223s] DEBUG:colcon.colcon_core.package_identification:Package 'src/IAS0220_Task4_Template-main/Task4_template/encoders_pkg' with type 'ros.ament_python' and name 'encoders_pkg'
[0.223s] Level 1:colcon.colcon_core.package_identification:_identify(src/IAS0220_Task4_Template-main/Task4_template/setup_gazebo_ias0220) by extensions ['ignore', 'ignore_ament_install']
[0.223s] Level 1:colcon.colcon_core.package_identification:_identify(src/IAS0220_Task4_Template-main/Task4_template/setup_gazebo_ias0220) by extension 'ignore'
[0.223s] Level 1:colcon.colcon_core.package_identification:_identify(src/IAS0220_Task4_Template-main/Task4_template/setup_gazebo_ias0220) by extension 'ignore_ament_install'
[0.223s] Level 1:colcon.colcon_core.package_identification:_identify(src/IAS0220_Task4_Template-main/Task4_template/setup_gazebo_ias0220) by extensions ['colcon_pkg']
[0.223s] Level 1:colcon.colcon_core.package_identification:_identify(src/IAS0220_Task4_Template-main/Task4_template/setup_gazebo_ias0220) by extension 'colcon_pkg'
[0.223s] Level 1:colcon.colcon_core.package_identification:_identify(src/IAS0220_Task4_Template-main/Task4_template/setup_gazebo_ias0220) by extensions ['colcon_meta']
[0.223s] Level 1:colcon.colcon_core.package_identification:_identify(src/IAS0220_Task4_Template-main/Task4_template/setup_gazebo_ias0220) by extension 'colcon_meta'
[0.223s] Level 1:colcon.colcon_core.package_identification:_identify(src/IAS0220_Task4_Template-main/Task4_template/setup_gazebo_ias0220) by extensions ['ros']
[0.223s] Level 1:colcon.colcon_core.package_identification:_identify(src/IAS0220_Task4_Template-main/Task4_template/setup_gazebo_ias0220) by extension 'ros'
[0.223s] DEBUG:colcon.colcon_core.package_identification:Package 'src/IAS0220_Task4_Template-main/Task4_template/setup_gazebo_ias0220' with type 'ros.ament_python' and name 'setup_gazebo_ias0220'
[0.223s] Level 1:colcon.colcon_core.package_identification:_identify(src/transform_frame) by extensions ['ignore', 'ignore_ament_install']
[0.223s] Level 1:colcon.colcon_core.package_identification:_identify(src/transform_frame) by extension 'ignore'
[0.224s] Level 1:colcon.colcon_core.package_identification:_identify(src/transform_frame) by extension 'ignore_ament_install'
[0.224s] Level 1:colcon.colcon_core.package_identification:_identify(src/transform_frame) by extensions ['colcon_pkg']
[0.224s] Level 1:colcon.colcon_core.package_identification:_identify(src/transform_frame) by extension 'colcon_pkg'
[0.224s] Level 1:colcon.colcon_core.package_identification:_identify(src/transform_frame) by extensions ['colcon_meta']
[0.224s] Level 1:colcon.colcon_core.package_identification:_identify(src/transform_frame) by extension 'colcon_meta'
[0.224s] Level 1:colcon.colcon_core.package_identification:_identify(src/transform_frame) by extensions ['ros']
[0.224s] Level 1:colcon.colcon_core.package_identification:_identify(src/transform_frame) by extension 'ros'
[0.224s] DEBUG:colcon.colcon_core.package_identification:Package 'src/transform_frame' with type 'ros.ament_cmake' and name 'transform_frame'
[0.224s] Level 1:colcon.colcon_core.package_discovery:discover_packages(recursive) using defaults
[0.224s] Level 1:colcon.colcon_core.package_discovery:discover_packages(ignore) discover
[0.224s] Level 1:colcon.colcon_core.package_discovery:discover_packages(ignore) using defaults
[0.224s] Level 1:colcon.colcon_core.package_discovery:discover_packages(path) discover
[0.224s] Level 1:colcon.colcon_core.package_discovery:discover_packages(path) using defaults
[0.254s] INFO:colcon.colcon_core.package_selection:Skipping not selected package 'encoders_interfaces' in 'src/IAS0220_Task4_Template-main/Task4_template/encoders_interfaces'
[0.254s] INFO:colcon.colcon_core.package_selection:Skipping not selected package 'setup_gazebo_ias0220' in 'src/IAS0220_Task4_Template-main/Task4_template/setup_gazebo_ias0220'
[0.254s] INFO:colcon.colcon_core.package_selection:Skipping not selected package 'transform_frame' in 'src/transform_frame'
[0.254s] INFO:colcon.colcon_core.package_selection:Skipping not selected package 'encoders_pkg' in 'src/IAS0220_Task4_Template-main/Task4_template/encoders_pkg'
[0.254s] Level 1:colcon.colcon_core.package_discovery:discover_packages(prefix_path) check parameters
[0.254s] Level 1:colcon.colcon_core.package_discovery:discover_packages(prefix_path) discover
[0.256s] DEBUG:colcon.colcon_installed_package_information.package_discovery:Found 5 installed packages in /home/lukas/ros2_ws/install
[0.257s] DEBUG:colcon.colcon_installed_package_information.package_discovery:Found 295 installed packages in /opt/ros/humble
[0.258s] Level 1:colcon.colcon_core.package_discovery:discover_packages(prefix_path) using defaults
[0.289s] Level 5:colcon.colcon_core.verb:set package 'IAS0220_252062IV' build argument 'cmake_args' from command line to 'None'
[0.290s] Level 5:colcon.colcon_core.verb:set package 'IAS0220_252062IV' build argument 'cmake_target' from command line to 'None'
[0.290s] Level 5:colcon.colcon_core.verb:set package 'IAS0220_252062IV' build argument 'cmake_target_skip_unavailable' from command line to 'False'
[0.290s] Level 5:colcon.colcon_core.verb:set package 'IAS0220_252062IV' build argument 'cmake_clean_cache' from command line to 'False'
[0.290s] Level 5:colcon.colcon_core.verb:set package 'IAS0220_252062IV' build argument 'cmake_clean_first' from command line to 'False'
[0.290s] Level 5:colcon.colcon_core.verb:set package 'IAS0220_252062IV' build argument 'cmake_force_configure' from command line to 'False'
[0.290s] Level 5:colcon.colcon_core.verb:set package 'IAS0220_252062IV' build argument 'ament_cmake_args' from command line to 'None'
[0.290s] Level 5:colcon.colcon_core.verb:set package 'IAS0220_252062IV' build argument 'catkin_cmake_args' from command line to 'None'
[0.290s] Level 5:colcon.colcon_core.verb:set package 'IAS0220_252062IV' build argument 'catkin_skip_building_tests' from command line to 'False'
[0.290s] DEBUG:colcon.colcon_core.verb:Building package 'IAS0220_252062IV' with the following arguments: {'ament_cmake_args': None, 'build_base': '/home/lukas/ros2_ws/build/IAS0220_252062IV', 'catkin_cmake_args': None, 'catkin_skip_building_tests': False, 'cmake_args': None, 'cmake_clean_cache': False, 'cmake_clean_first': False, 'cmake_force_configure': False, 'cmake_target': None, 'cmake_target_skip_unavailable': False, 'install_base': '/home/lukas/ros2_ws/install/IAS0220_252062IV', 'merge_install': False, 'path': '/home/lukas/ros2_ws/src/IAS0220_252062IV', 'symlink_install': False, 'test_result_base': None}
[0.290s] INFO:colcon.colcon_core.executor:Executing jobs using 'parallel' executor
[0.291s] DEBUG:colcon.colcon_parallel_executor.executor.parallel:run_until_complete
[0.291s] INFO:colcon.colcon_ros.task.ament_python.build:Building ROS package in '/home/lukas/ros2_ws/src/IAS0220_252062IV' with build type 'ament_python'
[0.291s] Level 1:colcon.colcon_core.shell:create_environment_hook('IAS0220_252062IV', 'ament_prefix_path')
[0.293s] INFO:colcon.colcon_core.plugin_system:Skipping extension 'colcon_core.shell.bat': Not used on non-Windows systems
[0.294s] INFO:colcon.colcon_core.shell:Creating environment hook '/home/lukas/ros2_ws/install/IAS0220_252062IV/share/IAS0220_252062IV/hook/ament_prefix_path.ps1'
[0.294s] INFO:colcon.colcon_core.shell:Creating environment descriptor '/home/lukas/ros2_ws/install/IAS0220_252062IV/share/IAS0220_252062IV/hook/ament_prefix_path.dsv'
[0.294s] INFO:colcon.colcon_core.shell:Creating environment hook '/home/lukas/ros2_ws/install/IAS0220_252062IV/share/IAS0220_252062IV/hook/ament_prefix_path.sh'
[0.295s] INFO:colcon.colcon_core.shell:Skip shell extension 'powershell' for command environment: Not usable outside of PowerShell
[0.295s] DEBUG:colcon.colcon_core.shell:Skip shell extension 'dsv' for command environment
[0.502s] INFO:colcon.colcon_core.task.python.build:Building Python package in '/home/lukas/ros2_ws/src/IAS0220_252062IV'
[0.502s] INFO:colcon.colcon_core.shell:Skip shell extension 'powershell' for command environment: Not usable outside of PowerShell
[0.502s] DEBUG:colcon.colcon_core.shell:Skip shell extension 'dsv' for command environment
[0.778s] DEBUG:colcon.colcon_core.event_handler.log_command:Invoking command in '/home/lukas/ros2_ws/src/IAS0220_252062IV': PYTHONPATH=/home/lukas/ros2_ws/build/IAS0220_252062IV/prefix_override:/usr/lib/python3/dist-packages/colcon_core/task/python/colcon_distutils_commands:/home/lukas/ros2_ws/install/IAS0220_252062IV/lib/python3.10/site-packages:${PYTHONPATH} /usr/bin/python3 -W ignore:setup.py install is deprecated -W ignore:easy_install command is deprecated setup.py egg_info --egg-base ../../build/IAS0220_252062IV build --build-base /home/lukas/ros2_ws/build/IAS0220_252062IV/build install --record /home/lukas/ros2_ws/build/IAS0220_252062IV/install.log --single-version-externally-managed install_data
[1.016s] DEBUG:colcon.colcon_core.event_handler.log_command:Invoked command in '/home/lukas/ros2_ws/src/IAS0220_252062IV' returned '0': PYTHONPATH=/home/lukas/ros2_ws/build/IAS0220_252062IV/prefix_override:/usr/lib/python3/dist-packages/colcon_core/task/python/colcon_distutils_commands:/home/lukas/ros2_ws/install/IAS0220_252062IV/lib/python3.10/site-packages:${PYTHONPATH} /usr/bin/python3 -W ignore:setup.py install is deprecated -W ignore:easy_install command is deprecated setup.py egg_info --egg-base ../../build/IAS0220_252062IV build --build-base /home/lukas/ros2_ws/build/IAS0220_252062IV/build install --record /home/lukas/ros2_ws/build/IAS0220_252062IV/install.log --single-version-externally-managed install_data
[1.017s] Level 1:colcon.colcon_core.environment:checking '/home/lukas/ros2_ws/install/IAS0220_252062IV' for CMake module files
[1.018s] Level 1:colcon.colcon_core.environment:checking '/home/lukas/ros2_ws/install/IAS0220_252062IV' for CMake config files
[1.018s] Level 1:colcon.colcon_core.environment:checking '/home/lukas/ros2_ws/install/IAS0220_252062IV/lib'
[1.018s] Level 1:colcon.colcon_core.environment:checking '/home/lukas/ros2_ws/install/IAS0220_252062IV/bin'
[1.018s] Level 1:colcon.colcon_core.environment:checking '/home/lukas/ros2_ws/install/IAS0220_252062IV/lib/pkgconfig/IAS0220_252062IV.pc'
[1.018s] Level 1:colcon.colcon_core.environment:checking '/home/lukas/ros2_ws/install/IAS0220_252062IV/lib/python3.10/site-packages'
[1.018s] Level 1:colcon.colcon_core.shell:create_environment_hook('IAS0220_252062IV', 'pythonpath')
[1.019s] INFO:colcon.colcon_core.shell:Creating environment hook '/home/lukas/ros2_ws/install/IAS0220_252062IV/share/IAS0220_252062IV/hook/pythonpath.ps1'
[1.019s] INFO:colcon.colcon_core.shell:Creating environment descriptor '/home/lukas/ros2_ws/install/IAS0220_252062IV/share/IAS0220_252062IV/hook/pythonpath.dsv'
[1.019s] INFO:colcon.colcon_core.shell:Creating environment hook '/home/lukas/ros2_ws/install/IAS0220_252062IV/share/IAS0220_252062IV/hook/pythonpath.sh'
[1.020s] Level 1:colcon.colcon_core.environment:checking '/home/lukas/ros2_ws/install/IAS0220_252062IV/bin'
[1.020s] Level 1:colcon.colcon_core.environment:create_environment_scripts_only(IAS0220_252062IV)
[1.020s] INFO:colcon.colcon_core.shell:Creating package script '/home/lukas/ros2_ws/install/IAS0220_252062IV/share/IAS0220_252062IV/package.ps1'
[1.021s] INFO:colcon.colcon_core.shell:Creating package descriptor '/home/lukas/ros2_ws/install/IAS0220_252062IV/share/IAS0220_252062IV/package.dsv'
[1.021s] INFO:colcon.colcon_core.shell:Creating package script '/home/lukas/ros2_ws/install/IAS0220_252062IV/share/IAS0220_252062IV/package.sh'
[1.022s] INFO:colcon.colcon_core.shell:Creating package script '/home/lukas/ros2_ws/install/IAS0220_252062IV/share/IAS0220_252062IV/package.bash'
[1.022s] INFO:colcon.colcon_core.shell:Creating package script '/home/lukas/ros2_ws/install/IAS0220_252062IV/share/IAS0220_252062IV/package.zsh'
[1.023s] Level 1:colcon.colcon_core.environment:create_file_with_runtime_dependencies(/home/lukas/ros2_ws/install/IAS0220_252062IV/share/colcon-core/packages/IAS0220_252062IV)
[1.023s] DEBUG:colcon.colcon_parallel_executor.executor.parallel:closing loop
[1.023s] DEBUG:colcon.colcon_parallel_executor.executor.parallel:loop closed
[1.023s] DEBUG:colcon.colcon_parallel_executor.executor.parallel:run_until_complete finished with '0'
[1.023s] DEBUG:colcon.colcon_core.event_reactor:joining thread
[1.028s] INFO:colcon.colcon_core.plugin_system:Skipping extension 'colcon_notification.desktop_notification.terminal_notifier': Not used on non-Darwin systems
[1.028s] INFO:colcon.colcon_core.plugin_system:Skipping extension 'colcon_notification.desktop_notification.win32': Not used on non-Windows systems
[1.028s] INFO:colcon.colcon_notification.desktop_notification:Sending desktop notification using 'notify2'
[1.038s] DEBUG:colcon.colcon_core.event_reactor:joined thread
[1.039s] INFO:colcon.colcon_core.shell:Creating prefix script '/home/lukas/ros2_ws/install/local_setup.ps1'
[1.040s] INFO:colcon.colcon_core.shell:Creating prefix util module '/home/lukas/ros2_ws/install/_local_setup_util_ps1.py'
[1.041s] INFO:colcon.colcon_core.shell:Creating prefix chain script '/home/lukas/ros2_ws/install/setup.ps1'
[1.041s] INFO:colcon.colcon_core.shell:Creating prefix script '/home/lukas/ros2_ws/install/local_setup.sh'
[1.042s] INFO:colcon.colcon_core.shell:Creating prefix util module '/home/lukas/ros2_ws/install/_local_setup_util_sh.py'
[1.042s] INFO:colcon.colcon_core.shell:Creating prefix chain script '/home/lukas/ros2_ws/install/setup.sh'
[1.043s] INFO:colcon.colcon_core.shell:Creating prefix script '/home/lukas/ros2_ws/install/local_setup.bash'
[1.044s] INFO:colcon.colcon_core.shell:Creating prefix chain script '/home/lukas/ros2_ws/install/setup.bash'
[1.044s] INFO:colcon.colcon_core.shell:Creating prefix script '/home/lukas/ros2_ws/install/local_setup.zsh'
[1.045s] INFO:colcon.colcon_core.shell:Creating prefix chain script '/home/lukas/ros2_ws/install/setup.zsh'
