[0.703s] Invoking command in '/home/lukas/ros2_ws/build/plotjuggler_ros': CMAKE_PREFIX_PATH=/opt/ros/humble /usr/bin/cmake /home/lukas/ros2_ws/src/plotjuggler-ros-plugins -DCMAKE_INSTALL_PREFIX=/home/lukas/ros2_ws/install/plotjuggler_ros
[0.790s] -- The C compiler identification is GNU 11.4.0
[0.874s] -- The CXX compiler identification is GNU 11.4.0
[0.886s] -- Detecting C compiler ABI info
[0.999s] -- Detecting C compiler ABI info - done
[1.008s] -- Check for working C compiler: /usr/bin/cc - skipped
[1.008s] -- Detecting C compile features
[1.009s] -- Detecting C compile features - done
[1.013s] -- Detecting CXX compiler ABI info
[1.145s] -- Detecting CXX compiler ABI info - done
[1.155s] -- Check for working CXX compiler: /usr/bin/c++ - skipped
[1.155s] -- Detecting CXX compile features
[1.156s] -- Detecting CXX compile features - done
[1.159s] -- Found ament_cmake: 1.3.12 (/opt/ros/humble/share/ament_cmake/cmake)
[1.371s] -- Found Python3: /usr/bin/python3 (found version "3.10.12") found components: Interpreter 
[1.511s] -- Found rclcpp: 16.0.15 (/opt/ros/humble/share/rclcpp/cmake)
[1.573s] -- Found rosidl_generator_c: 3.1.7 (/opt/ros/humble/share/rosidl_generator_c/cmake)
[1.581s] -- Found rosidl_adapter: 3.1.7 (/opt/ros/humble/share/rosidl_adapter/cmake)
[1.591s] -- Found rosidl_generator_cpp: 3.1.7 (/opt/ros/humble/share/rosidl_generator_cpp/cmake)
[1.607s] -- Using all available rosidl_typesupport_c: rosidl_typesupport_fastrtps_c;rosidl_typesupport_introspection_c
[1.628s] -- Using all available rosidl_typesupport_cpp: rosidl_typesupport_fastrtps_cpp;rosidl_typesupport_introspection_cpp
[1.697s] -- Found rmw_implementation_cmake: 6.1.2 (/opt/ros/humble/share/rmw_implementation_cmake/cmake)
[1.702s] -- Found rmw_fastrtps_cpp: 6.2.8 (/opt/ros/humble/share/rmw_fastrtps_cpp/cmake)
[1.883s] -- Found OpenSSL: /usr/lib/x86_64-linux-gnu/libcrypto.so (found version "3.0.2")  
[1.933s] -- Found FastRTPS: /opt/ros/humble/include  
[2.000s] -- Using RMW implementation 'rmw_fastrtps_cpp' as default
[2.015s] -- Looking for pthread.h
[2.139s] -- Looking for pthread.h - found
[2.140s] -- Performing Test CMAKE_HAVE_LIBC_PTHREAD
[2.261s] -- Performing Test CMAKE_HAVE_LIBC_PTHREAD - Success
[2.262s] -- Found Threads: TRUE  
[2.340s] -- Found rosbag2_transport: 0.15.15 (/opt/ros/humble/share/rosbag2_transport/cmake)
[2.455s] -- Found Boost: /usr/lib/x86_64-linux-gnu/cmake/Boost-1.74.0/BoostConfig.cmake (found version "1.74.0")  
[2.457s] -- Found tf2_msgs: 0.25.16 (/opt/ros/humble/share/tf2_msgs/cmake)
[2.557s] -- Found tf2_ros: 0.25.16 (/opt/ros/humble/share/tf2_ros/cmake)
[2.627s] -- Found plotjuggler: 3.13.2 (/usr/local/share/plotjuggler/cmake)
[2.662s] -- No build type selected, default to RelWithDebInfo
[2.665s] [0mAMENT_PREFIX_PATH = [0m
[2.665s] [0mROS_DISTRO (env) = humble[0m
[2.666s] -- Detected Humble
[2.757s] -- Configuring done
[2.864s] -- Generating done
[2.881s] -- Build files have been written to: /home/lukas/ros2_ws/build/plotjuggler_ros
[2.905s] Invoked command in '/home/lukas/ros2_ws/build/plotjuggler_ros' returned '0': CMAKE_PREFIX_PATH=/opt/ros/humble /usr/bin/cmake /home/lukas/ros2_ws/src/plotjuggler-ros-plugins -DCMAKE_INSTALL_PREFIX=/home/lukas/ros2_ws/install/plotjuggler_ros
[2.908s] Invoking command in '/home/lukas/ros2_ws/build/plotjuggler_ros': CMAKE_PREFIX_PATH=/opt/ros/humble /usr/bin/cmake --build /home/lukas/ros2_ws/build/plotjuggler_ros -- -j16 -l16
[2.985s] [  4%] [34m[1mAutomatic MOC and UIC for target commonROS[0m
[3.387s] [  4%] Built target commonROS_autogen
[3.402s] [ 13%] [34m[1mGenerating ui_qnodedialog.h[0m
[3.402s] [ 13%] [34m[1mGenerating ui_dialog_select_ros_topics.h[0m
[3.403s] [ 18%] [34m[1mGenerating ui_dialog_with_itemlist.h[0m
[3.404s] [ 22%] [34m[1mGenerating ui_publisher_select_dialog.h[0m
[3.441s] [ 31%] [32mBuilding CXX object src/CMakeFiles/commonROS.dir/dialog_select_ros_topics.cpp.o[0m
[3.441s] [ 31%] [32mBuilding CXX object src/CMakeFiles/commonROS.dir/commonROS_autogen/mocs_compilation.cpp.o[0m
[3.441s] [ 36%] [32mBuilding CXX object src/CMakeFiles/commonROS.dir/parser_configuration.cpp.o[0m
[3.443s] [ 40%] [32mBuilding CXX object src/CMakeFiles/commonROS.dir/ros_parsers/ros2_parser.cpp.o[0m
[12.402s] [ 45%] [32m[1mLinking CXX static library libcommonROS.a[0m
[12.530s] [ 45%] Built target commonROS
[12.551s] [ 50%] [34m[1mAutomatic MOC and UIC for target DataStreamROS2[0m
[12.552s] [ 54%] [34m[1mAutomatic MOC and UIC for target TopicPublisherROS2[0m
[12.553s] [ 59%] [34m[1mAutomatic MOC and UIC for target DataLoadROS2[0m
[12.805s] [ 59%] Built target DataLoadROS2_autogen
[12.837s] [ 68%] [32mBuilding CXX object src/CMakeFiles/DataLoadROS2.dir/DataLoadROS2_autogen/mocs_compilation.cpp.o[0m
[12.837s] [ 68%] [32mBuilding CXX object src/CMakeFiles/DataLoadROS2.dir/DataLoadROS2/dataload_ros2.cpp.o[0m
[12.867s] [ 68%] Built target DataStreamROS2_autogen
[12.896s] [ 77%] [32mBuilding CXX object src/CMakeFiles/DataStreamROS2.dir/DataStreamROS2_autogen/mocs_compilation.cpp.o[0m
[12.896s] [ 77%] [32mBuilding CXX object src/CMakeFiles/DataStreamROS2.dir/DataStreamROS2/datastream_ros2.cpp.o[0m
[12.977s] [ 77%] Built target TopicPublisherROS2_autogen
[13.001s] [ 81%] [32mBuilding CXX object src/CMakeFiles/TopicPublisherROS2.dir/TopicPublisherROS2/publisher_ros2.cpp.o[0m
[13.003s] [ 86%] [32mBuilding CXX object src/CMakeFiles/TopicPublisherROS2.dir/TopicPublisherROS2_autogen/mocs_compilation.cpp.o[0m
[21.228s] [ 90%] [32m[1mLinking CXX shared library ../bin/libDataLoadROS2.so[0m
[22.217s] [ 95%] [32m[1mLinking CXX shared library ../bin/libDataStreamROS2.so[0m
[22.859s] [ 95%] Built target DataLoadROS2
[23.062s] [100%] [32m[1mLinking CXX shared library ../bin/libTopicPublisherROS2.so[0m
[23.808s] [100%] Built target DataStreamROS2
[24.412s] [100%] Built target TopicPublisherROS2
[24.428s] Invoked command in '/home/lukas/ros2_ws/build/plotjuggler_ros' returned '0': CMAKE_PREFIX_PATH=/opt/ros/humble /usr/bin/cmake --build /home/lukas/ros2_ws/build/plotjuggler_ros -- -j16 -l16
[24.431s] Invoking command in '/home/lukas/ros2_ws/build/plotjuggler_ros': CMAKE_PREFIX_PATH=/opt/ros/humble /usr/bin/cmake --install /home/lukas/ros2_ws/build/plotjuggler_ros
[24.437s] -- Install configuration: "RelWithDebInfo"
[24.437s] -- Installing: /home/lukas/ros2_ws/install/plotjuggler_ros/share/plotjuggler_ros/launch
[24.437s] -- Installing: /home/lukas/ros2_ws/install/plotjuggler_ros/share/plotjuggler_ros/launch/plotjuggler.launch
[24.438s] -- Installing: /home/lukas/ros2_ws/install/plotjuggler_ros/share/ament_index/resource_index/package_run_dependencies/plotjuggler_ros
[24.438s] -- Installing: /home/lukas/ros2_ws/install/plotjuggler_ros/share/ament_index/resource_index/parent_prefix_path/plotjuggler_ros
[24.438s] -- Installing: /home/lukas/ros2_ws/install/plotjuggler_ros/share/plotjuggler_ros/environment/ament_prefix_path.sh
[24.438s] -- Installing: /home/lukas/ros2_ws/install/plotjuggler_ros/share/plotjuggler_ros/environment/ament_prefix_path.dsv
[24.438s] -- Installing: /home/lukas/ros2_ws/install/plotjuggler_ros/share/plotjuggler_ros/environment/path.sh
[24.439s] -- Installing: /home/lukas/ros2_ws/install/plotjuggler_ros/share/plotjuggler_ros/environment/path.dsv
[24.439s] -- Installing: /home/lukas/ros2_ws/install/plotjuggler_ros/share/plotjuggler_ros/local_setup.bash
[24.439s] -- Installing: /home/lukas/ros2_ws/install/plotjuggler_ros/share/plotjuggler_ros/local_setup.sh
[24.439s] -- Installing: /home/lukas/ros2_ws/install/plotjuggler_ros/share/plotjuggler_ros/local_setup.zsh
[24.439s] -- Installing: /home/lukas/ros2_ws/install/plotjuggler_ros/share/plotjuggler_ros/local_setup.dsv
[24.439s] -- Installing: /home/lukas/ros2_ws/install/plotjuggler_ros/share/plotjuggler_ros/package.dsv
[24.439s] -- Installing: /home/lukas/ros2_ws/install/plotjuggler_ros/share/ament_index/resource_index/packages/plotjuggler_ros
[24.439s] -- Installing: /home/lukas/ros2_ws/install/plotjuggler_ros/share/plotjuggler_ros/cmake/plotjuggler_rosConfig.cmake
[24.439s] -- Installing: /home/lukas/ros2_ws/install/plotjuggler_ros/share/plotjuggler_ros/cmake/plotjuggler_rosConfig-version.cmake
[24.439s] -- Installing: /home/lukas/ros2_ws/install/plotjuggler_ros/share/plotjuggler_ros/package.xml
[24.440s] -- Installing: /home/lukas/ros2_ws/install/plotjuggler_ros/lib/plotjuggler_ros/libDataLoadROS2.so
[24.449s] -- Set runtime path of "/home/lukas/ros2_ws/install/plotjuggler_ros/lib/plotjuggler_ros/libDataLoadROS2.so" to ""
[24.449s] -- Installing: /home/lukas/ros2_ws/install/plotjuggler_ros/lib/plotjuggler_ros/libDataStreamROS2.so
[24.459s] -- Set runtime path of "/home/lukas/ros2_ws/install/plotjuggler_ros/lib/plotjuggler_ros/libDataStreamROS2.so" to ""
[24.459s] -- Installing: /home/lukas/ros2_ws/install/plotjuggler_ros/lib/plotjuggler_ros/libTopicPublisherROS2.so
[24.466s] -- Set runtime path of "/home/lukas/ros2_ws/install/plotjuggler_ros/lib/plotjuggler_ros/libTopicPublisherROS2.so" to ""
[24.469s] Invoked command in '/home/lukas/ros2_ws/build/plotjuggler_ros' returned '0': CMAKE_PREFIX_PATH=/opt/ros/humble /usr/bin/cmake --install /home/lukas/ros2_ws/build/plotjuggler_ros
