[0.430s] Invoking command in '/home/lukas/ros2_ws/build/transform_frame': CMAKE_PREFIX_PATH=${CMAKE_PREFIX_PATH}:/home/lukas/ros2_ws/install/setup_gazebo_ias0220:/home/lukas/ros2_ws/install/encoders_pkg:/home/lukas/ros2_ws/install/IAS0220_252062IV:/opt/ros/humble /usr/bin/cmake /home/lukas/ros2_ws/src/transform_frame -DCMAKE_INSTALL_PREFIX=/home/lukas/ros2_ws/install/transform_frame
[0.495s] -- The C compiler identification is GNU 11.4.0
[0.555s] -- The CXX compiler identification is GNU 11.4.0
[0.563s] -- Detecting C compiler ABI info
[0.641s] -- Detecting C compiler ABI info - done
[0.647s] -- Check for working C compiler: /usr/bin/cc - skipped
[0.648s] -- Detecting C compile features
[0.648s] -- Detecting C compile features - done
[0.651s] -- Detecting CXX compiler ABI info
[0.743s] -- Detecting CXX compiler ABI info - done
[0.750s] -- Check for working CXX compiler: /usr/bin/c++ - skipped
[0.750s] -- Detecting CXX compile features
[0.750s] -- Detecting CXX compile features - done
[0.753s] -- Found ament_cmake: 1.3.12 (/opt/ros/humble/share/ament_cmake/cmake)
[0.894s] -- Found Python3: /usr/bin/python3 (found version "3.10.12") found components: Interpreter 
[1.005s] -- Found rclcpp: 16.0.15 (/opt/ros/humble/share/rclcpp/cmake)
[1.047s] -- Found rosidl_generator_c: 3.1.7 (/opt/ros/humble/share/rosidl_generator_c/cmake)
[1.052s] -- Found rosidl_adapter: 3.1.7 (/opt/ros/humble/share/rosidl_adapter/cmake)
[1.059s] -- Found rosidl_generator_cpp: 3.1.7 (/opt/ros/humble/share/rosidl_generator_cpp/cmake)
[1.070s] -- Using all available rosidl_typesupport_c: rosidl_typesupport_fastrtps_c;rosidl_typesupport_introspection_c
[1.084s] -- Using all available rosidl_typesupport_cpp: rosidl_typesupport_fastrtps_cpp;rosidl_typesupport_introspection_cpp
[1.122s] -- Found rmw_implementation_cmake: 6.1.2 (/opt/ros/humble/share/rmw_implementation_cmake/cmake)
[1.124s] -- Found rmw_fastrtps_cpp: 6.2.8 (/opt/ros/humble/share/rmw_fastrtps_cpp/cmake)
[1.231s] -- Found OpenSSL: /usr/lib/x86_64-linux-gnu/libcrypto.so (found version "3.0.2")  
[1.260s] -- Found FastRTPS: /opt/ros/humble/include  
[1.311s] -- Using RMW implementation 'rmw_fastrtps_cpp' as default
[1.322s] -- Looking for pthread.h
[1.411s] -- Looking for pthread.h - found
[1.411s] -- Performing Test CMAKE_HAVE_LIBC_PTHREAD
[1.497s] -- Performing Test CMAKE_HAVE_LIBC_PTHREAD - Success
[1.499s] -- Found Threads: TRUE  
[1.548s] -- Found geometry_msgs: 4.9.0 (/opt/ros/humble/share/geometry_msgs/cmake)
[1.562s] -- Found tf2: 0.25.16 (/opt/ros/humble/share/tf2/cmake)
[1.578s] -- Found tf2_ros: 0.25.16 (/opt/ros/humble/share/tf2_ros/cmake)
[1.718s] -- Found tf2_geometry_msgs: 0.25.16 (/opt/ros/humble/share/tf2_geometry_msgs/cmake)
[1.740s] -- Found eigen3_cmake_module: 0.1.1 (/opt/ros/humble/share/eigen3_cmake_module/cmake)
[1.741s] -- Found Eigen3: TRUE (found version "3.4.0") 
[1.742s] -- Ensuring Eigen3 include directory is part of orocos-kdl CMake target
[1.748s] -- Found ament_lint_auto: 0.12.14 (/opt/ros/humble/share/ament_lint_auto/cmake)
[1.858s] -- Added test 'copyright' to check source files copyright and LICENSE
[1.859s] -- Added test 'cppcheck' to perform static code analysis on C / C++ code
[1.860s] -- Configured cppcheck include dirs: 
[1.860s] -- Configured cppcheck exclude dirs and/or files: 
[1.860s] -- Added test 'cpplint' to check C / C++ code against the Google style
[1.861s] -- Configured cpplint exclude dirs and/or files: 
[1.861s] -- Added test 'lint_cmake' to check CMake code style
[1.862s] -- Added test 'uncrustify' to check C / C++ code style
[1.863s] -- Configured uncrustify additional arguments: 
[1.863s] -- Added test 'xmllint' to check XML markup files
[1.865s] -- Configuring done
[1.882s] -- Generating done
[1.888s] -- Build files have been written to: /home/lukas/ros2_ws/build/transform_frame
[1.912s] Invoked command in '/home/lukas/ros2_ws/build/transform_frame' returned '0': CMAKE_PREFIX_PATH=${CMAKE_PREFIX_PATH}:/home/lukas/ros2_ws/install/setup_gazebo_ias0220:/home/lukas/ros2_ws/install/encoders_pkg:/home/lukas/ros2_ws/install/IAS0220_252062IV:/opt/ros/humble /usr/bin/cmake /home/lukas/ros2_ws/src/transform_frame -DCMAKE_INSTALL_PREFIX=/home/lukas/ros2_ws/install/transform_frame
[1.914s] Invoking command in '/home/lukas/ros2_ws/build/transform_frame': CMAKE_PREFIX_PATH=${CMAKE_PREFIX_PATH}:/home/lukas/ros2_ws/install/setup_gazebo_ias0220:/home/lukas/ros2_ws/install/encoders_pkg:/home/lukas/ros2_ws/install/IAS0220_252062IV:/opt/ros/humble /usr/bin/cmake --build /home/lukas/ros2_ws/build/transform_frame -- -j16 -l16
[1.989s] [ 50%] [32mBuilding CXX object CMakeFiles/move.dir/src/move.cpp.o[0m
[8.898s] [100%] [32m[1mLinking CXX executable move[0m
[9.362s] [100%] Built target move
[9.376s] Invoked command in '/home/lukas/ros2_ws/build/transform_frame' returned '0': CMAKE_PREFIX_PATH=${CMAKE_PREFIX_PATH}:/home/lukas/ros2_ws/install/setup_gazebo_ias0220:/home/lukas/ros2_ws/install/encoders_pkg:/home/lukas/ros2_ws/install/IAS0220_252062IV:/opt/ros/humble /usr/bin/cmake --build /home/lukas/ros2_ws/build/transform_frame -- -j16 -l16
[9.378s] Invoking command in '/home/lukas/ros2_ws/build/transform_frame': CMAKE_PREFIX_PATH=${CMAKE_PREFIX_PATH}:/home/lukas/ros2_ws/install/setup_gazebo_ias0220:/home/lukas/ros2_ws/install/encoders_pkg:/home/lukas/ros2_ws/install/IAS0220_252062IV:/opt/ros/humble /usr/bin/cmake --install /home/lukas/ros2_ws/build/transform_frame
[9.384s] -- Install configuration: ""
[9.385s] -- Installing: /home/lukas/ros2_ws/install/transform_frame/lib/transform_frame/move
[9.388s] -- Set runtime path of "/home/lukas/ros2_ws/install/transform_frame/lib/transform_frame/move" to ""
[9.388s] -- Installing: /home/lukas/ros2_ws/install/transform_frame/share/ament_index/resource_index/package_run_dependencies/transform_frame
[9.389s] -- Installing: /home/lukas/ros2_ws/install/transform_frame/share/ament_index/resource_index/parent_prefix_path/transform_frame
[9.389s] -- Installing: /home/lukas/ros2_ws/install/transform_frame/share/transform_frame/environment/ament_prefix_path.sh
[9.389s] -- Installing: /home/lukas/ros2_ws/install/transform_frame/share/transform_frame/environment/ament_prefix_path.dsv
[9.389s] -- Installing: /home/lukas/ros2_ws/install/transform_frame/share/transform_frame/environment/path.sh
[9.389s] -- Installing: /home/lukas/ros2_ws/install/transform_frame/share/transform_frame/environment/path.dsv
[9.389s] -- Installing: /home/lukas/ros2_ws/install/transform_frame/share/transform_frame/local_setup.bash
[9.389s] -- Installing: /home/lukas/ros2_ws/install/transform_frame/share/transform_frame/local_setup.sh
[9.389s] -- Installing: /home/lukas/ros2_ws/install/transform_frame/share/transform_frame/local_setup.zsh
[9.389s] -- Installing: /home/lukas/ros2_ws/install/transform_frame/share/transform_frame/local_setup.dsv
[9.390s] -- Installing: /home/lukas/ros2_ws/install/transform_frame/share/transform_frame/package.dsv
[9.390s] -- Installing: /home/lukas/ros2_ws/install/transform_frame/share/ament_index/resource_index/packages/transform_frame
[9.390s] -- Installing: /home/lukas/ros2_ws/install/transform_frame/share/transform_frame/cmake/transform_frameConfig.cmake
[9.390s] -- Installing: /home/lukas/ros2_ws/install/transform_frame/share/transform_frame/cmake/transform_frameConfig-version.cmake
[9.390s] -- Installing: /home/lukas/ros2_ws/install/transform_frame/share/transform_frame/package.xml
[9.393s] Invoked command in '/home/lukas/ros2_ws/build/transform_frame' returned '0': CMAKE_PREFIX_PATH=${CMAKE_PREFIX_PATH}:/home/lukas/ros2_ws/install/setup_gazebo_ias0220:/home/lukas/ros2_ws/install/encoders_pkg:/home/lukas/ros2_ws/install/IAS0220_252062IV:/opt/ros/humble /usr/bin/cmake --install /home/lukas/ros2_ws/build/transform_frame
