[0.739s] Invoking command in '/home/lukas/ros2_ws/src/IAS0220_Task4_Template-main/Task4_template/setup_gazebo_ias0220': PYTHONPATH=/home/lukas/ros2_ws/build/setup_gazebo_ias0220/prefix_override:/usr/lib/python3/dist-packages/colcon_core/task/python/colcon_distutils_commands:/home/lukas/ros2_ws/install/setup_gazebo_ias0220/lib/python3.10/site-packages:${PYTHONPATH} /usr/bin/python3 -W ignore:setup.py install is deprecated -W ignore:easy_install command is deprecated setup.py egg_info --egg-base ../../../../build/setup_gazebo_ias0220 build --build-base /home/lukas/ros2_ws/build/setup_gazebo_ias0220/build install --record /home/lukas/ros2_ws/build/setup_gazebo_ias0220/install.log --single-version-externally-managed install_data
[0.937s] running egg_info
[0.938s] creating ../../../../build/setup_gazebo_ias0220/setup_gazebo_ias0220.egg-info
[0.938s] writing ../../../../build/setup_gazebo_ias0220/setup_gazebo_ias0220.egg-info/PKG-INFO
[0.939s] writing dependency_links to ../../../../build/setup_gazebo_ias0220/setup_gazebo_ias0220.egg-info/dependency_links.txt
[0.939s] writing entry points to ../../../../build/setup_gazebo_ias0220/setup_gazebo_ias0220.egg-info/entry_points.txt
[0.939s] writing requirements to ../../../../build/setup_gazebo_ias0220/setup_gazebo_ias0220.egg-info/requires.txt
[0.939s] writing top-level names to ../../../../build/setup_gazebo_ias0220/setup_gazebo_ias0220.egg-info/top_level.txt
[0.940s] writing manifest file '../../../../build/setup_gazebo_ias0220/setup_gazebo_ias0220.egg-info/SOURCES.txt'
[0.942s] reading manifest file '../../../../build/setup_gazebo_ias0220/setup_gazebo_ias0220.egg-info/SOURCES.txt'
[0.943s] writing manifest file '../../../../build/setup_gazebo_ias0220/setup_gazebo_ias0220.egg-info/SOURCES.txt'
[0.943s] running build
[0.943s] running build_py
[0.943s] creating /home/lukas/ros2_ws/build/setup_gazebo_ias0220/build
[0.943s] creating /home/lukas/ros2_ws/build/setup_gazebo_ias0220/build/lib
[0.943s] creating /home/lukas/ros2_ws/build/setup_gazebo_ias0220/build/lib/setup_gazebo_ias0220
[0.943s] copying setup_gazebo_ias0220/__init__.py -> /home/lukas/ros2_ws/build/setup_gazebo_ias0220/build/lib/setup_gazebo_ias0220
[0.944s] running install
[0.944s] running install_lib
[0.947s] creating /home/lukas/ros2_ws/install/setup_gazebo_ias0220/lib/python3.10/site-packages/setup_gazebo_ias0220
[0.947s] copying /home/lukas/ros2_ws/build/setup_gazebo_ias0220/build/lib/setup_gazebo_ias0220/__init__.py -> /home/lukas/ros2_ws/install/setup_gazebo_ias0220/lib/python3.10/site-packages/setup_gazebo_ias0220
[0.947s] byte-compiling /home/lukas/ros2_ws/install/setup_gazebo_ias0220/lib/python3.10/site-packages/setup_gazebo_ias0220/__init__.py to __init__.cpython-310.pyc
[0.948s] running install_data
[0.948s] creating /home/lukas/ros2_ws/install/setup_gazebo_ias0220/share/ament_index
[0.948s] creating /home/lukas/ros2_ws/install/setup_gazebo_ias0220/share/ament_index/resource_index
[0.948s] creating /home/lukas/ros2_ws/install/setup_gazebo_ias0220/share/ament_index/resource_index/packages
[0.948s] copying resource/setup_gazebo_ias0220 -> /home/lukas/ros2_ws/install/setup_gazebo_ias0220/share/ament_index/resource_index/packages
[0.948s] copying package.xml -> /home/lukas/ros2_ws/install/setup_gazebo_ias0220/share/setup_gazebo_ias0220
[0.948s] creating /home/lukas/ros2_ws/install/setup_gazebo_ias0220/share/setup_gazebo_ias0220/worlds
[0.948s] copying worlds/seethelight.world -> /home/lukas/ros2_ws/install/setup_gazebo_ias0220/share/setup_gazebo_ias0220/worlds
[0.948s] creating /home/lukas/ros2_ws/install/setup_gazebo_ias0220/share/setup_gazebo_ias0220/launch
[0.948s] copying launch/gazebo.launch.py -> /home/lukas/ros2_ws/install/setup_gazebo_ias0220/share/setup_gazebo_ias0220/launch
[0.948s] running install_egg_info
[0.949s] Copying ../../../../build/setup_gazebo_ias0220/setup_gazebo_ias0220.egg-info to /home/lukas/ros2_ws/install/setup_gazebo_ias0220/lib/python3.10/site-packages/setup_gazebo_ias0220-0.0.0-py3.10.egg-info
[0.950s] running install_scripts
[0.983s] writing list of installed files to '/home/lukas/ros2_ws/build/setup_gazebo_ias0220/install.log'
[1.046s] Invoked command in '/home/lukas/ros2_ws/src/IAS0220_Task4_Template-main/Task4_template/setup_gazebo_ias0220' returned '0': PYTHONPATH=/home/lukas/ros2_ws/build/setup_gazebo_ias0220/prefix_override:/usr/lib/python3/dist-packages/colcon_core/task/python/colcon_distutils_commands:/home/lukas/ros2_ws/install/setup_gazebo_ias0220/lib/python3.10/site-packages:${PYTHONPATH} /usr/bin/python3 -W ignore:setup.py install is deprecated -W ignore:easy_install command is deprecated setup.py egg_info --egg-base ../../../../build/setup_gazebo_ias0220 build --build-base /home/lukas/ros2_ws/build/setup_gazebo_ias0220/build install --record /home/lukas/ros2_ws/build/setup_gazebo_ias0220/install.log --single-version-externally-managed install_data
