[0.040s] Invoking command in '/home/lukas/ros2_ws/build/encoders_interfaces': CMAKE_PREFIX_PATH=/opt/ros/humble /usr/bin/cmake /home/lukas/ros2_ws/src/IAS0220_Task6-main/encoders_interfaces -DCMAKE_INSTALL_PREFIX=/home/lukas/ros2_ws/install/encoders_interfaces
[0.727s] -- The C compiler identification is GNU 11.4.0
[0.727s] -- The CXX compiler identification is GNU 11.4.0
[0.727s] -- Detecting C compiler ABI info
[0.727s] -- Detecting C compiler ABI info - done
[0.727s] -- Check for working C compiler: /usr/bin/cc - skipped
[0.727s] -- Detecting C compile features
[0.727s] -- Detecting C compile features - done
[0.727s] -- Detecting CXX compiler ABI info
[0.727s] -- Detecting CXX compiler ABI info - done
[0.727s] -- Check for working CXX compiler: /usr/bin/c++ - skipped
[0.728s] -- Detecting CXX compile features
[0.728s] -- Detecting CXX compile features - done
[0.728s] -- Found ament_cmake: 1.3.12 (/opt/ros/humble/share/ament_cmake/cmake)
[0.792s] -- Found Python3: /usr/bin/python3 (found version "3.10.12") found components: Interpreter 
[0.926s] -- Found rosidl_default_generators: 1.2.0 (/opt/ros/humble/share/rosidl_default_generators/cmake)
[0.931s] -- Using all available rosidl_typesupport_c: rosidl_typesupport_fastrtps_c;rosidl_typesupport_introspection_c
[0.940s] -- Found rosidl_adapter: 3.1.7 (/opt/ros/humble/share/rosidl_adapter/cmake)
[1.005s] -- Using all available rosidl_typesupport_cpp: rosidl_typesupport_fastrtps_cpp;rosidl_typesupport_introspection_cpp
[1.402s] -- Found ament_cmake_ros: 0.10.0 (/opt/ros/humble/share/ament_cmake_ros/cmake)
[1.683s] -- Using all available rosidl_typesupport_c: rosidl_typesupport_fastrtps_c;rosidl_typesupport_introspection_c
[2.027s] -- Using all available rosidl_typesupport_cpp: rosidl_typesupport_fastrtps_cpp;rosidl_typesupport_introspection_cpp
[2.061s] -- Found PythonInterp: /usr/bin/python3 (found suitable version "3.10.12", minimum required is "3.6") 
[2.063s] -- Found python_cmake_module: 0.10.0 (/opt/ros/humble/share/python_cmake_module/cmake)
[2.103s] -- Found PythonLibs: /usr/lib/x86_64-linux-gnu/libpython3.10.so (found suitable version "3.10.12", minimum required is "3.5") 
[2.104s] -- Using PYTHON_EXECUTABLE: /usr/bin/python3
[2.104s] -- Using PYTHON_INCLUDE_DIRS: /usr/include/python3.10
[2.104s] -- Using PYTHON_LIBRARIES: /usr/lib/x86_64-linux-gnu/libpython3.10.so
[2.134s] -- Found PythonExtra: .so  
[2.179s] -- Found ament_lint_auto: 0.12.14 (/opt/ros/humble/share/ament_lint_auto/cmake)
[2.208s] -- Added test 'lint_cmake' to check CMake code style
[2.210s] -- Added test 'xmllint' to check XML markup files
[2.214s] -- Configuring done
[2.256s] -- Generating done
[2.269s] -- Build files have been written to: /home/lukas/ros2_ws/build/encoders_interfaces
[2.280s] Invoked command in '/home/lukas/ros2_ws/build/encoders_interfaces' returned '0': CMAKE_PREFIX_PATH=/opt/ros/humble /usr/bin/cmake /home/lukas/ros2_ws/src/IAS0220_Task6-main/encoders_interfaces -DCMAKE_INSTALL_PREFIX=/home/lukas/ros2_ws/install/encoders_interfaces
[2.283s] Invoking command in '/home/lukas/ros2_ws/build/encoders_interfaces': CMAKE_PREFIX_PATH=/opt/ros/humble /usr/bin/cmake --build /home/lukas/ros2_ws/build/encoders_interfaces -- -j16 -l16
[2.347s] [  3%] [34m[1mGenerating C code for ROS interfaces[0m
[2.362s] [  6%] [34m[1mGenerating C++ code for ROS interfaces[0m
[2.378s] [  6%] Built target ament_cmake_python_copy_encoders_interfaces
[2.658s] [  6%] Built target encoders_interfaces__cpp
[2.663s] [  9%] [32mBuilding C object CMakeFiles/encoders_interfaces__rosidl_generator_c.dir/rosidl_generator_c/encoders_interfaces/msg/detail/counter__functions.c.o[0m
[2.672s] running egg_info
[2.673s] [ 16%] [34m[1mGenerating C++ type support dispatch for ROS interfaces[0m
[2.673s] [ 16%] [34m[1mGenerating C++ type support for eProsima Fast-RTPS[0m
[2.673s] [ 19%] [34m[1mGenerating C++ introspection for ROS interfaces[0m
[2.673s] creating encoders_interfaces.egg-info
[2.674s] writing encoders_interfaces.egg-info/PKG-INFO
[2.674s] writing dependency_links to encoders_interfaces.egg-info/dependency_links.txt
[2.674s] writing top-level names to encoders_interfaces.egg-info/top_level.txt
[2.674s] writing manifest file 'encoders_interfaces.egg-info/SOURCES.txt'
[2.677s] reading manifest file 'encoders_interfaces.egg-info/SOURCES.txt'
[2.678s] writing manifest file 'encoders_interfaces.egg-info/SOURCES.txt'
[2.730s] [ 19%] Built target ament_cmake_python_build_encoders_interfaces_egg
[2.736s] [ 22%] [32m[1mLinking C shared library libencoders_interfaces__rosidl_generator_c.so[0m
[2.794s] [ 22%] Built target encoders_interfaces__rosidl_generator_c
[2.810s] [ 32%] [34m[1mGenerating C type support dispatch for ROS interfaces[0m
[2.810s] [ 32%] [34m[1mGenerating C type support for eProsima Fast-RTPS[0m
[2.810s] [ 32%] [34m[1mGenerating C introspection for ROS interfaces[0m
[2.958s] [ 35%] [32mBuilding CXX object CMakeFiles/encoders_interfaces__rosidl_typesupport_cpp.dir/rosidl_typesupport_cpp/encoders_interfaces/msg/counter__type_support.cpp.o[0m
[2.982s] [ 38%] [32mBuilding CXX object CMakeFiles/encoders_interfaces__rosidl_typesupport_fastrtps_cpp.dir/rosidl_typesupport_fastrtps_cpp/encoders_interfaces/msg/detail/dds_fastrtps/counter__type_support.cpp.o[0m
[2.986s] [ 41%] [32mBuilding CXX object CMakeFiles/encoders_interfaces__rosidl_typesupport_introspection_cpp.dir/rosidl_typesupport_introspection_cpp/encoders_interfaces/msg/detail/counter__type_support.cpp.o[0m
[3.122s] [ 45%] [32mBuilding CXX object CMakeFiles/encoders_interfaces__rosidl_typesupport_c.dir/rosidl_typesupport_c/encoders_interfaces/msg/counter__type_support.cpp.o[0m
[3.131s] [ 48%] [32mBuilding CXX object CMakeFiles/encoders_interfaces__rosidl_typesupport_fastrtps_c.dir/rosidl_typesupport_fastrtps_c/encoders_interfaces/msg/detail/counter__type_support_c.cpp.o[0m
[3.143s] [ 51%] [32mBuilding C object CMakeFiles/encoders_interfaces__rosidl_typesupport_introspection_c.dir/rosidl_typesupport_introspection_c/encoders_interfaces/msg/detail/counter__type_support.c.o[0m
[3.169s] [ 54%] [32m[1mLinking CXX shared library libencoders_interfaces__rosidl_typesupport_c.so[0m
[3.193s] [ 58%] [32m[1mLinking C shared library libencoders_interfaces__rosidl_typesupport_introspection_c.so[0m
[3.238s] [ 58%] Built target encoders_interfaces__rosidl_typesupport_c
[3.245s] [ 58%] Built target encoders_interfaces__rosidl_typesupport_introspection_c
[3.322s] [ 61%] [32m[1mLinking CXX shared library libencoders_interfaces__rosidl_typesupport_cpp.so[0m
[3.399s] [ 61%] Built target encoders_interfaces__rosidl_typesupport_cpp
[3.475s] [ 64%] [32m[1mLinking CXX shared library libencoders_interfaces__rosidl_typesupport_introspection_cpp.so[0m
[3.483s] [ 67%] [32m[1mLinking CXX shared library libencoders_interfaces__rosidl_typesupport_fastrtps_cpp.so[0m
[3.538s] [ 67%] Built target encoders_interfaces__rosidl_typesupport_introspection_cpp
[3.556s] [ 70%] [32m[1mLinking CXX shared library libencoders_interfaces__rosidl_typesupport_fastrtps_c.so[0m
[3.614s] [ 70%] Built target encoders_interfaces__rosidl_typesupport_fastrtps_cpp
[3.686s] [ 70%] Built target encoders_interfaces__rosidl_typesupport_fastrtps_c
[3.717s] [ 70%] Built target encoders_interfaces
[3.754s] [ 74%] [34m[1mGenerating Python code for ROS interfaces[0m
[4.117s] [ 74%] Built target encoders_interfaces__py
[4.149s] [ 77%] [32mBuilding C object CMakeFiles/encoders_interfaces__rosidl_generator_py.dir/rosidl_generator_py/encoders_interfaces/msg/_counter_s.c.o[0m
[4.301s] [ 80%] [32m[1mLinking C shared library rosidl_generator_py/encoders_interfaces/libencoders_interfaces__rosidl_generator_py.so[0m
[4.366s] [ 80%] Built target encoders_interfaces__rosidl_generator_py
[4.396s] [ 90%] [32mBuilding C object CMakeFiles/encoders_interfaces__rosidl_typesupport_fastrtps_c__pyext.dir/rosidl_generator_py/encoders_interfaces/_encoders_interfaces_s.ep.rosidl_typesupport_fastrtps_c.c.o[0m
[4.397s] [ 90%] [32mBuilding C object CMakeFiles/encoders_interfaces__rosidl_typesupport_c__pyext.dir/rosidl_generator_py/encoders_interfaces/_encoders_interfaces_s.ep.rosidl_typesupport_c.c.o[0m
[4.397s] [ 90%] [32mBuilding C object CMakeFiles/encoders_interfaces__rosidl_typesupport_introspection_c__pyext.dir/rosidl_generator_py/encoders_interfaces/_encoders_interfaces_s.ep.rosidl_typesupport_introspection_c.c.o[0m
[4.521s] [ 93%] [32m[1mLinking C shared library rosidl_generator_py/encoders_interfaces/encoders_interfaces_s__rosidl_typesupport_c.cpython-310-x86_64-linux-gnu.so[0m
[4.525s] [ 96%] [32m[1mLinking C shared library rosidl_generator_py/encoders_interfaces/encoders_interfaces_s__rosidl_typesupport_introspection_c.cpython-310-x86_64-linux-gnu.so[0m
[4.527s] [100%] [32m[1mLinking C shared library rosidl_generator_py/encoders_interfaces/encoders_interfaces_s__rosidl_typesupport_fastrtps_c.cpython-310-x86_64-linux-gnu.so[0m
[4.573s] [100%] Built target encoders_interfaces__rosidl_typesupport_c__pyext
[4.576s] [100%] Built target encoders_interfaces__rosidl_typesupport_introspection_c__pyext
[4.579s] [100%] Built target encoders_interfaces__rosidl_typesupport_fastrtps_c__pyext
[4.600s] Invoked command in '/home/lukas/ros2_ws/build/encoders_interfaces' returned '0': CMAKE_PREFIX_PATH=/opt/ros/humble /usr/bin/cmake --build /home/lukas/ros2_ws/build/encoders_interfaces -- -j16 -l16
[4.615s] Invoking command in '/home/lukas/ros2_ws/build/encoders_interfaces': CMAKE_PREFIX_PATH=/opt/ros/humble /usr/bin/cmake --install /home/lukas/ros2_ws/build/encoders_interfaces
[4.625s] -- Install configuration: ""
[4.626s] -- Installing: /home/lukas/ros2_ws/install/encoders_interfaces/share/ament_index/resource_index/rosidl_interfaces/encoders_interfaces
[4.626s] -- Installing: /home/lukas/ros2_ws/install/encoders_interfaces/include/encoders_interfaces/encoders_interfaces
[4.626s] -- Installing: /home/lukas/ros2_ws/install/encoders_interfaces/include/encoders_interfaces/encoders_interfaces/msg
[4.626s] -- Installing: /home/lukas/ros2_ws/install/encoders_interfaces/include/encoders_interfaces/encoders_interfaces/msg/counter.h
[4.626s] -- Installing: /home/lukas/ros2_ws/install/encoders_interfaces/include/encoders_interfaces/encoders_interfaces/msg/rosidl_generator_c__visibility_control.h
[4.626s] -- Installing: /home/lukas/ros2_ws/install/encoders_interfaces/include/encoders_interfaces/encoders_interfaces/msg/detail
[4.626s] -- Installing: /home/lukas/ros2_ws/install/encoders_interfaces/include/encoders_interfaces/encoders_interfaces/msg/detail/counter__type_support.h
[4.627s] -- Installing: /home/lukas/ros2_ws/install/encoders_interfaces/include/encoders_interfaces/encoders_interfaces/msg/detail/counter__struct.h
[4.627s] -- Installing: /home/lukas/ros2_ws/install/encoders_interfaces/include/encoders_interfaces/encoders_interfaces/msg/detail/counter__functions.h
[4.627s] -- Installing: /home/lukas/ros2_ws/install/encoders_interfaces/include/encoders_interfaces/encoders_interfaces/msg/detail/counter__functions.c
[4.628s] -- Installing: /home/lukas/ros2_ws/install/encoders_interfaces/share/encoders_interfaces/environment/library_path.sh
[4.628s] -- Installing: /home/lukas/ros2_ws/install/encoders_interfaces/share/encoders_interfaces/environment/library_path.dsv
[4.628s] -- Installing: /home/lukas/ros2_ws/install/encoders_interfaces/lib/libencoders_interfaces__rosidl_generator_c.so
[4.629s] -- Set runtime path of "/home/lukas/ros2_ws/install/encoders_interfaces/lib/libencoders_interfaces__rosidl_generator_c.so" to ""
[4.629s] -- Up-to-date: /home/lukas/ros2_ws/install/encoders_interfaces/include/encoders_interfaces/encoders_interfaces
[4.629s] -- Up-to-date: /home/lukas/ros2_ws/install/encoders_interfaces/include/encoders_interfaces/encoders_interfaces/msg
[4.629s] -- Installing: /home/lukas/ros2_ws/install/encoders_interfaces/include/encoders_interfaces/encoders_interfaces/msg/rosidl_typesupport_fastrtps_c__visibility_control.h
[4.629s] -- Up-to-date: /home/lukas/ros2_ws/install/encoders_interfaces/include/encoders_interfaces/encoders_interfaces/msg/detail
[4.629s] -- Installing: /home/lukas/ros2_ws/install/encoders_interfaces/include/encoders_interfaces/encoders_interfaces/msg/detail/counter__rosidl_typesupport_fastrtps_c.h
[4.630s] -- Installing: /home/lukas/ros2_ws/install/encoders_interfaces/lib/libencoders_interfaces__rosidl_typesupport_fastrtps_c.so
[4.630s] -- Set runtime path of "/home/lukas/ros2_ws/install/encoders_interfaces/lib/libencoders_interfaces__rosidl_typesupport_fastrtps_c.so" to ""
[4.630s] -- Up-to-date: /home/lukas/ros2_ws/install/encoders_interfaces/include/encoders_interfaces/encoders_interfaces
[4.630s] -- Up-to-date: /home/lukas/ros2_ws/install/encoders_interfaces/include/encoders_interfaces/encoders_interfaces/msg
[4.630s] -- Installing: /home/lukas/ros2_ws/install/encoders_interfaces/include/encoders_interfaces/encoders_interfaces/msg/rosidl_typesupport_introspection_c__visibility_control.h
[4.631s] -- Up-to-date: /home/lukas/ros2_ws/install/encoders_interfaces/include/encoders_interfaces/encoders_interfaces/msg/detail
[4.631s] -- Installing: /home/lukas/ros2_ws/install/encoders_interfaces/include/encoders_interfaces/encoders_interfaces/msg/detail/counter__type_support.c
[4.631s] -- Installing: /home/lukas/ros2_ws/install/encoders_interfaces/include/encoders_interfaces/encoders_interfaces/msg/detail/counter__rosidl_typesupport_introspection_c.h
[4.631s] -- Installing: /home/lukas/ros2_ws/install/encoders_interfaces/lib/libencoders_interfaces__rosidl_typesupport_introspection_c.so
[4.632s] -- Set runtime path of "/home/lukas/ros2_ws/install/encoders_interfaces/lib/libencoders_interfaces__rosidl_typesupport_introspection_c.so" to ""
[4.632s] -- Installing: /home/lukas/ros2_ws/install/encoders_interfaces/lib/libencoders_interfaces__rosidl_typesupport_c.so
[4.632s] -- Set runtime path of "/home/lukas/ros2_ws/install/encoders_interfaces/lib/libencoders_interfaces__rosidl_typesupport_c.so" to ""
[4.632s] -- Up-to-date: /home/lukas/ros2_ws/install/encoders_interfaces/include/encoders_interfaces/encoders_interfaces
[4.632s] -- Up-to-date: /home/lukas/ros2_ws/install/encoders_interfaces/include/encoders_interfaces/encoders_interfaces/msg
[4.633s] -- Installing: /home/lukas/ros2_ws/install/encoders_interfaces/include/encoders_interfaces/encoders_interfaces/msg/rosidl_generator_cpp__visibility_control.hpp
[4.633s] -- Installing: /home/lukas/ros2_ws/install/encoders_interfaces/include/encoders_interfaces/encoders_interfaces/msg/counter.hpp
[4.633s] -- Up-to-date: /home/lukas/ros2_ws/install/encoders_interfaces/include/encoders_interfaces/encoders_interfaces/msg/detail
[4.633s] -- Installing: /home/lukas/ros2_ws/install/encoders_interfaces/include/encoders_interfaces/encoders_interfaces/msg/detail/counter__builder.hpp
[4.633s] -- Installing: /home/lukas/ros2_ws/install/encoders_interfaces/include/encoders_interfaces/encoders_interfaces/msg/detail/counter__type_support.hpp
[4.633s] -- Installing: /home/lukas/ros2_ws/install/encoders_interfaces/include/encoders_interfaces/encoders_interfaces/msg/detail/counter__struct.hpp
[4.633s] -- Installing: /home/lukas/ros2_ws/install/encoders_interfaces/include/encoders_interfaces/encoders_interfaces/msg/detail/counter__traits.hpp
[4.634s] -- Up-to-date: /home/lukas/ros2_ws/install/encoders_interfaces/include/encoders_interfaces/encoders_interfaces
[4.634s] -- Up-to-date: /home/lukas/ros2_ws/install/encoders_interfaces/include/encoders_interfaces/encoders_interfaces/msg
[4.634s] -- Installing: /home/lukas/ros2_ws/install/encoders_interfaces/include/encoders_interfaces/encoders_interfaces/msg/rosidl_typesupport_fastrtps_cpp__visibility_control.h
[4.634s] -- Up-to-date: /home/lukas/ros2_ws/install/encoders_interfaces/include/encoders_interfaces/encoders_interfaces/msg/detail
[4.634s] -- Installing: /home/lukas/ros2_ws/install/encoders_interfaces/include/encoders_interfaces/encoders_interfaces/msg/detail/counter__rosidl_typesupport_fastrtps_cpp.hpp
[4.634s] -- Installing: /home/lukas/ros2_ws/install/encoders_interfaces/include/encoders_interfaces/encoders_interfaces/msg/detail/dds_fastrtps
[4.635s] -- Installing: /home/lukas/ros2_ws/install/encoders_interfaces/lib/libencoders_interfaces__rosidl_typesupport_fastrtps_cpp.so
[4.635s] -- Set runtime path of "/home/lukas/ros2_ws/install/encoders_interfaces/lib/libencoders_interfaces__rosidl_typesupport_fastrtps_cpp.so" to ""
[4.635s] -- Up-to-date: /home/lukas/ros2_ws/install/encoders_interfaces/include/encoders_interfaces/encoders_interfaces
[4.635s] -- Up-to-date: /home/lukas/ros2_ws/install/encoders_interfaces/include/encoders_interfaces/encoders_interfaces/msg
[4.636s] -- Up-to-date: /home/lukas/ros2_ws/install/encoders_interfaces/include/encoders_interfaces/encoders_interfaces/msg/detail
[4.636s] -- Installing: /home/lukas/ros2_ws/install/encoders_interfaces/include/encoders_interfaces/encoders_interfaces/msg/detail/counter__rosidl_typesupport_introspection_cpp.hpp
[4.636s] -- Installing: /home/lukas/ros2_ws/install/encoders_interfaces/include/encoders_interfaces/encoders_interfaces/msg/detail/counter__type_support.cpp
[4.636s] -- Installing: /home/lukas/ros2_ws/install/encoders_interfaces/lib/libencoders_interfaces__rosidl_typesupport_introspection_cpp.so
[4.637s] -- Set runtime path of "/home/lukas/ros2_ws/install/encoders_interfaces/lib/libencoders_interfaces__rosidl_typesupport_introspection_cpp.so" to ""
[4.637s] -- Installing: /home/lukas/ros2_ws/install/encoders_interfaces/lib/libencoders_interfaces__rosidl_typesupport_cpp.so
[4.637s] -- Set runtime path of "/home/lukas/ros2_ws/install/encoders_interfaces/lib/libencoders_interfaces__rosidl_typesupport_cpp.so" to ""
[4.638s] -- Installing: /home/lukas/ros2_ws/install/encoders_interfaces/share/encoders_interfaces/environment/pythonpath.sh
[4.638s] -- Installing: /home/lukas/ros2_ws/install/encoders_interfaces/share/encoders_interfaces/environment/pythonpath.dsv
[4.638s] -- Installing: /home/lukas/ros2_ws/install/encoders_interfaces/local/lib/python3.10/dist-packages/encoders_interfaces-0.0.0-py3.10.egg-info
[4.638s] -- Installing: /home/lukas/ros2_ws/install/encoders_interfaces/local/lib/python3.10/dist-packages/encoders_interfaces-0.0.0-py3.10.egg-info/top_level.txt
[4.638s] -- Installing: /home/lukas/ros2_ws/install/encoders_interfaces/local/lib/python3.10/dist-packages/encoders_interfaces-0.0.0-py3.10.egg-info/SOURCES.txt
[4.638s] -- Installing: /home/lukas/ros2_ws/install/encoders_interfaces/local/lib/python3.10/dist-packages/encoders_interfaces-0.0.0-py3.10.egg-info/dependency_links.txt
[4.639s] -- Installing: /home/lukas/ros2_ws/install/encoders_interfaces/local/lib/python3.10/dist-packages/encoders_interfaces-0.0.0-py3.10.egg-info/PKG-INFO
[4.639s] -- Installing: /home/lukas/ros2_ws/install/encoders_interfaces/local/lib/python3.10/dist-packages/encoders_interfaces
[4.639s] -- Installing: /home/lukas/ros2_ws/install/encoders_interfaces/local/lib/python3.10/dist-packages/encoders_interfaces/encoders_interfaces_s__rosidl_typesupport_c.cpython-310-x86_64-linux-gnu.so
[4.639s] -- Installing: /home/lukas/ros2_ws/install/encoders_interfaces/local/lib/python3.10/dist-packages/encoders_interfaces/msg
[4.639s] -- Installing: /home/lukas/ros2_ws/install/encoders_interfaces/local/lib/python3.10/dist-packages/encoders_interfaces/msg/_counter.py
[4.640s] -- Installing: /home/lukas/ros2_ws/install/encoders_interfaces/local/lib/python3.10/dist-packages/encoders_interfaces/msg/__init__.py
[4.640s] -- Installing: /home/lukas/ros2_ws/install/encoders_interfaces/local/lib/python3.10/dist-packages/encoders_interfaces/msg/_counter_s.c
[4.640s] -- Installing: /home/lukas/ros2_ws/install/encoders_interfaces/local/lib/python3.10/dist-packages/encoders_interfaces/encoders_interfaces_s__rosidl_typesupport_fastrtps_c.cpython-310-x86_64-linux-gnu.so
[4.640s] -- Installing: /home/lukas/ros2_ws/install/encoders_interfaces/local/lib/python3.10/dist-packages/encoders_interfaces/_encoders_interfaces_s.ep.rosidl_typesupport_introspection_c.c
[4.640s] -- Installing: /home/lukas/ros2_ws/install/encoders_interfaces/local/lib/python3.10/dist-packages/encoders_interfaces/__init__.py
[4.641s] -- Installing: /home/lukas/ros2_ws/install/encoders_interfaces/local/lib/python3.10/dist-packages/encoders_interfaces/_encoders_interfaces_s.ep.rosidl_typesupport_c.c
[4.641s] -- Installing: /home/lukas/ros2_ws/install/encoders_interfaces/local/lib/python3.10/dist-packages/encoders_interfaces/encoders_interfaces_s__rosidl_typesupport_introspection_c.cpython-310-x86_64-linux-gnu.so
[4.641s] -- Installing: /home/lukas/ros2_ws/install/encoders_interfaces/local/lib/python3.10/dist-packages/encoders_interfaces/libencoders_interfaces__rosidl_generator_py.so
[4.641s] -- Installing: /home/lukas/ros2_ws/install/encoders_interfaces/local/lib/python3.10/dist-packages/encoders_interfaces/_encoders_interfaces_s.ep.rosidl_typesupport_fastrtps_c.c
[4.685s] Listing '/home/lukas/ros2_ws/install/encoders_interfaces/local/lib/python3.10/dist-packages/encoders_interfaces'...
[4.685s] Compiling '/home/lukas/ros2_ws/install/encoders_interfaces/local/lib/python3.10/dist-packages/encoders_interfaces/__init__.py'...
[4.686s] Listing '/home/lukas/ros2_ws/install/encoders_interfaces/local/lib/python3.10/dist-packages/encoders_interfaces/msg'...
[4.686s] Compiling '/home/lukas/ros2_ws/install/encoders_interfaces/local/lib/python3.10/dist-packages/encoders_interfaces/msg/__init__.py'...
[4.686s] Compiling '/home/lukas/ros2_ws/install/encoders_interfaces/local/lib/python3.10/dist-packages/encoders_interfaces/msg/_counter.py'...
[4.694s] -- Installing: /home/lukas/ros2_ws/install/encoders_interfaces/local/lib/python3.10/dist-packages/encoders_interfaces/encoders_interfaces_s__rosidl_typesupport_fastrtps_c.cpython-310-x86_64-linux-gnu.so
[4.695s] -- Set runtime path of "/home/lukas/ros2_ws/install/encoders_interfaces/local/lib/python3.10/dist-packages/encoders_interfaces/encoders_interfaces_s__rosidl_typesupport_fastrtps_c.cpython-310-x86_64-linux-gnu.so" to ""
[4.695s] -- Installing: /home/lukas/ros2_ws/install/encoders_interfaces/local/lib/python3.10/dist-packages/encoders_interfaces/encoders_interfaces_s__rosidl_typesupport_introspection_c.cpython-310-x86_64-linux-gnu.so
[4.696s] -- Set runtime path of "/home/lukas/ros2_ws/install/encoders_interfaces/local/lib/python3.10/dist-packages/encoders_interfaces/encoders_interfaces_s__rosidl_typesupport_introspection_c.cpython-310-x86_64-linux-gnu.so" to ""
[4.696s] -- Installing: /home/lukas/ros2_ws/install/encoders_interfaces/local/lib/python3.10/dist-packages/encoders_interfaces/encoders_interfaces_s__rosidl_typesupport_c.cpython-310-x86_64-linux-gnu.so
[4.697s] -- Set runtime path of "/home/lukas/ros2_ws/install/encoders_interfaces/local/lib/python3.10/dist-packages/encoders_interfaces/encoders_interfaces_s__rosidl_typesupport_c.cpython-310-x86_64-linux-gnu.so" to ""
[4.697s] -- Installing: /home/lukas/ros2_ws/install/encoders_interfaces/lib/libencoders_interfaces__rosidl_generator_py.so
[4.698s] -- Set runtime path of "/home/lukas/ros2_ws/install/encoders_interfaces/lib/libencoders_interfaces__rosidl_generator_py.so" to ""
[4.698s] -- Installing: /home/lukas/ros2_ws/install/encoders_interfaces/share/encoders_interfaces/msg/Counter.idl
[4.698s] -- Installing: /home/lukas/ros2_ws/install/encoders_interfaces/share/encoders_interfaces/msg/Counter.msg
[4.698s] -- Installing: /home/lukas/ros2_ws/install/encoders_interfaces/share/ament_index/resource_index/package_run_dependencies/encoders_interfaces
[4.699s] -- Installing: /home/lukas/ros2_ws/install/encoders_interfaces/share/ament_index/resource_index/parent_prefix_path/encoders_interfaces
[4.699s] -- Installing: /home/lukas/ros2_ws/install/encoders_interfaces/share/encoders_interfaces/environment/ament_prefix_path.sh
[4.699s] -- Installing: /home/lukas/ros2_ws/install/encoders_interfaces/share/encoders_interfaces/environment/ament_prefix_path.dsv
[4.699s] -- Installing: /home/lukas/ros2_ws/install/encoders_interfaces/share/encoders_interfaces/environment/path.sh
[4.699s] -- Installing: /home/lukas/ros2_ws/install/encoders_interfaces/share/encoders_interfaces/environment/path.dsv
[4.700s] -- Installing: /home/lukas/ros2_ws/install/encoders_interfaces/share/encoders_interfaces/local_setup.bash
[4.700s] -- Installing: /home/lukas/ros2_ws/install/encoders_interfaces/share/encoders_interfaces/local_setup.sh
[4.700s] -- Installing: /home/lukas/ros2_ws/install/encoders_interfaces/share/encoders_interfaces/local_setup.zsh
[4.700s] -- Installing: /home/lukas/ros2_ws/install/encoders_interfaces/share/encoders_interfaces/local_setup.dsv
[4.701s] -- Installing: /home/lukas/ros2_ws/install/encoders_interfaces/share/encoders_interfaces/package.dsv
[4.701s] -- Installing: /home/lukas/ros2_ws/install/encoders_interfaces/share/ament_index/resource_index/packages/encoders_interfaces
[4.701s] -- Installing: /home/lukas/ros2_ws/install/encoders_interfaces/share/encoders_interfaces/cmake/export_encoders_interfaces__rosidl_generator_cExport.cmake
[4.702s] -- Installing: /home/lukas/ros2_ws/install/encoders_interfaces/share/encoders_interfaces/cmake/export_encoders_interfaces__rosidl_generator_cExport-noconfig.cmake
[4.702s] -- Installing: /home/lukas/ros2_ws/install/encoders_interfaces/share/encoders_interfaces/cmake/export_encoders_interfaces__rosidl_typesupport_fastrtps_cExport.cmake
[4.702s] -- Installing: /home/lukas/ros2_ws/install/encoders_interfaces/share/encoders_interfaces/cmake/export_encoders_interfaces__rosidl_typesupport_fastrtps_cExport-noconfig.cmake
[4.702s] -- Installing: /home/lukas/ros2_ws/install/encoders_interfaces/share/encoders_interfaces/cmake/encoders_interfaces__rosidl_typesupport_introspection_cExport.cmake
[4.702s] -- Installing: /home/lukas/ros2_ws/install/encoders_interfaces/share/encoders_interfaces/cmake/encoders_interfaces__rosidl_typesupport_introspection_cExport-noconfig.cmake
[4.703s] -- Installing: /home/lukas/ros2_ws/install/encoders_interfaces/share/encoders_interfaces/cmake/encoders_interfaces__rosidl_typesupport_cExport.cmake
[4.703s] -- Installing: /home/lukas/ros2_ws/install/encoders_interfaces/share/encoders_interfaces/cmake/encoders_interfaces__rosidl_typesupport_cExport-noconfig.cmake
[4.703s] -- Installing: /home/lukas/ros2_ws/install/encoders_interfaces/share/encoders_interfaces/cmake/export_encoders_interfaces__rosidl_generator_cppExport.cmake
[4.703s] -- Installing: /home/lukas/ros2_ws/install/encoders_interfaces/share/encoders_interfaces/cmake/export_encoders_interfaces__rosidl_typesupport_fastrtps_cppExport.cmake
[4.704s] -- Installing: /home/lukas/ros2_ws/install/encoders_interfaces/share/encoders_interfaces/cmake/export_encoders_interfaces__rosidl_typesupport_fastrtps_cppExport-noconfig.cmake
[4.704s] -- Installing: /home/lukas/ros2_ws/install/encoders_interfaces/share/encoders_interfaces/cmake/encoders_interfaces__rosidl_typesupport_introspection_cppExport.cmake
[4.704s] -- Installing: /home/lukas/ros2_ws/install/encoders_interfaces/share/encoders_interfaces/cmake/encoders_interfaces__rosidl_typesupport_introspection_cppExport-noconfig.cmake
[4.704s] -- Installing: /home/lukas/ros2_ws/install/encoders_interfaces/share/encoders_interfaces/cmake/encoders_interfaces__rosidl_typesupport_cppExport.cmake
[4.705s] -- Installing: /home/lukas/ros2_ws/install/encoders_interfaces/share/encoders_interfaces/cmake/encoders_interfaces__rosidl_typesupport_cppExport-noconfig.cmake
[4.705s] -- Installing: /home/lukas/ros2_ws/install/encoders_interfaces/share/encoders_interfaces/cmake/export_encoders_interfaces__rosidl_generator_pyExport.cmake
[4.705s] -- Installing: /home/lukas/ros2_ws/install/encoders_interfaces/share/encoders_interfaces/cmake/export_encoders_interfaces__rosidl_generator_pyExport-noconfig.cmake
[4.705s] -- Installing: /home/lukas/ros2_ws/install/encoders_interfaces/share/encoders_interfaces/cmake/rosidl_cmake-extras.cmake
[4.706s] -- Installing: /home/lukas/ros2_ws/install/encoders_interfaces/share/encoders_interfaces/cmake/ament_cmake_export_include_directories-extras.cmake
[4.706s] -- Installing: /home/lukas/ros2_ws/install/encoders_interfaces/share/encoders_interfaces/cmake/ament_cmake_export_libraries-extras.cmake
[4.706s] -- Installing: /home/lukas/ros2_ws/install/encoders_interfaces/share/encoders_interfaces/cmake/ament_cmake_export_targets-extras.cmake
[4.706s] -- Installing: /home/lukas/ros2_ws/install/encoders_interfaces/share/encoders_interfaces/cmake/rosidl_cmake_export_typesupport_targets-extras.cmake
[4.707s] -- Installing: /home/lukas/ros2_ws/install/encoders_interfaces/share/encoders_interfaces/cmake/ament_cmake_export_dependencies-extras.cmake
[4.707s] -- Installing: /home/lukas/ros2_ws/install/encoders_interfaces/share/encoders_interfaces/cmake/rosidl_cmake_export_typesupport_libraries-extras.cmake
[4.707s] -- Installing: /home/lukas/ros2_ws/install/encoders_interfaces/share/encoders_interfaces/cmake/encoders_interfacesConfig.cmake
[4.707s] -- Installing: /home/lukas/ros2_ws/install/encoders_interfaces/share/encoders_interfaces/cmake/encoders_interfacesConfig-version.cmake
[4.707s] -- Installing: /home/lukas/ros2_ws/install/encoders_interfaces/share/encoders_interfaces/package.xml
[4.713s] Invoked command in '/home/lukas/ros2_ws/build/encoders_interfaces' returned '0': CMAKE_PREFIX_PATH=/opt/ros/humble /usr/bin/cmake --install /home/lukas/ros2_ws/build/encoders_interfaces
