[0.770s] Invoking command in '/home/lukas/ros2_ws/src/IAS0220_252062IV': PYTHONPATH=/home/lukas/ros2_ws/build/IAS0220_252062IV/prefix_override:/usr/lib/python3/dist-packages/colcon_core/task/python/colcon_distutils_commands:/home/lukas/ros2_ws/install/IAS0220_252062IV/lib/python3.10/site-packages:${PYTHONPATH} /usr/bin/python3 -W ignore:setup.py install is deprecated -W ignore:easy_install command is deprecated setup.py egg_info --egg-base ../../build/IAS0220_252062IV build --build-base /home/lukas/ros2_ws/build/IAS0220_252062IV/build install --record /home/lukas/ros2_ws/build/IAS0220_252062IV/install.log --single-version-externally-managed install_data
[1.060s] running egg_info
[1.061s] writing ../../build/IAS0220_252062IV/IAS0220_252062IV.egg-info/PKG-INFO
[1.062s] writing dependency_links to ../../build/IAS0220_252062IV/IAS0220_252062IV.egg-info/dependency_links.txt
[1.062s] writing entry points to ../../build/IAS0220_252062IV/IAS0220_252062IV.egg-info/entry_points.txt
[1.062s] writing requirements to ../../build/IAS0220_252062IV/IAS0220_252062IV.egg-info/requires.txt
[1.062s] writing top-level names to ../../build/IAS0220_252062IV/IAS0220_252062IV.egg-info/top_level.txt
[1.064s] reading manifest file '../../build/IAS0220_252062IV/IAS0220_252062IV.egg-info/SOURCES.txt'
[1.065s] adding license file 'LICENSE'
[1.066s] writing manifest file '../../build/IAS0220_252062IV/IAS0220_252062IV.egg-info/SOURCES.txt'
[1.066s] running build
[1.066s] running build_py
[1.067s] running install
[1.067s] running install_lib
[1.069s] running install_data
[1.069s] running install_egg_info
[1.074s] removing '/home/lukas/ros2_ws/install/IAS0220_252062IV/lib/python3.10/site-packages/IAS0220_252062IV-0.0.0-py3.10.egg-info' (and everything under it)
[1.074s] Copying ../../build/IAS0220_252062IV/IAS0220_252062IV.egg-info to /home/lukas/ros2_ws/install/IAS0220_252062IV/lib/python3.10/site-packages/IAS0220_252062IV-0.0.0-py3.10.egg-info
[1.075s] running install_scripts
[1.100s] Installing odometry script to /home/lukas/ros2_ws/install/IAS0220_252062IV/lib/IAS0220_252062IV
[1.100s] Installing position_calculator script to /home/lukas/ros2_ws/install/IAS0220_252062IV/lib/IAS0220_252062IV
[1.100s] Installing random_walker script to /home/lukas/ros2_ws/install/IAS0220_252062IV/lib/IAS0220_252062IV
[1.100s] Installing steering_node script to /home/lukas/ros2_ws/install/IAS0220_252062IV/lib/IAS0220_252062IV
[1.101s] writing list of installed files to '/home/lukas/ros2_ws/build/IAS0220_252062IV/install.log'
[1.141s] Invoked command in '/home/lukas/ros2_ws/src/IAS0220_252062IV' returned '0': PYTHONPATH=/home/lukas/ros2_ws/build/IAS0220_252062IV/prefix_override:/usr/lib/python3/dist-packages/colcon_core/task/python/colcon_distutils_commands:/home/lukas/ros2_ws/install/IAS0220_252062IV/lib/python3.10/site-packages:${PYTHONPATH} /usr/bin/python3 -W ignore:setup.py install is deprecated -W ignore:easy_install command is deprecated setup.py egg_info --egg-base ../../build/IAS0220_252062IV build --build-base /home/lukas/ros2_ws/build/IAS0220_252062IV/build install --record /home/lukas/ros2_ws/build/IAS0220_252062IV/install.log --single-version-externally-managed install_data
