[0.492s] Invoking command in '/home/lukas/ros2_ws/src/IAS0220_Task4_Template-main/Task4_template/encoders_pkg': CMAKE_PREFIX_PATH=/home/lukas/ros2_ws/install/encoders_interfaces:/home/lukas/ros2_ws/install/transform_frame PYTHONPATH=/home/lukas/ros2_ws/build/encoders_pkg/prefix_override:/usr/lib/python3/dist-packages/colcon_core/task/python/colcon_distutils_commands:/home/lukas/ros2_ws/install/encoders_pkg/lib/python3.10/site-packages:${PYTHONPATH} /usr/bin/python3 -W ignore:setup.py install is deprecated -W ignore:easy_install command is deprecated setup.py egg_info --egg-base ../../../../build/encoders_pkg build --build-base /home/lukas/ros2_ws/build/encoders_pkg/build install --record /home/lukas/ros2_ws/build/encoders_pkg/install.log --single-version-externally-managed install_data
[0.676s] running egg_info
[0.676s] creating ../../../../build/encoders_pkg/encoders_pkg.egg-info
[0.677s] writing ../../../../build/encoders_pkg/encoders_pkg.egg-info/PKG-INFO
[0.677s] writing dependency_links to ../../../../build/encoders_pkg/encoders_pkg.egg-info/dependency_links.txt
[0.677s] writing entry points to ../../../../build/encoders_pkg/encoders_pkg.egg-info/entry_points.txt
[0.677s] writing requirements to ../../../../build/encoders_pkg/encoders_pkg.egg-info/requires.txt
[0.677s] writing top-level names to ../../../../build/encoders_pkg/encoders_pkg.egg-info/top_level.txt
[0.677s] writing manifest file '../../../../build/encoders_pkg/encoders_pkg.egg-info/SOURCES.txt'
[0.679s] reading manifest file '../../../../build/encoders_pkg/encoders_pkg.egg-info/SOURCES.txt'
[0.680s] writing manifest file '../../../../build/encoders_pkg/encoders_pkg.egg-info/SOURCES.txt'
[0.681s] running build
[0.681s] running build_py
[0.681s] creating /home/lukas/ros2_ws/build/encoders_pkg/build
[0.681s] creating /home/lukas/ros2_ws/build/encoders_pkg/build/lib
[0.681s] creating /home/lukas/ros2_ws/build/encoders_pkg/build/lib/encoders_pkg
[0.681s] copying encoders_pkg/encoders.py -> /home/lukas/ros2_ws/build/encoders_pkg/build/lib/encoders_pkg
[0.681s] copying encoders_pkg/__init__.py -> /home/lukas/ros2_ws/build/encoders_pkg/build/lib/encoders_pkg
[0.681s] running install
[0.682s] running install_lib
[0.683s] creating /home/lukas/ros2_ws/install/encoders_pkg/lib/python3.10/site-packages/encoders_pkg
[0.683s] copying /home/lukas/ros2_ws/build/encoders_pkg/build/lib/encoders_pkg/encoders.py -> /home/lukas/ros2_ws/install/encoders_pkg/lib/python3.10/site-packages/encoders_pkg
[0.685s] copying /home/lukas/ros2_ws/build/encoders_pkg/build/lib/encoders_pkg/__init__.py -> /home/lukas/ros2_ws/install/encoders_pkg/lib/python3.10/site-packages/encoders_pkg
[0.685s] byte-compiling /home/lukas/ros2_ws/install/encoders_pkg/lib/python3.10/site-packages/encoders_pkg/encoders.py to encoders.cpython-310.pyc
[0.686s] byte-compiling /home/lukas/ros2_ws/install/encoders_pkg/lib/python3.10/site-packages/encoders_pkg/__init__.py to __init__.cpython-310.pyc
[0.686s] running install_data
[0.687s] creating /home/lukas/ros2_ws/install/encoders_pkg/share/ament_index
[0.687s] creating /home/lukas/ros2_ws/install/encoders_pkg/share/ament_index/resource_index
[0.687s] creating /home/lukas/ros2_ws/install/encoders_pkg/share/ament_index/resource_index/packages
[0.687s] copying resource/encoders_pkg -> /home/lukas/ros2_ws/install/encoders_pkg/share/ament_index/resource_index/packages
[0.687s] copying package.xml -> /home/lukas/ros2_ws/install/encoders_pkg/share/encoders_pkg
[0.687s] creating /home/lukas/ros2_ws/install/encoders_pkg/share/encoders_pkg/config
[0.687s] copying config/encoders_params.yaml -> /home/lukas/ros2_ws/install/encoders_pkg/share/encoders_pkg/config
[0.687s] running install_egg_info
[0.689s] Copying ../../../../build/encoders_pkg/encoders_pkg.egg-info to /home/lukas/ros2_ws/install/encoders_pkg/lib/python3.10/site-packages/encoders_pkg-0.0.0-py3.10.egg-info
[0.689s] running install_scripts
[0.708s] Installing encoders_node script to /home/lukas/ros2_ws/install/encoders_pkg/lib/encoders_pkg
[0.708s] writing list of installed files to '/home/lukas/ros2_ws/build/encoders_pkg/install.log'
[0.749s] Invoked command in '/home/lukas/ros2_ws/src/IAS0220_Task4_Template-main/Task4_template/encoders_pkg' returned '0': CMAKE_PREFIX_PATH=/home/lukas/ros2_ws/install/encoders_interfaces:/home/lukas/ros2_ws/install/transform_frame PYTHONPATH=/home/lukas/ros2_ws/build/encoders_pkg/prefix_override:/usr/lib/python3/dist-packages/colcon_core/task/python/colcon_distutils_commands:/home/lukas/ros2_ws/install/encoders_pkg/lib/python3.10/site-packages:${PYTHONPATH} /usr/bin/python3 -W ignore:setup.py install is deprecated -W ignore:easy_install command is deprecated setup.py egg_info --egg-base ../../../../build/encoders_pkg build --build-base /home/lukas/ros2_ws/build/encoders_pkg/build install --record /home/lukas/ros2_ws/build/encoders_pkg/install.log --single-version-externally-managed install_data
