[0.020s] Invoking command in '/home/lukas/ros2_ws/build/encoders_interfaces': CMAKE_PREFIX_PATH=${CMAKE_PREFIX_PATH}:/home/lukas/ros2_ws/install/setup_gazebo_ias0220:/home/lukas/ros2_ws/install/encoders_pkg:/home/lukas/ros2_ws/install/IAS0220_252062IV:/opt/ros/humble /usr/bin/cmake /home/lukas/ros2_ws/src/IAS0220_Task4_Template-main/Task4_template/encoders_interfaces -DCMAKE_INSTALL_PREFIX=/home/lukas/ros2_ws/install/encoders_interfaces
[0.440s] -- The C compiler identification is GNU 11.4.0
[0.440s] -- The CXX compiler identification is GNU 11.4.0
[0.440s] -- Detecting C compiler ABI info
[0.440s] -- Detecting C compiler ABI info - done
[0.440s] -- Check for working C compiler: /usr/bin/cc - skipped
[0.440s] -- Detecting C compile features
[0.440s] -- Detecting C compile features - done
[0.440s] -- Detecting CXX compiler ABI info
[0.440s] -- Detecting CXX compiler ABI info - done
[0.440s] -- Check for working CXX compiler: /usr/bin/c++ - skipped
[0.441s] -- Detecting CXX compile features
[0.441s] -- Detecting CXX compile features - done
[0.441s] -- Found ament_cmake: 1.3.12 (/opt/ros/humble/share/ament_cmake/cmake)
[0.444s] -- Found Python3: /usr/bin/python3 (found version "3.10.12") found components: Interpreter 
[0.536s] -- Found rosidl_default_generators: 1.2.0 (/opt/ros/humble/share/rosidl_default_generators/cmake)
[0.539s] -- Using all available rosidl_typesupport_c: rosidl_typesupport_fastrtps_c;rosidl_typesupport_introspection_c
[0.545s] -- Found rosidl_adapter: 3.1.7 (/opt/ros/humble/share/rosidl_adapter/cmake)
[0.581s] -- Using all available rosidl_typesupport_cpp: rosidl_typesupport_fastrtps_cpp;rosidl_typesupport_introspection_cpp
[0.841s] -- Found ament_cmake_ros: 0.10.0 (/opt/ros/humble/share/ament_cmake_ros/cmake)
[1.039s] -- Using all available rosidl_typesupport_c: rosidl_typesupport_fastrtps_c;rosidl_typesupport_introspection_c
[1.255s] -- Using all available rosidl_typesupport_cpp: rosidl_typesupport_fastrtps_cpp;rosidl_typesupport_introspection_cpp
[1.276s] -- Found PythonInterp: /usr/bin/python3 (found suitable version "3.10.12", minimum required is "3.6") 
[1.278s] -- Found python_cmake_module: 0.10.0 (/opt/ros/humble/share/python_cmake_module/cmake)
[1.302s] -- Found PythonLibs: /usr/lib/x86_64-linux-gnu/libpython3.10.so (found suitable version "3.10.12", minimum required is "3.5") 
[1.302s] -- Using PYTHON_EXECUTABLE: /usr/bin/python3
[1.303s] -- Using PYTHON_INCLUDE_DIRS: /usr/include/python3.10
[1.303s] -- Using PYTHON_LIBRARIES: /usr/lib/x86_64-linux-gnu/libpython3.10.so
[1.324s] -- Found PythonExtra: .so  
[1.356s] -- Found ament_lint_auto: 0.12.14 (/opt/ros/humble/share/ament_lint_auto/cmake)
[1.376s] -- Added test 'lint_cmake' to check CMake code style
[1.377s] -- Added test 'xmllint' to check XML markup files
[1.380s] -- Configuring done
[1.420s] -- Generating done
[1.434s] -- Build files have been written to: /home/lukas/ros2_ws/build/encoders_interfaces
[1.443s] Invoked command in '/home/lukas/ros2_ws/build/encoders_interfaces' returned '0': CMAKE_PREFIX_PATH=${CMAKE_PREFIX_PATH}:/home/lukas/ros2_ws/install/setup_gazebo_ias0220:/home/lukas/ros2_ws/install/encoders_pkg:/home/lukas/ros2_ws/install/IAS0220_252062IV:/opt/ros/humble /usr/bin/cmake /home/lukas/ros2_ws/src/IAS0220_Task4_Template-main/Task4_template/encoders_interfaces -DCMAKE_INSTALL_PREFIX=/home/lukas/ros2_ws/install/encoders_interfaces
[1.445s] Invoking command in '/home/lukas/ros2_ws/build/encoders_interfaces': CMAKE_PREFIX_PATH=${CMAKE_PREFIX_PATH}:/home/lukas/ros2_ws/install/setup_gazebo_ias0220:/home/lukas/ros2_ws/install/encoders_pkg:/home/lukas/ros2_ws/install/IAS0220_252062IV:/opt/ros/humble /usr/bin/cmake --build /home/lukas/ros2_ws/build/encoders_interfaces -- -j16 -l16
[1.487s] [  3%] [34m[1mGenerating C code for ROS interfaces[0m
[1.500s] [  6%] [34m[1mGenerating C++ code for ROS interfaces[0m
[1.510s] [  6%] Built target ament_cmake_python_copy_encoders_interfaces
[1.770s] running egg_info
[1.771s] creating encoders_interfaces.egg-info
[1.772s] writing encoders_interfaces.egg-info/PKG-INFO
[1.772s] writing dependency_links to encoders_interfaces.egg-info/dependency_links.txt
[1.772s] writing top-level names to encoders_interfaces.egg-info/top_level.txt
[1.772s] writing manifest file 'encoders_interfaces.egg-info/SOURCES.txt'
[1.775s] reading manifest file 'encoders_interfaces.egg-info/SOURCES.txt'
[1.775s] writing manifest file 'encoders_interfaces.egg-info/SOURCES.txt'
[1.778s] [  9%] [32mBuilding C object CMakeFiles/encoders_interfaces__rosidl_generator_c.dir/rosidl_generator_c/encoders_interfaces/msg/detail/counter__functions.c.o[0m
[1.799s] [  9%] Built target encoders_interfaces__cpp
[1.812s] [ 12%] [34m[1mGenerating C++ type support dispatch for ROS interfaces[0m
[1.812s] [ 16%] [34m[1mGenerating C++ type support for eProsima Fast-RTPS[0m
[1.813s] [ 19%] [34m[1mGenerating C++ introspection for ROS interfaces[0m
[1.837s] [ 22%] [32m[1mLinking C shared library libencoders_interfaces__rosidl_generator_c.so[0m
[1.838s] [ 22%] Built target ament_cmake_python_build_encoders_interfaces_egg
[1.901s] [ 22%] Built target encoders_interfaces__rosidl_generator_c
[1.916s] [ 32%] [34m[1mGenerating C type support dispatch for ROS interfaces[0m
[1.916s] [ 32%] [34m[1mGenerating C type support for eProsima Fast-RTPS[0m
[1.916s] [ 32%] [34m[1mGenerating C introspection for ROS interfaces[0m
[2.083s] [ 35%] [32mBuilding CXX object CMakeFiles/encoders_interfaces__rosidl_typesupport_cpp.dir/rosidl_typesupport_cpp/encoders_interfaces/msg/counter__type_support.cpp.o[0m
[2.104s] [ 38%] [32mBuilding CXX object CMakeFiles/encoders_interfaces__rosidl_typesupport_introspection_cpp.dir/rosidl_typesupport_introspection_cpp/encoders_interfaces/msg/detail/counter__type_support.cpp.o[0m
[2.175s] [ 41%] [32mBuilding CXX object CMakeFiles/encoders_interfaces__rosidl_typesupport_fastrtps_cpp.dir/rosidl_typesupport_fastrtps_cpp/encoders_interfaces/msg/detail/dds_fastrtps/counter__type_support.cpp.o[0m
[2.242s] [ 45%] [32mBuilding C object CMakeFiles/encoders_interfaces__rosidl_typesupport_introspection_c.dir/rosidl_typesupport_introspection_c/encoders_interfaces/msg/detail/counter__type_support.c.o[0m
[2.249s] [ 48%] [32mBuilding CXX object CMakeFiles/encoders_interfaces__rosidl_typesupport_fastrtps_c.dir/rosidl_typesupport_fastrtps_c/encoders_interfaces/msg/detail/counter__type_support_c.cpp.o[0m
[2.253s] [ 51%] [32mBuilding CXX object CMakeFiles/encoders_interfaces__rosidl_typesupport_c.dir/rosidl_typesupport_c/encoders_interfaces/msg/counter__type_support.cpp.o[0m
[2.283s] [ 54%] [32m[1mLinking C shared library libencoders_interfaces__rosidl_typesupport_introspection_c.so[0m
[2.289s] [ 58%] [32m[1mLinking CXX shared library libencoders_interfaces__rosidl_typesupport_c.so[0m
[2.322s] [ 58%] Built target encoders_interfaces__rosidl_typesupport_introspection_c
[2.354s] [ 58%] Built target encoders_interfaces__rosidl_typesupport_c
[2.386s] [ 61%] [32m[1mLinking CXX shared library libencoders_interfaces__rosidl_typesupport_cpp.so[0m
[2.441s] [ 61%] Built target encoders_interfaces__rosidl_typesupport_cpp
[2.517s] [ 64%] [32m[1mLinking CXX shared library libencoders_interfaces__rosidl_typesupport_introspection_cpp.so[0m
[2.567s] [ 64%] Built target encoders_interfaces__rosidl_typesupport_introspection_cpp
[2.591s] [ 67%] [32m[1mLinking CXX shared library libencoders_interfaces__rosidl_typesupport_fastrtps_c.so[0m
[2.600s] [ 70%] [32m[1mLinking CXX shared library libencoders_interfaces__rosidl_typesupport_fastrtps_cpp.so[0m
[2.703s] [ 70%] Built target encoders_interfaces__rosidl_typesupport_fastrtps_c
[2.710s] [ 70%] Built target encoders_interfaces__rosidl_typesupport_fastrtps_cpp
[2.733s] [ 70%] Built target encoders_interfaces
[2.756s] [ 74%] [34m[1mGenerating Python code for ROS interfaces[0m
[2.985s] [ 74%] Built target encoders_interfaces__py
[3.008s] [ 77%] [32mBuilding C object CMakeFiles/encoders_interfaces__rosidl_generator_py.dir/rosidl_generator_py/encoders_interfaces/msg/_counter_s.c.o[0m
[3.091s] [ 80%] [32m[1mLinking C shared library rosidl_generator_py/encoders_interfaces/libencoders_interfaces__rosidl_generator_py.so[0m
[3.134s] [ 80%] Built target encoders_interfaces__rosidl_generator_py
[3.156s] [ 87%] [32mBuilding C object CMakeFiles/encoders_interfaces__rosidl_typesupport_fastrtps_c__pyext.dir/rosidl_generator_py/encoders_interfaces/_encoders_interfaces_s.ep.rosidl_typesupport_fastrtps_c.c.o[0m
[3.156s] [ 87%] [32mBuilding C object CMakeFiles/encoders_interfaces__rosidl_typesupport_introspection_c__pyext.dir/rosidl_generator_py/encoders_interfaces/_encoders_interfaces_s.ep.rosidl_typesupport_introspection_c.c.o[0m
[3.156s] [ 90%] [32mBuilding C object CMakeFiles/encoders_interfaces__rosidl_typesupport_c__pyext.dir/rosidl_generator_py/encoders_interfaces/_encoders_interfaces_s.ep.rosidl_typesupport_c.c.o[0m
[3.238s] [ 96%] [32m[1mLinking C shared library rosidl_generator_py/encoders_interfaces/encoders_interfaces_s__rosidl_typesupport_introspection_c.cpython-310-x86_64-linux-gnu.so[0m
[3.238s] [ 96%] [32m[1mLinking C shared library rosidl_generator_py/encoders_interfaces/encoders_interfaces_s__rosidl_typesupport_c.cpython-310-x86_64-linux-gnu.so[0m
[3.242s] [100%] [32m[1mLinking C shared library rosidl_generator_py/encoders_interfaces/encoders_interfaces_s__rosidl_typesupport_fastrtps_c.cpython-310-x86_64-linux-gnu.so[0m
[3.272s] [100%] Built target encoders_interfaces__rosidl_typesupport_introspection_c__pyext
[3.272s] [100%] Built target encoders_interfaces__rosidl_typesupport_c__pyext
[3.279s] [100%] Built target encoders_interfaces__rosidl_typesupport_fastrtps_c__pyext
[3.294s] Invoked command in '/home/lukas/ros2_ws/build/encoders_interfaces' returned '0': CMAKE_PREFIX_PATH=${CMAKE_PREFIX_PATH}:/home/lukas/ros2_ws/install/setup_gazebo_ias0220:/home/lukas/ros2_ws/install/encoders_pkg:/home/lukas/ros2_ws/install/IAS0220_252062IV:/opt/ros/humble /usr/bin/cmake --build /home/lukas/ros2_ws/build/encoders_interfaces -- -j16 -l16
[3.306s] Invoking command in '/home/lukas/ros2_ws/build/encoders_interfaces': CMAKE_PREFIX_PATH=${CMAKE_PREFIX_PATH}:/home/lukas/ros2_ws/install/setup_gazebo_ias0220:/home/lukas/ros2_ws/install/encoders_pkg:/home/lukas/ros2_ws/install/IAS0220_252062IV:/opt/ros/humble /usr/bin/cmake --install /home/lukas/ros2_ws/build/encoders_interfaces
[3.313s] -- Install configuration: ""
[3.313s] -- Installing: /home/lukas/ros2_ws/install/encoders_interfaces/share/ament_index/resource_index/rosidl_interfaces/encoders_interfaces
[3.314s] -- Installing: /home/lukas/ros2_ws/install/encoders_interfaces/include/encoders_interfaces/encoders_interfaces
[3.314s] -- Installing: /home/lukas/ros2_ws/install/encoders_interfaces/include/encoders_interfaces/encoders_interfaces/msg
[3.314s] -- Installing: /home/lukas/ros2_ws/install/encoders_interfaces/include/encoders_interfaces/encoders_interfaces/msg/counter.h
[3.314s] -- Installing: /home/lukas/ros2_ws/install/encoders_interfaces/include/encoders_interfaces/encoders_interfaces/msg/rosidl_generator_c__visibility_control.h
[3.314s] -- Installing: /home/lukas/ros2_ws/install/encoders_interfaces/include/encoders_interfaces/encoders_interfaces/msg/detail
[3.314s] -- Installing: /home/lukas/ros2_ws/install/encoders_interfaces/include/encoders_interfaces/encoders_interfaces/msg/detail/counter__type_support.h
[3.314s] -- Installing: /home/lukas/ros2_ws/install/encoders_interfaces/include/encoders_interfaces/encoders_interfaces/msg/detail/counter__struct.h
[3.314s] -- Installing: /home/lukas/ros2_ws/install/encoders_interfaces/include/encoders_interfaces/encoders_interfaces/msg/detail/counter__functions.h
[3.314s] -- Installing: /home/lukas/ros2_ws/install/encoders_interfaces/include/encoders_interfaces/encoders_interfaces/msg/detail/counter__functions.c
[3.315s] -- Installing: /home/lukas/ros2_ws/install/encoders_interfaces/share/encoders_interfaces/environment/library_path.sh
[3.315s] -- Installing: /home/lukas/ros2_ws/install/encoders_interfaces/share/encoders_interfaces/environment/library_path.dsv
[3.315s] -- Installing: /home/lukas/ros2_ws/install/encoders_interfaces/lib/libencoders_interfaces__rosidl_generator_c.so
[3.315s] -- Set runtime path of "/home/lukas/ros2_ws/install/encoders_interfaces/lib/libencoders_interfaces__rosidl_generator_c.so" to ""
[3.316s] -- Up-to-date: /home/lukas/ros2_ws/install/encoders_interfaces/include/encoders_interfaces/encoders_interfaces
[3.316s] -- Up-to-date: /home/lukas/ros2_ws/install/encoders_interfaces/include/encoders_interfaces/encoders_interfaces/msg
[3.316s] -- Installing: /home/lukas/ros2_ws/install/encoders_interfaces/include/encoders_interfaces/encoders_interfaces/msg/rosidl_typesupport_fastrtps_c__visibility_control.h
[3.316s] -- Up-to-date: /home/lukas/ros2_ws/install/encoders_interfaces/include/encoders_interfaces/encoders_interfaces/msg/detail
[3.316s] -- Installing: /home/lukas/ros2_ws/install/encoders_interfaces/include/encoders_interfaces/encoders_interfaces/msg/detail/counter__rosidl_typesupport_fastrtps_c.h
[3.316s] -- Installing: /home/lukas/ros2_ws/install/encoders_interfaces/lib/libencoders_interfaces__rosidl_typesupport_fastrtps_c.so
[3.316s] -- Set runtime path of "/home/lukas/ros2_ws/install/encoders_interfaces/lib/libencoders_interfaces__rosidl_typesupport_fastrtps_c.so" to ""
[3.316s] -- Up-to-date: /home/lukas/ros2_ws/install/encoders_interfaces/include/encoders_interfaces/encoders_interfaces
[3.316s] -- Up-to-date: /home/lukas/ros2_ws/install/encoders_interfaces/include/encoders_interfaces/encoders_interfaces/msg
[3.317s] -- Installing: /home/lukas/ros2_ws/install/encoders_interfaces/include/encoders_interfaces/encoders_interfaces/msg/rosidl_typesupport_introspection_c__visibility_control.h
[3.317s] -- Up-to-date: /home/lukas/ros2_ws/install/encoders_interfaces/include/encoders_interfaces/encoders_interfaces/msg/detail
[3.317s] -- Installing: /home/lukas/ros2_ws/install/encoders_interfaces/include/encoders_interfaces/encoders_interfaces/msg/detail/counter__type_support.c
[3.317s] -- Installing: /home/lukas/ros2_ws/install/encoders_interfaces/include/encoders_interfaces/encoders_interfaces/msg/detail/counter__rosidl_typesupport_introspection_c.h
[3.317s] -- Installing: /home/lukas/ros2_ws/install/encoders_interfaces/lib/libencoders_interfaces__rosidl_typesupport_introspection_c.so
[3.317s] -- Set runtime path of "/home/lukas/ros2_ws/install/encoders_interfaces/lib/libencoders_interfaces__rosidl_typesupport_introspection_c.so" to ""
[3.317s] -- Installing: /home/lukas/ros2_ws/install/encoders_interfaces/lib/libencoders_interfaces__rosidl_typesupport_c.so
[3.318s] -- Set runtime path of "/home/lukas/ros2_ws/install/encoders_interfaces/lib/libencoders_interfaces__rosidl_typesupport_c.so" to ""
[3.318s] -- Up-to-date: /home/lukas/ros2_ws/install/encoders_interfaces/include/encoders_interfaces/encoders_interfaces
[3.318s] -- Up-to-date: /home/lukas/ros2_ws/install/encoders_interfaces/include/encoders_interfaces/encoders_interfaces/msg
[3.318s] -- Installing: /home/lukas/ros2_ws/install/encoders_interfaces/include/encoders_interfaces/encoders_interfaces/msg/rosidl_generator_cpp__visibility_control.hpp
[3.318s] -- Installing: /home/lukas/ros2_ws/install/encoders_interfaces/include/encoders_interfaces/encoders_interfaces/msg/counter.hpp
[3.318s] -- Up-to-date: /home/lukas/ros2_ws/install/encoders_interfaces/include/encoders_interfaces/encoders_interfaces/msg/detail
[3.318s] -- Installing: /home/lukas/ros2_ws/install/encoders_interfaces/include/encoders_interfaces/encoders_interfaces/msg/detail/counter__builder.hpp
[3.318s] -- Installing: /home/lukas/ros2_ws/install/encoders_interfaces/include/encoders_interfaces/encoders_interfaces/msg/detail/counter__type_support.hpp
[3.318s] -- Installing: /home/lukas/ros2_ws/install/encoders_interfaces/include/encoders_interfaces/encoders_interfaces/msg/detail/counter__struct.hpp
[3.318s] -- Installing: /home/lukas/ros2_ws/install/encoders_interfaces/include/encoders_interfaces/encoders_interfaces/msg/detail/counter__traits.hpp
[3.319s] -- Up-to-date: /home/lukas/ros2_ws/install/encoders_interfaces/include/encoders_interfaces/encoders_interfaces
[3.319s] -- Up-to-date: /home/lukas/ros2_ws/install/encoders_interfaces/include/encoders_interfaces/encoders_interfaces/msg
[3.319s] -- Installing: /home/lukas/ros2_ws/install/encoders_interfaces/include/encoders_interfaces/encoders_interfaces/msg/rosidl_typesupport_fastrtps_cpp__visibility_control.h
[3.319s] -- Up-to-date: /home/lukas/ros2_ws/install/encoders_interfaces/include/encoders_interfaces/encoders_interfaces/msg/detail
[3.319s] -- Installing: /home/lukas/ros2_ws/install/encoders_interfaces/include/encoders_interfaces/encoders_interfaces/msg/detail/counter__rosidl_typesupport_fastrtps_cpp.hpp
[3.319s] -- Installing: /home/lukas/ros2_ws/install/encoders_interfaces/include/encoders_interfaces/encoders_interfaces/msg/detail/dds_fastrtps
[3.319s] -- Installing: /home/lukas/ros2_ws/install/encoders_interfaces/lib/libencoders_interfaces__rosidl_typesupport_fastrtps_cpp.so
[3.319s] -- Set runtime path of "/home/lukas/ros2_ws/install/encoders_interfaces/lib/libencoders_interfaces__rosidl_typesupport_fastrtps_cpp.so" to ""
[3.320s] -- Up-to-date: /home/lukas/ros2_ws/install/encoders_interfaces/include/encoders_interfaces/encoders_interfaces
[3.320s] -- Up-to-date: /home/lukas/ros2_ws/install/encoders_interfaces/include/encoders_interfaces/encoders_interfaces/msg
[3.320s] -- Up-to-date: /home/lukas/ros2_ws/install/encoders_interfaces/include/encoders_interfaces/encoders_interfaces/msg/detail
[3.320s] -- Installing: /home/lukas/ros2_ws/install/encoders_interfaces/include/encoders_interfaces/encoders_interfaces/msg/detail/counter__rosidl_typesupport_introspection_cpp.hpp
[3.320s] -- Installing: /home/lukas/ros2_ws/install/encoders_interfaces/include/encoders_interfaces/encoders_interfaces/msg/detail/counter__type_support.cpp
[3.320s] -- Installing: /home/lukas/ros2_ws/install/encoders_interfaces/lib/libencoders_interfaces__rosidl_typesupport_introspection_cpp.so
[3.320s] -- Set runtime path of "/home/lukas/ros2_ws/install/encoders_interfaces/lib/libencoders_interfaces__rosidl_typesupport_introspection_cpp.so" to ""
[3.320s] -- Installing: /home/lukas/ros2_ws/install/encoders_interfaces/lib/libencoders_interfaces__rosidl_typesupport_cpp.so
[3.321s] -- Set runtime path of "/home/lukas/ros2_ws/install/encoders_interfaces/lib/libencoders_interfaces__rosidl_typesupport_cpp.so" to ""
[3.321s] -- Installing: /home/lukas/ros2_ws/install/encoders_interfaces/share/encoders_interfaces/environment/pythonpath.sh
[3.321s] -- Installing: /home/lukas/ros2_ws/install/encoders_interfaces/share/encoders_interfaces/environment/pythonpath.dsv
[3.321s] -- Installing: /home/lukas/ros2_ws/install/encoders_interfaces/local/lib/python3.10/dist-packages/encoders_interfaces-0.0.0-py3.10.egg-info
[3.321s] -- Installing: /home/lukas/ros2_ws/install/encoders_interfaces/local/lib/python3.10/dist-packages/encoders_interfaces-0.0.0-py3.10.egg-info/top_level.txt
[3.321s] -- Installing: /home/lukas/ros2_ws/install/encoders_interfaces/local/lib/python3.10/dist-packages/encoders_interfaces-0.0.0-py3.10.egg-info/SOURCES.txt
[3.321s] -- Installing: /home/lukas/ros2_ws/install/encoders_interfaces/local/lib/python3.10/dist-packages/encoders_interfaces-0.0.0-py3.10.egg-info/dependency_links.txt
[3.321s] -- Installing: /home/lukas/ros2_ws/install/encoders_interfaces/local/lib/python3.10/dist-packages/encoders_interfaces-0.0.0-py3.10.egg-info/PKG-INFO
[3.322s] -- Installing: /home/lukas/ros2_ws/install/encoders_interfaces/local/lib/python3.10/dist-packages/encoders_interfaces
[3.322s] -- Installing: /home/lukas/ros2_ws/install/encoders_interfaces/local/lib/python3.10/dist-packages/encoders_interfaces/encoders_interfaces_s__rosidl_typesupport_c.cpython-310-x86_64-linux-gnu.so
[3.322s] -- Installing: /home/lukas/ros2_ws/install/encoders_interfaces/local/lib/python3.10/dist-packages/encoders_interfaces/msg
[3.322s] -- Installing: /home/lukas/ros2_ws/install/encoders_interfaces/local/lib/python3.10/dist-packages/encoders_interfaces/msg/_counter.py
[3.322s] -- Installing: /home/lukas/ros2_ws/install/encoders_interfaces/local/lib/python3.10/dist-packages/encoders_interfaces/msg/__init__.py
[3.322s] -- Installing: /home/lukas/ros2_ws/install/encoders_interfaces/local/lib/python3.10/dist-packages/encoders_interfaces/msg/_counter_s.c
[3.322s] -- Installing: /home/lukas/ros2_ws/install/encoders_interfaces/local/lib/python3.10/dist-packages/encoders_interfaces/encoders_interfaces_s__rosidl_typesupport_fastrtps_c.cpython-310-x86_64-linux-gnu.so
[3.323s] -- Installing: /home/lukas/ros2_ws/install/encoders_interfaces/local/lib/python3.10/dist-packages/encoders_interfaces/_encoders_interfaces_s.ep.rosidl_typesupport_introspection_c.c
[3.323s] -- Installing: /home/lukas/ros2_ws/install/encoders_interfaces/local/lib/python3.10/dist-packages/encoders_interfaces/__init__.py
[3.323s] -- Installing: /home/lukas/ros2_ws/install/encoders_interfaces/local/lib/python3.10/dist-packages/encoders_interfaces/_encoders_interfaces_s.ep.rosidl_typesupport_c.c
[3.323s] -- Installing: /home/lukas/ros2_ws/install/encoders_interfaces/local/lib/python3.10/dist-packages/encoders_interfaces/encoders_interfaces_s__rosidl_typesupport_introspection_c.cpython-310-x86_64-linux-gnu.so
[3.323s] -- Installing: /home/lukas/ros2_ws/install/encoders_interfaces/local/lib/python3.10/dist-packages/encoders_interfaces/libencoders_interfaces__rosidl_generator_py.so
[3.323s] -- Installing: /home/lukas/ros2_ws/install/encoders_interfaces/local/lib/python3.10/dist-packages/encoders_interfaces/_encoders_interfaces_s.ep.rosidl_typesupport_fastrtps_c.c
[3.353s] Listing '/home/lukas/ros2_ws/install/encoders_interfaces/local/lib/python3.10/dist-packages/encoders_interfaces'...
[3.353s] Compiling '/home/lukas/ros2_ws/install/encoders_interfaces/local/lib/python3.10/dist-packages/encoders_interfaces/__init__.py'...
[3.353s] Listing '/home/lukas/ros2_ws/install/encoders_interfaces/local/lib/python3.10/dist-packages/encoders_interfaces/msg'...
[3.353s] Compiling '/home/lukas/ros2_ws/install/encoders_interfaces/local/lib/python3.10/dist-packages/encoders_interfaces/msg/__init__.py'...
[3.353s] Compiling '/home/lukas/ros2_ws/install/encoders_interfaces/local/lib/python3.10/dist-packages/encoders_interfaces/msg/_counter.py'...
[3.358s] -- Installing: /home/lukas/ros2_ws/install/encoders_interfaces/local/lib/python3.10/dist-packages/encoders_interfaces/encoders_interfaces_s__rosidl_typesupport_fastrtps_c.cpython-310-x86_64-linux-gnu.so
[3.358s] -- Set runtime path of "/home/lukas/ros2_ws/install/encoders_interfaces/local/lib/python3.10/dist-packages/encoders_interfaces/encoders_interfaces_s__rosidl_typesupport_fastrtps_c.cpython-310-x86_64-linux-gnu.so" to ""
[3.358s] -- Installing: /home/lukas/ros2_ws/install/encoders_interfaces/local/lib/python3.10/dist-packages/encoders_interfaces/encoders_interfaces_s__rosidl_typesupport_introspection_c.cpython-310-x86_64-linux-gnu.so
[3.358s] -- Set runtime path of "/home/lukas/ros2_ws/install/encoders_interfaces/local/lib/python3.10/dist-packages/encoders_interfaces/encoders_interfaces_s__rosidl_typesupport_introspection_c.cpython-310-x86_64-linux-gnu.so" to ""
[3.359s] -- Installing: /home/lukas/ros2_ws/install/encoders_interfaces/local/lib/python3.10/dist-packages/encoders_interfaces/encoders_interfaces_s__rosidl_typesupport_c.cpython-310-x86_64-linux-gnu.so
[3.359s] -- Set runtime path of "/home/lukas/ros2_ws/install/encoders_interfaces/local/lib/python3.10/dist-packages/encoders_interfaces/encoders_interfaces_s__rosidl_typesupport_c.cpython-310-x86_64-linux-gnu.so" to ""
[3.359s] -- Installing: /home/lukas/ros2_ws/install/encoders_interfaces/lib/libencoders_interfaces__rosidl_generator_py.so
[3.359s] -- Set runtime path of "/home/lukas/ros2_ws/install/encoders_interfaces/lib/libencoders_interfaces__rosidl_generator_py.so" to ""
[3.359s] -- Installing: /home/lukas/ros2_ws/install/encoders_interfaces/share/encoders_interfaces/msg/Counter.idl
[3.359s] -- Installing: /home/lukas/ros2_ws/install/encoders_interfaces/share/encoders_interfaces/msg/Counter.msg
[3.360s] -- Installing: /home/lukas/ros2_ws/install/encoders_interfaces/share/ament_index/resource_index/package_run_dependencies/encoders_interfaces
[3.360s] -- Installing: /home/lukas/ros2_ws/install/encoders_interfaces/share/ament_index/resource_index/parent_prefix_path/encoders_interfaces
[3.360s] -- Installing: /home/lukas/ros2_ws/install/encoders_interfaces/share/encoders_interfaces/environment/ament_prefix_path.sh
[3.360s] -- Installing: /home/lukas/ros2_ws/install/encoders_interfaces/share/encoders_interfaces/environment/ament_prefix_path.dsv
[3.360s] -- Installing: /home/lukas/ros2_ws/install/encoders_interfaces/share/encoders_interfaces/environment/path.sh
[3.360s] -- Installing: /home/lukas/ros2_ws/install/encoders_interfaces/share/encoders_interfaces/environment/path.dsv
[3.361s] -- Installing: /home/lukas/ros2_ws/install/encoders_interfaces/share/encoders_interfaces/local_setup.bash
[3.361s] -- Installing: /home/lukas/ros2_ws/install/encoders_interfaces/share/encoders_interfaces/local_setup.sh
[3.361s] -- Installing: /home/lukas/ros2_ws/install/encoders_interfaces/share/encoders_interfaces/local_setup.zsh
[3.361s] -- Installing: /home/lukas/ros2_ws/install/encoders_interfaces/share/encoders_interfaces/local_setup.dsv
[3.361s] -- Installing: /home/lukas/ros2_ws/install/encoders_interfaces/share/encoders_interfaces/package.dsv
[3.361s] -- Installing: /home/lukas/ros2_ws/install/encoders_interfaces/share/ament_index/resource_index/packages/encoders_interfaces
[3.361s] -- Installing: /home/lukas/ros2_ws/install/encoders_interfaces/share/encoders_interfaces/cmake/export_encoders_interfaces__rosidl_generator_cExport.cmake
[3.362s] -- Installing: /home/lukas/ros2_ws/install/encoders_interfaces/share/encoders_interfaces/cmake/export_encoders_interfaces__rosidl_generator_cExport-noconfig.cmake
[3.362s] -- Installing: /home/lukas/ros2_ws/install/encoders_interfaces/share/encoders_interfaces/cmake/export_encoders_interfaces__rosidl_typesupport_fastrtps_cExport.cmake
[3.362s] -- Installing: /home/lukas/ros2_ws/install/encoders_interfaces/share/encoders_interfaces/cmake/export_encoders_interfaces__rosidl_typesupport_fastrtps_cExport-noconfig.cmake
[3.362s] -- Installing: /home/lukas/ros2_ws/install/encoders_interfaces/share/encoders_interfaces/cmake/encoders_interfaces__rosidl_typesupport_introspection_cExport.cmake
[3.362s] -- Installing: /home/lukas/ros2_ws/install/encoders_interfaces/share/encoders_interfaces/cmake/encoders_interfaces__rosidl_typesupport_introspection_cExport-noconfig.cmake
[3.362s] -- Installing: /home/lukas/ros2_ws/install/encoders_interfaces/share/encoders_interfaces/cmake/encoders_interfaces__rosidl_typesupport_cExport.cmake
[3.362s] -- Installing: /home/lukas/ros2_ws/install/encoders_interfaces/share/encoders_interfaces/cmake/encoders_interfaces__rosidl_typesupport_cExport-noconfig.cmake
[3.363s] -- Installing: /home/lukas/ros2_ws/install/encoders_interfaces/share/encoders_interfaces/cmake/export_encoders_interfaces__rosidl_generator_cppExport.cmake
[3.363s] -- Installing: /home/lukas/ros2_ws/install/encoders_interfaces/share/encoders_interfaces/cmake/export_encoders_interfaces__rosidl_typesupport_fastrtps_cppExport.cmake
[3.363s] -- Installing: /home/lukas/ros2_ws/install/encoders_interfaces/share/encoders_interfaces/cmake/export_encoders_interfaces__rosidl_typesupport_fastrtps_cppExport-noconfig.cmake
[3.363s] -- Installing: /home/lukas/ros2_ws/install/encoders_interfaces/share/encoders_interfaces/cmake/encoders_interfaces__rosidl_typesupport_introspection_cppExport.cmake
[3.363s] -- Installing: /home/lukas/ros2_ws/install/encoders_interfaces/share/encoders_interfaces/cmake/encoders_interfaces__rosidl_typesupport_introspection_cppExport-noconfig.cmake
[3.363s] -- Installing: /home/lukas/ros2_ws/install/encoders_interfaces/share/encoders_interfaces/cmake/encoders_interfaces__rosidl_typesupport_cppExport.cmake
[3.364s] -- Installing: /home/lukas/ros2_ws/install/encoders_interfaces/share/encoders_interfaces/cmake/encoders_interfaces__rosidl_typesupport_cppExport-noconfig.cmake
[3.364s] -- Installing: /home/lukas/ros2_ws/install/encoders_interfaces/share/encoders_interfaces/cmake/export_encoders_interfaces__rosidl_generator_pyExport.cmake
[3.364s] -- Installing: /home/lukas/ros2_ws/install/encoders_interfaces/share/encoders_interfaces/cmake/export_encoders_interfaces__rosidl_generator_pyExport-noconfig.cmake
[3.364s] -- Installing: /home/lukas/ros2_ws/install/encoders_interfaces/share/encoders_interfaces/cmake/rosidl_cmake-extras.cmake
[3.364s] -- Installing: /home/lukas/ros2_ws/install/encoders_interfaces/share/encoders_interfaces/cmake/ament_cmake_export_include_directories-extras.cmake
[3.364s] -- Installing: /home/lukas/ros2_ws/install/encoders_interfaces/share/encoders_interfaces/cmake/ament_cmake_export_libraries-extras.cmake
[3.364s] -- Installing: /home/lukas/ros2_ws/install/encoders_interfaces/share/encoders_interfaces/cmake/ament_cmake_export_targets-extras.cmake
[3.365s] -- Installing: /home/lukas/ros2_ws/install/encoders_interfaces/share/encoders_interfaces/cmake/rosidl_cmake_export_typesupport_targets-extras.cmake
[3.365s] -- Installing: /home/lukas/ros2_ws/install/encoders_interfaces/share/encoders_interfaces/cmake/ament_cmake_export_dependencies-extras.cmake
[3.365s] -- Installing: /home/lukas/ros2_ws/install/encoders_interfaces/share/encoders_interfaces/cmake/rosidl_cmake_export_typesupport_libraries-extras.cmake
[3.365s] -- Installing: /home/lukas/ros2_ws/install/encoders_interfaces/share/encoders_interfaces/cmake/encoders_interfacesConfig.cmake
[3.365s] -- Installing: /home/lukas/ros2_ws/install/encoders_interfaces/share/encoders_interfaces/cmake/encoders_interfacesConfig-version.cmake
[3.365s] -- Installing: /home/lukas/ros2_ws/install/encoders_interfaces/share/encoders_interfaces/package.xml
[3.368s] Invoked command in '/home/lukas/ros2_ws/build/encoders_interfaces' returned '0': CMAKE_PREFIX_PATH=${CMAKE_PREFIX_PATH}:/home/lukas/ros2_ws/install/setup_gazebo_ias0220:/home/lukas/ros2_ws/install/encoders_pkg:/home/lukas/ros2_ws/install/IAS0220_252062IV:/opt/ros/humble /usr/bin/cmake --install /home/lukas/ros2_ws/build/encoders_interfaces
