running egg_info
creating ../../../build/ias0220_sensors/ias0220_sensors.egg-info
writing ../../../build/ias0220_sensors/ias0220_sensors.egg-info/PKG-INFO
writing dependency_links to ../../../build/ias0220_sensors/ias0220_sensors.egg-info/dependency_links.txt
writing entry points to ../../../build/ias0220_sensors/ias0220_sensors.egg-info/entry_points.txt
writing requirements to ../../../build/ias0220_sensors/ias0220_sensors.egg-info/requires.txt
writing top-level names to ../../../build/ias0220_sensors/ias0220_sensors.egg-info/top_level.txt
writing manifest file '../../../build/ias0220_sensors/ias0220_sensors.egg-info/SOURCES.txt'
reading manifest file '../../../build/ias0220_sensors/ias0220_sensors.egg-info/SOURCES.txt'
writing manifest file '../../../build/ias0220_sensors/ias0220_sensors.egg-info/SOURCES.txt'
running build
running build_py
creating /home/lukas/ros2_ws/build/ias0220_sensors/build
creating /home/lukas/ros2_ws/build/ias0220_sensors/build/lib
creating /home/lukas/ros2_ws/build/ias0220_sensors/build/lib/ias0220_sensors
copying ias0220_sensors/serial_interface.py -> /home/lukas/ros2_ws/build/ias0220_sensors/build/lib/ias0220_sensors
copying ias0220_sensors/__init__.py -> /home/lukas/ros2_ws/build/ias0220_sensors/build/lib/ias0220_sensors
running install
running install_lib
creating /home/lukas/ros2_ws/install/ias0220_sensors/lib/python3.10/site-packages/ias0220_sensors
copying /home/lukas/ros2_ws/build/ias0220_sensors/build/lib/ias0220_sensors/serial_interface.py -> /home/lukas/ros2_ws/install/ias0220_sensors/lib/python3.10/site-packages/ias0220_sensors
copying /home/lukas/ros2_ws/build/ias0220_sensors/build/lib/ias0220_sensors/__init__.py -> /home/lukas/ros2_ws/install/ias0220_sensors/lib/python3.10/site-packages/ias0220_sensors
byte-compiling /home/lukas/ros2_ws/install/ias0220_sensors/lib/python3.10/site-packages/ias0220_sensors/serial_interface.py to serial_interface.cpython-310.pyc
byte-compiling /home/lukas/ros2_ws/install/ias0220_sensors/lib/python3.10/site-packages/ias0220_sensors/__init__.py to __init__.cpython-310.pyc
running install_data
creating /home/lukas/ros2_ws/install/ias0220_sensors/share/ament_index
creating /home/lukas/ros2_ws/install/ias0220_sensors/share/ament_index/resource_index
creating /home/lukas/ros2_ws/install/ias0220_sensors/share/ament_index/resource_index/packages
copying resource/ias0220_sensors -> /home/lukas/ros2_ws/install/ias0220_sensors/share/ament_index/resource_index/packages
copying package.xml -> /home/lukas/ros2_ws/install/ias0220_sensors/share/ias0220_sensors
creating /home/lukas/ros2_ws/install/ias0220_sensors/share/ias0220_sensors/launch
copying launch/sensors_interface.launch.py -> /home/lukas/ros2_ws/install/ias0220_sensors/share/ias0220_sensors/launch
copying launch/sensors_rviz.launch.py -> /home/lukas/ros2_ws/install/ias0220_sensors/share/ias0220_sensors/launch
running install_egg_info
Copying ../../../build/ias0220_sensors/ias0220_sensors.egg-info to /home/lukas/ros2_ws/install/ias0220_sensors/lib/python3.10/site-packages/ias0220_sensors-0.0.0-py3.10.egg-info
running install_scripts
Installing serial_interface script to /home/lukas/ros2_ws/install/ias0220_sensors/lib/ias0220_sensors
writing list of installed files to '/home/lukas/ros2_ws/build/ias0220_sensors/install.log'
