[1.576s] Invoking command in '/home/lukas/ros2_ws/src/IAS0220_Task6-main/ias0220_sensors': PYTHONPATH=/home/lukas/ros2_ws/build/ias0220_sensors/prefix_override:/usr/lib/python3/dist-packages/colcon_core/task/python/colcon_distutils_commands:/home/lukas/ros2_ws/install/ias0220_sensors/lib/python3.10/site-packages:${PYTHONPATH} /usr/bin/python3 -W ignore:setup.py install is deprecated -W ignore:easy_install command is deprecated setup.py egg_info --egg-base ../../../build/ias0220_sensors build --build-base /home/lukas/ros2_ws/build/ias0220_sensors/build install --record /home/lukas/ros2_ws/build/ias0220_sensors/install.log --single-version-externally-managed install_data
[1.869s] running egg_info
[1.870s] creating ../../../build/ias0220_sensors/ias0220_sensors.egg-info
[1.870s] writing ../../../build/ias0220_sensors/ias0220_sensors.egg-info/PKG-INFO
[1.870s] writing dependency_links to ../../../build/ias0220_sensors/ias0220_sensors.egg-info/dependency_links.txt
[1.871s] writing entry points to ../../../build/ias0220_sensors/ias0220_sensors.egg-info/entry_points.txt
[1.871s] writing requirements to ../../../build/ias0220_sensors/ias0220_sensors.egg-info/requires.txt
[1.871s] writing top-level names to ../../../build/ias0220_sensors/ias0220_sensors.egg-info/top_level.txt
[1.871s] writing manifest file '../../../build/ias0220_sensors/ias0220_sensors.egg-info/SOURCES.txt'
[1.874s] reading manifest file '../../../build/ias0220_sensors/ias0220_sensors.egg-info/SOURCES.txt'
[1.875s] writing manifest file '../../../build/ias0220_sensors/ias0220_sensors.egg-info/SOURCES.txt'
[1.876s] running build
[1.876s] running build_py
[1.876s] creating /home/lukas/ros2_ws/build/ias0220_sensors/build
[1.876s] creating /home/lukas/ros2_ws/build/ias0220_sensors/build/lib
[1.876s] creating /home/lukas/ros2_ws/build/ias0220_sensors/build/lib/ias0220_sensors
[1.876s] copying ias0220_sensors/serial_interface.py -> /home/lukas/ros2_ws/build/ias0220_sensors/build/lib/ias0220_sensors
[1.876s] copying ias0220_sensors/__init__.py -> /home/lukas/ros2_ws/build/ias0220_sensors/build/lib/ias0220_sensors
[1.876s] running install
[1.877s] running install_lib
[1.878s] creating /home/lukas/ros2_ws/install/ias0220_sensors/lib/python3.10/site-packages/ias0220_sensors
[1.878s] copying /home/lukas/ros2_ws/build/ias0220_sensors/build/lib/ias0220_sensors/serial_interface.py -> /home/lukas/ros2_ws/install/ias0220_sensors/lib/python3.10/site-packages/ias0220_sensors
[1.878s] copying /home/lukas/ros2_ws/build/ias0220_sensors/build/lib/ias0220_sensors/__init__.py -> /home/lukas/ros2_ws/install/ias0220_sensors/lib/python3.10/site-packages/ias0220_sensors
[1.879s] byte-compiling /home/lukas/ros2_ws/install/ias0220_sensors/lib/python3.10/site-packages/ias0220_sensors/serial_interface.py to serial_interface.cpython-310.pyc
[1.881s] byte-compiling /home/lukas/ros2_ws/install/ias0220_sensors/lib/python3.10/site-packages/ias0220_sensors/__init__.py to __init__.cpython-310.pyc
[1.881s] running install_data
[1.882s] creating /home/lukas/ros2_ws/install/ias0220_sensors/share/ament_index
[1.882s] creating /home/lukas/ros2_ws/install/ias0220_sensors/share/ament_index/resource_index
[1.882s] creating /home/lukas/ros2_ws/install/ias0220_sensors/share/ament_index/resource_index/packages
[1.882s] copying resource/ias0220_sensors -> /home/lukas/ros2_ws/install/ias0220_sensors/share/ament_index/resource_index/packages
[1.882s] copying package.xml -> /home/lukas/ros2_ws/install/ias0220_sensors/share/ias0220_sensors
[1.882s] creating /home/lukas/ros2_ws/install/ias0220_sensors/share/ias0220_sensors/launch
[1.883s] copying launch/sensors_interface.launch.py -> /home/lukas/ros2_ws/install/ias0220_sensors/share/ias0220_sensors/launch
[1.883s] copying launch/sensors_rviz.launch.py -> /home/lukas/ros2_ws/install/ias0220_sensors/share/ias0220_sensors/launch
[1.883s] running install_egg_info
[1.888s] Copying ../../../build/ias0220_sensors/ias0220_sensors.egg-info to /home/lukas/ros2_ws/install/ias0220_sensors/lib/python3.10/site-packages/ias0220_sensors-0.0.0-py3.10.egg-info
[1.890s] running install_scripts
[1.917s] Installing serial_interface script to /home/lukas/ros2_ws/install/ias0220_sensors/lib/ias0220_sensors
[1.918s] writing list of installed files to '/home/lukas/ros2_ws/build/ias0220_sensors/install.log'
[1.992s] Invoked command in '/home/lukas/ros2_ws/src/IAS0220_Task6-main/ias0220_sensors' returned '0': PYTHONPATH=/home/lukas/ros2_ws/build/ias0220_sensors/prefix_override:/usr/lib/python3/dist-packages/colcon_core/task/python/colcon_distutils_commands:/home/lukas/ros2_ws/install/ias0220_sensors/lib/python3.10/site-packages:${PYTHONPATH} /usr/bin/python3 -W ignore:setup.py install is deprecated -W ignore:easy_install command is deprecated setup.py egg_info --egg-base ../../../build/ias0220_sensors build --build-base /home/lukas/ros2_ws/build/ias0220_sensors/build install --record /home/lukas/ros2_ws/build/ias0220_sensors/install.log --single-version-externally-managed install_data
