running egg_info
creating ../../build/IAS0220_252062IV/IAS0220_252062IV.egg-info
writing ../../build/IAS0220_252062IV/IAS0220_252062IV.egg-info/PKG-INFO
writing dependency_links to ../../build/IAS0220_252062IV/IAS0220_252062IV.egg-info/dependency_links.txt
writing entry points to ../../build/IAS0220_252062IV/IAS0220_252062IV.egg-info/entry_points.txt
writing requirements to ../../build/IAS0220_252062IV/IAS0220_252062IV.egg-info/requires.txt
writing top-level names to ../../build/IAS0220_252062IV/IAS0220_252062IV.egg-info/top_level.txt
writing manifest file '../../build/IAS0220_252062IV/IAS0220_252062IV.egg-info/SOURCES.txt'
reading manifest file '../../build/IAS0220_252062IV/IAS0220_252062IV.egg-info/SOURCES.txt'
adding license file 'LICENSE'
writing manifest file '../../build/IAS0220_252062IV/IAS0220_252062IV.egg-info/SOURCES.txt'
running build
running build_py
creating /home/lukas/ros2_ws/build/IAS0220_252062IV/build
creating /home/lukas/ros2_ws/build/IAS0220_252062IV/build/lib
creating /home/lukas/ros2_ws/build/IAS0220_252062IV/build/lib/IAS0220_252062IV
copying IAS0220_252062IV/steering_node.py -> /home/lukas/ros2_ws/build/IAS0220_252062IV/build/lib/IAS0220_252062IV
copying IAS0220_252062IV/random_walker.py -> /home/lukas/ros2_ws/build/IAS0220_252062IV/build/lib/IAS0220_252062IV
copying IAS0220_252062IV/odometry.py -> /home/lukas/ros2_ws/build/IAS0220_252062IV/build/lib/IAS0220_252062IV
copying IAS0220_252062IV/__init__.py -> /home/lukas/ros2_ws/build/IAS0220_252062IV/build/lib/IAS0220_252062IV
copying IAS0220_252062IV/position_calculator.py -> /home/lukas/ros2_ws/build/IAS0220_252062IV/build/lib/IAS0220_252062IV
running install
running install_lib
creating /home/lukas/ros2_ws/install/IAS0220_252062IV/lib/python3.10/site-packages/IAS0220_252062IV
copying /home/lukas/ros2_ws/build/IAS0220_252062IV/build/lib/IAS0220_252062IV/steering_node.py -> /home/lukas/ros2_ws/install/IAS0220_252062IV/lib/python3.10/site-packages/IAS0220_252062IV
copying /home/lukas/ros2_ws/build/IAS0220_252062IV/build/lib/IAS0220_252062IV/random_walker.py -> /home/lukas/ros2_ws/install/IAS0220_252062IV/lib/python3.10/site-packages/IAS0220_252062IV
copying /home/lukas/ros2_ws/build/IAS0220_252062IV/build/lib/IAS0220_252062IV/odometry.py -> /home/lukas/ros2_ws/install/IAS0220_252062IV/lib/python3.10/site-packages/IAS0220_252062IV
copying /home/lukas/ros2_ws/build/IAS0220_252062IV/build/lib/IAS0220_252062IV/__init__.py -> /home/lukas/ros2_ws/install/IAS0220_252062IV/lib/python3.10/site-packages/IAS0220_252062IV
copying /home/lukas/ros2_ws/build/IAS0220_252062IV/build/lib/IAS0220_252062IV/position_calculator.py -> /home/lukas/ros2_ws/install/IAS0220_252062IV/lib/python3.10/site-packages/IAS0220_252062IV
byte-compiling /home/lukas/ros2_ws/install/IAS0220_252062IV/lib/python3.10/site-packages/IAS0220_252062IV/steering_node.py to steering_node.cpython-310.pyc
byte-compiling /home/lukas/ros2_ws/install/IAS0220_252062IV/lib/python3.10/site-packages/IAS0220_252062IV/random_walker.py to random_walker.cpython-310.pyc
byte-compiling /home/lukas/ros2_ws/install/IAS0220_252062IV/lib/python3.10/site-packages/IAS0220_252062IV/odometry.py to odometry.cpython-310.pyc
byte-compiling /home/lukas/ros2_ws/install/IAS0220_252062IV/lib/python3.10/site-packages/IAS0220_252062IV/__init__.py to __init__.cpython-310.pyc
byte-compiling /home/lukas/ros2_ws/install/IAS0220_252062IV/lib/python3.10/site-packages/IAS0220_252062IV/position_calculator.py to position_calculator.cpython-310.pyc
running install_data
creating /home/lukas/ros2_ws/install/IAS0220_252062IV/share/ament_index
creating /home/lukas/ros2_ws/install/IAS0220_252062IV/share/ament_index/resource_index
creating /home/lukas/ros2_ws/install/IAS0220_252062IV/share/ament_index/resource_index/packages
copying resource/IAS0220_252062IV -> /home/lukas/ros2_ws/install/IAS0220_252062IV/share/ament_index/resource_index/packages
copying package.xml -> /home/lukas/ros2_ws/install/IAS0220_252062IV/share/IAS0220_252062IV
creating /home/lukas/ros2_ws/install/IAS0220_252062IV/share/IAS0220_252062IV/launch
copying launch/differential_robot_rosbag_steering_task5_part2_offline_data.launch.py -> /home/lukas/ros2_ws/install/IAS0220_252062IV/share/IAS0220_252062IV/launch
copying launch/task2.launch.py -> /home/lukas/ros2_ws/install/IAS0220_252062IV/share/IAS0220_252062IV/launch
copying launch/differential_robot_simu_task4_part2.launch.py -> /home/lukas/ros2_ws/install/IAS0220_252062IV/share/IAS0220_252062IV/launch
copying launch/differential_robot_task3_part2.launch.py -> /home/lukas/ros2_ws/install/IAS0220_252062IV/share/IAS0220_252062IV/launch
copying launch/bagfile_play_RViz_task5_part1.launch.py -> /home/lukas/ros2_ws/install/IAS0220_252062IV/share/IAS0220_252062IV/launch
copying launch/differential_robot_simu_task4_part1.launch.py -> /home/lukas/ros2_ws/install/IAS0220_252062IV/share/IAS0220_252062IV/launch
copying launch/bagfile_record_task5_part1.launch.py -> /home/lukas/ros2_ws/install/IAS0220_252062IV/share/IAS0220_252062IV/launch
creating /home/lukas/ros2_ws/install/IAS0220_252062IV/share/IAS0220_252062IV/urdf
copying urdf/differential_robot_simu_task4_part2.urdf -> /home/lukas/ros2_ws/install/IAS0220_252062IV/share/IAS0220_252062IV/urdf
copying urdf/differential_robot_simu_task4_part1.urdf -> /home/lukas/ros2_ws/install/IAS0220_252062IV/share/IAS0220_252062IV/urdf
copying urdf/differential_robot.urdf -> /home/lukas/ros2_ws/install/IAS0220_252062IV/share/IAS0220_252062IV/urdf
creating /home/lukas/ros2_ws/install/IAS0220_252062IV/share/IAS0220_252062IV/config
copying config/task4_config.rviz -> /home/lukas/ros2_ws/install/IAS0220_252062IV/share/IAS0220_252062IV/config
copying config/task2_config.rviz -> /home/lukas/ros2_ws/install/IAS0220_252062IV/share/IAS0220_252062IV/config
copying config/task5_part1.rviz -> /home/lukas/ros2_ws/install/IAS0220_252062IV/share/IAS0220_252062IV/config
copying config/task3_config.rviz -> /home/lukas/ros2_ws/install/IAS0220_252062IV/share/IAS0220_252062IV/config
creating /home/lukas/ros2_ws/install/IAS0220_252062IV/share/IAS0220_252062IV/bags
creating /home/lukas/ros2_ws/install/IAS0220_252062IV/share/IAS0220_252062IV/bags/bag2
copying bags/bag2/bag2_0.db3 -> /home/lukas/ros2_ws/install/IAS0220_252062IV/share/IAS0220_252062IV/bags/bag2
copying bags/bag2/metadata.yaml -> /home/lukas/ros2_ws/install/IAS0220_252062IV/share/IAS0220_252062IV/bags/bag2
creating /home/lukas/ros2_ws/install/IAS0220_252062IV/share/IAS0220_252062IV/bags/bag1
copying bags/bag1/bag1_0.db3 -> /home/lukas/ros2_ws/install/IAS0220_252062IV/share/IAS0220_252062IV/bags/bag1
copying bags/bag1/metadata.yaml -> /home/lukas/ros2_ws/install/IAS0220_252062IV/share/IAS0220_252062IV/bags/bag1
creating /home/lukas/ros2_ws/install/IAS0220_252062IV/share/IAS0220_252062IV/bags/recorded
copying bags/recorded/recorded_0.db3 -> /home/lukas/ros2_ws/install/IAS0220_252062IV/share/IAS0220_252062IV/bags/recorded
copying bags/recorded/metadata.yaml -> /home/lukas/ros2_ws/install/IAS0220_252062IV/share/IAS0220_252062IV/bags/recorded
running install_egg_info
Copying ../../build/IAS0220_252062IV/IAS0220_252062IV.egg-info to /home/lukas/ros2_ws/install/IAS0220_252062IV/lib/python3.10/site-packages/IAS0220_252062IV-0.0.0-py3.10.egg-info
running install_scripts
Installing odometry script to /home/lukas/ros2_ws/install/IAS0220_252062IV/lib/IAS0220_252062IV
Installing position_calculator script to /home/lukas/ros2_ws/install/IAS0220_252062IV/lib/IAS0220_252062IV
Installing random_walker script to /home/lukas/ros2_ws/install/IAS0220_252062IV/lib/IAS0220_252062IV
writing list of installed files to '/home/lukas/ros2_ws/build/IAS0220_252062IV/install.log'
