[1.587s] Invoking command in '/home/lukas/ros2_ws/src/IAS0220_252062IV': PYTHONPATH=/home/lukas/ros2_ws/build/IAS0220_252062IV/prefix_override:/usr/lib/python3/dist-packages/colcon_core/task/python/colcon_distutils_commands:/home/lukas/ros2_ws/install/IAS0220_252062IV/lib/python3.10/site-packages:${PYTHONPATH} /usr/bin/python3 -W ignore:setup.py install is deprecated -W ignore:easy_install command is deprecated setup.py egg_info --egg-base ../../build/IAS0220_252062IV build --build-base /home/lukas/ros2_ws/build/IAS0220_252062IV/build install --record /home/lukas/ros2_ws/build/IAS0220_252062IV/install.log --single-version-externally-managed install_data
[1.885s] running egg_info
[1.886s] creating ../../build/IAS0220_252062IV/IAS0220_252062IV.egg-info
[1.887s] writing ../../build/IAS0220_252062IV/IAS0220_252062IV.egg-info/PKG-INFO
[1.887s] writing dependency_links to ../../build/IAS0220_252062IV/IAS0220_252062IV.egg-info/dependency_links.txt
[1.887s] writing entry points to ../../build/IAS0220_252062IV/IAS0220_252062IV.egg-info/entry_points.txt
[1.888s] writing requirements to ../../build/IAS0220_252062IV/IAS0220_252062IV.egg-info/requires.txt
[1.888s] writing top-level names to ../../build/IAS0220_252062IV/IAS0220_252062IV.egg-info/top_level.txt
[1.888s] writing manifest file '../../build/IAS0220_252062IV/IAS0220_252062IV.egg-info/SOURCES.txt'
[1.891s] reading manifest file '../../build/IAS0220_252062IV/IAS0220_252062IV.egg-info/SOURCES.txt'
[1.891s] adding license file 'LICENSE'
[1.893s] writing manifest file '../../build/IAS0220_252062IV/IAS0220_252062IV.egg-info/SOURCES.txt'
[1.893s] running build
[1.893s] running build_py
[1.893s] creating /home/lukas/ros2_ws/build/IAS0220_252062IV/build
[1.893s] creating /home/lukas/ros2_ws/build/IAS0220_252062IV/build/lib
[1.893s] creating /home/lukas/ros2_ws/build/IAS0220_252062IV/build/lib/IAS0220_252062IV
[1.893s] copying IAS0220_252062IV/steering_node.py -> /home/lukas/ros2_ws/build/IAS0220_252062IV/build/lib/IAS0220_252062IV
[1.893s] copying IAS0220_252062IV/random_walker.py -> /home/lukas/ros2_ws/build/IAS0220_252062IV/build/lib/IAS0220_252062IV
[1.894s] copying IAS0220_252062IV/odometry.py -> /home/lukas/ros2_ws/build/IAS0220_252062IV/build/lib/IAS0220_252062IV
[1.894s] copying IAS0220_252062IV/__init__.py -> /home/lukas/ros2_ws/build/IAS0220_252062IV/build/lib/IAS0220_252062IV
[1.894s] copying IAS0220_252062IV/position_calculator.py -> /home/lukas/ros2_ws/build/IAS0220_252062IV/build/lib/IAS0220_252062IV
[1.894s] running install
[1.895s] running install_lib
[1.896s] creating /home/lukas/ros2_ws/install/IAS0220_252062IV/lib/python3.10/site-packages/IAS0220_252062IV
[1.896s] copying /home/lukas/ros2_ws/build/IAS0220_252062IV/build/lib/IAS0220_252062IV/steering_node.py -> /home/lukas/ros2_ws/install/IAS0220_252062IV/lib/python3.10/site-packages/IAS0220_252062IV
[1.897s] copying /home/lukas/ros2_ws/build/IAS0220_252062IV/build/lib/IAS0220_252062IV/random_walker.py -> /home/lukas/ros2_ws/install/IAS0220_252062IV/lib/python3.10/site-packages/IAS0220_252062IV
[1.897s] copying /home/lukas/ros2_ws/build/IAS0220_252062IV/build/lib/IAS0220_252062IV/odometry.py -> /home/lukas/ros2_ws/install/IAS0220_252062IV/lib/python3.10/site-packages/IAS0220_252062IV
[1.897s] copying /home/lukas/ros2_ws/build/IAS0220_252062IV/build/lib/IAS0220_252062IV/__init__.py -> /home/lukas/ros2_ws/install/IAS0220_252062IV/lib/python3.10/site-packages/IAS0220_252062IV
[1.897s] copying /home/lukas/ros2_ws/build/IAS0220_252062IV/build/lib/IAS0220_252062IV/position_calculator.py -> /home/lukas/ros2_ws/install/IAS0220_252062IV/lib/python3.10/site-packages/IAS0220_252062IV
[1.898s] byte-compiling /home/lukas/ros2_ws/install/IAS0220_252062IV/lib/python3.10/site-packages/IAS0220_252062IV/steering_node.py to steering_node.cpython-310.pyc
[1.899s] byte-compiling /home/lukas/ros2_ws/install/IAS0220_252062IV/lib/python3.10/site-packages/IAS0220_252062IV/random_walker.py to random_walker.cpython-310.pyc
[1.899s] byte-compiling /home/lukas/ros2_ws/install/IAS0220_252062IV/lib/python3.10/site-packages/IAS0220_252062IV/odometry.py to odometry.cpython-310.pyc
[1.901s] byte-compiling /home/lukas/ros2_ws/install/IAS0220_252062IV/lib/python3.10/site-packages/IAS0220_252062IV/__init__.py to __init__.cpython-310.pyc
[1.901s] byte-compiling /home/lukas/ros2_ws/install/IAS0220_252062IV/lib/python3.10/site-packages/IAS0220_252062IV/position_calculator.py to position_calculator.cpython-310.pyc
[1.901s] running install_data
[1.901s] creating /home/lukas/ros2_ws/install/IAS0220_252062IV/share/ament_index
[1.902s] creating /home/lukas/ros2_ws/install/IAS0220_252062IV/share/ament_index/resource_index
[1.902s] creating /home/lukas/ros2_ws/install/IAS0220_252062IV/share/ament_index/resource_index/packages
[1.902s] copying resource/IAS0220_252062IV -> /home/lukas/ros2_ws/install/IAS0220_252062IV/share/ament_index/resource_index/packages
[1.902s] copying package.xml -> /home/lukas/ros2_ws/install/IAS0220_252062IV/share/IAS0220_252062IV
[1.902s] creating /home/lukas/ros2_ws/install/IAS0220_252062IV/share/IAS0220_252062IV/launch
[1.902s] copying launch/differential_robot_rosbag_steering_task5_part2_offline_data.launch.py -> /home/lukas/ros2_ws/install/IAS0220_252062IV/share/IAS0220_252062IV/launch
[1.902s] copying launch/task2.launch.py -> /home/lukas/ros2_ws/install/IAS0220_252062IV/share/IAS0220_252062IV/launch
[1.902s] copying launch/differential_robot_simu_task4_part2.launch.py -> /home/lukas/ros2_ws/install/IAS0220_252062IV/share/IAS0220_252062IV/launch
[1.902s] copying launch/differential_robot_task3_part2.launch.py -> /home/lukas/ros2_ws/install/IAS0220_252062IV/share/IAS0220_252062IV/launch
[1.902s] copying launch/bagfile_play_RViz_task5_part1.launch.py -> /home/lukas/ros2_ws/install/IAS0220_252062IV/share/IAS0220_252062IV/launch
[1.903s] copying launch/differential_robot_simu_task4_part1.launch.py -> /home/lukas/ros2_ws/install/IAS0220_252062IV/share/IAS0220_252062IV/launch
[1.903s] copying launch/bagfile_record_task5_part1.launch.py -> /home/lukas/ros2_ws/install/IAS0220_252062IV/share/IAS0220_252062IV/launch
[1.903s] creating /home/lukas/ros2_ws/install/IAS0220_252062IV/share/IAS0220_252062IV/urdf
[1.903s] copying urdf/differential_robot_simu_task4_part2.urdf -> /home/lukas/ros2_ws/install/IAS0220_252062IV/share/IAS0220_252062IV/urdf
[1.903s] copying urdf/differential_robot_simu_task4_part1.urdf -> /home/lukas/ros2_ws/install/IAS0220_252062IV/share/IAS0220_252062IV/urdf
[1.904s] copying urdf/differential_robot.urdf -> /home/lukas/ros2_ws/install/IAS0220_252062IV/share/IAS0220_252062IV/urdf
[1.904s] creating /home/lukas/ros2_ws/install/IAS0220_252062IV/share/IAS0220_252062IV/config
[1.904s] copying config/task4_config.rviz -> /home/lukas/ros2_ws/install/IAS0220_252062IV/share/IAS0220_252062IV/config
[1.905s] copying config/task2_config.rviz -> /home/lukas/ros2_ws/install/IAS0220_252062IV/share/IAS0220_252062IV/config
[1.905s] copying config/task5_part1.rviz -> /home/lukas/ros2_ws/install/IAS0220_252062IV/share/IAS0220_252062IV/config
[1.905s] copying config/task3_config.rviz -> /home/lukas/ros2_ws/install/IAS0220_252062IV/share/IAS0220_252062IV/config
[1.906s] creating /home/lukas/ros2_ws/install/IAS0220_252062IV/share/IAS0220_252062IV/bags
[1.906s] creating /home/lukas/ros2_ws/install/IAS0220_252062IV/share/IAS0220_252062IV/bags/bag2
[1.906s] copying bags/bag2/bag2_0.db3 -> /home/lukas/ros2_ws/install/IAS0220_252062IV/share/IAS0220_252062IV/bags/bag2
[1.908s] copying bags/bag2/metadata.yaml -> /home/lukas/ros2_ws/install/IAS0220_252062IV/share/IAS0220_252062IV/bags/bag2
[1.908s] creating /home/lukas/ros2_ws/install/IAS0220_252062IV/share/IAS0220_252062IV/bags/bag1
[1.908s] copying bags/bag1/bag1_0.db3 -> /home/lukas/ros2_ws/install/IAS0220_252062IV/share/IAS0220_252062IV/bags/bag1
[1.911s] copying bags/bag1/metadata.yaml -> /home/lukas/ros2_ws/install/IAS0220_252062IV/share/IAS0220_252062IV/bags/bag1
[1.911s] creating /home/lukas/ros2_ws/install/IAS0220_252062IV/share/IAS0220_252062IV/bags/recorded
[1.912s] copying bags/recorded/recorded_0.db3 -> /home/lukas/ros2_ws/install/IAS0220_252062IV/share/IAS0220_252062IV/bags/recorded
[1.912s] copying bags/recorded/metadata.yaml -> /home/lukas/ros2_ws/install/IAS0220_252062IV/share/IAS0220_252062IV/bags/recorded
[1.912s] running install_egg_info
[1.915s] Copying ../../build/IAS0220_252062IV/IAS0220_252062IV.egg-info to /home/lukas/ros2_ws/install/IAS0220_252062IV/lib/python3.10/site-packages/IAS0220_252062IV-0.0.0-py3.10.egg-info
[1.916s] running install_scripts
[1.948s] Installing odometry script to /home/lukas/ros2_ws/install/IAS0220_252062IV/lib/IAS0220_252062IV
[1.948s] Installing position_calculator script to /home/lukas/ros2_ws/install/IAS0220_252062IV/lib/IAS0220_252062IV
[1.948s] Installing random_walker script to /home/lukas/ros2_ws/install/IAS0220_252062IV/lib/IAS0220_252062IV
[1.948s] writing list of installed files to '/home/lukas/ros2_ws/build/IAS0220_252062IV/install.log'
[2.028s] Invoked command in '/home/lukas/ros2_ws/src/IAS0220_252062IV' returned '0': PYTHONPATH=/home/lukas/ros2_ws/build/IAS0220_252062IV/prefix_override:/usr/lib/python3/dist-packages/colcon_core/task/python/colcon_distutils_commands:/home/lukas/ros2_ws/install/IAS0220_252062IV/lib/python3.10/site-packages:${PYTHONPATH} /usr/bin/python3 -W ignore:setup.py install is deprecated -W ignore:easy_install command is deprecated setup.py egg_info --egg-base ../../build/IAS0220_252062IV build --build-base /home/lukas/ros2_ws/build/IAS0220_252062IV/build install --record /home/lukas/ros2_ws/build/IAS0220_252062IV/install.log --single-version-externally-managed install_data
