[1.086s] Invoking command in '/home/lukas/ros2_ws/src/IAS0220_252062IV': PYTHONPATH=/home/lukas/ros2_ws/build/IAS0220_252062IV/prefix_override:/usr/lib/python3/dist-packages/colcon_core/task/python/colcon_distutils_commands:/home/lukas/ros2_ws/install/IAS0220_252062IV/lib/python3.10/site-packages:${PYTHONPATH} /usr/bin/python3 -W ignore:setup.py install is deprecated -W ignore:easy_install command is deprecated setup.py egg_info --egg-base ../../build/IAS0220_252062IV build --build-base /home/lukas/ros2_ws/build/IAS0220_252062IV/build install --record /home/lukas/ros2_ws/build/IAS0220_252062IV/install.log --single-version-externally-managed install_data
[1.367s] running egg_info
[1.368s] creating ../../build/IAS0220_252062IV/IAS0220_252062IV.egg-info
[1.369s] writing ../../build/IAS0220_252062IV/IAS0220_252062IV.egg-info/PKG-INFO
[1.369s] writing dependency_links to ../../build/IAS0220_252062IV/IAS0220_252062IV.egg-info/dependency_links.txt
[1.369s] writing entry points to ../../build/IAS0220_252062IV/IAS0220_252062IV.egg-info/entry_points.txt
[1.370s] writing requirements to ../../build/IAS0220_252062IV/IAS0220_252062IV.egg-info/requires.txt
[1.370s] writing top-level names to ../../build/IAS0220_252062IV/IAS0220_252062IV.egg-info/top_level.txt
[1.370s] writing manifest file '../../build/IAS0220_252062IV/IAS0220_252062IV.egg-info/SOURCES.txt'
[1.372s] reading manifest file '../../build/IAS0220_252062IV/IAS0220_252062IV.egg-info/SOURCES.txt'
[1.372s] adding license file 'LICENSE'
[1.372s] writing manifest file '../../build/IAS0220_252062IV/IAS0220_252062IV.egg-info/SOURCES.txt'
[1.373s] running build
[1.373s] running build_py
[1.373s] creating /home/lukas/ros2_ws/build/IAS0220_252062IV/build
[1.373s] creating /home/lukas/ros2_ws/build/IAS0220_252062IV/build/lib
[1.373s] creating /home/lukas/ros2_ws/build/IAS0220_252062IV/build/lib/IAS0220_252062IV
[1.373s] copying IAS0220_252062IV/random_walker.py -> /home/lukas/ros2_ws/build/IAS0220_252062IV/build/lib/IAS0220_252062IV
[1.373s] copying IAS0220_252062IV/__init__.py -> /home/lukas/ros2_ws/build/IAS0220_252062IV/build/lib/IAS0220_252062IV
[1.373s] copying IAS0220_252062IV/position_calculator.py -> /home/lukas/ros2_ws/build/IAS0220_252062IV/build/lib/IAS0220_252062IV
[1.373s] running install
[1.374s] running install_lib
[1.375s] creating /home/lukas/ros2_ws/install/IAS0220_252062IV/lib/python3.10/site-packages/IAS0220_252062IV
[1.375s] copying /home/lukas/ros2_ws/build/IAS0220_252062IV/build/lib/IAS0220_252062IV/random_walker.py -> /home/lukas/ros2_ws/install/IAS0220_252062IV/lib/python3.10/site-packages/IAS0220_252062IV
[1.375s] copying /home/lukas/ros2_ws/build/IAS0220_252062IV/build/lib/IAS0220_252062IV/__init__.py -> /home/lukas/ros2_ws/install/IAS0220_252062IV/lib/python3.10/site-packages/IAS0220_252062IV
[1.375s] copying /home/lukas/ros2_ws/build/IAS0220_252062IV/build/lib/IAS0220_252062IV/position_calculator.py -> /home/lukas/ros2_ws/install/IAS0220_252062IV/lib/python3.10/site-packages/IAS0220_252062IV
[1.376s] byte-compiling /home/lukas/ros2_ws/install/IAS0220_252062IV/lib/python3.10/site-packages/IAS0220_252062IV/random_walker.py to random_walker.cpython-310.pyc
[1.376s] byte-compiling /home/lukas/ros2_ws/install/IAS0220_252062IV/lib/python3.10/site-packages/IAS0220_252062IV/__init__.py to __init__.cpython-310.pyc
[1.377s] byte-compiling /home/lukas/ros2_ws/install/IAS0220_252062IV/lib/python3.10/site-packages/IAS0220_252062IV/position_calculator.py to position_calculator.cpython-310.pyc
[1.377s] running install_data
[1.377s] creating /home/lukas/ros2_ws/install/IAS0220_252062IV/share/ament_index
[1.377s] creating /home/lukas/ros2_ws/install/IAS0220_252062IV/share/ament_index/resource_index
[1.377s] creating /home/lukas/ros2_ws/install/IAS0220_252062IV/share/ament_index/resource_index/packages
[1.378s] copying resource/IAS0220_252062IV -> /home/lukas/ros2_ws/install/IAS0220_252062IV/share/ament_index/resource_index/packages
[1.378s] copying package.xml -> /home/lukas/ros2_ws/install/IAS0220_252062IV/share/IAS0220_252062IV
[1.378s] creating /home/lukas/ros2_ws/install/IAS0220_252062IV/share/IAS0220_252062IV/launch
[1.378s] copying launch/task2.launch.py -> /home/lukas/ros2_ws/install/IAS0220_252062IV/share/IAS0220_252062IV/launch
[1.378s] copying launch/differential_robot_task3_part2.launch.py -> /home/lukas/ros2_ws/install/IAS0220_252062IV/share/IAS0220_252062IV/launch
[1.378s] copying launch/differential_robot_simu_task4_part1.launch.py -> /home/lukas/ros2_ws/install/IAS0220_252062IV/share/IAS0220_252062IV/launch
[1.378s] creating /home/lukas/ros2_ws/install/IAS0220_252062IV/share/IAS0220_252062IV/urdf
[1.378s] copying urdf/differential_robot_simu_task4_part1.urdf -> /home/lukas/ros2_ws/install/IAS0220_252062IV/share/IAS0220_252062IV/urdf
[1.378s] copying urdf/differential_robot.urdf -> /home/lukas/ros2_ws/install/IAS0220_252062IV/share/IAS0220_252062IV/urdf
[1.378s] creating /home/lukas/ros2_ws/install/IAS0220_252062IV/share/IAS0220_252062IV/config
[1.379s] copying config/task2_config.rviz -> /home/lukas/ros2_ws/install/IAS0220_252062IV/share/IAS0220_252062IV/config
[1.379s] copying config/task3_config.rviz -> /home/lukas/ros2_ws/install/IAS0220_252062IV/share/IAS0220_252062IV/config
[1.379s] running install_egg_info
[1.381s] Copying ../../build/IAS0220_252062IV/IAS0220_252062IV.egg-info to /home/lukas/ros2_ws/install/IAS0220_252062IV/lib/python3.10/site-packages/IAS0220_252062IV-0.0.0-py3.10.egg-info
[1.382s] running install_scripts
[1.408s] Installing position_calculator script to /home/lukas/ros2_ws/install/IAS0220_252062IV/lib/IAS0220_252062IV
[1.408s] Installing random_walker script to /home/lukas/ros2_ws/install/IAS0220_252062IV/lib/IAS0220_252062IV
[1.408s] writing list of installed files to '/home/lukas/ros2_ws/build/IAS0220_252062IV/install.log'
[1.457s] Invoked command in '/home/lukas/ros2_ws/src/IAS0220_252062IV' returned '0': PYTHONPATH=/home/lukas/ros2_ws/build/IAS0220_252062IV/prefix_override:/usr/lib/python3/dist-packages/colcon_core/task/python/colcon_distutils_commands:/home/lukas/ros2_ws/install/IAS0220_252062IV/lib/python3.10/site-packages:${PYTHONPATH} /usr/bin/python3 -W ignore:setup.py install is deprecated -W ignore:easy_install command is deprecated setup.py egg_info --egg-base ../../build/IAS0220_252062IV build --build-base /home/lukas/ros2_ws/build/IAS0220_252062IV/build install --record /home/lukas/ros2_ws/build/IAS0220_252062IV/install.log --single-version-externally-managed install_data
