[0.787s] Invoking command in '/home/lukas/ros2_ws/src/IAS0220_Task6-main/encoders_pkg': AMENT_PREFIX_PATH=/home/lukas/ros2_ws/install/encoders_interfaces:${AMENT_PREFIX_PATH} CMAKE_PREFIX_PATH=/home/lukas/ros2_ws/install/encoders_interfaces LD_LIBRARY_PATH=/home/lukas/ros2_ws/install/encoders_interfaces/lib:${LD_LIBRARY_PATH} PYTHONPATH=/home/lukas/ros2_ws/build/encoders_pkg/prefix_override:/usr/lib/python3/dist-packages/colcon_core/task/python/colcon_distutils_commands:/home/lukas/ros2_ws/install/encoders_pkg/lib/python3.10/site-packages:/home/lukas/ros2_ws/install/encoders_interfaces/local/lib/python3.10/dist-packages:${PYTHONPATH} /usr/bin/python3 -W ignore:setup.py install is deprecated -W ignore:easy_install command is deprecated setup.py egg_info --egg-base ../../../build/encoders_pkg build --build-base /home/lukas/ros2_ws/build/encoders_pkg/build install --record /home/lukas/ros2_ws/build/encoders_pkg/install.log --single-version-externally-managed install_data
[1.078s] running egg_info
[1.079s] creating ../../../build/encoders_pkg/encoders_pkg.egg-info
[1.079s] writing ../../../build/encoders_pkg/encoders_pkg.egg-info/PKG-INFO
[1.080s] writing dependency_links to ../../../build/encoders_pkg/encoders_pkg.egg-info/dependency_links.txt
[1.080s] writing entry points to ../../../build/encoders_pkg/encoders_pkg.egg-info/entry_points.txt
[1.080s] writing requirements to ../../../build/encoders_pkg/encoders_pkg.egg-info/requires.txt
[1.080s] writing top-level names to ../../../build/encoders_pkg/encoders_pkg.egg-info/top_level.txt
[1.080s] writing manifest file '../../../build/encoders_pkg/encoders_pkg.egg-info/SOURCES.txt'
[1.083s] reading manifest file '../../../build/encoders_pkg/encoders_pkg.egg-info/SOURCES.txt'
[1.084s] writing manifest file '../../../build/encoders_pkg/encoders_pkg.egg-info/SOURCES.txt'
[1.084s] running build
[1.084s] running build_py
[1.084s] creating /home/lukas/ros2_ws/build/encoders_pkg/build
[1.084s] creating /home/lukas/ros2_ws/build/encoders_pkg/build/lib
[1.085s] creating /home/lukas/ros2_ws/build/encoders_pkg/build/lib/encoders_pkg
[1.085s] copying encoders_pkg/encoders.py -> /home/lukas/ros2_ws/build/encoders_pkg/build/lib/encoders_pkg
[1.085s] copying encoders_pkg/__init__.py -> /home/lukas/ros2_ws/build/encoders_pkg/build/lib/encoders_pkg
[1.085s] running install
[1.085s] running install_lib
[1.086s] creating /home/lukas/ros2_ws/install/encoders_pkg/lib/python3.10/site-packages/encoders_pkg
[1.086s] copying /home/lukas/ros2_ws/build/encoders_pkg/build/lib/encoders_pkg/encoders.py -> /home/lukas/ros2_ws/install/encoders_pkg/lib/python3.10/site-packages/encoders_pkg
[1.086s] copying /home/lukas/ros2_ws/build/encoders_pkg/build/lib/encoders_pkg/__init__.py -> /home/lukas/ros2_ws/install/encoders_pkg/lib/python3.10/site-packages/encoders_pkg
[1.087s] byte-compiling /home/lukas/ros2_ws/install/encoders_pkg/lib/python3.10/site-packages/encoders_pkg/encoders.py to encoders.cpython-310.pyc
[1.088s] byte-compiling /home/lukas/ros2_ws/install/encoders_pkg/lib/python3.10/site-packages/encoders_pkg/__init__.py to __init__.cpython-310.pyc
[1.089s] running install_data
[1.089s] creating /home/lukas/ros2_ws/install/encoders_pkg/share/ament_index
[1.089s] creating /home/lukas/ros2_ws/install/encoders_pkg/share/ament_index/resource_index
[1.089s] creating /home/lukas/ros2_ws/install/encoders_pkg/share/ament_index/resource_index/packages
[1.089s] copying resource/encoders_pkg -> /home/lukas/ros2_ws/install/encoders_pkg/share/ament_index/resource_index/packages
[1.089s] copying package.xml -> /home/lukas/ros2_ws/install/encoders_pkg/share/encoders_pkg
[1.090s] creating /home/lukas/ros2_ws/install/encoders_pkg/share/encoders_pkg/config
[1.090s] copying config/encoders_params.yaml -> /home/lukas/ros2_ws/install/encoders_pkg/share/encoders_pkg/config
[1.090s] running install_egg_info
[1.092s] Copying ../../../build/encoders_pkg/encoders_pkg.egg-info to /home/lukas/ros2_ws/install/encoders_pkg/lib/python3.10/site-packages/encoders_pkg-0.0.0-py3.10.egg-info
[1.093s] running install_scripts
[1.122s] Installing encoders_node script to /home/lukas/ros2_ws/install/encoders_pkg/lib/encoders_pkg
[1.122s] writing list of installed files to '/home/lukas/ros2_ws/build/encoders_pkg/install.log'
[1.169s] Invoked command in '/home/lukas/ros2_ws/src/IAS0220_Task6-main/encoders_pkg' returned '0': AMENT_PREFIX_PATH=/home/lukas/ros2_ws/install/encoders_interfaces:${AMENT_PREFIX_PATH} CMAKE_PREFIX_PATH=/home/lukas/ros2_ws/install/encoders_interfaces LD_LIBRARY_PATH=/home/lukas/ros2_ws/install/encoders_interfaces/lib:${LD_LIBRARY_PATH} PYTHONPATH=/home/lukas/ros2_ws/build/encoders_pkg/prefix_override:/usr/lib/python3/dist-packages/colcon_core/task/python/colcon_distutils_commands:/home/lukas/ros2_ws/install/encoders_pkg/lib/python3.10/site-packages:/home/lukas/ros2_ws/install/encoders_interfaces/local/lib/python3.10/dist-packages:${PYTHONPATH} /usr/bin/python3 -W ignore:setup.py install is deprecated -W ignore:easy_install command is deprecated setup.py egg_info --egg-base ../../../build/encoders_pkg build --build-base /home/lukas/ros2_ws/build/encoders_pkg/build install --record /home/lukas/ros2_ws/build/encoders_pkg/install.log --single-version-externally-managed install_data
