[0.696s] Invoking command in '/home/lukas/ros2_ws/src/IAS0220_Task4_Template-main/Task4_template/encoders_pkg': CMAKE_PREFIX_PATH=/home/lukas/ros2_ws/install/encoders_interfaces:/home/lukas/ros2_ws/install/transform_frame PYTHONPATH=/home/lukas/ros2_ws/build/encoders_pkg/prefix_override:/usr/lib/python3/dist-packages/colcon_core/task/python/colcon_distutils_commands:/home/lukas/ros2_ws/install/encoders_pkg/lib/python3.10/site-packages:${PYTHONPATH} /usr/bin/python3 -W ignore:setup.py install is deprecated -W ignore:easy_install command is deprecated setup.py egg_info --egg-base ../../../../build/encoders_pkg build --build-base /home/lukas/ros2_ws/build/encoders_pkg/build install --record /home/lukas/ros2_ws/build/encoders_pkg/install.log --single-version-externally-managed install_data
[0.878s] running egg_info
[0.878s] writing ../../../../build/encoders_pkg/encoders_pkg.egg-info/PKG-INFO
[0.878s] writing dependency_links to ../../../../build/encoders_pkg/encoders_pkg.egg-info/dependency_links.txt
[0.878s] writing entry points to ../../../../build/encoders_pkg/encoders_pkg.egg-info/entry_points.txt
[0.878s] writing requirements to ../../../../build/encoders_pkg/encoders_pkg.egg-info/requires.txt
[0.879s] writing top-level names to ../../../../build/encoders_pkg/encoders_pkg.egg-info/top_level.txt
[0.880s] reading manifest file '../../../../build/encoders_pkg/encoders_pkg.egg-info/SOURCES.txt'
[0.881s] writing manifest file '../../../../build/encoders_pkg/encoders_pkg.egg-info/SOURCES.txt'
[0.881s] running build
[0.881s] running build_py
[0.881s] running install
[0.881s] running install_lib
[0.883s] running install_data
[0.883s] running install_egg_info
[0.885s] removing '/home/lukas/ros2_ws/install/encoders_pkg/lib/python3.10/site-packages/encoders_pkg-0.0.0-py3.10.egg-info' (and everything under it)
[0.885s] Copying ../../../../build/encoders_pkg/encoders_pkg.egg-info to /home/lukas/ros2_ws/install/encoders_pkg/lib/python3.10/site-packages/encoders_pkg-0.0.0-py3.10.egg-info
[0.886s] running install_scripts
[0.902s] Installing encoders_node script to /home/lukas/ros2_ws/install/encoders_pkg/lib/encoders_pkg
[0.902s] writing list of installed files to '/home/lukas/ros2_ws/build/encoders_pkg/install.log'
[0.931s] Invoked command in '/home/lukas/ros2_ws/src/IAS0220_Task4_Template-main/Task4_template/encoders_pkg' returned '0': CMAKE_PREFIX_PATH=/home/lukas/ros2_ws/install/encoders_interfaces:/home/lukas/ros2_ws/install/transform_frame PYTHONPATH=/home/lukas/ros2_ws/build/encoders_pkg/prefix_override:/usr/lib/python3/dist-packages/colcon_core/task/python/colcon_distutils_commands:/home/lukas/ros2_ws/install/encoders_pkg/lib/python3.10/site-packages:${PYTHONPATH} /usr/bin/python3 -W ignore:setup.py install is deprecated -W ignore:easy_install command is deprecated setup.py egg_info --egg-base ../../../../build/encoders_pkg build --build-base /home/lukas/ros2_ws/build/encoders_pkg/build install --record /home/lukas/ros2_ws/build/encoders_pkg/install.log --single-version-externally-managed install_data
