/home/lukas/ros2_ws/install/IAS0220_252062IV/lib/python3.10/site-packages/IAS0220_252062IV/random_walker.py
/home/lukas/ros2_ws/install/IAS0220_252062IV/lib/python3.10/site-packages/IAS0220_252062IV/__init__.py
/home/lukas/ros2_ws/install/IAS0220_252062IV/lib/python3.10/site-packages/IAS0220_252062IV/position_calculator.py
/home/lukas/ros2_ws/install/IAS0220_252062IV/lib/python3.10/site-packages/IAS0220_252062IV/__pycache__/random_walker.cpython-310.pyc
/home/lukas/ros2_ws/install/IAS0220_252062IV/lib/python3.10/site-packages/IAS0220_252062IV/__pycache__/__init__.cpython-310.pyc
/home/lukas/ros2_ws/install/IAS0220_252062IV/lib/python3.10/site-packages/IAS0220_252062IV/__pycache__/position_calculator.cpython-310.pyc
/home/lukas/ros2_ws/install/IAS0220_252062IV/share/ament_index/resource_index/packages/IAS0220_252062IV
/home/lukas/ros2_ws/install/IAS0220_252062IV/share/IAS0220_252062IV/package.xml
/home/lukas/ros2_ws/install/IAS0220_252062IV/share/IAS0220_252062IV/launch/task2.launch.py
/home/lukas/ros2_ws/install/IAS0220_252062IV/share/IAS0220_252062IV/urdf/differential_robot.urdf
/home/lukas/ros2_ws/install/IAS0220_252062IV/share/IAS0220_252062IV/config/task2_config.rviz
/home/lukas/ros2_ws/install/IAS0220_252062IV/lib/python3.10/site-packages/IAS0220_252062IV-0.0.0-py3.10.egg-info/top_level.txt
/home/lukas/ros2_ws/install/IAS0220_252062IV/lib/python3.10/site-packages/IAS0220_252062IV-0.0.0-py3.10.egg-info/zip-safe
/home/lukas/ros2_ws/install/IAS0220_252062IV/lib/python3.10/site-packages/IAS0220_252062IV-0.0.0-py3.10.egg-info/SOURCES.txt
/home/lukas/ros2_ws/install/IAS0220_252062IV/lib/python3.10/site-packages/IAS0220_252062IV-0.0.0-py3.10.egg-info/requires.txt
/home/lukas/ros2_ws/install/IAS0220_252062IV/lib/python3.10/site-packages/IAS0220_252062IV-0.0.0-py3.10.egg-info/dependency_links.txt
/home/lukas/ros2_ws/install/IAS0220_252062IV/lib/python3.10/site-packages/IAS0220_252062IV-0.0.0-py3.10.egg-info/entry_points.txt
/home/lukas/ros2_ws/install/IAS0220_252062IV/lib/python3.10/site-packages/IAS0220_252062IV-0.0.0-py3.10.egg-info/PKG-INFO
/home/lukas/ros2_ws/install/IAS0220_252062IV/lib/IAS0220_252062IV/position_calculator
/home/lukas/ros2_ws/install/IAS0220_252062IV/lib/IAS0220_252062IV/random_walker
