running egg_info
creating ../../../build/setup_gazebo_ias0220/setup_gazebo_ias0220.egg-info
writing ../../../build/setup_gazebo_ias0220/setup_gazebo_ias0220.egg-info/PKG-INFO
writing dependency_links to ../../../build/setup_gazebo_ias0220/setup_gazebo_ias0220.egg-info/dependency_links.txt
writing entry points to ../../../build/setup_gazebo_ias0220/setup_gazebo_ias0220.egg-info/entry_points.txt
writing requirements to ../../../build/setup_gazebo_ias0220/setup_gazebo_ias0220.egg-info/requires.txt
writing top-level names to ../../../build/setup_gazebo_ias0220/setup_gazebo_ias0220.egg-info/top_level.txt
writing manifest file '../../../build/setup_gazebo_ias0220/setup_gazebo_ias0220.egg-info/SOURCES.txt'
reading manifest file '../../../build/setup_gazebo_ias0220/setup_gazebo_ias0220.egg-info/SOURCES.txt'
writing manifest file '../../../build/setup_gazebo_ias0220/setup_gazebo_ias0220.egg-info/SOURCES.txt'
running build
running build_py
creating /home/lukas/ros2_ws/build/setup_gazebo_ias0220/build
creating /home/lukas/ros2_ws/build/setup_gazebo_ias0220/build/lib
creating /home/lukas/ros2_ws/build/setup_gazebo_ias0220/build/lib/setup_gazebo_ias0220
copying setup_gazebo_ias0220/__init__.py -> /home/lukas/ros2_ws/build/setup_gazebo_ias0220/build/lib/setup_gazebo_ias0220
running install
running install_lib
creating /home/lukas/ros2_ws/install/setup_gazebo_ias0220/lib/python3.10/site-packages/setup_gazebo_ias0220
copying /home/lukas/ros2_ws/build/setup_gazebo_ias0220/build/lib/setup_gazebo_ias0220/__init__.py -> /home/lukas/ros2_ws/install/setup_gazebo_ias0220/lib/python3.10/site-packages/setup_gazebo_ias0220
byte-compiling /home/lukas/ros2_ws/install/setup_gazebo_ias0220/lib/python3.10/site-packages/setup_gazebo_ias0220/__init__.py to __init__.cpython-310.pyc
running install_data
creating /home/lukas/ros2_ws/install/setup_gazebo_ias0220/share/ament_index
creating /home/lukas/ros2_ws/install/setup_gazebo_ias0220/share/ament_index/resource_index
creating /home/lukas/ros2_ws/install/setup_gazebo_ias0220/share/ament_index/resource_index/packages
copying resource/setup_gazebo_ias0220 -> /home/lukas/ros2_ws/install/setup_gazebo_ias0220/share/ament_index/resource_index/packages
copying package.xml -> /home/lukas/ros2_ws/install/setup_gazebo_ias0220/share/setup_gazebo_ias0220
creating /home/lukas/ros2_ws/install/setup_gazebo_ias0220/share/setup_gazebo_ias0220/worlds
copying worlds/seethelight.world -> /home/lukas/ros2_ws/install/setup_gazebo_ias0220/share/setup_gazebo_ias0220/worlds
creating /home/lukas/ros2_ws/install/setup_gazebo_ias0220/share/setup_gazebo_ias0220/launch
copying launch/gazebo.launch.py -> /home/lukas/ros2_ws/install/setup_gazebo_ias0220/share/setup_gazebo_ias0220/launch
running install_egg_info
Copying ../../../build/setup_gazebo_ias0220/setup_gazebo_ias0220.egg-info to /home/lukas/ros2_ws/install/setup_gazebo_ias0220/lib/python3.10/site-packages/setup_gazebo_ias0220-0.0.0-py3.10.egg-info
running install_scripts
writing list of installed files to '/home/lukas/ros2_ws/build/setup_gazebo_ias0220/install.log'
