[1.540s] Invoking command in '/home/lukas/ros2_ws/src/IAS0220_Task6-main/setup_gazebo_ias0220': PYTHONPATH=/home/lukas/ros2_ws/build/setup_gazebo_ias0220/prefix_override:/usr/lib/python3/dist-packages/colcon_core/task/python/colcon_distutils_commands:/home/lukas/ros2_ws/install/setup_gazebo_ias0220/lib/python3.10/site-packages:${PYTHONPATH} /usr/bin/python3 -W ignore:setup.py install is deprecated -W ignore:easy_install command is deprecated setup.py egg_info --egg-base ../../../build/setup_gazebo_ias0220 build --build-base /home/lukas/ros2_ws/build/setup_gazebo_ias0220/build install --record /home/lukas/ros2_ws/build/setup_gazebo_ias0220/install.log --single-version-externally-managed install_data
[1.838s] running egg_info
[1.840s] creating ../../../build/setup_gazebo_ias0220/setup_gazebo_ias0220.egg-info
[1.840s] writing ../../../build/setup_gazebo_ias0220/setup_gazebo_ias0220.egg-info/PKG-INFO
[1.840s] writing dependency_links to ../../../build/setup_gazebo_ias0220/setup_gazebo_ias0220.egg-info/dependency_links.txt
[1.840s] writing entry points to ../../../build/setup_gazebo_ias0220/setup_gazebo_ias0220.egg-info/entry_points.txt
[1.841s] writing requirements to ../../../build/setup_gazebo_ias0220/setup_gazebo_ias0220.egg-info/requires.txt
[1.841s] writing top-level names to ../../../build/setup_gazebo_ias0220/setup_gazebo_ias0220.egg-info/top_level.txt
[1.841s] writing manifest file '../../../build/setup_gazebo_ias0220/setup_gazebo_ias0220.egg-info/SOURCES.txt'
[1.844s] reading manifest file '../../../build/setup_gazebo_ias0220/setup_gazebo_ias0220.egg-info/SOURCES.txt'
[1.845s] writing manifest file '../../../build/setup_gazebo_ias0220/setup_gazebo_ias0220.egg-info/SOURCES.txt'
[1.846s] running build
[1.846s] running build_py
[1.846s] creating /home/lukas/ros2_ws/build/setup_gazebo_ias0220/build
[1.846s] creating /home/lukas/ros2_ws/build/setup_gazebo_ias0220/build/lib
[1.846s] creating /home/lukas/ros2_ws/build/setup_gazebo_ias0220/build/lib/setup_gazebo_ias0220
[1.846s] copying setup_gazebo_ias0220/__init__.py -> /home/lukas/ros2_ws/build/setup_gazebo_ias0220/build/lib/setup_gazebo_ias0220
[1.846s] running install
[1.847s] running install_lib
[1.848s] creating /home/lukas/ros2_ws/install/setup_gazebo_ias0220/lib/python3.10/site-packages/setup_gazebo_ias0220
[1.848s] copying /home/lukas/ros2_ws/build/setup_gazebo_ias0220/build/lib/setup_gazebo_ias0220/__init__.py -> /home/lukas/ros2_ws/install/setup_gazebo_ias0220/lib/python3.10/site-packages/setup_gazebo_ias0220
[1.848s] byte-compiling /home/lukas/ros2_ws/install/setup_gazebo_ias0220/lib/python3.10/site-packages/setup_gazebo_ias0220/__init__.py to __init__.cpython-310.pyc
[1.849s] running install_data
[1.849s] creating /home/lukas/ros2_ws/install/setup_gazebo_ias0220/share/ament_index
[1.849s] creating /home/lukas/ros2_ws/install/setup_gazebo_ias0220/share/ament_index/resource_index
[1.849s] creating /home/lukas/ros2_ws/install/setup_gazebo_ias0220/share/ament_index/resource_index/packages
[1.849s] copying resource/setup_gazebo_ias0220 -> /home/lukas/ros2_ws/install/setup_gazebo_ias0220/share/ament_index/resource_index/packages
[1.849s] copying package.xml -> /home/lukas/ros2_ws/install/setup_gazebo_ias0220/share/setup_gazebo_ias0220
[1.849s] creating /home/lukas/ros2_ws/install/setup_gazebo_ias0220/share/setup_gazebo_ias0220/worlds
[1.850s] copying worlds/seethelight.world -> /home/lukas/ros2_ws/install/setup_gazebo_ias0220/share/setup_gazebo_ias0220/worlds
[1.850s] creating /home/lukas/ros2_ws/install/setup_gazebo_ias0220/share/setup_gazebo_ias0220/launch
[1.850s] copying launch/gazebo.launch.py -> /home/lukas/ros2_ws/install/setup_gazebo_ias0220/share/setup_gazebo_ias0220/launch
[1.850s] running install_egg_info
[1.853s] Copying ../../../build/setup_gazebo_ias0220/setup_gazebo_ias0220.egg-info to /home/lukas/ros2_ws/install/setup_gazebo_ias0220/lib/python3.10/site-packages/setup_gazebo_ias0220-0.0.0-py3.10.egg-info
[1.854s] running install_scripts
[1.892s] writing list of installed files to '/home/lukas/ros2_ws/build/setup_gazebo_ias0220/install.log'
[1.998s] Invoked command in '/home/lukas/ros2_ws/src/IAS0220_Task6-main/setup_gazebo_ias0220' returned '0': PYTHONPATH=/home/lukas/ros2_ws/build/setup_gazebo_ias0220/prefix_override:/usr/lib/python3/dist-packages/colcon_core/task/python/colcon_distutils_commands:/home/lukas/ros2_ws/install/setup_gazebo_ias0220/lib/python3.10/site-packages:${PYTHONPATH} /usr/bin/python3 -W ignore:setup.py install is deprecated -W ignore:easy_install command is deprecated setup.py egg_info --egg-base ../../../build/setup_gazebo_ias0220 build --build-base /home/lukas/ros2_ws/build/setup_gazebo_ias0220/build install --record /home/lukas/ros2_ws/build/setup_gazebo_ias0220/install.log --single-version-externally-managed install_data
