[0.033s] Invoking command in '/home/lukas/ros2_ws/build/encoders_interfaces': CMAKE_PREFIX_PATH=${CMAKE_PREFIX_PATH}:/home/lukas/ros2_ws/install/setup_gazebo_ias0220:/home/lukas/ros2_ws/install/encoders_pkg:/home/lukas/ros2_ws/install/IAS0220_252062IV:/opt/ros/humble /usr/bin/cmake /home/lukas/ros2_ws/src/IAS0220_Task4_Template-main/Task4_template/encoders_interfaces -DCMAKE_INSTALL_PREFIX=/home/lukas/ros2_ws/install/encoders_interfaces
[0.663s] -- The C compiler identification is GNU 11.4.0
[0.663s] -- The CXX compiler identification is GNU 11.4.0
[0.663s] -- Detecting C compiler ABI info
[0.663s] -- Detecting C compiler ABI info - done
[0.663s] -- Check for working C compiler: /usr/bin/cc - skipped
[0.664s] -- Detecting C compile features
[0.664s] -- Detecting C compile features - done
[0.664s] -- Detecting CXX compiler ABI info
[0.664s] -- Detecting CXX compiler ABI info - done
[0.664s] -- Check for working CXX compiler: /usr/bin/c++ - skipped
[0.664s] -- Detecting CXX compile features
[0.664s] -- Detecting CXX compile features - done
[0.664s] -- Found ament_cmake: 1.3.12 (/opt/ros/humble/share/ament_cmake/cmake)
[0.664s] -- Found Python3: /usr/bin/python3 (found version "3.10.12") found components: Interpreter 
[0.761s] -- Found rosidl_default_generators: 1.2.0 (/opt/ros/humble/share/rosidl_default_generators/cmake)
[0.765s] -- Using all available rosidl_typesupport_c: rosidl_typesupport_fastrtps_c;rosidl_typesupport_introspection_c
[0.774s] -- Found rosidl_adapter: 3.1.7 (/opt/ros/humble/share/rosidl_adapter/cmake)
[0.828s] -- Using all available rosidl_typesupport_cpp: rosidl_typesupport_fastrtps_cpp;rosidl_typesupport_introspection_cpp
[1.199s] -- Found ament_cmake_ros: 0.10.0 (/opt/ros/humble/share/ament_cmake_ros/cmake)
[1.447s] -- Using all available rosidl_typesupport_c: rosidl_typesupport_fastrtps_c;rosidl_typesupport_introspection_c
[1.751s] -- Using all available rosidl_typesupport_cpp: rosidl_typesupport_fastrtps_cpp;rosidl_typesupport_introspection_cpp
[1.780s] -- Found PythonInterp: /usr/bin/python3 (found suitable version "3.10.12", minimum required is "3.6") 
[1.782s] -- Found python_cmake_module: 0.10.0 (/opt/ros/humble/share/python_cmake_module/cmake)
[1.815s] -- Found PythonLibs: /usr/lib/x86_64-linux-gnu/libpython3.10.so (found suitable version "3.10.12", minimum required is "3.5") 
[1.815s] -- Using PYTHON_EXECUTABLE: /usr/bin/python3
[1.815s] -- Using PYTHON_INCLUDE_DIRS: /usr/include/python3.10
[1.815s] -- Using PYTHON_LIBRARIES: /usr/lib/x86_64-linux-gnu/libpython3.10.so
[1.843s] -- Found PythonExtra: .so  
[1.885s] -- Found ament_lint_auto: 0.12.14 (/opt/ros/humble/share/ament_lint_auto/cmake)
[1.910s] -- Added test 'lint_cmake' to check CMake code style
[1.911s] -- Added test 'xmllint' to check XML markup files
[1.915s] -- Configuring done
[1.954s] -- Generating done
[1.967s] -- Build files have been written to: /home/lukas/ros2_ws/build/encoders_interfaces
[1.976s] Invoked command in '/home/lukas/ros2_ws/build/encoders_interfaces' returned '0': CMAKE_PREFIX_PATH=${CMAKE_PREFIX_PATH}:/home/lukas/ros2_ws/install/setup_gazebo_ias0220:/home/lukas/ros2_ws/install/encoders_pkg:/home/lukas/ros2_ws/install/IAS0220_252062IV:/opt/ros/humble /usr/bin/cmake /home/lukas/ros2_ws/src/IAS0220_Task4_Template-main/Task4_template/encoders_interfaces -DCMAKE_INSTALL_PREFIX=/home/lukas/ros2_ws/install/encoders_interfaces
[1.979s] Invoking command in '/home/lukas/ros2_ws/build/encoders_interfaces': CMAKE_PREFIX_PATH=${CMAKE_PREFIX_PATH}:/home/lukas/ros2_ws/install/setup_gazebo_ias0220:/home/lukas/ros2_ws/install/encoders_pkg:/home/lukas/ros2_ws/install/IAS0220_252062IV:/opt/ros/humble /usr/bin/cmake --build /home/lukas/ros2_ws/build/encoders_interfaces -- -j16 -l16
[2.036s] [  3%] [34m[1mGenerating C code for ROS interfaces[0m
[2.051s] [  6%] [34m[1mGenerating C++ code for ROS interfaces[0m
[2.065s] [  6%] Built target ament_cmake_python_copy_encoders_interfaces
[2.350s] [  9%] [32mBuilding C object CMakeFiles/encoders_interfaces__rosidl_generator_c.dir/rosidl_generator_c/encoders_interfaces/msg/detail/counter__functions.c.o[0m
[2.361s] running egg_info
[2.361s] [  9%] Built target encoders_interfaces__cpp
[2.362s] creating encoders_interfaces.egg-info
[2.362s] writing encoders_interfaces.egg-info/PKG-INFO
[2.363s] writing dependency_links to encoders_interfaces.egg-info/dependency_links.txt
[2.363s] writing top-level names to encoders_interfaces.egg-info/top_level.txt
[2.363s] writing manifest file 'encoders_interfaces.egg-info/SOURCES.txt'
[2.365s] reading manifest file 'encoders_interfaces.egg-info/SOURCES.txt'
[2.366s] writing manifest file 'encoders_interfaces.egg-info/SOURCES.txt'
[2.377s] [ 16%] [34m[1mGenerating C++ introspection for ROS interfaces[0m
[2.377s] [ 16%] [34m[1mGenerating C++ type support for eProsima Fast-RTPS[0m
[2.377s] [ 19%] [34m[1mGenerating C++ type support dispatch for ROS interfaces[0m
[2.418s] [ 22%] [32m[1mLinking C shared library libencoders_interfaces__rosidl_generator_c.so[0m
[2.420s] [ 22%] Built target ament_cmake_python_build_encoders_interfaces_egg
[2.476s] [ 22%] Built target encoders_interfaces__rosidl_generator_c
[2.491s] [ 29%] [34m[1mGenerating C introspection for ROS interfaces[0m
[2.491s] [ 29%] [34m[1mGenerating C type support for eProsima Fast-RTPS[0m
[2.495s] [ 32%] [34m[1mGenerating C type support dispatch for ROS interfaces[0m
[2.656s] [ 35%] [32mBuilding CXX object CMakeFiles/encoders_interfaces__rosidl_typesupport_cpp.dir/rosidl_typesupport_cpp/encoders_interfaces/msg/counter__type_support.cpp.o[0m
[2.698s] [ 38%] [32mBuilding CXX object CMakeFiles/encoders_interfaces__rosidl_typesupport_introspection_cpp.dir/rosidl_typesupport_introspection_cpp/encoders_interfaces/msg/detail/counter__type_support.cpp.o[0m
[2.700s] [ 41%] [32mBuilding CXX object CMakeFiles/encoders_interfaces__rosidl_typesupport_fastrtps_cpp.dir/rosidl_typesupport_fastrtps_cpp/encoders_interfaces/msg/detail/dds_fastrtps/counter__type_support.cpp.o[0m
[2.798s] [ 45%] [32mBuilding CXX object CMakeFiles/encoders_interfaces__rosidl_typesupport_c.dir/rosidl_typesupport_c/encoders_interfaces/msg/counter__type_support.cpp.o[0m
[2.840s] [ 48%] [32mBuilding C object CMakeFiles/encoders_interfaces__rosidl_typesupport_introspection_c.dir/rosidl_typesupport_introspection_c/encoders_interfaces/msg/detail/counter__type_support.c.o[0m
[2.846s] [ 51%] [32m[1mLinking CXX shared library libencoders_interfaces__rosidl_typesupport_c.so[0m
[2.850s] [ 54%] [32mBuilding CXX object CMakeFiles/encoders_interfaces__rosidl_typesupport_fastrtps_c.dir/rosidl_typesupport_fastrtps_c/encoders_interfaces/msg/detail/counter__type_support_c.cpp.o[0m
[2.890s] [ 58%] [32m[1mLinking C shared library libencoders_interfaces__rosidl_typesupport_introspection_c.so[0m
[2.907s] [ 58%] Built target encoders_interfaces__rosidl_typesupport_c
[2.939s] [ 58%] Built target encoders_interfaces__rosidl_typesupport_introspection_c
[2.995s] [ 61%] [32m[1mLinking CXX shared library libencoders_interfaces__rosidl_typesupport_cpp.so[0m
[3.056s] [ 61%] Built target encoders_interfaces__rosidl_typesupport_cpp
[3.170s] [ 64%] [32m[1mLinking CXX shared library libencoders_interfaces__rosidl_typesupport_introspection_cpp.so[0m
[3.188s] [ 67%] [32m[1mLinking CXX shared library libencoders_interfaces__rosidl_typesupport_fastrtps_cpp.so[0m
[3.229s] [ 67%] Built target encoders_interfaces__rosidl_typesupport_introspection_cpp
[3.238s] [ 70%] [32m[1mLinking CXX shared library libencoders_interfaces__rosidl_typesupport_fastrtps_c.so[0m
[3.328s] [ 70%] Built target encoders_interfaces__rosidl_typesupport_fastrtps_cpp
[3.366s] [ 70%] Built target encoders_interfaces__rosidl_typesupport_fastrtps_c
[3.397s] [ 70%] Built target encoders_interfaces
[3.430s] [ 74%] [34m[1mGenerating Python code for ROS interfaces[0m
[3.794s] [ 74%] Built target encoders_interfaces__py
[3.828s] [ 77%] [32mBuilding C object CMakeFiles/encoders_interfaces__rosidl_generator_py.dir/rosidl_generator_py/encoders_interfaces/msg/_counter_s.c.o[0m
[3.953s] [ 80%] [32m[1mLinking C shared library rosidl_generator_py/encoders_interfaces/libencoders_interfaces__rosidl_generator_py.so[0m
[4.010s] [ 80%] Built target encoders_interfaces__rosidl_generator_py
[4.040s] [ 87%] [32mBuilding C object CMakeFiles/encoders_interfaces__rosidl_typesupport_c__pyext.dir/rosidl_generator_py/encoders_interfaces/_encoders_interfaces_s.ep.rosidl_typesupport_c.c.o[0m
[4.041s] [ 87%] [32mBuilding C object CMakeFiles/encoders_interfaces__rosidl_typesupport_fastrtps_c__pyext.dir/rosidl_generator_py/encoders_interfaces/_encoders_interfaces_s.ep.rosidl_typesupport_fastrtps_c.c.o[0m
[4.043s] [ 90%] [32mBuilding C object CMakeFiles/encoders_interfaces__rosidl_typesupport_introspection_c__pyext.dir/rosidl_generator_py/encoders_interfaces/_encoders_interfaces_s.ep.rosidl_typesupport_introspection_c.c.o[0m
[4.157s] [ 93%] [32m[1mLinking C shared library rosidl_generator_py/encoders_interfaces/encoders_interfaces_s__rosidl_typesupport_c.cpython-310-x86_64-linux-gnu.so[0m
[4.162s] [ 96%] [32m[1mLinking C shared library rosidl_generator_py/encoders_interfaces/encoders_interfaces_s__rosidl_typesupport_introspection_c.cpython-310-x86_64-linux-gnu.so[0m
[4.169s] [100%] [32m[1mLinking C shared library rosidl_generator_py/encoders_interfaces/encoders_interfaces_s__rosidl_typesupport_fastrtps_c.cpython-310-x86_64-linux-gnu.so[0m
[4.207s] [100%] Built target encoders_interfaces__rosidl_typesupport_c__pyext
[4.212s] [100%] Built target encoders_interfaces__rosidl_typesupport_introspection_c__pyext
[4.219s] [100%] Built target encoders_interfaces__rosidl_typesupport_fastrtps_c__pyext
[4.240s] Invoked command in '/home/lukas/ros2_ws/build/encoders_interfaces' returned '0': CMAKE_PREFIX_PATH=${CMAKE_PREFIX_PATH}:/home/lukas/ros2_ws/install/setup_gazebo_ias0220:/home/lukas/ros2_ws/install/encoders_pkg:/home/lukas/ros2_ws/install/IAS0220_252062IV:/opt/ros/humble /usr/bin/cmake --build /home/lukas/ros2_ws/build/encoders_interfaces -- -j16 -l16
[4.256s] Invoking command in '/home/lukas/ros2_ws/build/encoders_interfaces': CMAKE_PREFIX_PATH=${CMAKE_PREFIX_PATH}:/home/lukas/ros2_ws/install/setup_gazebo_ias0220:/home/lukas/ros2_ws/install/encoders_pkg:/home/lukas/ros2_ws/install/IAS0220_252062IV:/opt/ros/humble /usr/bin/cmake --install /home/lukas/ros2_ws/build/encoders_interfaces
[4.266s] -- Install configuration: ""
[4.266s] -- Installing: /home/lukas/ros2_ws/install/encoders_interfaces/share/ament_index/resource_index/rosidl_interfaces/encoders_interfaces
[4.266s] -- Installing: /home/lukas/ros2_ws/install/encoders_interfaces/include/encoders_interfaces/encoders_interfaces
[4.266s] -- Installing: /home/lukas/ros2_ws/install/encoders_interfaces/include/encoders_interfaces/encoders_interfaces/msg
[4.267s] -- Installing: /home/lukas/ros2_ws/install/encoders_interfaces/include/encoders_interfaces/encoders_interfaces/msg/counter.h
[4.267s] -- Installing: /home/lukas/ros2_ws/install/encoders_interfaces/include/encoders_interfaces/encoders_interfaces/msg/rosidl_generator_c__visibility_control.h
[4.267s] -- Installing: /home/lukas/ros2_ws/install/encoders_interfaces/include/encoders_interfaces/encoders_interfaces/msg/detail
[4.267s] -- Installing: /home/lukas/ros2_ws/install/encoders_interfaces/include/encoders_interfaces/encoders_interfaces/msg/detail/counter__type_support.h
[4.268s] -- Installing: /home/lukas/ros2_ws/install/encoders_interfaces/include/encoders_interfaces/encoders_interfaces/msg/detail/counter__struct.h
[4.268s] -- Installing: /home/lukas/ros2_ws/install/encoders_interfaces/include/encoders_interfaces/encoders_interfaces/msg/detail/counter__functions.h
[4.268s] -- Installing: /home/lukas/ros2_ws/install/encoders_interfaces/include/encoders_interfaces/encoders_interfaces/msg/detail/counter__functions.c
[4.268s] -- Installing: /home/lukas/ros2_ws/install/encoders_interfaces/share/encoders_interfaces/environment/library_path.sh
[4.268s] -- Installing: /home/lukas/ros2_ws/install/encoders_interfaces/share/encoders_interfaces/environment/library_path.dsv
[4.268s] -- Installing: /home/lukas/ros2_ws/install/encoders_interfaces/lib/libencoders_interfaces__rosidl_generator_c.so
[4.269s] -- Set runtime path of "/home/lukas/ros2_ws/install/encoders_interfaces/lib/libencoders_interfaces__rosidl_generator_c.so" to ""
[4.269s] -- Up-to-date: /home/lukas/ros2_ws/install/encoders_interfaces/include/encoders_interfaces/encoders_interfaces
[4.269s] -- Up-to-date: /home/lukas/ros2_ws/install/encoders_interfaces/include/encoders_interfaces/encoders_interfaces/msg
[4.269s] -- Installing: /home/lukas/ros2_ws/install/encoders_interfaces/include/encoders_interfaces/encoders_interfaces/msg/rosidl_typesupport_fastrtps_c__visibility_control.h
[4.269s] -- Up-to-date: /home/lukas/ros2_ws/install/encoders_interfaces/include/encoders_interfaces/encoders_interfaces/msg/detail
[4.269s] -- Installing: /home/lukas/ros2_ws/install/encoders_interfaces/include/encoders_interfaces/encoders_interfaces/msg/detail/counter__rosidl_typesupport_fastrtps_c.h
[4.270s] -- Installing: /home/lukas/ros2_ws/install/encoders_interfaces/lib/libencoders_interfaces__rosidl_typesupport_fastrtps_c.so
[4.270s] -- Set runtime path of "/home/lukas/ros2_ws/install/encoders_interfaces/lib/libencoders_interfaces__rosidl_typesupport_fastrtps_c.so" to ""
[4.270s] -- Up-to-date: /home/lukas/ros2_ws/install/encoders_interfaces/include/encoders_interfaces/encoders_interfaces
[4.270s] -- Up-to-date: /home/lukas/ros2_ws/install/encoders_interfaces/include/encoders_interfaces/encoders_interfaces/msg
[4.270s] -- Installing: /home/lukas/ros2_ws/install/encoders_interfaces/include/encoders_interfaces/encoders_interfaces/msg/rosidl_typesupport_introspection_c__visibility_control.h
[4.271s] -- Up-to-date: /home/lukas/ros2_ws/install/encoders_interfaces/include/encoders_interfaces/encoders_interfaces/msg/detail
[4.271s] -- Installing: /home/lukas/ros2_ws/install/encoders_interfaces/include/encoders_interfaces/encoders_interfaces/msg/detail/counter__type_support.c
[4.271s] -- Installing: /home/lukas/ros2_ws/install/encoders_interfaces/include/encoders_interfaces/encoders_interfaces/msg/detail/counter__rosidl_typesupport_introspection_c.h
[4.271s] -- Installing: /home/lukas/ros2_ws/install/encoders_interfaces/lib/libencoders_interfaces__rosidl_typesupport_introspection_c.so
[4.272s] -- Set runtime path of "/home/lukas/ros2_ws/install/encoders_interfaces/lib/libencoders_interfaces__rosidl_typesupport_introspection_c.so" to ""
[4.272s] -- Installing: /home/lukas/ros2_ws/install/encoders_interfaces/lib/libencoders_interfaces__rosidl_typesupport_c.so
[4.272s] -- Set runtime path of "/home/lukas/ros2_ws/install/encoders_interfaces/lib/libencoders_interfaces__rosidl_typesupport_c.so" to ""
[4.272s] -- Up-to-date: /home/lukas/ros2_ws/install/encoders_interfaces/include/encoders_interfaces/encoders_interfaces
[4.272s] -- Up-to-date: /home/lukas/ros2_ws/install/encoders_interfaces/include/encoders_interfaces/encoders_interfaces/msg
[4.272s] -- Installing: /home/lukas/ros2_ws/install/encoders_interfaces/include/encoders_interfaces/encoders_interfaces/msg/rosidl_generator_cpp__visibility_control.hpp
[4.272s] -- Installing: /home/lukas/ros2_ws/install/encoders_interfaces/include/encoders_interfaces/encoders_interfaces/msg/counter.hpp
[4.273s] -- Up-to-date: /home/lukas/ros2_ws/install/encoders_interfaces/include/encoders_interfaces/encoders_interfaces/msg/detail
[4.273s] -- Installing: /home/lukas/ros2_ws/install/encoders_interfaces/include/encoders_interfaces/encoders_interfaces/msg/detail/counter__builder.hpp
[4.273s] -- Installing: /home/lukas/ros2_ws/install/encoders_interfaces/include/encoders_interfaces/encoders_interfaces/msg/detail/counter__type_support.hpp
[4.273s] -- Installing: /home/lukas/ros2_ws/install/encoders_interfaces/include/encoders_interfaces/encoders_interfaces/msg/detail/counter__struct.hpp
[4.273s] -- Installing: /home/lukas/ros2_ws/install/encoders_interfaces/include/encoders_interfaces/encoders_interfaces/msg/detail/counter__traits.hpp
[4.273s] -- Up-to-date: /home/lukas/ros2_ws/install/encoders_interfaces/include/encoders_interfaces/encoders_interfaces
[4.273s] -- Up-to-date: /home/lukas/ros2_ws/install/encoders_interfaces/include/encoders_interfaces/encoders_interfaces/msg
[4.273s] -- Installing: /home/lukas/ros2_ws/install/encoders_interfaces/include/encoders_interfaces/encoders_interfaces/msg/rosidl_typesupport_fastrtps_cpp__visibility_control.h
[4.274s] -- Up-to-date: /home/lukas/ros2_ws/install/encoders_interfaces/include/encoders_interfaces/encoders_interfaces/msg/detail
[4.274s] -- Installing: /home/lukas/ros2_ws/install/encoders_interfaces/include/encoders_interfaces/encoders_interfaces/msg/detail/counter__rosidl_typesupport_fastrtps_cpp.hpp
[4.274s] -- Installing: /home/lukas/ros2_ws/install/encoders_interfaces/include/encoders_interfaces/encoders_interfaces/msg/detail/dds_fastrtps
[4.274s] -- Installing: /home/lukas/ros2_ws/install/encoders_interfaces/lib/libencoders_interfaces__rosidl_typesupport_fastrtps_cpp.so
[4.275s] -- Set runtime path of "/home/lukas/ros2_ws/install/encoders_interfaces/lib/libencoders_interfaces__rosidl_typesupport_fastrtps_cpp.so" to ""
[4.275s] -- Up-to-date: /home/lukas/ros2_ws/install/encoders_interfaces/include/encoders_interfaces/encoders_interfaces
[4.275s] -- Up-to-date: /home/lukas/ros2_ws/install/encoders_interfaces/include/encoders_interfaces/encoders_interfaces/msg
[4.275s] -- Up-to-date: /home/lukas/ros2_ws/install/encoders_interfaces/include/encoders_interfaces/encoders_interfaces/msg/detail
[4.275s] -- Installing: /home/lukas/ros2_ws/install/encoders_interfaces/include/encoders_interfaces/encoders_interfaces/msg/detail/counter__rosidl_typesupport_introspection_cpp.hpp
[4.275s] -- Installing: /home/lukas/ros2_ws/install/encoders_interfaces/include/encoders_interfaces/encoders_interfaces/msg/detail/counter__type_support.cpp
[4.275s] -- Installing: /home/lukas/ros2_ws/install/encoders_interfaces/lib/libencoders_interfaces__rosidl_typesupport_introspection_cpp.so
[4.276s] -- Set runtime path of "/home/lukas/ros2_ws/install/encoders_interfaces/lib/libencoders_interfaces__rosidl_typesupport_introspection_cpp.so" to ""
[4.276s] -- Installing: /home/lukas/ros2_ws/install/encoders_interfaces/lib/libencoders_interfaces__rosidl_typesupport_cpp.so
[4.276s] -- Set runtime path of "/home/lukas/ros2_ws/install/encoders_interfaces/lib/libencoders_interfaces__rosidl_typesupport_cpp.so" to ""
[4.277s] -- Installing: /home/lukas/ros2_ws/install/encoders_interfaces/share/encoders_interfaces/environment/pythonpath.sh
[4.277s] -- Installing: /home/lukas/ros2_ws/install/encoders_interfaces/share/encoders_interfaces/environment/pythonpath.dsv
[4.277s] -- Installing: /home/lukas/ros2_ws/install/encoders_interfaces/local/lib/python3.10/dist-packages/encoders_interfaces-0.0.0-py3.10.egg-info
[4.277s] -- Installing: /home/lukas/ros2_ws/install/encoders_interfaces/local/lib/python3.10/dist-packages/encoders_interfaces-0.0.0-py3.10.egg-info/top_level.txt
[4.277s] -- Installing: /home/lukas/ros2_ws/install/encoders_interfaces/local/lib/python3.10/dist-packages/encoders_interfaces-0.0.0-py3.10.egg-info/SOURCES.txt
[4.277s] -- Installing: /home/lukas/ros2_ws/install/encoders_interfaces/local/lib/python3.10/dist-packages/encoders_interfaces-0.0.0-py3.10.egg-info/dependency_links.txt
[4.278s] -- Installing: /home/lukas/ros2_ws/install/encoders_interfaces/local/lib/python3.10/dist-packages/encoders_interfaces-0.0.0-py3.10.egg-info/PKG-INFO
[4.278s] -- Installing: /home/lukas/ros2_ws/install/encoders_interfaces/local/lib/python3.10/dist-packages/encoders_interfaces
[4.278s] -- Installing: /home/lukas/ros2_ws/install/encoders_interfaces/local/lib/python3.10/dist-packages/encoders_interfaces/encoders_interfaces_s__rosidl_typesupport_c.cpython-310-x86_64-linux-gnu.so
[4.278s] -- Installing: /home/lukas/ros2_ws/install/encoders_interfaces/local/lib/python3.10/dist-packages/encoders_interfaces/msg
[4.278s] -- Installing: /home/lukas/ros2_ws/install/encoders_interfaces/local/lib/python3.10/dist-packages/encoders_interfaces/msg/_counter.py
[4.278s] -- Installing: /home/lukas/ros2_ws/install/encoders_interfaces/local/lib/python3.10/dist-packages/encoders_interfaces/msg/__init__.py
[4.279s] -- Installing: /home/lukas/ros2_ws/install/encoders_interfaces/local/lib/python3.10/dist-packages/encoders_interfaces/msg/_counter_s.c
[4.279s] -- Installing: /home/lukas/ros2_ws/install/encoders_interfaces/local/lib/python3.10/dist-packages/encoders_interfaces/encoders_interfaces_s__rosidl_typesupport_fastrtps_c.cpython-310-x86_64-linux-gnu.so
[4.279s] -- Installing: /home/lukas/ros2_ws/install/encoders_interfaces/local/lib/python3.10/dist-packages/encoders_interfaces/_encoders_interfaces_s.ep.rosidl_typesupport_introspection_c.c
[4.279s] -- Installing: /home/lukas/ros2_ws/install/encoders_interfaces/local/lib/python3.10/dist-packages/encoders_interfaces/__init__.py
[4.279s] -- Installing: /home/lukas/ros2_ws/install/encoders_interfaces/local/lib/python3.10/dist-packages/encoders_interfaces/_encoders_interfaces_s.ep.rosidl_typesupport_c.c
[4.279s] -- Installing: /home/lukas/ros2_ws/install/encoders_interfaces/local/lib/python3.10/dist-packages/encoders_interfaces/encoders_interfaces_s__rosidl_typesupport_introspection_c.cpython-310-x86_64-linux-gnu.so
[4.280s] -- Installing: /home/lukas/ros2_ws/install/encoders_interfaces/local/lib/python3.10/dist-packages/encoders_interfaces/libencoders_interfaces__rosidl_generator_py.so
[4.280s] -- Installing: /home/lukas/ros2_ws/install/encoders_interfaces/local/lib/python3.10/dist-packages/encoders_interfaces/_encoders_interfaces_s.ep.rosidl_typesupport_fastrtps_c.c
[4.323s] Listing '/home/lukas/ros2_ws/install/encoders_interfaces/local/lib/python3.10/dist-packages/encoders_interfaces'...
[4.323s] Compiling '/home/lukas/ros2_ws/install/encoders_interfaces/local/lib/python3.10/dist-packages/encoders_interfaces/__init__.py'...
[4.323s] Listing '/home/lukas/ros2_ws/install/encoders_interfaces/local/lib/python3.10/dist-packages/encoders_interfaces/msg'...
[4.323s] Compiling '/home/lukas/ros2_ws/install/encoders_interfaces/local/lib/python3.10/dist-packages/encoders_interfaces/msg/__init__.py'...
[4.323s] Compiling '/home/lukas/ros2_ws/install/encoders_interfaces/local/lib/python3.10/dist-packages/encoders_interfaces/msg/_counter.py'...
[4.330s] -- Installing: /home/lukas/ros2_ws/install/encoders_interfaces/local/lib/python3.10/dist-packages/encoders_interfaces/encoders_interfaces_s__rosidl_typesupport_fastrtps_c.cpython-310-x86_64-linux-gnu.so
[4.330s] -- Set runtime path of "/home/lukas/ros2_ws/install/encoders_interfaces/local/lib/python3.10/dist-packages/encoders_interfaces/encoders_interfaces_s__rosidl_typesupport_fastrtps_c.cpython-310-x86_64-linux-gnu.so" to ""
[4.331s] -- Installing: /home/lukas/ros2_ws/install/encoders_interfaces/local/lib/python3.10/dist-packages/encoders_interfaces/encoders_interfaces_s__rosidl_typesupport_introspection_c.cpython-310-x86_64-linux-gnu.so
[4.331s] -- Set runtime path of "/home/lukas/ros2_ws/install/encoders_interfaces/local/lib/python3.10/dist-packages/encoders_interfaces/encoders_interfaces_s__rosidl_typesupport_introspection_c.cpython-310-x86_64-linux-gnu.so" to ""
[4.331s] -- Installing: /home/lukas/ros2_ws/install/encoders_interfaces/local/lib/python3.10/dist-packages/encoders_interfaces/encoders_interfaces_s__rosidl_typesupport_c.cpython-310-x86_64-linux-gnu.so
[4.332s] -- Set runtime path of "/home/lukas/ros2_ws/install/encoders_interfaces/local/lib/python3.10/dist-packages/encoders_interfaces/encoders_interfaces_s__rosidl_typesupport_c.cpython-310-x86_64-linux-gnu.so" to ""
[4.332s] -- Installing: /home/lukas/ros2_ws/install/encoders_interfaces/lib/libencoders_interfaces__rosidl_generator_py.so
[4.333s] -- Set runtime path of "/home/lukas/ros2_ws/install/encoders_interfaces/lib/libencoders_interfaces__rosidl_generator_py.so" to ""
[4.333s] -- Installing: /home/lukas/ros2_ws/install/encoders_interfaces/share/encoders_interfaces/msg/Counter.idl
[4.333s] -- Installing: /home/lukas/ros2_ws/install/encoders_interfaces/share/encoders_interfaces/msg/Counter.msg
[4.333s] -- Installing: /home/lukas/ros2_ws/install/encoders_interfaces/share/ament_index/resource_index/package_run_dependencies/encoders_interfaces
[4.333s] -- Installing: /home/lukas/ros2_ws/install/encoders_interfaces/share/ament_index/resource_index/parent_prefix_path/encoders_interfaces
[4.334s] -- Installing: /home/lukas/ros2_ws/install/encoders_interfaces/share/encoders_interfaces/environment/ament_prefix_path.sh
[4.334s] -- Installing: /home/lukas/ros2_ws/install/encoders_interfaces/share/encoders_interfaces/environment/ament_prefix_path.dsv
[4.334s] -- Installing: /home/lukas/ros2_ws/install/encoders_interfaces/share/encoders_interfaces/environment/path.sh
[4.334s] -- Installing: /home/lukas/ros2_ws/install/encoders_interfaces/share/encoders_interfaces/environment/path.dsv
[4.334s] -- Installing: /home/lukas/ros2_ws/install/encoders_interfaces/share/encoders_interfaces/local_setup.bash
[4.335s] -- Installing: /home/lukas/ros2_ws/install/encoders_interfaces/share/encoders_interfaces/local_setup.sh
[4.335s] -- Installing: /home/lukas/ros2_ws/install/encoders_interfaces/share/encoders_interfaces/local_setup.zsh
[4.335s] -- Installing: /home/lukas/ros2_ws/install/encoders_interfaces/share/encoders_interfaces/local_setup.dsv
[4.335s] -- Installing: /home/lukas/ros2_ws/install/encoders_interfaces/share/encoders_interfaces/package.dsv
[4.335s] -- Installing: /home/lukas/ros2_ws/install/encoders_interfaces/share/ament_index/resource_index/packages/encoders_interfaces
[4.336s] -- Installing: /home/lukas/ros2_ws/install/encoders_interfaces/share/encoders_interfaces/cmake/export_encoders_interfaces__rosidl_generator_cExport.cmake
[4.336s] -- Installing: /home/lukas/ros2_ws/install/encoders_interfaces/share/encoders_interfaces/cmake/export_encoders_interfaces__rosidl_generator_cExport-noconfig.cmake
[4.336s] -- Installing: /home/lukas/ros2_ws/install/encoders_interfaces/share/encoders_interfaces/cmake/export_encoders_interfaces__rosidl_typesupport_fastrtps_cExport.cmake
[4.336s] -- Installing: /home/lukas/ros2_ws/install/encoders_interfaces/share/encoders_interfaces/cmake/export_encoders_interfaces__rosidl_typesupport_fastrtps_cExport-noconfig.cmake
[4.337s] -- Installing: /home/lukas/ros2_ws/install/encoders_interfaces/share/encoders_interfaces/cmake/encoders_interfaces__rosidl_typesupport_introspection_cExport.cmake
[4.337s] -- Installing: /home/lukas/ros2_ws/install/encoders_interfaces/share/encoders_interfaces/cmake/encoders_interfaces__rosidl_typesupport_introspection_cExport-noconfig.cmake
[4.337s] -- Installing: /home/lukas/ros2_ws/install/encoders_interfaces/share/encoders_interfaces/cmake/encoders_interfaces__rosidl_typesupport_cExport.cmake
[4.337s] -- Installing: /home/lukas/ros2_ws/install/encoders_interfaces/share/encoders_interfaces/cmake/encoders_interfaces__rosidl_typesupport_cExport-noconfig.cmake
[4.338s] -- Installing: /home/lukas/ros2_ws/install/encoders_interfaces/share/encoders_interfaces/cmake/export_encoders_interfaces__rosidl_generator_cppExport.cmake
[4.338s] -- Installing: /home/lukas/ros2_ws/install/encoders_interfaces/share/encoders_interfaces/cmake/export_encoders_interfaces__rosidl_typesupport_fastrtps_cppExport.cmake
[4.338s] -- Installing: /home/lukas/ros2_ws/install/encoders_interfaces/share/encoders_interfaces/cmake/export_encoders_interfaces__rosidl_typesupport_fastrtps_cppExport-noconfig.cmake
[4.338s] -- Installing: /home/lukas/ros2_ws/install/encoders_interfaces/share/encoders_interfaces/cmake/encoders_interfaces__rosidl_typesupport_introspection_cppExport.cmake
[4.338s] -- Installing: /home/lukas/ros2_ws/install/encoders_interfaces/share/encoders_interfaces/cmake/encoders_interfaces__rosidl_typesupport_introspection_cppExport-noconfig.cmake
[4.339s] -- Installing: /home/lukas/ros2_ws/install/encoders_interfaces/share/encoders_interfaces/cmake/encoders_interfaces__rosidl_typesupport_cppExport.cmake
[4.339s] -- Installing: /home/lukas/ros2_ws/install/encoders_interfaces/share/encoders_interfaces/cmake/encoders_interfaces__rosidl_typesupport_cppExport-noconfig.cmake
[4.339s] -- Installing: /home/lukas/ros2_ws/install/encoders_interfaces/share/encoders_interfaces/cmake/export_encoders_interfaces__rosidl_generator_pyExport.cmake
[4.339s] -- Installing: /home/lukas/ros2_ws/install/encoders_interfaces/share/encoders_interfaces/cmake/export_encoders_interfaces__rosidl_generator_pyExport-noconfig.cmake
[4.340s] -- Installing: /home/lukas/ros2_ws/install/encoders_interfaces/share/encoders_interfaces/cmake/rosidl_cmake-extras.cmake
[4.340s] -- Installing: /home/lukas/ros2_ws/install/encoders_interfaces/share/encoders_interfaces/cmake/ament_cmake_export_include_directories-extras.cmake
[4.340s] -- Installing: /home/lukas/ros2_ws/install/encoders_interfaces/share/encoders_interfaces/cmake/ament_cmake_export_libraries-extras.cmake
[4.340s] -- Installing: /home/lukas/ros2_ws/install/encoders_interfaces/share/encoders_interfaces/cmake/ament_cmake_export_targets-extras.cmake
[4.340s] -- Installing: /home/lukas/ros2_ws/install/encoders_interfaces/share/encoders_interfaces/cmake/rosidl_cmake_export_typesupport_targets-extras.cmake
[4.341s] -- Installing: /home/lukas/ros2_ws/install/encoders_interfaces/share/encoders_interfaces/cmake/ament_cmake_export_dependencies-extras.cmake
[4.341s] -- Installing: /home/lukas/ros2_ws/install/encoders_interfaces/share/encoders_interfaces/cmake/rosidl_cmake_export_typesupport_libraries-extras.cmake
[4.341s] -- Installing: /home/lukas/ros2_ws/install/encoders_interfaces/share/encoders_interfaces/cmake/encoders_interfacesConfig.cmake
[4.341s] -- Installing: /home/lukas/ros2_ws/install/encoders_interfaces/share/encoders_interfaces/cmake/encoders_interfacesConfig-version.cmake
[4.341s] -- Installing: /home/lukas/ros2_ws/install/encoders_interfaces/share/encoders_interfaces/package.xml
[4.345s] Invoked command in '/home/lukas/ros2_ws/build/encoders_interfaces' returned '0': CMAKE_PREFIX_PATH=${CMAKE_PREFIX_PATH}:/home/lukas/ros2_ws/install/setup_gazebo_ias0220:/home/lukas/ros2_ws/install/encoders_pkg:/home/lukas/ros2_ws/install/IAS0220_252062IV:/opt/ros/humble /usr/bin/cmake --install /home/lukas/ros2_ws/build/encoders_interfaces
