[0.118s] DEBUG:colcon:Command line arguments: ['/usr/bin/colcon', 'build']
[0.118s] DEBUG:colcon:Parsed command line arguments: Namespace(log_base=None, log_level=None, verb_name='build', build_base='build', install_base='install', merge_install=False, symlink_install=False, test_result_base=None, continue_on_error=False, executor='parallel', parallel_workers=16, event_handlers=None, ignore_user_meta=False, metas=['./colcon.meta'], base_paths=['.'], packages_ignore=None, packages_ignore_regex=None, paths=None, packages_up_to=None, packages_up_to_regex=None, packages_above=None, packages_above_and_dependencies=None, packages_above_depth=None, packages_select_by_dep=None, packages_skip_by_dep=None, packages_skip_up_to=None, packages_select_build_failed=False, packages_skip_build_finished=False, packages_select_test_failures=False, packages_skip_test_passed=False, packages_select=None, packages_skip=None, packages_select_regex=None, packages_skip_regex=None, packages_start=None, packages_end=None, allow_overriding=[], cmake_args=None, cmake_target=None, cmake_target_skip_unavailable=False, cmake_clean_cache=False, cmake_clean_first=False, cmake_force_configure=False, ament_cmake_args=None, catkin_cmake_args=None, catkin_skip_building_tests=False, verb_parser=<colcon_defaults.argument_parser.defaults.DefaultArgumentsDecorator object at 0x722b516482e0>, verb_extension=<colcon_core.verb.build.BuildVerb object at 0x722b5175d660>, main=<bound method BuildVerb.main of <colcon_core.verb.build.BuildVerb object at 0x722b5175d660>>)
[0.310s] Level 1:colcon.colcon_core.package_discovery:discover_packages(colcon_meta) check parameters
[0.310s] Level 1:colcon.colcon_core.package_discovery:discover_packages(recursive) check parameters
[0.310s] Level 1:colcon.colcon_core.package_discovery:discover_packages(ignore) check parameters
[0.310s] Level 1:colcon.colcon_core.package_discovery:discover_packages(path) check parameters
[0.310s] Level 1:colcon.colcon_core.package_discovery:discover_packages(colcon_meta) discover
[0.310s] Level 1:colcon.colcon_core.package_discovery:discover_packages(recursive) discover
[0.310s] INFO:colcon.colcon_core.package_discovery:Crawling recursively for packages in '/home/lukas/ros2_ws'
[0.310s] Level 1:colcon.colcon_core.package_identification:_identify(.) by extensions ['ignore', 'ignore_ament_install']
[0.310s] Level 1:colcon.colcon_core.package_identification:_identify(.) by extension 'ignore'
[0.311s] Level 1:colcon.colcon_core.package_identification:_identify(.) by extension 'ignore_ament_install'
[0.311s] Level 1:colcon.colcon_core.package_identification:_identify(.) by extensions ['colcon_pkg']
[0.311s] Level 1:colcon.colcon_core.package_identification:_identify(.) by extension 'colcon_pkg'
[0.311s] Level 1:colcon.colcon_core.package_identification:_identify(.) by extensions ['colcon_meta']
[0.311s] Level 1:colcon.colcon_core.package_identification:_identify(.) by extension 'colcon_meta'
[0.311s] Level 1:colcon.colcon_core.package_identification:_identify(.) by extensions ['ros']
[0.311s] Level 1:colcon.colcon_core.package_identification:_identify(.) by extension 'ros'
[0.323s] Level 1:colcon.colcon_core.package_identification:_identify(.) by extensions ['cmake', 'python']
[0.324s] Level 1:colcon.colcon_core.package_identification:_identify(.) by extension 'cmake'
[0.324s] Level 1:colcon.colcon_core.package_identification:_identify(.) by extension 'python'
[0.324s] Level 1:colcon.colcon_core.package_identification:_identify(.) by extensions ['python_setup_py']
[0.324s] Level 1:colcon.colcon_core.package_identification:_identify(.) by extension 'python_setup_py'
[0.324s] Level 1:colcon.colcon_core.package_identification:_identify(build) by extensions ['ignore', 'ignore_ament_install']
[0.324s] Level 1:colcon.colcon_core.package_identification:_identify(build) by extension 'ignore'
[0.324s] Level 1:colcon.colcon_core.package_identification:_identify(build) ignored
[0.324s] Level 1:colcon.colcon_core.package_identification:_identify(install) by extensions ['ignore', 'ignore_ament_install']
[0.324s] Level 1:colcon.colcon_core.package_identification:_identify(install) by extension 'ignore'
[0.324s] Level 1:colcon.colcon_core.package_identification:_identify(install) ignored
[0.324s] Level 1:colcon.colcon_core.package_identification:_identify(log) by extensions ['ignore', 'ignore_ament_install']
[0.324s] Level 1:colcon.colcon_core.package_identification:_identify(log) by extension 'ignore'
[0.325s] Level 1:colcon.colcon_core.package_identification:_identify(log) ignored
[0.325s] Level 1:colcon.colcon_core.package_identification:_identify(src) by extensions ['ignore', 'ignore_ament_install']
[0.325s] Level 1:colcon.colcon_core.package_identification:_identify(src) by extension 'ignore'
[0.325s] Level 1:colcon.colcon_core.package_identification:_identify(src) by extension 'ignore_ament_install'
[0.325s] Level 1:colcon.colcon_core.package_identification:_identify(src) by extensions ['colcon_pkg']
[0.325s] Level 1:colcon.colcon_core.package_identification:_identify(src) by extension 'colcon_pkg'
[0.325s] Level 1:colcon.colcon_core.package_identification:_identify(src) by extensions ['colcon_meta']
[0.325s] Level 1:colcon.colcon_core.package_identification:_identify(src) by extension 'colcon_meta'
[0.325s] Level 1:colcon.colcon_core.package_identification:_identify(src) by extensions ['ros']
[0.325s] Level 1:colcon.colcon_core.package_identification:_identify(src) by extension 'ros'
[0.325s] Level 1:colcon.colcon_core.package_identification:_identify(src) by extensions ['cmake', 'python']
[0.325s] Level 1:colcon.colcon_core.package_identification:_identify(src) by extension 'cmake'
[0.325s] Level 1:colcon.colcon_core.package_identification:_identify(src) by extension 'python'
[0.325s] Level 1:colcon.colcon_core.package_identification:_identify(src) by extensions ['python_setup_py']
[0.325s] Level 1:colcon.colcon_core.package_identification:_identify(src) by extension 'python_setup_py'
[0.325s] Level 1:colcon.colcon_core.package_identification:_identify(src/IAS0220_252062IV) by extensions ['ignore', 'ignore_ament_install']
[0.325s] Level 1:colcon.colcon_core.package_identification:_identify(src/IAS0220_252062IV) by extension 'ignore'
[0.325s] Level 1:colcon.colcon_core.package_identification:_identify(src/IAS0220_252062IV) by extension 'ignore_ament_install'
[0.326s] Level 1:colcon.colcon_core.package_identification:_identify(src/IAS0220_252062IV) by extensions ['colcon_pkg']
[0.326s] Level 1:colcon.colcon_core.package_identification:_identify(src/IAS0220_252062IV) by extension 'colcon_pkg'
[0.326s] Level 1:colcon.colcon_core.package_identification:_identify(src/IAS0220_252062IV) by extensions ['colcon_meta']
[0.326s] Level 1:colcon.colcon_core.package_identification:_identify(src/IAS0220_252062IV) by extension 'colcon_meta'
[0.326s] Level 1:colcon.colcon_core.package_identification:_identify(src/IAS0220_252062IV) by extensions ['ros']
[0.326s] Level 1:colcon.colcon_core.package_identification:_identify(src/IAS0220_252062IV) by extension 'ros'
[0.328s] DEBUG:colcon.colcon_core.package_identification:Package 'src/IAS0220_252062IV' with type 'ros.ament_python' and name 'IAS0220_252062IV'
[0.328s] Level 1:colcon.colcon_core.package_identification:_identify(src/IAS0220_Task4_Template-main) by extensions ['ignore', 'ignore_ament_install']
[0.329s] Level 1:colcon.colcon_core.package_identification:_identify(src/IAS0220_Task4_Template-main) by extension 'ignore'
[0.329s] Level 1:colcon.colcon_core.package_identification:_identify(src/IAS0220_Task4_Template-main) by extension 'ignore_ament_install'
[0.329s] Level 1:colcon.colcon_core.package_identification:_identify(src/IAS0220_Task4_Template-main) by extensions ['colcon_pkg']
[0.329s] Level 1:colcon.colcon_core.package_identification:_identify(src/IAS0220_Task4_Template-main) by extension 'colcon_pkg'
[0.329s] Level 1:colcon.colcon_core.package_identification:_identify(src/IAS0220_Task4_Template-main) by extensions ['colcon_meta']
[0.329s] Level 1:colcon.colcon_core.package_identification:_identify(src/IAS0220_Task4_Template-main) by extension 'colcon_meta'
[0.329s] Level 1:colcon.colcon_core.package_identification:_identify(src/IAS0220_Task4_Template-main) by extensions ['ros']
[0.329s] Level 1:colcon.colcon_core.package_identification:_identify(src/IAS0220_Task4_Template-main) by extension 'ros'
[0.329s] Level 1:colcon.colcon_core.package_identification:_identify(src/IAS0220_Task4_Template-main) by extensions ['cmake', 'python']
[0.329s] Level 1:colcon.colcon_core.package_identification:_identify(src/IAS0220_Task4_Template-main) by extension 'cmake'
[0.329s] Level 1:colcon.colcon_core.package_identification:_identify(src/IAS0220_Task4_Template-main) by extension 'python'
[0.329s] Level 1:colcon.colcon_core.package_identification:_identify(src/IAS0220_Task4_Template-main) by extensions ['python_setup_py']
[0.329s] Level 1:colcon.colcon_core.package_identification:_identify(src/IAS0220_Task4_Template-main) by extension 'python_setup_py'
[0.329s] Level 1:colcon.colcon_core.package_identification:_identify(src/IAS0220_Task4_Template-main/Task4_template) by extensions ['ignore', 'ignore_ament_install']
[0.329s] Level 1:colcon.colcon_core.package_identification:_identify(src/IAS0220_Task4_Template-main/Task4_template) by extension 'ignore'
[0.329s] Level 1:colcon.colcon_core.package_identification:_identify(src/IAS0220_Task4_Template-main/Task4_template) by extension 'ignore_ament_install'
[0.329s] Level 1:colcon.colcon_core.package_identification:_identify(src/IAS0220_Task4_Template-main/Task4_template) by extensions ['colcon_pkg']
[0.329s] Level 1:colcon.colcon_core.package_identification:_identify(src/IAS0220_Task4_Template-main/Task4_template) by extension 'colcon_pkg'
[0.329s] Level 1:colcon.colcon_core.package_identification:_identify(src/IAS0220_Task4_Template-main/Task4_template) by extensions ['colcon_meta']
[0.330s] Level 1:colcon.colcon_core.package_identification:_identify(src/IAS0220_Task4_Template-main/Task4_template) by extension 'colcon_meta'
[0.330s] Level 1:colcon.colcon_core.package_identification:_identify(src/IAS0220_Task4_Template-main/Task4_template) by extensions ['ros']
[0.330s] Level 1:colcon.colcon_core.package_identification:_identify(src/IAS0220_Task4_Template-main/Task4_template) by extension 'ros'
[0.330s] Level 1:colcon.colcon_core.package_identification:_identify(src/IAS0220_Task4_Template-main/Task4_template) by extensions ['cmake', 'python']
[0.330s] Level 1:colcon.colcon_core.package_identification:_identify(src/IAS0220_Task4_Template-main/Task4_template) by extension 'cmake'
[0.330s] Level 1:colcon.colcon_core.package_identification:_identify(src/IAS0220_Task4_Template-main/Task4_template) by extension 'python'
[0.330s] Level 1:colcon.colcon_core.package_identification:_identify(src/IAS0220_Task4_Template-main/Task4_template) by extensions ['python_setup_py']
[0.330s] Level 1:colcon.colcon_core.package_identification:_identify(src/IAS0220_Task4_Template-main/Task4_template) by extension 'python_setup_py'
[0.330s] Level 1:colcon.colcon_core.package_identification:_identify(src/IAS0220_Task4_Template-main/Task4_template/encoders_interfaces) by extensions ['ignore', 'ignore_ament_install']
[0.330s] Level 1:colcon.colcon_core.package_identification:_identify(src/IAS0220_Task4_Template-main/Task4_template/encoders_interfaces) by extension 'ignore'
[0.330s] Level 1:colcon.colcon_core.package_identification:_identify(src/IAS0220_Task4_Template-main/Task4_template/encoders_interfaces) by extension 'ignore_ament_install'
[0.330s] Level 1:colcon.colcon_core.package_identification:_identify(src/IAS0220_Task4_Template-main/Task4_template/encoders_interfaces) by extensions ['colcon_pkg']
[0.330s] Level 1:colcon.colcon_core.package_identification:_identify(src/IAS0220_Task4_Template-main/Task4_template/encoders_interfaces) by extension 'colcon_pkg'
[0.330s] Level 1:colcon.colcon_core.package_identification:_identify(src/IAS0220_Task4_Template-main/Task4_template/encoders_interfaces) by extensions ['colcon_meta']
[0.330s] Level 1:colcon.colcon_core.package_identification:_identify(src/IAS0220_Task4_Template-main/Task4_template/encoders_interfaces) by extension 'colcon_meta'
[0.330s] Level 1:colcon.colcon_core.package_identification:_identify(src/IAS0220_Task4_Template-main/Task4_template/encoders_interfaces) by extensions ['ros']
[0.330s] Level 1:colcon.colcon_core.package_identification:_identify(src/IAS0220_Task4_Template-main/Task4_template/encoders_interfaces) by extension 'ros'
[0.331s] DEBUG:colcon.colcon_core.package_identification:Package 'src/IAS0220_Task4_Template-main/Task4_template/encoders_interfaces' with type 'ros.ament_cmake' and name 'encoders_interfaces'
[0.331s] Level 1:colcon.colcon_core.package_identification:_identify(src/IAS0220_Task4_Template-main/Task4_template/encoders_pkg) by extensions ['ignore', 'ignore_ament_install']
[0.331s] Level 1:colcon.colcon_core.package_identification:_identify(src/IAS0220_Task4_Template-main/Task4_template/encoders_pkg) by extension 'ignore'
[0.331s] Level 1:colcon.colcon_core.package_identification:_identify(src/IAS0220_Task4_Template-main/Task4_template/encoders_pkg) by extension 'ignore_ament_install'
[0.331s] Level 1:colcon.colcon_core.package_identification:_identify(src/IAS0220_Task4_Template-main/Task4_template/encoders_pkg) by extensions ['colcon_pkg']
[0.332s] Level 1:colcon.colcon_core.package_identification:_identify(src/IAS0220_Task4_Template-main/Task4_template/encoders_pkg) by extension 'colcon_pkg'
[0.332s] Level 1:colcon.colcon_core.package_identification:_identify(src/IAS0220_Task4_Template-main/Task4_template/encoders_pkg) by extensions ['colcon_meta']
[0.332s] Level 1:colcon.colcon_core.package_identification:_identify(src/IAS0220_Task4_Template-main/Task4_template/encoders_pkg) by extension 'colcon_meta'
[0.332s] Level 1:colcon.colcon_core.package_identification:_identify(src/IAS0220_Task4_Template-main/Task4_template/encoders_pkg) by extensions ['ros']
[0.332s] Level 1:colcon.colcon_core.package_identification:_identify(src/IAS0220_Task4_Template-main/Task4_template/encoders_pkg) by extension 'ros'
[0.333s] DEBUG:colcon.colcon_core.package_identification:Package 'src/IAS0220_Task4_Template-main/Task4_template/encoders_pkg' with type 'ros.ament_python' and name 'encoders_pkg'
[0.333s] Level 1:colcon.colcon_core.package_identification:_identify(src/IAS0220_Task4_Template-main/Task4_template/setup_gazebo_ias0220) by extensions ['ignore', 'ignore_ament_install']
[0.333s] Level 1:colcon.colcon_core.package_identification:_identify(src/IAS0220_Task4_Template-main/Task4_template/setup_gazebo_ias0220) by extension 'ignore'
[0.333s] Level 1:colcon.colcon_core.package_identification:_identify(src/IAS0220_Task4_Template-main/Task4_template/setup_gazebo_ias0220) by extension 'ignore_ament_install'
[0.333s] Level 1:colcon.colcon_core.package_identification:_identify(src/IAS0220_Task4_Template-main/Task4_template/setup_gazebo_ias0220) by extensions ['colcon_pkg']
[0.333s] Level 1:colcon.colcon_core.package_identification:_identify(src/IAS0220_Task4_Template-main/Task4_template/setup_gazebo_ias0220) by extension 'colcon_pkg'
[0.333s] Level 1:colcon.colcon_core.package_identification:_identify(src/IAS0220_Task4_Template-main/Task4_template/setup_gazebo_ias0220) by extensions ['colcon_meta']
[0.333s] Level 1:colcon.colcon_core.package_identification:_identify(src/IAS0220_Task4_Template-main/Task4_template/setup_gazebo_ias0220) by extension 'colcon_meta'
[0.333s] Level 1:colcon.colcon_core.package_identification:_identify(src/IAS0220_Task4_Template-main/Task4_template/setup_gazebo_ias0220) by extensions ['ros']
[0.333s] Level 1:colcon.colcon_core.package_identification:_identify(src/IAS0220_Task4_Template-main/Task4_template/setup_gazebo_ias0220) by extension 'ros'
[0.334s] DEBUG:colcon.colcon_core.package_identification:Package 'src/IAS0220_Task4_Template-main/Task4_template/setup_gazebo_ias0220' with type 'ros.ament_python' and name 'setup_gazebo_ias0220'
[0.334s] Level 1:colcon.colcon_core.package_identification:_identify(src/transform_frame) by extensions ['ignore', 'ignore_ament_install']
[0.334s] Level 1:colcon.colcon_core.package_identification:_identify(src/transform_frame) by extension 'ignore'
[0.334s] Level 1:colcon.colcon_core.package_identification:_identify(src/transform_frame) by extension 'ignore_ament_install'
[0.334s] Level 1:colcon.colcon_core.package_identification:_identify(src/transform_frame) by extensions ['colcon_pkg']
[0.334s] Level 1:colcon.colcon_core.package_identification:_identify(src/transform_frame) by extension 'colcon_pkg'
[0.334s] Level 1:colcon.colcon_core.package_identification:_identify(src/transform_frame) by extensions ['colcon_meta']
[0.334s] Level 1:colcon.colcon_core.package_identification:_identify(src/transform_frame) by extension 'colcon_meta'
[0.334s] Level 1:colcon.colcon_core.package_identification:_identify(src/transform_frame) by extensions ['ros']
[0.334s] Level 1:colcon.colcon_core.package_identification:_identify(src/transform_frame) by extension 'ros'
[0.335s] DEBUG:colcon.colcon_core.package_identification:Package 'src/transform_frame' with type 'ros.ament_cmake' and name 'transform_frame'
[0.335s] Level 1:colcon.colcon_core.package_discovery:discover_packages(recursive) using defaults
[0.335s] Level 1:colcon.colcon_core.package_discovery:discover_packages(ignore) discover
[0.335s] Level 1:colcon.colcon_core.package_discovery:discover_packages(ignore) using defaults
[0.335s] Level 1:colcon.colcon_core.package_discovery:discover_packages(path) discover
[0.335s] Level 1:colcon.colcon_core.package_discovery:discover_packages(path) using defaults
[0.373s] Level 1:colcon.colcon_core.package_discovery:discover_packages(prefix_path) check parameters
[0.373s] Level 1:colcon.colcon_core.package_discovery:discover_packages(prefix_path) discover
[0.374s] WARNING:colcon.colcon_ros.prefix_path.ament:The path '/home/lukas/ros2_ws/install/transform_frame' in the environment variable AMENT_PREFIX_PATH doesn't exist
[0.374s] WARNING:colcon.colcon_ros.prefix_path.ament:The path '/home/lukas/ros2_ws/install/setup_gazebo_ias0220' in the environment variable AMENT_PREFIX_PATH doesn't exist
[0.374s] WARNING:colcon.colcon_ros.prefix_path.ament:The path '/home/lukas/ros2_ws/install/encoders_pkg' in the environment variable AMENT_PREFIX_PATH doesn't exist
[0.374s] WARNING:colcon.colcon_ros.prefix_path.ament:The path '/home/lukas/ros2_ws/install/encoders_interfaces' in the environment variable AMENT_PREFIX_PATH doesn't exist
[0.374s] WARNING:colcon.colcon_ros.prefix_path.ament:The path '/home/lukas/ros2_ws/install/IAS0220_252062IV' in the environment variable AMENT_PREFIX_PATH doesn't exist
[0.375s] WARNING:colcon.colcon_ros.prefix_path.catkin:The path '/home/lukas/ros2_ws/install/transform_frame' in the environment variable CMAKE_PREFIX_PATH doesn't exist
[0.375s] WARNING:colcon.colcon_ros.prefix_path.catkin:The path '/home/lukas/ros2_ws/install/encoders_interfaces' in the environment variable CMAKE_PREFIX_PATH doesn't exist
[0.375s] DEBUG:colcon.colcon_installed_package_information.package_discovery:Found 0 installed packages in /home/lukas/ros2_ws/install
[0.377s] DEBUG:colcon.colcon_installed_package_information.package_discovery:Found 295 installed packages in /opt/ros/humble
[0.379s] Level 1:colcon.colcon_core.package_discovery:discover_packages(prefix_path) using defaults
[0.425s] Level 5:colcon.colcon_core.verb:set package 'IAS0220_252062IV' build argument 'cmake_args' from command line to 'None'
[0.425s] Level 5:colcon.colcon_core.verb:set package 'IAS0220_252062IV' build argument 'cmake_target' from command line to 'None'
[0.425s] Level 5:colcon.colcon_core.verb:set package 'IAS0220_252062IV' build argument 'cmake_target_skip_unavailable' from command line to 'False'
[0.425s] Level 5:colcon.colcon_core.verb:set package 'IAS0220_252062IV' build argument 'cmake_clean_cache' from command line to 'False'
[0.425s] Level 5:colcon.colcon_core.verb:set package 'IAS0220_252062IV' build argument 'cmake_clean_first' from command line to 'False'
[0.425s] Level 5:colcon.colcon_core.verb:set package 'IAS0220_252062IV' build argument 'cmake_force_configure' from command line to 'False'
[0.425s] Level 5:colcon.colcon_core.verb:set package 'IAS0220_252062IV' build argument 'ament_cmake_args' from command line to 'None'
[0.425s] Level 5:colcon.colcon_core.verb:set package 'IAS0220_252062IV' build argument 'catkin_cmake_args' from command line to 'None'
[0.425s] Level 5:colcon.colcon_core.verb:set package 'IAS0220_252062IV' build argument 'catkin_skip_building_tests' from command line to 'False'
[0.425s] DEBUG:colcon.colcon_core.verb:Building package 'IAS0220_252062IV' with the following arguments: {'ament_cmake_args': None, 'build_base': '/home/lukas/ros2_ws/build/IAS0220_252062IV', 'catkin_cmake_args': None, 'catkin_skip_building_tests': False, 'cmake_args': None, 'cmake_clean_cache': False, 'cmake_clean_first': False, 'cmake_force_configure': False, 'cmake_target': None, 'cmake_target_skip_unavailable': False, 'install_base': '/home/lukas/ros2_ws/install/IAS0220_252062IV', 'merge_install': False, 'path': '/home/lukas/ros2_ws/src/IAS0220_252062IV', 'symlink_install': False, 'test_result_base': None}
[0.426s] Level 5:colcon.colcon_core.verb:set package 'encoders_interfaces' build argument 'cmake_args' from command line to 'None'
[0.426s] Level 5:colcon.colcon_core.verb:set package 'encoders_interfaces' build argument 'cmake_target' from command line to 'None'
[0.426s] Level 5:colcon.colcon_core.verb:set package 'encoders_interfaces' build argument 'cmake_target_skip_unavailable' from command line to 'False'
[0.426s] Level 5:colcon.colcon_core.verb:set package 'encoders_interfaces' build argument 'cmake_clean_cache' from command line to 'False'
[0.426s] Level 5:colcon.colcon_core.verb:set package 'encoders_interfaces' build argument 'cmake_clean_first' from command line to 'False'
[0.426s] Level 5:colcon.colcon_core.verb:set package 'encoders_interfaces' build argument 'cmake_force_configure' from command line to 'False'
[0.426s] Level 5:colcon.colcon_core.verb:set package 'encoders_interfaces' build argument 'ament_cmake_args' from command line to 'None'
[0.426s] Level 5:colcon.colcon_core.verb:set package 'encoders_interfaces' build argument 'catkin_cmake_args' from command line to 'None'
[0.426s] Level 5:colcon.colcon_core.verb:set package 'encoders_interfaces' build argument 'catkin_skip_building_tests' from command line to 'False'
[0.426s] DEBUG:colcon.colcon_core.verb:Building package 'encoders_interfaces' with the following arguments: {'ament_cmake_args': None, 'build_base': '/home/lukas/ros2_ws/build/encoders_interfaces', 'catkin_cmake_args': None, 'catkin_skip_building_tests': False, 'cmake_args': None, 'cmake_clean_cache': False, 'cmake_clean_first': False, 'cmake_force_configure': False, 'cmake_target': None, 'cmake_target_skip_unavailable': False, 'install_base': '/home/lukas/ros2_ws/install/encoders_interfaces', 'merge_install': False, 'path': '/home/lukas/ros2_ws/src/IAS0220_Task4_Template-main/Task4_template/encoders_interfaces', 'symlink_install': False, 'test_result_base': None}
[0.426s] Level 5:colcon.colcon_core.verb:set package 'setup_gazebo_ias0220' build argument 'cmake_args' from command line to 'None'
[0.426s] Level 5:colcon.colcon_core.verb:set package 'setup_gazebo_ias0220' build argument 'cmake_target' from command line to 'None'
[0.426s] Level 5:colcon.colcon_core.verb:set package 'setup_gazebo_ias0220' build argument 'cmake_target_skip_unavailable' from command line to 'False'
[0.426s] Level 5:colcon.colcon_core.verb:set package 'setup_gazebo_ias0220' build argument 'cmake_clean_cache' from command line to 'False'
[0.426s] Level 5:colcon.colcon_core.verb:set package 'setup_gazebo_ias0220' build argument 'cmake_clean_first' from command line to 'False'
[0.426s] Level 5:colcon.colcon_core.verb:set package 'setup_gazebo_ias0220' build argument 'cmake_force_configure' from command line to 'False'
[0.426s] Level 5:colcon.colcon_core.verb:set package 'setup_gazebo_ias0220' build argument 'ament_cmake_args' from command line to 'None'
[0.426s] Level 5:colcon.colcon_core.verb:set package 'setup_gazebo_ias0220' build argument 'catkin_cmake_args' from command line to 'None'
[0.426s] Level 5:colcon.colcon_core.verb:set package 'setup_gazebo_ias0220' build argument 'catkin_skip_building_tests' from command line to 'False'
[0.426s] DEBUG:colcon.colcon_core.verb:Building package 'setup_gazebo_ias0220' with the following arguments: {'ament_cmake_args': None, 'build_base': '/home/lukas/ros2_ws/build/setup_gazebo_ias0220', 'catkin_cmake_args': None, 'catkin_skip_building_tests': False, 'cmake_args': None, 'cmake_clean_cache': False, 'cmake_clean_first': False, 'cmake_force_configure': False, 'cmake_target': None, 'cmake_target_skip_unavailable': False, 'install_base': '/home/lukas/ros2_ws/install/setup_gazebo_ias0220', 'merge_install': False, 'path': '/home/lukas/ros2_ws/src/IAS0220_Task4_Template-main/Task4_template/setup_gazebo_ias0220', 'symlink_install': False, 'test_result_base': None}
[0.427s] Level 5:colcon.colcon_core.verb:set package 'transform_frame' build argument 'cmake_args' from command line to 'None'
[0.427s] Level 5:colcon.colcon_core.verb:set package 'transform_frame' build argument 'cmake_target' from command line to 'None'
[0.427s] Level 5:colcon.colcon_core.verb:set package 'transform_frame' build argument 'cmake_target_skip_unavailable' from command line to 'False'
[0.427s] Level 5:colcon.colcon_core.verb:set package 'transform_frame' build argument 'cmake_clean_cache' from command line to 'False'
[0.427s] Level 5:colcon.colcon_core.verb:set package 'transform_frame' build argument 'cmake_clean_first' from command line to 'False'
[0.427s] Level 5:colcon.colcon_core.verb:set package 'transform_frame' build argument 'cmake_force_configure' from command line to 'False'
[0.427s] Level 5:colcon.colcon_core.verb:set package 'transform_frame' build argument 'ament_cmake_args' from command line to 'None'
[0.427s] Level 5:colcon.colcon_core.verb:set package 'transform_frame' build argument 'catkin_cmake_args' from command line to 'None'
[0.427s] Level 5:colcon.colcon_core.verb:set package 'transform_frame' build argument 'catkin_skip_building_tests' from command line to 'False'
[0.427s] DEBUG:colcon.colcon_core.verb:Building package 'transform_frame' with the following arguments: {'ament_cmake_args': None, 'build_base': '/home/lukas/ros2_ws/build/transform_frame', 'catkin_cmake_args': None, 'catkin_skip_building_tests': False, 'cmake_args': None, 'cmake_clean_cache': False, 'cmake_clean_first': False, 'cmake_force_configure': False, 'cmake_target': None, 'cmake_target_skip_unavailable': False, 'install_base': '/home/lukas/ros2_ws/install/transform_frame', 'merge_install': False, 'path': '/home/lukas/ros2_ws/src/transform_frame', 'symlink_install': False, 'test_result_base': None}
[0.427s] Level 5:colcon.colcon_core.verb:set package 'encoders_pkg' build argument 'cmake_args' from command line to 'None'
[0.427s] Level 5:colcon.colcon_core.verb:set package 'encoders_pkg' build argument 'cmake_target' from command line to 'None'
[0.427s] Level 5:colcon.colcon_core.verb:set package 'encoders_pkg' build argument 'cmake_target_skip_unavailable' from command line to 'False'
[0.427s] Level 5:colcon.colcon_core.verb:set package 'encoders_pkg' build argument 'cmake_clean_cache' from command line to 'False'
[0.428s] Level 5:colcon.colcon_core.verb:set package 'encoders_pkg' build argument 'cmake_clean_first' from command line to 'False'
[0.428s] Level 5:colcon.colcon_core.verb:set package 'encoders_pkg' build argument 'cmake_force_configure' from command line to 'False'
[0.428s] Level 5:colcon.colcon_core.verb:set package 'encoders_pkg' build argument 'ament_cmake_args' from command line to 'None'
[0.428s] Level 5:colcon.colcon_core.verb:set package 'encoders_pkg' build argument 'catkin_cmake_args' from command line to 'None'
[0.428s] Level 5:colcon.colcon_core.verb:set package 'encoders_pkg' build argument 'catkin_skip_building_tests' from command line to 'False'
[0.428s] DEBUG:colcon.colcon_core.verb:Building package 'encoders_pkg' with the following arguments: {'ament_cmake_args': None, 'build_base': '/home/lukas/ros2_ws/build/encoders_pkg', 'catkin_cmake_args': None, 'catkin_skip_building_tests': False, 'cmake_args': None, 'cmake_clean_cache': False, 'cmake_clean_first': False, 'cmake_force_configure': False, 'cmake_target': None, 'cmake_target_skip_unavailable': False, 'install_base': '/home/lukas/ros2_ws/install/encoders_pkg', 'merge_install': False, 'path': '/home/lukas/ros2_ws/src/IAS0220_Task4_Template-main/Task4_template/encoders_pkg', 'symlink_install': False, 'test_result_base': None}
[0.428s] INFO:colcon.colcon_core.executor:Executing jobs using 'parallel' executor
[0.429s] DEBUG:colcon.colcon_parallel_executor.executor.parallel:run_until_complete
[0.429s] INFO:colcon.colcon_ros.task.ament_cmake.build:Building ROS package in '/home/lukas/ros2_ws/src/IAS0220_Task4_Template-main/Task4_template/encoders_interfaces' with build type 'ament_cmake'
[0.429s] INFO:colcon.colcon_cmake.task.cmake.build:Building CMake package in '/home/lukas/ros2_ws/src/IAS0220_Task4_Template-main/Task4_template/encoders_interfaces'
[0.432s] INFO:colcon.colcon_core.plugin_system:Skipping extension 'colcon_core.shell.bat': Not used on non-Windows systems
[0.432s] INFO:colcon.colcon_core.shell:Skip shell extension 'powershell' for command environment: Not usable outside of PowerShell
[0.432s] DEBUG:colcon.colcon_core.shell:Skip shell extension 'dsv' for command environment
[0.436s] INFO:colcon.colcon_ros.task.ament_python.build:Building ROS package in '/home/lukas/ros2_ws/src/IAS0220_252062IV' with build type 'ament_python'
[0.437s] Level 1:colcon.colcon_core.shell:create_environment_hook('IAS0220_252062IV', 'ament_prefix_path')
[0.437s] INFO:colcon.colcon_core.shell:Creating environment hook '/home/lukas/ros2_ws/install/IAS0220_252062IV/share/IAS0220_252062IV/hook/ament_prefix_path.ps1'
[0.439s] INFO:colcon.colcon_core.shell:Creating environment descriptor '/home/lukas/ros2_ws/install/IAS0220_252062IV/share/IAS0220_252062IV/hook/ament_prefix_path.dsv'
[0.440s] INFO:colcon.colcon_core.shell:Creating environment hook '/home/lukas/ros2_ws/install/IAS0220_252062IV/share/IAS0220_252062IV/hook/ament_prefix_path.sh'
[0.441s] INFO:colcon.colcon_core.shell:Skip shell extension 'powershell' for command environment: Not usable outside of PowerShell
[0.441s] DEBUG:colcon.colcon_core.shell:Skip shell extension 'dsv' for command environment
[0.445s] INFO:colcon.colcon_ros.task.ament_python.build:Building ROS package in '/home/lukas/ros2_ws/src/IAS0220_Task4_Template-main/Task4_template/setup_gazebo_ias0220' with build type 'ament_python'
[0.445s] Level 1:colcon.colcon_core.shell:create_environment_hook('setup_gazebo_ias0220', 'ament_prefix_path')
[0.445s] INFO:colcon.colcon_core.shell:Creating environment hook '/home/lukas/ros2_ws/install/setup_gazebo_ias0220/share/setup_gazebo_ias0220/hook/ament_prefix_path.ps1'
[0.447s] INFO:colcon.colcon_core.shell:Creating environment descriptor '/home/lukas/ros2_ws/install/setup_gazebo_ias0220/share/setup_gazebo_ias0220/hook/ament_prefix_path.dsv'
[0.447s] INFO:colcon.colcon_core.shell:Creating environment hook '/home/lukas/ros2_ws/install/setup_gazebo_ias0220/share/setup_gazebo_ias0220/hook/ament_prefix_path.sh'
[0.448s] INFO:colcon.colcon_core.shell:Skip shell extension 'powershell' for command environment: Not usable outside of PowerShell
[0.448s] DEBUG:colcon.colcon_core.shell:Skip shell extension 'dsv' for command environment
[0.452s] INFO:colcon.colcon_ros.task.ament_cmake.build:Building ROS package in '/home/lukas/ros2_ws/src/transform_frame' with build type 'ament_cmake'
[0.453s] INFO:colcon.colcon_cmake.task.cmake.build:Building CMake package in '/home/lukas/ros2_ws/src/transform_frame'
[0.453s] INFO:colcon.colcon_core.shell:Skip shell extension 'powershell' for command environment: Not usable outside of PowerShell
[0.453s] DEBUG:colcon.colcon_core.shell:Skip shell extension 'dsv' for command environment
[0.464s] DEBUG:colcon.colcon_core.event_handler.log_command:Invoking command in '/home/lukas/ros2_ws/build/encoders_interfaces': CMAKE_PREFIX_PATH=${CMAKE_PREFIX_PATH}:/home/lukas/ros2_ws/install/setup_gazebo_ias0220:/home/lukas/ros2_ws/install/encoders_pkg:/home/lukas/ros2_ws/install/IAS0220_252062IV:/opt/ros/humble /usr/bin/cmake /home/lukas/ros2_ws/src/IAS0220_Task4_Template-main/Task4_template/encoders_interfaces -DCMAKE_INSTALL_PREFIX=/home/lukas/ros2_ws/install/encoders_interfaces
[0.780s] INFO:colcon.colcon_core.task.python.build:Building Python package in '/home/lukas/ros2_ws/src/IAS0220_252062IV'
[0.781s] INFO:colcon.colcon_core.shell:Skip shell extension 'powershell' for command environment: Not usable outside of PowerShell
[0.781s] DEBUG:colcon.colcon_core.shell:Skip shell extension 'dsv' for command environment
[1.085s] INFO:colcon.colcon_core.task.python.build:Building Python package in '/home/lukas/ros2_ws/src/IAS0220_Task4_Template-main/Task4_template/setup_gazebo_ias0220'
[1.086s] INFO:colcon.colcon_core.shell:Skip shell extension 'powershell' for command environment: Not usable outside of PowerShell
[1.086s] DEBUG:colcon.colcon_core.shell:Skip shell extension 'dsv' for command environment
[1.099s] DEBUG:colcon.colcon_core.event_handler.log_command:Invoking command in '/home/lukas/ros2_ws/build/transform_frame': CMAKE_PREFIX_PATH=${CMAKE_PREFIX_PATH}:/home/lukas/ros2_ws/install/setup_gazebo_ias0220:/home/lukas/ros2_ws/install/encoders_pkg:/home/lukas/ros2_ws/install/IAS0220_252062IV:/opt/ros/humble /usr/bin/cmake /home/lukas/ros2_ws/src/transform_frame -DCMAKE_INSTALL_PREFIX=/home/lukas/ros2_ws/install/transform_frame
[1.520s] DEBUG:colcon.colcon_core.event_handler.log_command:Invoking command in '/home/lukas/ros2_ws/src/IAS0220_Task4_Template-main/Task4_template/setup_gazebo_ias0220': PYTHONPATH=/home/lukas/ros2_ws/build/setup_gazebo_ias0220/prefix_override:/usr/lib/python3/dist-packages/colcon_core/task/python/colcon_distutils_commands:/home/lukas/ros2_ws/install/setup_gazebo_ias0220/lib/python3.10/site-packages:${PYTHONPATH} /usr/bin/python3 -W ignore:setup.py install is deprecated -W ignore:easy_install command is deprecated setup.py egg_info --egg-base ../../../../build/setup_gazebo_ias0220 build --build-base /home/lukas/ros2_ws/build/setup_gazebo_ias0220/build install --record /home/lukas/ros2_ws/build/setup_gazebo_ias0220/install.log --single-version-externally-managed install_data
[1.525s] DEBUG:colcon.colcon_core.event_handler.log_command:Invoking command in '/home/lukas/ros2_ws/src/IAS0220_252062IV': PYTHONPATH=/home/lukas/ros2_ws/build/IAS0220_252062IV/prefix_override:/usr/lib/python3/dist-packages/colcon_core/task/python/colcon_distutils_commands:/home/lukas/ros2_ws/install/IAS0220_252062IV/lib/python3.10/site-packages:${PYTHONPATH} /usr/bin/python3 -W ignore:setup.py install is deprecated -W ignore:easy_install command is deprecated setup.py egg_info --egg-base ../../build/IAS0220_252062IV build --build-base /home/lukas/ros2_ws/build/IAS0220_252062IV/build install --record /home/lukas/ros2_ws/build/IAS0220_252062IV/install.log --single-version-externally-managed install_data
[1.883s] DEBUG:colcon.colcon_core.event_handler.log_command:Invoked command in '/home/lukas/ros2_ws/src/IAS0220_Task4_Template-main/Task4_template/setup_gazebo_ias0220' returned '0': PYTHONPATH=/home/lukas/ros2_ws/build/setup_gazebo_ias0220/prefix_override:/usr/lib/python3/dist-packages/colcon_core/task/python/colcon_distutils_commands:/home/lukas/ros2_ws/install/setup_gazebo_ias0220/lib/python3.10/site-packages:${PYTHONPATH} /usr/bin/python3 -W ignore:setup.py install is deprecated -W ignore:easy_install command is deprecated setup.py egg_info --egg-base ../../../../build/setup_gazebo_ias0220 build --build-base /home/lukas/ros2_ws/build/setup_gazebo_ias0220/build install --record /home/lukas/ros2_ws/build/setup_gazebo_ias0220/install.log --single-version-externally-managed install_data
[1.885s] Level 1:colcon.colcon_core.environment:checking '/home/lukas/ros2_ws/install/setup_gazebo_ias0220' for CMake module files
[1.886s] Level 1:colcon.colcon_core.environment:checking '/home/lukas/ros2_ws/install/setup_gazebo_ias0220' for CMake config files
[1.887s] Level 1:colcon.colcon_core.environment:checking '/home/lukas/ros2_ws/install/setup_gazebo_ias0220/lib'
[1.887s] Level 1:colcon.colcon_core.environment:checking '/home/lukas/ros2_ws/install/setup_gazebo_ias0220/bin'
[1.887s] Level 1:colcon.colcon_core.environment:checking '/home/lukas/ros2_ws/install/setup_gazebo_ias0220/lib/pkgconfig/setup_gazebo_ias0220.pc'
[1.887s] Level 1:colcon.colcon_core.environment:checking '/home/lukas/ros2_ws/install/setup_gazebo_ias0220/lib/python3.10/site-packages'
[1.887s] Level 1:colcon.colcon_core.shell:create_environment_hook('setup_gazebo_ias0220', 'pythonpath')
[1.888s] INFO:colcon.colcon_core.shell:Creating environment hook '/home/lukas/ros2_ws/install/setup_gazebo_ias0220/share/setup_gazebo_ias0220/hook/pythonpath.ps1'
[1.888s] INFO:colcon.colcon_core.shell:Creating environment descriptor '/home/lukas/ros2_ws/install/setup_gazebo_ias0220/share/setup_gazebo_ias0220/hook/pythonpath.dsv'
[1.888s] INFO:colcon.colcon_core.shell:Creating environment hook '/home/lukas/ros2_ws/install/setup_gazebo_ias0220/share/setup_gazebo_ias0220/hook/pythonpath.sh'
[1.889s] Level 1:colcon.colcon_core.environment:checking '/home/lukas/ros2_ws/install/setup_gazebo_ias0220/bin'
[1.889s] Level 1:colcon.colcon_core.environment:create_environment_scripts_only(setup_gazebo_ias0220)
[1.889s] INFO:colcon.colcon_core.shell:Creating package script '/home/lukas/ros2_ws/install/setup_gazebo_ias0220/share/setup_gazebo_ias0220/package.ps1'
[1.890s] INFO:colcon.colcon_core.shell:Creating package descriptor '/home/lukas/ros2_ws/install/setup_gazebo_ias0220/share/setup_gazebo_ias0220/package.dsv'
[1.891s] INFO:colcon.colcon_core.shell:Creating package script '/home/lukas/ros2_ws/install/setup_gazebo_ias0220/share/setup_gazebo_ias0220/package.sh'
[1.892s] INFO:colcon.colcon_core.shell:Creating package script '/home/lukas/ros2_ws/install/setup_gazebo_ias0220/share/setup_gazebo_ias0220/package.bash'
[1.893s] INFO:colcon.colcon_core.shell:Creating package script '/home/lukas/ros2_ws/install/setup_gazebo_ias0220/share/setup_gazebo_ias0220/package.zsh'
[1.893s] Level 1:colcon.colcon_core.environment:create_file_with_runtime_dependencies(/home/lukas/ros2_ws/install/setup_gazebo_ias0220/share/colcon-core/packages/setup_gazebo_ias0220)
[1.895s] Level 1:colcon.colcon_core.environment:checking '/home/lukas/ros2_ws/install/IAS0220_252062IV' for CMake module files
[1.896s] DEBUG:colcon.colcon_core.event_handler.log_command:Invoked command in '/home/lukas/ros2_ws/src/IAS0220_252062IV' returned '0': PYTHONPATH=/home/lukas/ros2_ws/build/IAS0220_252062IV/prefix_override:/usr/lib/python3/dist-packages/colcon_core/task/python/colcon_distutils_commands:/home/lukas/ros2_ws/install/IAS0220_252062IV/lib/python3.10/site-packages:${PYTHONPATH} /usr/bin/python3 -W ignore:setup.py install is deprecated -W ignore:easy_install command is deprecated setup.py egg_info --egg-base ../../build/IAS0220_252062IV build --build-base /home/lukas/ros2_ws/build/IAS0220_252062IV/build install --record /home/lukas/ros2_ws/build/IAS0220_252062IV/install.log --single-version-externally-managed install_data
[1.896s] Level 1:colcon.colcon_core.environment:checking '/home/lukas/ros2_ws/install/IAS0220_252062IV' for CMake config files
[1.897s] Level 1:colcon.colcon_core.environment:checking '/home/lukas/ros2_ws/install/IAS0220_252062IV/lib'
[1.897s] Level 1:colcon.colcon_core.environment:checking '/home/lukas/ros2_ws/install/IAS0220_252062IV/bin'
[1.897s] Level 1:colcon.colcon_core.environment:checking '/home/lukas/ros2_ws/install/IAS0220_252062IV/lib/pkgconfig/IAS0220_252062IV.pc'
[1.897s] Level 1:colcon.colcon_core.environment:checking '/home/lukas/ros2_ws/install/IAS0220_252062IV/lib/python3.10/site-packages'
[1.898s] Level 1:colcon.colcon_core.shell:create_environment_hook('IAS0220_252062IV', 'pythonpath')
[1.898s] INFO:colcon.colcon_core.shell:Creating environment hook '/home/lukas/ros2_ws/install/IAS0220_252062IV/share/IAS0220_252062IV/hook/pythonpath.ps1'
[1.898s] INFO:colcon.colcon_core.shell:Creating environment descriptor '/home/lukas/ros2_ws/install/IAS0220_252062IV/share/IAS0220_252062IV/hook/pythonpath.dsv'
[1.899s] INFO:colcon.colcon_core.shell:Creating environment hook '/home/lukas/ros2_ws/install/IAS0220_252062IV/share/IAS0220_252062IV/hook/pythonpath.sh'
[1.899s] Level 1:colcon.colcon_core.environment:checking '/home/lukas/ros2_ws/install/IAS0220_252062IV/bin'
[1.899s] Level 1:colcon.colcon_core.environment:create_environment_scripts_only(IAS0220_252062IV)
[1.900s] INFO:colcon.colcon_core.shell:Creating package script '/home/lukas/ros2_ws/install/IAS0220_252062IV/share/IAS0220_252062IV/package.ps1'
[1.900s] INFO:colcon.colcon_core.shell:Creating package descriptor '/home/lukas/ros2_ws/install/IAS0220_252062IV/share/IAS0220_252062IV/package.dsv'
[1.900s] INFO:colcon.colcon_core.shell:Creating package script '/home/lukas/ros2_ws/install/IAS0220_252062IV/share/IAS0220_252062IV/package.sh'
[1.901s] INFO:colcon.colcon_core.shell:Creating package script '/home/lukas/ros2_ws/install/IAS0220_252062IV/share/IAS0220_252062IV/package.bash'
[1.901s] INFO:colcon.colcon_core.shell:Creating package script '/home/lukas/ros2_ws/install/IAS0220_252062IV/share/IAS0220_252062IV/package.zsh'
[1.901s] Level 1:colcon.colcon_core.environment:create_file_with_runtime_dependencies(/home/lukas/ros2_ws/install/IAS0220_252062IV/share/colcon-core/packages/IAS0220_252062IV)
[2.406s] DEBUG:colcon.colcon_core.event_handler.log_command:Invoked command in '/home/lukas/ros2_ws/build/encoders_interfaces' returned '0': CMAKE_PREFIX_PATH=${CMAKE_PREFIX_PATH}:/home/lukas/ros2_ws/install/setup_gazebo_ias0220:/home/lukas/ros2_ws/install/encoders_pkg:/home/lukas/ros2_ws/install/IAS0220_252062IV:/opt/ros/humble /usr/bin/cmake /home/lukas/ros2_ws/src/IAS0220_Task4_Template-main/Task4_template/encoders_interfaces -DCMAKE_INSTALL_PREFIX=/home/lukas/ros2_ws/install/encoders_interfaces
[2.410s] DEBUG:colcon.colcon_core.event_handler.log_command:Invoking command in '/home/lukas/ros2_ws/build/encoders_interfaces': CMAKE_PREFIX_PATH=${CMAKE_PREFIX_PATH}:/home/lukas/ros2_ws/install/setup_gazebo_ias0220:/home/lukas/ros2_ws/install/encoders_pkg:/home/lukas/ros2_ws/install/IAS0220_252062IV:/opt/ros/humble /usr/bin/cmake --build /home/lukas/ros2_ws/build/encoders_interfaces -- -j16 -l16
[2.917s] DEBUG:colcon.colcon_core.event_handler.log_command:Invoked command in '/home/lukas/ros2_ws/build/transform_frame' returned '0': CMAKE_PREFIX_PATH=${CMAKE_PREFIX_PATH}:/home/lukas/ros2_ws/install/setup_gazebo_ias0220:/home/lukas/ros2_ws/install/encoders_pkg:/home/lukas/ros2_ws/install/IAS0220_252062IV:/opt/ros/humble /usr/bin/cmake /home/lukas/ros2_ws/src/transform_frame -DCMAKE_INSTALL_PREFIX=/home/lukas/ros2_ws/install/transform_frame
[2.920s] DEBUG:colcon.colcon_core.event_handler.log_command:Invoking command in '/home/lukas/ros2_ws/build/transform_frame': CMAKE_PREFIX_PATH=${CMAKE_PREFIX_PATH}:/home/lukas/ros2_ws/install/setup_gazebo_ias0220:/home/lukas/ros2_ws/install/encoders_pkg:/home/lukas/ros2_ws/install/IAS0220_252062IV:/opt/ros/humble /usr/bin/cmake --build /home/lukas/ros2_ws/build/transform_frame -- -j16 -l16
[4.670s] DEBUG:colcon.colcon_core.event_handler.log_command:Invoked command in '/home/lukas/ros2_ws/build/encoders_interfaces' returned '0': CMAKE_PREFIX_PATH=${CMAKE_PREFIX_PATH}:/home/lukas/ros2_ws/install/setup_gazebo_ias0220:/home/lukas/ros2_ws/install/encoders_pkg:/home/lukas/ros2_ws/install/IAS0220_252062IV:/opt/ros/humble /usr/bin/cmake --build /home/lukas/ros2_ws/build/encoders_interfaces -- -j16 -l16
[4.686s] DEBUG:colcon.colcon_core.event_handler.log_command:Invoking command in '/home/lukas/ros2_ws/build/encoders_interfaces': CMAKE_PREFIX_PATH=${CMAKE_PREFIX_PATH}:/home/lukas/ros2_ws/install/setup_gazebo_ias0220:/home/lukas/ros2_ws/install/encoders_pkg:/home/lukas/ros2_ws/install/IAS0220_252062IV:/opt/ros/humble /usr/bin/cmake --install /home/lukas/ros2_ws/build/encoders_interfaces
[4.775s] Level 1:colcon.colcon_core.environment:create_environment_scripts_only(encoders_interfaces)
[4.776s] DEBUG:colcon.colcon_core.event_handler.log_command:Invoked command in '/home/lukas/ros2_ws/build/encoders_interfaces' returned '0': CMAKE_PREFIX_PATH=${CMAKE_PREFIX_PATH}:/home/lukas/ros2_ws/install/setup_gazebo_ias0220:/home/lukas/ros2_ws/install/encoders_pkg:/home/lukas/ros2_ws/install/IAS0220_252062IV:/opt/ros/humble /usr/bin/cmake --install /home/lukas/ros2_ws/build/encoders_interfaces
[4.776s] Level 1:colcon.colcon_core.environment:checking '/home/lukas/ros2_ws/install/encoders_interfaces' for CMake module files
[4.777s] Level 1:colcon.colcon_core.environment:checking '/home/lukas/ros2_ws/install/encoders_interfaces' for CMake config files
[4.778s] Level 1:colcon.colcon_core.shell:create_environment_hook('encoders_interfaces', 'cmake_prefix_path')
[4.778s] INFO:colcon.colcon_core.shell:Creating environment hook '/home/lukas/ros2_ws/install/encoders_interfaces/share/encoders_interfaces/hook/cmake_prefix_path.ps1'
[4.778s] INFO:colcon.colcon_core.shell:Creating environment descriptor '/home/lukas/ros2_ws/install/encoders_interfaces/share/encoders_interfaces/hook/cmake_prefix_path.dsv'
[4.779s] INFO:colcon.colcon_core.shell:Creating environment hook '/home/lukas/ros2_ws/install/encoders_interfaces/share/encoders_interfaces/hook/cmake_prefix_path.sh'
[4.779s] Level 1:colcon.colcon_core.environment:checking '/home/lukas/ros2_ws/install/encoders_interfaces/lib'
[4.780s] Level 1:colcon.colcon_core.shell:create_environment_hook('encoders_interfaces', 'ld_library_path_lib')
[4.780s] INFO:colcon.colcon_core.shell:Creating environment hook '/home/lukas/ros2_ws/install/encoders_interfaces/share/encoders_interfaces/hook/ld_library_path_lib.ps1'
[4.780s] INFO:colcon.colcon_core.shell:Creating environment descriptor '/home/lukas/ros2_ws/install/encoders_interfaces/share/encoders_interfaces/hook/ld_library_path_lib.dsv'
[4.780s] INFO:colcon.colcon_core.shell:Creating environment hook '/home/lukas/ros2_ws/install/encoders_interfaces/share/encoders_interfaces/hook/ld_library_path_lib.sh'
[4.781s] Level 1:colcon.colcon_core.environment:checking '/home/lukas/ros2_ws/install/encoders_interfaces/bin'
[4.781s] Level 1:colcon.colcon_core.environment:checking '/home/lukas/ros2_ws/install/encoders_interfaces/lib/pkgconfig/encoders_interfaces.pc'
[4.781s] Level 1:colcon.colcon_core.environment:checking '/home/lukas/ros2_ws/install/encoders_interfaces/lib/python3.10/site-packages'
[4.781s] Level 1:colcon.colcon_core.environment:checking '/home/lukas/ros2_ws/install/encoders_interfaces/bin'
[4.782s] INFO:colcon.colcon_core.shell:Creating package script '/home/lukas/ros2_ws/install/encoders_interfaces/share/encoders_interfaces/package.ps1'
[4.782s] INFO:colcon.colcon_core.shell:Creating package descriptor '/home/lukas/ros2_ws/install/encoders_interfaces/share/encoders_interfaces/package.dsv'
[4.783s] INFO:colcon.colcon_core.shell:Creating package script '/home/lukas/ros2_ws/install/encoders_interfaces/share/encoders_interfaces/package.sh'
[4.784s] INFO:colcon.colcon_core.shell:Creating package script '/home/lukas/ros2_ws/install/encoders_interfaces/share/encoders_interfaces/package.bash'
[4.784s] INFO:colcon.colcon_core.shell:Creating package script '/home/lukas/ros2_ws/install/encoders_interfaces/share/encoders_interfaces/package.zsh'
[4.784s] Level 1:colcon.colcon_core.environment:create_file_with_runtime_dependencies(/home/lukas/ros2_ws/install/encoders_interfaces/share/colcon-core/packages/encoders_interfaces)
[4.785s] Level 1:colcon.colcon_core.environment:create_environment_scripts_only(encoders_interfaces)
[4.785s] Level 1:colcon.colcon_core.environment:checking '/home/lukas/ros2_ws/install/encoders_interfaces' for CMake module files
[4.786s] Level 1:colcon.colcon_core.environment:checking '/home/lukas/ros2_ws/install/encoders_interfaces' for CMake config files
[4.787s] Level 1:colcon.colcon_core.shell:create_environment_hook('encoders_interfaces', 'cmake_prefix_path')
[4.787s] INFO:colcon.colcon_core.shell:Creating environment hook '/home/lukas/ros2_ws/install/encoders_interfaces/share/encoders_interfaces/hook/cmake_prefix_path.ps1'
[4.787s] INFO:colcon.colcon_core.shell:Creating environment descriptor '/home/lukas/ros2_ws/install/encoders_interfaces/share/encoders_interfaces/hook/cmake_prefix_path.dsv'
[4.788s] INFO:colcon.colcon_core.shell:Creating environment hook '/home/lukas/ros2_ws/install/encoders_interfaces/share/encoders_interfaces/hook/cmake_prefix_path.sh'
[4.788s] Level 1:colcon.colcon_core.environment:checking '/home/lukas/ros2_ws/install/encoders_interfaces/lib'
[4.788s] Level 1:colcon.colcon_core.shell:create_environment_hook('encoders_interfaces', 'ld_library_path_lib')
[4.789s] INFO:colcon.colcon_core.shell:Creating environment hook '/home/lukas/ros2_ws/install/encoders_interfaces/share/encoders_interfaces/hook/ld_library_path_lib.ps1'
[4.789s] INFO:colcon.colcon_core.shell:Creating environment descriptor '/home/lukas/ros2_ws/install/encoders_interfaces/share/encoders_interfaces/hook/ld_library_path_lib.dsv'
[4.790s] INFO:colcon.colcon_core.shell:Creating environment hook '/home/lukas/ros2_ws/install/encoders_interfaces/share/encoders_interfaces/hook/ld_library_path_lib.sh'
[4.790s] Level 1:colcon.colcon_core.environment:checking '/home/lukas/ros2_ws/install/encoders_interfaces/bin'
[4.790s] Level 1:colcon.colcon_core.environment:checking '/home/lukas/ros2_ws/install/encoders_interfaces/lib/pkgconfig/encoders_interfaces.pc'
[4.790s] Level 1:colcon.colcon_core.environment:checking '/home/lukas/ros2_ws/install/encoders_interfaces/lib/python3.10/site-packages'
[4.791s] Level 1:colcon.colcon_core.environment:checking '/home/lukas/ros2_ws/install/encoders_interfaces/bin'
[4.791s] INFO:colcon.colcon_core.shell:Creating package script '/home/lukas/ros2_ws/install/encoders_interfaces/share/encoders_interfaces/package.ps1'
[4.792s] INFO:colcon.colcon_core.shell:Creating package descriptor '/home/lukas/ros2_ws/install/encoders_interfaces/share/encoders_interfaces/package.dsv'
[4.792s] INFO:colcon.colcon_core.shell:Creating package script '/home/lukas/ros2_ws/install/encoders_interfaces/share/encoders_interfaces/package.sh'
[4.793s] INFO:colcon.colcon_core.shell:Creating package script '/home/lukas/ros2_ws/install/encoders_interfaces/share/encoders_interfaces/package.bash'
[4.793s] INFO:colcon.colcon_core.shell:Creating package script '/home/lukas/ros2_ws/install/encoders_interfaces/share/encoders_interfaces/package.zsh'
[4.793s] Level 1:colcon.colcon_core.environment:create_file_with_runtime_dependencies(/home/lukas/ros2_ws/install/encoders_interfaces/share/colcon-core/packages/encoders_interfaces)
[4.794s] INFO:colcon.colcon_ros.task.ament_python.build:Building ROS package in '/home/lukas/ros2_ws/src/IAS0220_Task4_Template-main/Task4_template/encoders_pkg' with build type 'ament_python'
[4.794s] Level 1:colcon.colcon_core.shell:create_environment_hook('encoders_pkg', 'ament_prefix_path')
[4.794s] INFO:colcon.colcon_core.shell:Creating environment hook '/home/lukas/ros2_ws/install/encoders_pkg/share/encoders_pkg/hook/ament_prefix_path.ps1'
[4.795s] INFO:colcon.colcon_core.shell:Creating environment descriptor '/home/lukas/ros2_ws/install/encoders_pkg/share/encoders_pkg/hook/ament_prefix_path.dsv'
[4.796s] INFO:colcon.colcon_core.shell:Creating environment hook '/home/lukas/ros2_ws/install/encoders_pkg/share/encoders_pkg/hook/ament_prefix_path.sh'
[4.796s] INFO:colcon.colcon_core.shell:Skip shell extension 'powershell' for command environment: Not usable outside of PowerShell
[4.796s] DEBUG:colcon.colcon_core.shell:Skip shell extension 'dsv' for command environment
[5.113s] INFO:colcon.colcon_core.task.python.build:Building Python package in '/home/lukas/ros2_ws/src/IAS0220_Task4_Template-main/Task4_template/encoders_pkg'
[5.113s] INFO:colcon.colcon_core.shell:Skip shell extension 'powershell' for command environment: Not usable outside of PowerShell
[5.113s] DEBUG:colcon.colcon_core.shell:Skip shell extension 'dsv' for command environment
[5.526s] DEBUG:colcon.colcon_core.event_handler.log_command:Invoking command in '/home/lukas/ros2_ws/src/IAS0220_Task4_Template-main/Task4_template/encoders_pkg': CMAKE_PREFIX_PATH=/home/lukas/ros2_ws/install/encoders_interfaces:/home/lukas/ros2_ws/install/transform_frame PYTHONPATH=/home/lukas/ros2_ws/build/encoders_pkg/prefix_override:/usr/lib/python3/dist-packages/colcon_core/task/python/colcon_distutils_commands:/home/lukas/ros2_ws/install/encoders_pkg/lib/python3.10/site-packages:${PYTHONPATH} /usr/bin/python3 -W ignore:setup.py install is deprecated -W ignore:easy_install command is deprecated setup.py egg_info --egg-base ../../../../build/encoders_pkg build --build-base /home/lukas/ros2_ws/build/encoders_pkg/build install --record /home/lukas/ros2_ws/build/encoders_pkg/install.log --single-version-externally-managed install_data
[5.880s] Level 1:colcon.colcon_core.environment:checking '/home/lukas/ros2_ws/install/encoders_pkg' for CMake module files
[5.881s] DEBUG:colcon.colcon_core.event_handler.log_command:Invoked command in '/home/lukas/ros2_ws/src/IAS0220_Task4_Template-main/Task4_template/encoders_pkg' returned '0': CMAKE_PREFIX_PATH=/home/lukas/ros2_ws/install/encoders_interfaces:/home/lukas/ros2_ws/install/transform_frame PYTHONPATH=/home/lukas/ros2_ws/build/encoders_pkg/prefix_override:/usr/lib/python3/dist-packages/colcon_core/task/python/colcon_distutils_commands:/home/lukas/ros2_ws/install/encoders_pkg/lib/python3.10/site-packages:${PYTHONPATH} /usr/bin/python3 -W ignore:setup.py install is deprecated -W ignore:easy_install command is deprecated setup.py egg_info --egg-base ../../../../build/encoders_pkg build --build-base /home/lukas/ros2_ws/build/encoders_pkg/build install --record /home/lukas/ros2_ws/build/encoders_pkg/install.log --single-version-externally-managed install_data
[5.881s] Level 1:colcon.colcon_core.environment:checking '/home/lukas/ros2_ws/install/encoders_pkg' for CMake config files
[5.882s] Level 1:colcon.colcon_core.environment:checking '/home/lukas/ros2_ws/install/encoders_pkg/lib'
[5.882s] Level 1:colcon.colcon_core.environment:checking '/home/lukas/ros2_ws/install/encoders_pkg/bin'
[5.882s] Level 1:colcon.colcon_core.environment:checking '/home/lukas/ros2_ws/install/encoders_pkg/lib/pkgconfig/encoders_pkg.pc'
[5.882s] Level 1:colcon.colcon_core.environment:checking '/home/lukas/ros2_ws/install/encoders_pkg/lib/python3.10/site-packages'
[5.882s] Level 1:colcon.colcon_core.shell:create_environment_hook('encoders_pkg', 'pythonpath')
[5.883s] INFO:colcon.colcon_core.shell:Creating environment hook '/home/lukas/ros2_ws/install/encoders_pkg/share/encoders_pkg/hook/pythonpath.ps1'
[5.883s] INFO:colcon.colcon_core.shell:Creating environment descriptor '/home/lukas/ros2_ws/install/encoders_pkg/share/encoders_pkg/hook/pythonpath.dsv'
[5.883s] INFO:colcon.colcon_core.shell:Creating environment hook '/home/lukas/ros2_ws/install/encoders_pkg/share/encoders_pkg/hook/pythonpath.sh'
[5.884s] Level 1:colcon.colcon_core.environment:checking '/home/lukas/ros2_ws/install/encoders_pkg/bin'
[5.884s] Level 1:colcon.colcon_core.environment:create_environment_scripts_only(encoders_pkg)
[5.884s] INFO:colcon.colcon_core.shell:Creating package script '/home/lukas/ros2_ws/install/encoders_pkg/share/encoders_pkg/package.ps1'
[5.885s] INFO:colcon.colcon_core.shell:Creating package descriptor '/home/lukas/ros2_ws/install/encoders_pkg/share/encoders_pkg/package.dsv'
[5.885s] INFO:colcon.colcon_core.shell:Creating package script '/home/lukas/ros2_ws/install/encoders_pkg/share/encoders_pkg/package.sh'
[5.886s] INFO:colcon.colcon_core.shell:Creating package script '/home/lukas/ros2_ws/install/encoders_pkg/share/encoders_pkg/package.bash'
[5.886s] INFO:colcon.colcon_core.shell:Creating package script '/home/lukas/ros2_ws/install/encoders_pkg/share/encoders_pkg/package.zsh'
[5.886s] Level 1:colcon.colcon_core.environment:create_file_with_runtime_dependencies(/home/lukas/ros2_ws/install/encoders_pkg/share/colcon-core/packages/encoders_pkg)
[12.183s] DEBUG:colcon.colcon_core.event_handler.log_command:Invoked command in '/home/lukas/ros2_ws/build/transform_frame' returned '0': CMAKE_PREFIX_PATH=${CMAKE_PREFIX_PATH}:/home/lukas/ros2_ws/install/setup_gazebo_ias0220:/home/lukas/ros2_ws/install/encoders_pkg:/home/lukas/ros2_ws/install/IAS0220_252062IV:/opt/ros/humble /usr/bin/cmake --build /home/lukas/ros2_ws/build/transform_frame -- -j16 -l16
[12.185s] DEBUG:colcon.colcon_core.event_handler.log_command:Invoking command in '/home/lukas/ros2_ws/build/transform_frame': CMAKE_PREFIX_PATH=${CMAKE_PREFIX_PATH}:/home/lukas/ros2_ws/install/setup_gazebo_ias0220:/home/lukas/ros2_ws/install/encoders_pkg:/home/lukas/ros2_ws/install/IAS0220_252062IV:/opt/ros/humble /usr/bin/cmake --install /home/lukas/ros2_ws/build/transform_frame
[12.200s] Level 1:colcon.colcon_core.environment:create_environment_scripts_only(transform_frame)
[12.200s] Level 1:colcon.colcon_core.environment:checking '/home/lukas/ros2_ws/install/transform_frame' for CMake module files
[12.201s] DEBUG:colcon.colcon_core.event_handler.log_command:Invoked command in '/home/lukas/ros2_ws/build/transform_frame' returned '0': CMAKE_PREFIX_PATH=${CMAKE_PREFIX_PATH}:/home/lukas/ros2_ws/install/setup_gazebo_ias0220:/home/lukas/ros2_ws/install/encoders_pkg:/home/lukas/ros2_ws/install/IAS0220_252062IV:/opt/ros/humble /usr/bin/cmake --install /home/lukas/ros2_ws/build/transform_frame
[12.201s] Level 1:colcon.colcon_core.environment:checking '/home/lukas/ros2_ws/install/transform_frame' for CMake config files
[12.201s] Level 1:colcon.colcon_core.shell:create_environment_hook('transform_frame', 'cmake_prefix_path')
[12.201s] INFO:colcon.colcon_core.shell:Creating environment hook '/home/lukas/ros2_ws/install/transform_frame/share/transform_frame/hook/cmake_prefix_path.ps1'
[12.202s] INFO:colcon.colcon_core.shell:Creating environment descriptor '/home/lukas/ros2_ws/install/transform_frame/share/transform_frame/hook/cmake_prefix_path.dsv'
[12.202s] INFO:colcon.colcon_core.shell:Creating environment hook '/home/lukas/ros2_ws/install/transform_frame/share/transform_frame/hook/cmake_prefix_path.sh'
[12.203s] Level 1:colcon.colcon_core.environment:checking '/home/lukas/ros2_ws/install/transform_frame/lib'
[12.203s] Level 1:colcon.colcon_core.environment:checking '/home/lukas/ros2_ws/install/transform_frame/bin'
[12.203s] Level 1:colcon.colcon_core.environment:checking '/home/lukas/ros2_ws/install/transform_frame/lib/pkgconfig/transform_frame.pc'
[12.203s] Level 1:colcon.colcon_core.environment:checking '/home/lukas/ros2_ws/install/transform_frame/lib/python3.10/site-packages'
[12.203s] Level 1:colcon.colcon_core.environment:checking '/home/lukas/ros2_ws/install/transform_frame/bin'
[12.203s] INFO:colcon.colcon_core.shell:Creating package script '/home/lukas/ros2_ws/install/transform_frame/share/transform_frame/package.ps1'
[12.204s] INFO:colcon.colcon_core.shell:Creating package descriptor '/home/lukas/ros2_ws/install/transform_frame/share/transform_frame/package.dsv'
[12.204s] INFO:colcon.colcon_core.shell:Creating package script '/home/lukas/ros2_ws/install/transform_frame/share/transform_frame/package.sh'
[12.204s] INFO:colcon.colcon_core.shell:Creating package script '/home/lukas/ros2_ws/install/transform_frame/share/transform_frame/package.bash'
[12.204s] INFO:colcon.colcon_core.shell:Creating package script '/home/lukas/ros2_ws/install/transform_frame/share/transform_frame/package.zsh'
[12.205s] Level 1:colcon.colcon_core.environment:create_file_with_runtime_dependencies(/home/lukas/ros2_ws/install/transform_frame/share/colcon-core/packages/transform_frame)
[12.205s] Level 1:colcon.colcon_core.environment:create_environment_scripts_only(transform_frame)
[12.205s] Level 1:colcon.colcon_core.environment:checking '/home/lukas/ros2_ws/install/transform_frame' for CMake module files
[12.206s] Level 1:colcon.colcon_core.environment:checking '/home/lukas/ros2_ws/install/transform_frame' for CMake config files
[12.206s] Level 1:colcon.colcon_core.shell:create_environment_hook('transform_frame', 'cmake_prefix_path')
[12.206s] INFO:colcon.colcon_core.shell:Creating environment hook '/home/lukas/ros2_ws/install/transform_frame/share/transform_frame/hook/cmake_prefix_path.ps1'
[12.206s] INFO:colcon.colcon_core.shell:Creating environment descriptor '/home/lukas/ros2_ws/install/transform_frame/share/transform_frame/hook/cmake_prefix_path.dsv'
[12.207s] INFO:colcon.colcon_core.shell:Creating environment hook '/home/lukas/ros2_ws/install/transform_frame/share/transform_frame/hook/cmake_prefix_path.sh'
[12.207s] Level 1:colcon.colcon_core.environment:checking '/home/lukas/ros2_ws/install/transform_frame/lib'
[12.207s] Level 1:colcon.colcon_core.environment:checking '/home/lukas/ros2_ws/install/transform_frame/bin'
[12.207s] Level 1:colcon.colcon_core.environment:checking '/home/lukas/ros2_ws/install/transform_frame/lib/pkgconfig/transform_frame.pc'
[12.207s] Level 1:colcon.colcon_core.environment:checking '/home/lukas/ros2_ws/install/transform_frame/lib/python3.10/site-packages'
[12.207s] Level 1:colcon.colcon_core.environment:checking '/home/lukas/ros2_ws/install/transform_frame/bin'
[12.208s] INFO:colcon.colcon_core.shell:Creating package script '/home/lukas/ros2_ws/install/transform_frame/share/transform_frame/package.ps1'
[12.208s] INFO:colcon.colcon_core.shell:Creating package descriptor '/home/lukas/ros2_ws/install/transform_frame/share/transform_frame/package.dsv'
[12.208s] INFO:colcon.colcon_core.shell:Creating package script '/home/lukas/ros2_ws/install/transform_frame/share/transform_frame/package.sh'
[12.209s] INFO:colcon.colcon_core.shell:Creating package script '/home/lukas/ros2_ws/install/transform_frame/share/transform_frame/package.bash'
[12.209s] INFO:colcon.colcon_core.shell:Creating package script '/home/lukas/ros2_ws/install/transform_frame/share/transform_frame/package.zsh'
[12.209s] Level 1:colcon.colcon_core.environment:create_file_with_runtime_dependencies(/home/lukas/ros2_ws/install/transform_frame/share/colcon-core/packages/transform_frame)
[12.210s] DEBUG:colcon.colcon_parallel_executor.executor.parallel:closing loop
[12.210s] DEBUG:colcon.colcon_parallel_executor.executor.parallel:loop closed
[12.210s] DEBUG:colcon.colcon_parallel_executor.executor.parallel:run_until_complete finished with '0'
[12.210s] DEBUG:colcon.colcon_core.event_reactor:joining thread
[12.215s] INFO:colcon.colcon_core.plugin_system:Skipping extension 'colcon_notification.desktop_notification.terminal_notifier': Not used on non-Darwin systems
[12.215s] INFO:colcon.colcon_core.plugin_system:Skipping extension 'colcon_notification.desktop_notification.win32': Not used on non-Windows systems
[12.215s] INFO:colcon.colcon_notification.desktop_notification:Sending desktop notification using 'notify2'
[12.230s] DEBUG:colcon.colcon_core.event_reactor:joined thread
[12.230s] INFO:colcon.colcon_core.shell:Creating prefix script '/home/lukas/ros2_ws/install/local_setup.ps1'
[12.231s] INFO:colcon.colcon_core.shell:Creating prefix util module '/home/lukas/ros2_ws/install/_local_setup_util_ps1.py'
[12.232s] INFO:colcon.colcon_core.shell:Creating prefix chain script '/home/lukas/ros2_ws/install/setup.ps1'
[12.233s] INFO:colcon.colcon_core.shell:Creating prefix script '/home/lukas/ros2_ws/install/local_setup.sh'
[12.234s] INFO:colcon.colcon_core.shell:Creating prefix util module '/home/lukas/ros2_ws/install/_local_setup_util_sh.py'
[12.234s] INFO:colcon.colcon_core.shell:Creating prefix chain script '/home/lukas/ros2_ws/install/setup.sh'
[12.235s] INFO:colcon.colcon_core.shell:Creating prefix script '/home/lukas/ros2_ws/install/local_setup.bash'
[12.235s] INFO:colcon.colcon_core.shell:Creating prefix chain script '/home/lukas/ros2_ws/install/setup.bash'
[12.236s] INFO:colcon.colcon_core.shell:Creating prefix script '/home/lukas/ros2_ws/install/local_setup.zsh'
[12.236s] INFO:colcon.colcon_core.shell:Creating prefix chain script '/home/lukas/ros2_ws/install/setup.zsh'
